08 Nov 2024 - 07:51:41.253 [HikariPool-1 housekeeper] WARN  com.zaxxer.hikari.pool.HikariPool - HikariPool-1 - Thread starvation or clock leap detected (housekeeper delta=8h25m27s383ms200µs600ns).
08 Nov 2024 - 08:25:40.779 [HikariPool-1 housekeeper] WARN  com.zaxxer.hikari.pool.HikariPool - HikariPool-1 - Thread starvation or clock leap detected (housekeeper delta=20m29s258ms197µs500ns).
08 Nov 2024 - 08:42:43.209 [HikariPool-1 housekeeper] WARN  com.zaxxer.hikari.pool.HikariPool - HikariPool-1 - Thread starvation or clock leap detected (housekeeper delta=3m32s165ms357µs200ns).
08 Nov 2024 - 08:50:06.081 [HikariPool-1 housekeeper] WARN  com.zaxxer.hikari.pool.HikariPool - HikariPool-1 - Thread starvation or clock leap detected (housekeeper delta=52s756ms112µs300ns).
08 Nov 2024 - 09:04:16.262 [HikariPool-1 housekeeper] WARN  com.zaxxer.hikari.pool.HikariPool - HikariPool-1 - Thread starvation or clock leap detected (housekeeper delta=1m9s930ms310µs).
08 Nov 2024 - 09:20:15.890 [HikariPool-1 housekeeper] WARN  com.zaxxer.hikari.pool.HikariPool - HikariPool-1 - Thread starvation or clock leap detected (housekeeper delta=8m29s477ms301µs300ns).
08 Nov 2024 - 10:25:16.892 [HikariPool-1 housekeeper] WARN  com.zaxxer.hikari.pool.HikariPool - HikariPool-1 - Thread starvation or clock leap detected (housekeeper delta=49m56s47ms857µs100ns).
08 Nov 2024 - 10:57:10.686 [HikariPool-1 housekeeper] WARN  com.zaxxer.hikari.pool.HikariPool - HikariPool-1 - Thread starvation or clock leap detected (housekeeper delta=2m53s389ms375µs900ns).
08 Nov 2024 - 11:34:20.150 [HikariPool-1 housekeeper] WARN  com.zaxxer.hikari.pool.HikariPool - HikariPool-1 - Thread starvation or clock leap detected (housekeeper delta=2m8s987ms258µs800ns).
08 Nov 2024 - 11:45:03.134 [HikariPool-1 housekeeper] WARN  com.zaxxer.hikari.pool.HikariPool - HikariPool-1 - Thread starvation or clock leap detected (housekeeper delta=2m12s843ms285µs200ns).
08 Nov 2024 - 11:56:49.103 [HikariPool-1 housekeeper] WARN  com.zaxxer.hikari.pool.HikariPool - HikariPool-1 - Thread starvation or clock leap detected (housekeeper delta=4m15s856ms633µs900ns).
08 Nov 2024 - 12:20:48.585 [HikariPool-1 housekeeper] WARN  com.zaxxer.hikari.pool.HikariPool - HikariPool-1 - Thread starvation or clock leap detected (housekeeper delta=7m29s184ms390µs).
08 Nov 2024 - 12:31:20.857 [HikariPool-1 housekeeper] WARN  com.zaxxer.hikari.pool.HikariPool - HikariPool-1 - Thread starvation or clock leap detected (housekeeper delta=7m32s226ms399µs400ns).
08 Nov 2024 - 16:54:11.988 [HikariPool-1 housekeeper] WARN  com.zaxxer.hikari.pool.HikariPool - HikariPool-1 - Thread starvation or clock leap detected (housekeeper delta=4h19m51s87ms170µs300ns).
08 Nov 2024 - 16:58:34.743 [SpringApplicationShutdownHook] INFO  o.s.o.j.LocalContainerEntityManagerFactoryBean - Closing JPA EntityManagerFactory for persistence unit 'default'
08 Nov 2024 - 16:58:34.760 [SpringApplicationShutdownHook] INFO  com.zaxxer.hikari.HikariDataSource - HikariPool-1 - Shutdown initiated...
08 Nov 2024 - 16:58:34.775 [SpringApplicationShutdownHook] INFO  com.zaxxer.hikari.HikariDataSource - HikariPool-1 - Shutdown completed.
08 Nov 2024 - 16:58:43.021 [main] INFO  c.e.InterviewQuestionsApplication - Starting InterviewQuestionsApplication using Java 17.0.12 with PID 19188 (D:\JavaProject\Interview_questions\target\classes started by Xojiakbar in D:\JavaProject\Interview_questions)
08 Nov 2024 - 16:58:43.036 [main] INFO  c.e.InterviewQuestionsApplication - The following 1 profile is active: "dev"
08 Nov 2024 - 16:58:44.138 [main] INFO  o.s.d.r.c.RepositoryConfigurationDelegate - Bootstrapping Spring Data JPA repositories in DEFAULT mode.
08 Nov 2024 - 16:58:44.214 [main] INFO  o.s.d.r.c.RepositoryConfigurationDelegate - Finished Spring Data repository scanning in 67 ms. Found 4 JPA repository interfaces.
08 Nov 2024 - 16:58:44.874 [main] INFO  o.s.b.w.e.tomcat.TomcatWebServer - Tomcat initialized with port 8080 (http)
08 Nov 2024 - 16:58:44.889 [main] INFO  o.a.catalina.core.StandardService - Starting service [Tomcat]
08 Nov 2024 - 16:58:44.890 [main] INFO  o.a.catalina.core.StandardEngine - Starting Servlet engine: [Apache Tomcat/10.1.26]
08 Nov 2024 - 16:58:44.969 [main] INFO  o.a.c.c.C.[Tomcat].[localhost].[/] - Initializing Spring embedded WebApplicationContext
08 Nov 2024 - 16:58:44.970 [main] INFO  o.s.b.w.s.c.ServletWebServerApplicationContext - Root WebApplicationContext: initialization completed in 1889 ms
08 Nov 2024 - 16:58:45.128 [main] INFO  o.h.jpa.internal.util.LogHelper - HHH000204: Processing PersistenceUnitInfo [name: default]
08 Nov 2024 - 16:58:45.176 [main] INFO  org.hibernate.Version - HHH000412: Hibernate ORM core version 6.5.2.Final
08 Nov 2024 - 16:58:45.209 [main] INFO  o.h.c.i.RegionFactoryInitiator - HHH000026: Second-level cache disabled
08 Nov 2024 - 16:58:45.510 [main] INFO  o.s.o.j.p.SpringPersistenceUnitInfo - No LoadTimeWeaver setup: ignoring JPA class transformer
08 Nov 2024 - 16:58:45.539 [main] INFO  com.zaxxer.hikari.HikariDataSource - HikariPool-1 - Starting...
08 Nov 2024 - 16:58:45.726 [main] INFO  com.zaxxer.hikari.pool.HikariPool - HikariPool-1 - Added connection org.postgresql.jdbc.PgConnection@15914bb5
08 Nov 2024 - 16:58:45.729 [main] INFO  com.zaxxer.hikari.HikariDataSource - HikariPool-1 - Start completed.
08 Nov 2024 - 16:58:45.773 [main] WARN  org.hibernate.orm.deprecation - HHH90000025: PostgreSQLDialect does not need to be specified explicitly using 'hibernate.dialect' (remove the property setting and it will be selected by default)
08 Nov 2024 - 16:58:46.879 [main] INFO  o.h.e.t.j.p.i.JtaPlatformInitiator - HHH000489: No JTA platform available (set 'hibernate.transaction.jta.platform' to enable JTA platform integration)
08 Nov 2024 - 16:58:46.973 [main] INFO  o.s.o.j.LocalContainerEntityManagerFactoryBean - Initialized JPA EntityManagerFactory for persistence unit 'default'
08 Nov 2024 - 16:58:47.251 [main] INFO  o.s.d.j.r.query.QueryEnhancerFactory - Hibernate is in classpath; If applicable, HQL parser will be used.
08 Nov 2024 - 16:58:48.207 [main] WARN  o.s.b.a.o.j.JpaBaseConfiguration$JpaWebConfiguration - spring.jpa.open-in-view is enabled by default. Therefore, database queries may be performed during view rendering. Explicitly configure spring.jpa.open-in-view to disable this warning
08 Nov 2024 - 16:58:48.248 [main] INFO  o.s.s.c.a.a.c.InitializeAuthenticationProviderBeanManagerConfigurer$InitializeAuthenticationProviderManagerConfigurer - Global AuthenticationManager configured with AuthenticationProvider bean with name authenticationProvider
08 Nov 2024 - 16:58:48.249 [main] WARN  o.s.s.c.a.a.c.InitializeUserDetailsBeanManagerConfigurer$InitializeUserDetailsManagerConfigurer - Global AuthenticationManager configured with an AuthenticationProvider bean. UserDetailsService beans will not be used for username/password login. Consider removing the AuthenticationProvider bean. Alternatively, consider using the UserDetailsService in a manually instantiated DaoAuthenticationProvider.
08 Nov 2024 - 16:58:49.228 [main] INFO  o.s.b.w.e.tomcat.TomcatWebServer - Tomcat started on port 8080 (http) with context path '/'
08 Nov 2024 - 16:58:49.247 [main] INFO  c.e.InterviewQuestionsApplication - Started InterviewQuestionsApplication in 6.728 seconds (process running for 7.608)
08 Nov 2024 - 16:58:49.448 [main] INFO  org.flywaydb.core.FlywayExecutor - Database: jdbc:postgresql://localhost:5432/Interview_questions (PostgreSQL 14.13)
08 Nov 2024 - 16:58:49.515 [main] INFO  o.f.core.internal.command.DbValidate - Successfully validated 3 migrations (execution time 00:00.047s)
08 Nov 2024 - 16:58:49.531 [main] INFO  o.f.core.internal.command.DbMigrate - Current version of schema "public": 2
08 Nov 2024 - 16:58:49.534 [main] INFO  o.f.core.internal.command.DbMigrate - Schema "public" is up to date. No migration necessary.
08 Nov 2024 - 16:59:34.842 [http-nio-8080-exec-1] INFO  o.a.c.c.C.[Tomcat].[localhost].[/] - Initializing Spring DispatcherServlet 'dispatcherServlet'
08 Nov 2024 - 16:59:34.842 [http-nio-8080-exec-1] INFO  o.s.web.servlet.DispatcherServlet - Initializing Servlet 'dispatcherServlet'
08 Nov 2024 - 16:59:34.842 [http-nio-8080-exec-1] INFO  o.s.web.servlet.DispatcherServlet - Completed initialization in 0 ms
08 Nov 2024 - 17:03:39.000 [SpringApplicationShutdownHook] INFO  o.s.o.j.LocalContainerEntityManagerFactoryBean - Closing JPA EntityManagerFactory for persistence unit 'default'
08 Nov 2024 - 17:03:39.003 [SpringApplicationShutdownHook] INFO  com.zaxxer.hikari.HikariDataSource - HikariPool-1 - Shutdown initiated...
08 Nov 2024 - 17:03:39.008 [SpringApplicationShutdownHook] INFO  com.zaxxer.hikari.HikariDataSource - HikariPool-1 - Shutdown completed.
08 Nov 2024 - 17:03:45.951 [main] INFO  c.e.InterviewQuestionsApplication - Starting InterviewQuestionsApplication using Java 17.0.12 with PID 14264 (D:\JavaProject\Interview_questions\target\classes started by Xojiakbar in D:\JavaProject\Interview_questions)
08 Nov 2024 - 17:03:45.963 [main] INFO  c.e.InterviewQuestionsApplication - The following 1 profile is active: "dev"
08 Nov 2024 - 17:03:47.071 [main] INFO  o.s.d.r.c.RepositoryConfigurationDelegate - Bootstrapping Spring Data JPA repositories in DEFAULT mode.
08 Nov 2024 - 17:03:47.182 [main] INFO  o.s.d.r.c.RepositoryConfigurationDelegate - Finished Spring Data repository scanning in 97 ms. Found 4 JPA repository interfaces.
08 Nov 2024 - 17:03:47.822 [main] INFO  o.s.b.w.e.tomcat.TomcatWebServer - Tomcat initialized with port 8080 (http)
08 Nov 2024 - 17:03:47.833 [main] INFO  o.a.catalina.core.StandardService - Starting service [Tomcat]
08 Nov 2024 - 17:03:47.834 [main] INFO  o.a.catalina.core.StandardEngine - Starting Servlet engine: [Apache Tomcat/10.1.26]
08 Nov 2024 - 17:03:47.978 [main] INFO  o.a.c.c.C.[Tomcat].[localhost].[/] - Initializing Spring embedded WebApplicationContext
08 Nov 2024 - 17:03:47.979 [main] INFO  o.s.b.w.s.c.ServletWebServerApplicationContext - Root WebApplicationContext: initialization completed in 1969 ms
08 Nov 2024 - 17:03:48.125 [main] INFO  o.h.jpa.internal.util.LogHelper - HHH000204: Processing PersistenceUnitInfo [name: default]
08 Nov 2024 - 17:03:48.185 [main] INFO  org.hibernate.Version - HHH000412: Hibernate ORM core version 6.5.2.Final
08 Nov 2024 - 17:03:48.229 [main] INFO  o.h.c.i.RegionFactoryInitiator - HHH000026: Second-level cache disabled
08 Nov 2024 - 17:03:48.545 [main] INFO  o.s.o.j.p.SpringPersistenceUnitInfo - No LoadTimeWeaver setup: ignoring JPA class transformer
08 Nov 2024 - 17:03:48.573 [main] INFO  com.zaxxer.hikari.HikariDataSource - HikariPool-1 - Starting...
08 Nov 2024 - 17:03:48.748 [main] INFO  com.zaxxer.hikari.pool.HikariPool - HikariPool-1 - Added connection org.postgresql.jdbc.PgConnection@1a3b1f7e
08 Nov 2024 - 17:03:48.748 [main] INFO  com.zaxxer.hikari.HikariDataSource - HikariPool-1 - Start completed.
08 Nov 2024 - 17:03:48.796 [main] WARN  org.hibernate.orm.deprecation - HHH90000025: PostgreSQLDialect does not need to be specified explicitly using 'hibernate.dialect' (remove the property setting and it will be selected by default)
08 Nov 2024 - 17:03:49.999 [main] INFO  o.h.e.t.j.p.i.JtaPlatformInitiator - HHH000489: No JTA platform available (set 'hibernate.transaction.jta.platform' to enable JTA platform integration)
08 Nov 2024 - 17:03:50.104 [main] INFO  o.s.o.j.LocalContainerEntityManagerFactoryBean - Initialized JPA EntityManagerFactory for persistence unit 'default'
08 Nov 2024 - 17:03:50.410 [main] INFO  o.s.d.j.r.query.QueryEnhancerFactory - Hibernate is in classpath; If applicable, HQL parser will be used.
08 Nov 2024 - 17:03:51.369 [main] WARN  o.s.b.a.o.j.JpaBaseConfiguration$JpaWebConfiguration - spring.jpa.open-in-view is enabled by default. Therefore, database queries may be performed during view rendering. Explicitly configure spring.jpa.open-in-view to disable this warning
08 Nov 2024 - 17:03:51.409 [main] INFO  o.s.s.c.a.a.c.InitializeAuthenticationProviderBeanManagerConfigurer$InitializeAuthenticationProviderManagerConfigurer - Global AuthenticationManager configured with AuthenticationProvider bean with name authenticationProvider
08 Nov 2024 - 17:03:51.410 [main] WARN  o.s.s.c.a.a.c.InitializeUserDetailsBeanManagerConfigurer$InitializeUserDetailsManagerConfigurer - Global AuthenticationManager configured with an AuthenticationProvider bean. UserDetailsService beans will not be used for username/password login. Consider removing the AuthenticationProvider bean. Alternatively, consider using the UserDetailsService in a manually instantiated DaoAuthenticationProvider.
08 Nov 2024 - 17:03:52.449 [main] INFO  o.s.b.w.e.tomcat.TomcatWebServer - Tomcat started on port 8080 (http) with context path '/'
08 Nov 2024 - 17:03:52.465 [main] INFO  c.e.InterviewQuestionsApplication - Started InterviewQuestionsApplication in 6.992 seconds (process running for 7.678)
08 Nov 2024 - 17:03:52.683 [main] INFO  org.flywaydb.core.FlywayExecutor - Database: jdbc:postgresql://localhost:5432/Interview_questions (PostgreSQL 14.13)
08 Nov 2024 - 17:03:52.732 [main] INFO  o.f.core.internal.command.DbValidate - Successfully validated 3 migrations (execution time 00:00.033s)
08 Nov 2024 - 17:03:52.748 [main] INFO  o.f.core.internal.command.DbMigrate - Current version of schema "public": 2
08 Nov 2024 - 17:03:52.756 [main] INFO  o.f.core.internal.command.DbMigrate - Schema "public" is up to date. No migration necessary.
08 Nov 2024 - 17:04:05.903 [http-nio-8080-exec-2] INFO  o.a.c.c.C.[Tomcat].[localhost].[/] - Initializing Spring DispatcherServlet 'dispatcherServlet'
08 Nov 2024 - 17:04:05.903 [http-nio-8080-exec-2] INFO  o.s.web.servlet.DispatcherServlet - Initializing Servlet 'dispatcherServlet'
08 Nov 2024 - 17:04:05.912 [http-nio-8080-exec-2] INFO  o.s.web.servlet.DispatcherServlet - Completed initialization in 9 ms
08 Nov 2024 - 17:04:28.658 [SpringApplicationShutdownHook] INFO  o.s.o.j.LocalContainerEntityManagerFactoryBean - Closing JPA EntityManagerFactory for persistence unit 'default'
08 Nov 2024 - 17:04:28.660 [SpringApplicationShutdownHook] INFO  com.zaxxer.hikari.HikariDataSource - HikariPool-1 - Shutdown initiated...
08 Nov 2024 - 17:04:28.665 [SpringApplicationShutdownHook] INFO  com.zaxxer.hikari.HikariDataSource - HikariPool-1 - Shutdown completed.
08 Nov 2024 - 17:04:32.423 [main] INFO  c.e.InterviewQuestionsApplication - Starting InterviewQuestionsApplication using Java 17.0.12 with PID 17060 (D:\JavaProject\Interview_questions\target\classes started by Xojiakbar in D:\JavaProject\Interview_questions)
08 Nov 2024 - 17:04:32.437 [main] INFO  c.e.InterviewQuestionsApplication - The following 1 profile is active: "dev"
08 Nov 2024 - 17:04:33.437 [main] INFO  o.s.d.r.c.RepositoryConfigurationDelegate - Bootstrapping Spring Data JPA repositories in DEFAULT mode.
08 Nov 2024 - 17:04:33.506 [main] INFO  o.s.d.r.c.RepositoryConfigurationDelegate - Finished Spring Data repository scanning in 61 ms. Found 4 JPA repository interfaces.
08 Nov 2024 - 17:04:34.112 [main] INFO  o.s.b.w.e.tomcat.TomcatWebServer - Tomcat initialized with port 8080 (http)
08 Nov 2024 - 17:04:34.125 [main] INFO  o.a.catalina.core.StandardService - Starting service [Tomcat]
08 Nov 2024 - 17:04:34.126 [main] INFO  o.a.catalina.core.StandardEngine - Starting Servlet engine: [Apache Tomcat/10.1.26]
08 Nov 2024 - 17:04:34.237 [main] INFO  o.a.c.c.C.[Tomcat].[localhost].[/] - Initializing Spring embedded WebApplicationContext
08 Nov 2024 - 17:04:34.237 [main] INFO  o.s.b.w.s.c.ServletWebServerApplicationContext - Root WebApplicationContext: initialization completed in 1752 ms
08 Nov 2024 - 17:04:34.382 [main] INFO  o.h.jpa.internal.util.LogHelper - HHH000204: Processing PersistenceUnitInfo [name: default]
08 Nov 2024 - 17:04:34.430 [main] INFO  org.hibernate.Version - HHH000412: Hibernate ORM core version 6.5.2.Final
08 Nov 2024 - 17:04:34.460 [main] INFO  o.h.c.i.RegionFactoryInitiator - HHH000026: Second-level cache disabled
08 Nov 2024 - 17:04:34.752 [main] INFO  o.s.o.j.p.SpringPersistenceUnitInfo - No LoadTimeWeaver setup: ignoring JPA class transformer
08 Nov 2024 - 17:04:34.783 [main] INFO  com.zaxxer.hikari.HikariDataSource - HikariPool-1 - Starting...
08 Nov 2024 - 17:04:34.948 [main] INFO  com.zaxxer.hikari.pool.HikariPool - HikariPool-1 - Added connection org.postgresql.jdbc.PgConnection@7aa15a80
08 Nov 2024 - 17:04:34.950 [main] INFO  com.zaxxer.hikari.HikariDataSource - HikariPool-1 - Start completed.
08 Nov 2024 - 17:04:34.994 [main] WARN  org.hibernate.orm.deprecation - HHH90000025: PostgreSQLDialect does not need to be specified explicitly using 'hibernate.dialect' (remove the property setting and it will be selected by default)
08 Nov 2024 - 17:04:35.992 [main] INFO  o.h.e.t.j.p.i.JtaPlatformInitiator - HHH000489: No JTA platform available (set 'hibernate.transaction.jta.platform' to enable JTA platform integration)
08 Nov 2024 - 17:04:36.103 [main] INFO  o.s.o.j.LocalContainerEntityManagerFactoryBean - Initialized JPA EntityManagerFactory for persistence unit 'default'
08 Nov 2024 - 17:04:36.367 [main] INFO  o.s.d.j.r.query.QueryEnhancerFactory - Hibernate is in classpath; If applicable, HQL parser will be used.
08 Nov 2024 - 17:04:37.276 [main] WARN  o.s.b.a.o.j.JpaBaseConfiguration$JpaWebConfiguration - spring.jpa.open-in-view is enabled by default. Therefore, database queries may be performed during view rendering. Explicitly configure spring.jpa.open-in-view to disable this warning
08 Nov 2024 - 17:04:37.311 [main] INFO  o.s.s.c.a.a.c.InitializeAuthenticationProviderBeanManagerConfigurer$InitializeAuthenticationProviderManagerConfigurer - Global AuthenticationManager configured with AuthenticationProvider bean with name authenticationProvider
08 Nov 2024 - 17:04:37.312 [main] WARN  o.s.s.c.a.a.c.InitializeUserDetailsBeanManagerConfigurer$InitializeUserDetailsManagerConfigurer - Global AuthenticationManager configured with an AuthenticationProvider bean. UserDetailsService beans will not be used for username/password login. Consider removing the AuthenticationProvider bean. Alternatively, consider using the UserDetailsService in a manually instantiated DaoAuthenticationProvider.
08 Nov 2024 - 17:04:38.234 [main] INFO  o.s.b.w.e.tomcat.TomcatWebServer - Tomcat started on port 8080 (http) with context path '/'
08 Nov 2024 - 17:04:38.250 [main] INFO  c.e.InterviewQuestionsApplication - Started InterviewQuestionsApplication in 6.296 seconds (process running for 6.988)
08 Nov 2024 - 17:04:38.420 [main] INFO  org.flywaydb.core.FlywayExecutor - Database: jdbc:postgresql://localhost:5432/Interview_questions (PostgreSQL 14.13)
08 Nov 2024 - 17:04:38.510 [main] INFO  o.f.core.internal.command.DbValidate - Successfully validated 3 migrations (execution time 00:00.058s)
08 Nov 2024 - 17:04:38.532 [main] INFO  o.f.core.internal.command.DbMigrate - Current version of schema "public": 2
08 Nov 2024 - 17:04:38.536 [main] INFO  o.f.core.internal.command.DbMigrate - Schema "public" is up to date. No migration necessary.
08 Nov 2024 - 17:05:41.932 [http-nio-8080-exec-1] INFO  o.a.c.c.C.[Tomcat].[localhost].[/] - Initializing Spring DispatcherServlet 'dispatcherServlet'
08 Nov 2024 - 17:05:41.933 [http-nio-8080-exec-1] INFO  o.s.web.servlet.DispatcherServlet - Initializing Servlet 'dispatcherServlet'
08 Nov 2024 - 17:05:41.935 [http-nio-8080-exec-1] INFO  o.s.web.servlet.DispatcherServlet - Completed initialization in 2 ms
08 Nov 2024 - 17:06:27.155 [SpringApplicationShutdownHook] INFO  o.s.o.j.LocalContainerEntityManagerFactoryBean - Closing JPA EntityManagerFactory for persistence unit 'default'
08 Nov 2024 - 17:06:27.158 [SpringApplicationShutdownHook] INFO  com.zaxxer.hikari.HikariDataSource - HikariPool-1 - Shutdown initiated...
08 Nov 2024 - 17:06:27.162 [SpringApplicationShutdownHook] INFO  com.zaxxer.hikari.HikariDataSource - HikariPool-1 - Shutdown completed.
08 Nov 2024 - 17:06:33.900 [main] INFO  c.e.InterviewQuestionsApplication - Starting InterviewQuestionsApplication using Java 17.0.12 with PID 15764 (D:\JavaProject\Interview_questions\target\classes started by Xojiakbar in D:\JavaProject\Interview_questions)
08 Nov 2024 - 17:06:33.916 [main] INFO  c.e.InterviewQuestionsApplication - The following 1 profile is active: "dev"
08 Nov 2024 - 17:06:35.028 [main] INFO  o.s.d.r.c.RepositoryConfigurationDelegate - Bootstrapping Spring Data JPA repositories in DEFAULT mode.
08 Nov 2024 - 17:06:35.122 [main] INFO  o.s.d.r.c.RepositoryConfigurationDelegate - Finished Spring Data repository scanning in 85 ms. Found 4 JPA repository interfaces.
08 Nov 2024 - 17:06:35.792 [main] INFO  o.s.b.w.e.tomcat.TomcatWebServer - Tomcat initialized with port 8080 (http)
08 Nov 2024 - 17:06:35.806 [main] INFO  o.a.catalina.core.StandardService - Starting service [Tomcat]
08 Nov 2024 - 17:06:35.806 [main] INFO  o.a.catalina.core.StandardEngine - Starting Servlet engine: [Apache Tomcat/10.1.26]
08 Nov 2024 - 17:06:35.879 [main] INFO  o.a.c.c.C.[Tomcat].[localhost].[/] - Initializing Spring embedded WebApplicationContext
08 Nov 2024 - 17:06:35.879 [main] INFO  o.s.b.w.s.c.ServletWebServerApplicationContext - Root WebApplicationContext: initialization completed in 1907 ms
08 Nov 2024 - 17:06:36.018 [main] INFO  o.h.jpa.internal.util.LogHelper - HHH000204: Processing PersistenceUnitInfo [name: default]
08 Nov 2024 - 17:06:36.075 [main] INFO  org.hibernate.Version - HHH000412: Hibernate ORM core version 6.5.2.Final
08 Nov 2024 - 17:06:36.111 [main] INFO  o.h.c.i.RegionFactoryInitiator - HHH000026: Second-level cache disabled
08 Nov 2024 - 17:06:36.449 [main] INFO  o.s.o.j.p.SpringPersistenceUnitInfo - No LoadTimeWeaver setup: ignoring JPA class transformer
08 Nov 2024 - 17:06:36.476 [main] INFO  com.zaxxer.hikari.HikariDataSource - HikariPool-1 - Starting...
08 Nov 2024 - 17:06:36.641 [main] INFO  com.zaxxer.hikari.pool.HikariPool - HikariPool-1 - Added connection org.postgresql.jdbc.PgConnection@4d065e1a
08 Nov 2024 - 17:06:36.643 [main] INFO  com.zaxxer.hikari.HikariDataSource - HikariPool-1 - Start completed.
08 Nov 2024 - 17:06:36.693 [main] WARN  org.hibernate.orm.deprecation - HHH90000025: PostgreSQLDialect does not need to be specified explicitly using 'hibernate.dialect' (remove the property setting and it will be selected by default)
08 Nov 2024 - 17:06:37.746 [main] INFO  o.h.e.t.j.p.i.JtaPlatformInitiator - HHH000489: No JTA platform available (set 'hibernate.transaction.jta.platform' to enable JTA platform integration)
08 Nov 2024 - 17:06:37.839 [main] INFO  o.s.o.j.LocalContainerEntityManagerFactoryBean - Initialized JPA EntityManagerFactory for persistence unit 'default'
08 Nov 2024 - 17:06:38.090 [main] INFO  o.s.d.j.r.query.QueryEnhancerFactory - Hibernate is in classpath; If applicable, HQL parser will be used.
08 Nov 2024 - 17:06:38.901 [main] WARN  o.s.b.a.o.j.JpaBaseConfiguration$JpaWebConfiguration - spring.jpa.open-in-view is enabled by default. Therefore, database queries may be performed during view rendering. Explicitly configure spring.jpa.open-in-view to disable this warning
08 Nov 2024 - 17:06:38.940 [main] INFO  o.s.s.c.a.a.c.InitializeAuthenticationProviderBeanManagerConfigurer$InitializeAuthenticationProviderManagerConfigurer - Global AuthenticationManager configured with AuthenticationProvider bean with name authenticationProvider
08 Nov 2024 - 17:06:38.942 [main] WARN  o.s.s.c.a.a.c.InitializeUserDetailsBeanManagerConfigurer$InitializeUserDetailsManagerConfigurer - Global AuthenticationManager configured with an AuthenticationProvider bean. UserDetailsService beans will not be used for username/password login. Consider removing the AuthenticationProvider bean. Alternatively, consider using the UserDetailsService in a manually instantiated DaoAuthenticationProvider.
08 Nov 2024 - 17:06:39.818 [main] INFO  o.s.b.w.e.tomcat.TomcatWebServer - Tomcat started on port 8080 (http) with context path '/'
08 Nov 2024 - 17:06:39.834 [main] INFO  c.e.InterviewQuestionsApplication - Started InterviewQuestionsApplication in 6.437 seconds (process running for 7.127)
08 Nov 2024 - 17:06:40.006 [main] INFO  org.flywaydb.core.FlywayExecutor - Database: jdbc:postgresql://localhost:5432/Interview_questions (PostgreSQL 14.13)
08 Nov 2024 - 17:06:40.068 [main] INFO  o.f.core.internal.command.DbValidate - Successfully validated 3 migrations (execution time 00:00.032s)
08 Nov 2024 - 17:06:40.081 [main] INFO  o.f.core.internal.command.DbMigrate - Current version of schema "public": 2
08 Nov 2024 - 17:06:40.083 [main] INFO  o.f.core.internal.command.DbMigrate - Schema "public" is up to date. No migration necessary.
08 Nov 2024 - 17:06:42.670 [http-nio-8080-exec-1] INFO  o.a.c.c.C.[Tomcat].[localhost].[/] - Initializing Spring DispatcherServlet 'dispatcherServlet'
08 Nov 2024 - 17:06:42.670 [http-nio-8080-exec-1] INFO  o.s.web.servlet.DispatcherServlet - Initializing Servlet 'dispatcherServlet'
08 Nov 2024 - 17:06:42.672 [http-nio-8080-exec-1] INFO  o.s.web.servlet.DispatcherServlet - Completed initialization in 2 ms
08 Nov 2024 - 17:13:15.570 [SpringApplicationShutdownHook] INFO  o.s.o.j.LocalContainerEntityManagerFactoryBean - Closing JPA EntityManagerFactory for persistence unit 'default'
08 Nov 2024 - 17:13:15.573 [SpringApplicationShutdownHook] INFO  com.zaxxer.hikari.HikariDataSource - HikariPool-1 - Shutdown initiated...
08 Nov 2024 - 17:13:15.576 [SpringApplicationShutdownHook] INFO  com.zaxxer.hikari.HikariDataSource - HikariPool-1 - Shutdown completed.
08 Nov 2024 - 17:13:23.075 [main] INFO  c.e.InterviewQuestionsApplication - Starting InterviewQuestionsApplication using Java 17.0.12 with PID 12620 (D:\JavaProject\Interview_questions\target\classes started by Xojiakbar in D:\JavaProject\Interview_questions)
08 Nov 2024 - 17:13:23.089 [main] INFO  c.e.InterviewQuestionsApplication - The following 1 profile is active: "dev"
08 Nov 2024 - 17:13:24.184 [main] INFO  o.s.d.r.c.RepositoryConfigurationDelegate - Bootstrapping Spring Data JPA repositories in DEFAULT mode.
08 Nov 2024 - 17:13:24.258 [main] INFO  o.s.d.r.c.RepositoryConfigurationDelegate - Finished Spring Data repository scanning in 65 ms. Found 4 JPA repository interfaces.
08 Nov 2024 - 17:13:24.891 [main] INFO  o.s.b.w.e.tomcat.TomcatWebServer - Tomcat initialized with port 8080 (http)
08 Nov 2024 - 17:13:24.903 [main] INFO  o.a.catalina.core.StandardService - Starting service [Tomcat]
08 Nov 2024 - 17:13:24.904 [main] INFO  o.a.catalina.core.StandardEngine - Starting Servlet engine: [Apache Tomcat/10.1.26]
08 Nov 2024 - 17:13:24.976 [main] INFO  o.a.c.c.C.[Tomcat].[localhost].[/] - Initializing Spring embedded WebApplicationContext
08 Nov 2024 - 17:13:24.976 [main] INFO  o.s.b.w.s.c.ServletWebServerApplicationContext - Root WebApplicationContext: initialization completed in 1841 ms
08 Nov 2024 - 17:13:25.129 [main] INFO  o.h.jpa.internal.util.LogHelper - HHH000204: Processing PersistenceUnitInfo [name: default]
08 Nov 2024 - 17:13:25.183 [main] INFO  org.hibernate.Version - HHH000412: Hibernate ORM core version 6.5.2.Final
08 Nov 2024 - 17:13:25.217 [main] INFO  o.h.c.i.RegionFactoryInitiator - HHH000026: Second-level cache disabled
08 Nov 2024 - 17:13:25.508 [main] INFO  o.s.o.j.p.SpringPersistenceUnitInfo - No LoadTimeWeaver setup: ignoring JPA class transformer
08 Nov 2024 - 17:13:25.533 [main] INFO  com.zaxxer.hikari.HikariDataSource - HikariPool-1 - Starting...
08 Nov 2024 - 17:13:25.706 [main] INFO  com.zaxxer.hikari.pool.HikariPool - HikariPool-1 - Added connection org.postgresql.jdbc.PgConnection@7aa15a80
08 Nov 2024 - 17:13:25.708 [main] INFO  com.zaxxer.hikari.HikariDataSource - HikariPool-1 - Start completed.
08 Nov 2024 - 17:13:25.753 [main] WARN  org.hibernate.orm.deprecation - HHH90000025: PostgreSQLDialect does not need to be specified explicitly using 'hibernate.dialect' (remove the property setting and it will be selected by default)
08 Nov 2024 - 17:13:26.913 [main] INFO  o.h.e.t.j.p.i.JtaPlatformInitiator - HHH000489: No JTA platform available (set 'hibernate.transaction.jta.platform' to enable JTA platform integration)
08 Nov 2024 - 17:13:27.005 [main] INFO  o.s.o.j.LocalContainerEntityManagerFactoryBean - Initialized JPA EntityManagerFactory for persistence unit 'default'
08 Nov 2024 - 17:13:27.294 [main] INFO  o.s.d.j.r.query.QueryEnhancerFactory - Hibernate is in classpath; If applicable, HQL parser will be used.
08 Nov 2024 - 17:13:28.310 [main] WARN  o.s.b.a.o.j.JpaBaseConfiguration$JpaWebConfiguration - spring.jpa.open-in-view is enabled by default. Therefore, database queries may be performed during view rendering. Explicitly configure spring.jpa.open-in-view to disable this warning
08 Nov 2024 - 17:13:28.360 [main] INFO  o.s.s.c.a.a.c.InitializeAuthenticationProviderBeanManagerConfigurer$InitializeAuthenticationProviderManagerConfigurer - Global AuthenticationManager configured with AuthenticationProvider bean with name authenticationProvider
08 Nov 2024 - 17:13:28.362 [main] WARN  o.s.s.c.a.a.c.InitializeUserDetailsBeanManagerConfigurer$InitializeUserDetailsManagerConfigurer - Global AuthenticationManager configured with an AuthenticationProvider bean. UserDetailsService beans will not be used for username/password login. Consider removing the AuthenticationProvider bean. Alternatively, consider using the UserDetailsService in a manually instantiated DaoAuthenticationProvider.
08 Nov 2024 - 17:13:29.310 [main] INFO  o.s.b.w.e.tomcat.TomcatWebServer - Tomcat started on port 8080 (http) with context path '/'
08 Nov 2024 - 17:13:29.327 [main] INFO  c.e.InterviewQuestionsApplication - Started InterviewQuestionsApplication in 6.7 seconds (process running for 7.408)
08 Nov 2024 - 17:13:29.533 [main] INFO  org.flywaydb.core.FlywayExecutor - Database: jdbc:postgresql://localhost:5432/Interview_questions (PostgreSQL 14.13)
08 Nov 2024 - 17:13:29.590 [main] INFO  o.f.core.internal.command.DbValidate - Successfully validated 3 migrations (execution time 00:00.039s)
08 Nov 2024 - 17:13:29.607 [main] INFO  o.f.core.internal.command.DbMigrate - Current version of schema "public": 2
08 Nov 2024 - 17:13:29.611 [main] INFO  o.f.core.internal.command.DbMigrate - Schema "public" is up to date. No migration necessary.
08 Nov 2024 - 17:13:32.320 [http-nio-8080-exec-1] INFO  o.a.c.c.C.[Tomcat].[localhost].[/] - Initializing Spring DispatcherServlet 'dispatcherServlet'
08 Nov 2024 - 17:13:32.320 [http-nio-8080-exec-1] INFO  o.s.web.servlet.DispatcherServlet - Initializing Servlet 'dispatcherServlet'
08 Nov 2024 - 17:13:32.323 [http-nio-8080-exec-1] INFO  o.s.web.servlet.DispatcherServlet - Completed initialization in 1 ms
08 Nov 2024 - 17:13:52.741 [SpringApplicationShutdownHook] INFO  o.s.o.j.LocalContainerEntityManagerFactoryBean - Closing JPA EntityManagerFactory for persistence unit 'default'
08 Nov 2024 - 17:13:52.744 [SpringApplicationShutdownHook] INFO  com.zaxxer.hikari.HikariDataSource - HikariPool-1 - Shutdown initiated...
08 Nov 2024 - 17:13:52.751 [SpringApplicationShutdownHook] INFO  com.zaxxer.hikari.HikariDataSource - HikariPool-1 - Shutdown completed.
08 Nov 2024 - 17:13:56.817 [main] INFO  c.e.InterviewQuestionsApplication - Starting InterviewQuestionsApplication using Java 17.0.12 with PID 19040 (D:\JavaProject\Interview_questions\target\classes started by Xojiakbar in D:\JavaProject\Interview_questions)
08 Nov 2024 - 17:13:56.832 [main] INFO  c.e.InterviewQuestionsApplication - The following 1 profile is active: "dev"
08 Nov 2024 - 17:13:57.832 [main] INFO  o.s.d.r.c.RepositoryConfigurationDelegate - Bootstrapping Spring Data JPA repositories in DEFAULT mode.
08 Nov 2024 - 17:13:57.903 [main] INFO  o.s.d.r.c.RepositoryConfigurationDelegate - Finished Spring Data repository scanning in 63 ms. Found 4 JPA repository interfaces.
08 Nov 2024 - 17:13:58.554 [main] INFO  o.s.b.w.e.tomcat.TomcatWebServer - Tomcat initialized with port 8080 (http)
08 Nov 2024 - 17:13:58.566 [main] INFO  o.a.catalina.core.StandardService - Starting service [Tomcat]
08 Nov 2024 - 17:13:58.566 [main] INFO  o.a.catalina.core.StandardEngine - Starting Servlet engine: [Apache Tomcat/10.1.26]
08 Nov 2024 - 17:13:58.646 [main] INFO  o.a.c.c.C.[Tomcat].[localhost].[/] - Initializing Spring embedded WebApplicationContext
08 Nov 2024 - 17:13:58.664 [main] INFO  o.s.b.w.s.c.ServletWebServerApplicationContext - Root WebApplicationContext: initialization completed in 1779 ms
08 Nov 2024 - 17:13:59.015 [main] INFO  o.h.jpa.internal.util.LogHelper - HHH000204: Processing PersistenceUnitInfo [name: default]
08 Nov 2024 - 17:13:59.086 [main] INFO  org.hibernate.Version - HHH000412: Hibernate ORM core version 6.5.2.Final
08 Nov 2024 - 17:13:59.132 [main] INFO  o.h.c.i.RegionFactoryInitiator - HHH000026: Second-level cache disabled
08 Nov 2024 - 17:13:59.478 [main] INFO  o.s.o.j.p.SpringPersistenceUnitInfo - No LoadTimeWeaver setup: ignoring JPA class transformer
08 Nov 2024 - 17:13:59.506 [main] INFO  com.zaxxer.hikari.HikariDataSource - HikariPool-1 - Starting...
08 Nov 2024 - 17:13:59.663 [main] INFO  com.zaxxer.hikari.pool.HikariPool - HikariPool-1 - Added connection org.postgresql.jdbc.PgConnection@5cf2f5d6
08 Nov 2024 - 17:13:59.665 [main] INFO  com.zaxxer.hikari.HikariDataSource - HikariPool-1 - Start completed.
08 Nov 2024 - 17:13:59.712 [main] WARN  org.hibernate.orm.deprecation - HHH90000025: PostgreSQLDialect does not need to be specified explicitly using 'hibernate.dialect' (remove the property setting and it will be selected by default)
08 Nov 2024 - 17:14:00.816 [main] INFO  o.h.e.t.j.p.i.JtaPlatformInitiator - HHH000489: No JTA platform available (set 'hibernate.transaction.jta.platform' to enable JTA platform integration)
08 Nov 2024 - 17:14:00.915 [main] INFO  o.s.o.j.LocalContainerEntityManagerFactoryBean - Initialized JPA EntityManagerFactory for persistence unit 'default'
08 Nov 2024 - 17:14:01.268 [main] INFO  o.s.d.j.r.query.QueryEnhancerFactory - Hibernate is in classpath; If applicable, HQL parser will be used.
08 Nov 2024 - 17:14:02.204 [main] WARN  o.s.b.a.o.j.JpaBaseConfiguration$JpaWebConfiguration - spring.jpa.open-in-view is enabled by default. Therefore, database queries may be performed during view rendering. Explicitly configure spring.jpa.open-in-view to disable this warning
08 Nov 2024 - 17:14:02.243 [main] INFO  o.s.s.c.a.a.c.InitializeAuthenticationProviderBeanManagerConfigurer$InitializeAuthenticationProviderManagerConfigurer - Global AuthenticationManager configured with AuthenticationProvider bean with name authenticationProvider
08 Nov 2024 - 17:14:02.244 [main] WARN  o.s.s.c.a.a.c.InitializeUserDetailsBeanManagerConfigurer$InitializeUserDetailsManagerConfigurer - Global AuthenticationManager configured with an AuthenticationProvider bean. UserDetailsService beans will not be used for username/password login. Consider removing the AuthenticationProvider bean. Alternatively, consider using the UserDetailsService in a manually instantiated DaoAuthenticationProvider.
08 Nov 2024 - 17:14:03.285 [main] INFO  o.s.b.w.e.tomcat.TomcatWebServer - Tomcat started on port 8080 (http) with context path '/'
08 Nov 2024 - 17:14:03.306 [main] INFO  c.e.InterviewQuestionsApplication - Started InterviewQuestionsApplication in 6.993 seconds (process running for 7.832)
08 Nov 2024 - 17:14:03.478 [main] INFO  org.flywaydb.core.FlywayExecutor - Database: jdbc:postgresql://localhost:5432/Interview_questions (PostgreSQL 14.13)
08 Nov 2024 - 17:14:03.555 [main] INFO  o.f.core.internal.command.DbValidate - Successfully validated 3 migrations (execution time 00:00.048s)
08 Nov 2024 - 17:14:03.574 [main] INFO  o.f.core.internal.command.DbMigrate - Current version of schema "public": 2
08 Nov 2024 - 17:14:03.577 [main] INFO  o.f.core.internal.command.DbMigrate - Schema "public" is up to date. No migration necessary.
08 Nov 2024 - 17:14:10.038 [http-nio-8080-exec-1] INFO  o.a.c.c.C.[Tomcat].[localhost].[/] - Initializing Spring DispatcherServlet 'dispatcherServlet'
08 Nov 2024 - 17:14:10.039 [http-nio-8080-exec-1] INFO  o.s.web.servlet.DispatcherServlet - Initializing Servlet 'dispatcherServlet'
08 Nov 2024 - 17:14:10.042 [http-nio-8080-exec-1] INFO  o.s.web.servlet.DispatcherServlet - Completed initialization in 2 ms
08 Nov 2024 - 17:36:24.685 [SpringApplicationShutdownHook] INFO  o.s.o.j.LocalContainerEntityManagerFactoryBean - Closing JPA EntityManagerFactory for persistence unit 'default'
08 Nov 2024 - 17:36:24.689 [SpringApplicationShutdownHook] INFO  com.zaxxer.hikari.HikariDataSource - HikariPool-1 - Shutdown initiated...
08 Nov 2024 - 17:36:24.693 [SpringApplicationShutdownHook] INFO  com.zaxxer.hikari.HikariDataSource - HikariPool-1 - Shutdown completed.
08 Nov 2024 - 17:37:01.395 [main] INFO  c.e.InterviewQuestionsApplication - Starting InterviewQuestionsApplication using Java 17.0.12 with PID 17000 (D:\JavaProject\Interview_questions\target\classes started by Xojiakbar in D:\JavaProject\Interview_questions)
08 Nov 2024 - 17:37:01.413 [main] INFO  c.e.InterviewQuestionsApplication - The following 1 profile is active: "dev"
08 Nov 2024 - 17:37:02.505 [main] INFO  o.s.d.r.c.RepositoryConfigurationDelegate - Bootstrapping Spring Data JPA repositories in DEFAULT mode.
08 Nov 2024 - 17:37:02.578 [main] INFO  o.s.d.r.c.RepositoryConfigurationDelegate - Finished Spring Data repository scanning in 65 ms. Found 4 JPA repository interfaces.
08 Nov 2024 - 17:37:03.222 [main] INFO  o.s.b.w.e.tomcat.TomcatWebServer - Tomcat initialized with port 8080 (http)
08 Nov 2024 - 17:37:03.237 [main] INFO  o.a.catalina.core.StandardService - Starting service [Tomcat]
08 Nov 2024 - 17:37:03.238 [main] INFO  o.a.catalina.core.StandardEngine - Starting Servlet engine: [Apache Tomcat/10.1.26]
08 Nov 2024 - 17:37:03.322 [main] INFO  o.a.c.c.C.[Tomcat].[localhost].[/] - Initializing Spring embedded WebApplicationContext
08 Nov 2024 - 17:37:03.323 [main] INFO  o.s.b.w.s.c.ServletWebServerApplicationContext - Root WebApplicationContext: initialization completed in 1855 ms
08 Nov 2024 - 17:37:03.492 [main] INFO  o.h.jpa.internal.util.LogHelper - HHH000204: Processing PersistenceUnitInfo [name: default]
08 Nov 2024 - 17:37:03.545 [main] INFO  org.hibernate.Version - HHH000412: Hibernate ORM core version 6.5.2.Final
08 Nov 2024 - 17:37:03.582 [main] INFO  o.h.c.i.RegionFactoryInitiator - HHH000026: Second-level cache disabled
08 Nov 2024 - 17:37:03.878 [main] INFO  o.s.o.j.p.SpringPersistenceUnitInfo - No LoadTimeWeaver setup: ignoring JPA class transformer
08 Nov 2024 - 17:37:03.903 [main] INFO  com.zaxxer.hikari.HikariDataSource - HikariPool-1 - Starting...
08 Nov 2024 - 17:37:04.068 [main] INFO  com.zaxxer.hikari.pool.HikariPool - HikariPool-1 - Added connection org.postgresql.jdbc.PgConnection@628b503a
08 Nov 2024 - 17:37:04.071 [main] INFO  com.zaxxer.hikari.HikariDataSource - HikariPool-1 - Start completed.
08 Nov 2024 - 17:37:04.116 [main] WARN  org.hibernate.orm.deprecation - HHH90000025: PostgreSQLDialect does not need to be specified explicitly using 'hibernate.dialect' (remove the property setting and it will be selected by default)
08 Nov 2024 - 17:37:05.241 [main] INFO  o.h.e.t.j.p.i.JtaPlatformInitiator - HHH000489: No JTA platform available (set 'hibernate.transaction.jta.platform' to enable JTA platform integration)
08 Nov 2024 - 17:37:05.327 [main] INFO  o.s.o.j.LocalContainerEntityManagerFactoryBean - Initialized JPA EntityManagerFactory for persistence unit 'default'
08 Nov 2024 - 17:37:05.630 [main] INFO  o.s.d.j.r.query.QueryEnhancerFactory - Hibernate is in classpath; If applicable, HQL parser will be used.
08 Nov 2024 - 17:37:06.617 [main] WARN  o.s.b.a.o.j.JpaBaseConfiguration$JpaWebConfiguration - spring.jpa.open-in-view is enabled by default. Therefore, database queries may be performed during view rendering. Explicitly configure spring.jpa.open-in-view to disable this warning
08 Nov 2024 - 17:37:06.662 [main] INFO  o.s.s.c.a.a.c.InitializeAuthenticationProviderBeanManagerConfigurer$InitializeAuthenticationProviderManagerConfigurer - Global AuthenticationManager configured with AuthenticationProvider bean with name authenticationProvider
08 Nov 2024 - 17:37:06.663 [main] WARN  o.s.s.c.a.a.c.InitializeUserDetailsBeanManagerConfigurer$InitializeUserDetailsManagerConfigurer - Global AuthenticationManager configured with an AuthenticationProvider bean. UserDetailsService beans will not be used for username/password login. Consider removing the AuthenticationProvider bean. Alternatively, consider using the UserDetailsService in a manually instantiated DaoAuthenticationProvider.
08 Nov 2024 - 17:37:07.606 [main] INFO  o.s.b.w.e.tomcat.TomcatWebServer - Tomcat started on port 8080 (http) with context path '/'
08 Nov 2024 - 17:37:07.619 [main] INFO  c.e.InterviewQuestionsApplication - Started InterviewQuestionsApplication in 6.716 seconds (process running for 7.402)
08 Nov 2024 - 17:37:07.807 [main] INFO  org.flywaydb.core.FlywayExecutor - Database: jdbc:postgresql://localhost:5432/Interview_questions (PostgreSQL 14.13)
08 Nov 2024 - 17:37:07.871 [main] INFO  o.f.core.internal.command.DbValidate - Successfully validated 3 migrations (execution time 00:00.039s)
08 Nov 2024 - 17:37:07.888 [main] INFO  o.f.core.internal.command.DbMigrate - Current version of schema "public": 2
08 Nov 2024 - 17:37:07.891 [main] INFO  o.f.core.internal.command.DbMigrate - Schema "public" is up to date. No migration necessary.
08 Nov 2024 - 17:37:12.165 [http-nio-8080-exec-1] INFO  o.a.c.c.C.[Tomcat].[localhost].[/] - Initializing Spring DispatcherServlet 'dispatcherServlet'
08 Nov 2024 - 17:37:12.165 [http-nio-8080-exec-1] INFO  o.s.web.servlet.DispatcherServlet - Initializing Servlet 'dispatcherServlet'
08 Nov 2024 - 17:37:12.168 [http-nio-8080-exec-1] INFO  o.s.web.servlet.DispatcherServlet - Completed initialization in 2 ms
08 Nov 2024 - 17:38:57.214 [http-nio-8080-exec-6] WARN  o.s.d.w.c.SpringDataJacksonConfiguration$PageModule$PlainPageSerializationWarning - Serializing PageImpl instances as-is is not supported, meaning that there is no guarantee about the stability of the resulting JSON structure!
	For a stable JSON structure, please use Spring Data's PagedModel (globally via @EnableSpringDataWebSupport(pageSerializationMode = VIA_DTO))
	or Spring HATEOAS and Spring Data's PagedResourcesAssembler as documented in https://docs.spring.io/spring-data/commons/reference/repositories/core-extensions.html#core.web.pageables.

08 Nov 2024 - 17:39:12.101 [http-nio-8080-exec-4] INFO  c.e.controller.AttachController - upload attach  = photo.jpg
08 Nov 2024 - 17:39:39.618 [http-nio-8080-exec-9] WARN  com.example.service.AttachService - Attach error : Could not read the file!
08 Nov 2024 - 17:41:29.078 [SpringApplicationShutdownHook] INFO  o.s.o.j.LocalContainerEntityManagerFactoryBean - Closing JPA EntityManagerFactory for persistence unit 'default'
08 Nov 2024 - 17:41:29.083 [SpringApplicationShutdownHook] INFO  com.zaxxer.hikari.HikariDataSource - HikariPool-1 - Shutdown initiated...
08 Nov 2024 - 17:41:29.094 [SpringApplicationShutdownHook] INFO  com.zaxxer.hikari.HikariDataSource - HikariPool-1 - Shutdown completed.
08 Nov 2024 - 17:41:42.187 [main] INFO  c.e.InterviewQuestionsApplication - Starting InterviewQuestionsApplication using Java 17.0.12 with PID 18664 (D:\JavaProject\Interview_questions\target\classes started by Xojiakbar in D:\JavaProject\Interview_questions)
08 Nov 2024 - 17:41:42.209 [main] INFO  c.e.InterviewQuestionsApplication - The following 1 profile is active: "dev"
08 Nov 2024 - 17:41:43.315 [main] INFO  o.s.d.r.c.RepositoryConfigurationDelegate - Bootstrapping Spring Data JPA repositories in DEFAULT mode.
08 Nov 2024 - 17:41:43.401 [main] INFO  o.s.d.r.c.RepositoryConfigurationDelegate - Finished Spring Data repository scanning in 77 ms. Found 4 JPA repository interfaces.
08 Nov 2024 - 17:41:43.986 [main] INFO  o.s.b.w.e.tomcat.TomcatWebServer - Tomcat initialized with port 8080 (http)
08 Nov 2024 - 17:41:43.997 [main] INFO  o.a.catalina.core.StandardService - Starting service [Tomcat]
08 Nov 2024 - 17:41:43.998 [main] INFO  o.a.catalina.core.StandardEngine - Starting Servlet engine: [Apache Tomcat/10.1.26]
08 Nov 2024 - 17:41:44.093 [main] INFO  o.a.c.c.C.[Tomcat].[localhost].[/] - Initializing Spring embedded WebApplicationContext
08 Nov 2024 - 17:41:44.094 [main] INFO  o.s.b.w.s.c.ServletWebServerApplicationContext - Root WebApplicationContext: initialization completed in 1829 ms
08 Nov 2024 - 17:41:44.319 [main] INFO  o.h.jpa.internal.util.LogHelper - HHH000204: Processing PersistenceUnitInfo [name: default]
08 Nov 2024 - 17:41:44.383 [main] INFO  org.hibernate.Version - HHH000412: Hibernate ORM core version 6.5.2.Final
08 Nov 2024 - 17:41:44.414 [main] INFO  o.h.c.i.RegionFactoryInitiator - HHH000026: Second-level cache disabled
08 Nov 2024 - 17:41:44.755 [main] INFO  o.s.o.j.p.SpringPersistenceUnitInfo - No LoadTimeWeaver setup: ignoring JPA class transformer
08 Nov 2024 - 17:41:44.787 [main] INFO  com.zaxxer.hikari.HikariDataSource - HikariPool-1 - Starting...
08 Nov 2024 - 17:41:44.979 [main] INFO  com.zaxxer.hikari.pool.HikariPool - HikariPool-1 - Added connection org.postgresql.jdbc.PgConnection@7c31e410
08 Nov 2024 - 17:41:44.981 [main] INFO  com.zaxxer.hikari.HikariDataSource - HikariPool-1 - Start completed.
08 Nov 2024 - 17:41:45.023 [main] WARN  org.hibernate.orm.deprecation - HHH90000025: PostgreSQLDialect does not need to be specified explicitly using 'hibernate.dialect' (remove the property setting and it will be selected by default)
08 Nov 2024 - 17:41:46.094 [main] INFO  o.h.e.t.j.p.i.JtaPlatformInitiator - HHH000489: No JTA platform available (set 'hibernate.transaction.jta.platform' to enable JTA platform integration)
08 Nov 2024 - 17:41:46.195 [main] INFO  o.s.o.j.LocalContainerEntityManagerFactoryBean - Initialized JPA EntityManagerFactory for persistence unit 'default'
08 Nov 2024 - 17:41:46.472 [main] INFO  o.s.d.j.r.query.QueryEnhancerFactory - Hibernate is in classpath; If applicable, HQL parser will be used.
08 Nov 2024 - 17:41:47.396 [main] WARN  o.s.b.a.o.j.JpaBaseConfiguration$JpaWebConfiguration - spring.jpa.open-in-view is enabled by default. Therefore, database queries may be performed during view rendering. Explicitly configure spring.jpa.open-in-view to disable this warning
08 Nov 2024 - 17:41:47.460 [main] INFO  o.s.s.c.a.a.c.InitializeAuthenticationProviderBeanManagerConfigurer$InitializeAuthenticationProviderManagerConfigurer - Global AuthenticationManager configured with AuthenticationProvider bean with name authenticationProvider
08 Nov 2024 - 17:41:47.462 [main] WARN  o.s.s.c.a.a.c.InitializeUserDetailsBeanManagerConfigurer$InitializeUserDetailsManagerConfigurer - Global AuthenticationManager configured with an AuthenticationProvider bean. UserDetailsService beans will not be used for username/password login. Consider removing the AuthenticationProvider bean. Alternatively, consider using the UserDetailsService in a manually instantiated DaoAuthenticationProvider.
08 Nov 2024 - 17:41:48.311 [main] INFO  o.s.b.w.e.tomcat.TomcatWebServer - Tomcat started on port 8080 (http) with context path '/'
08 Nov 2024 - 17:41:48.327 [main] INFO  c.e.InterviewQuestionsApplication - Started InterviewQuestionsApplication in 6.659 seconds (process running for 7.374)
08 Nov 2024 - 17:41:48.484 [main] INFO  org.flywaydb.core.FlywayExecutor - Database: jdbc:postgresql://localhost:5432/Interview_questions (PostgreSQL 14.13)
08 Nov 2024 - 17:41:48.532 [main] INFO  o.f.core.internal.command.DbValidate - Successfully validated 3 migrations (execution time 00:00.030s)
08 Nov 2024 - 17:41:48.544 [main] INFO  o.f.core.internal.command.DbMigrate - Current version of schema "public": 2
08 Nov 2024 - 17:41:48.547 [main] INFO  o.f.core.internal.command.DbMigrate - Schema "public" is up to date. No migration necessary.
08 Nov 2024 - 18:18:27.010 [HikariPool-1 housekeeper] WARN  com.zaxxer.hikari.pool.HikariPool - HikariPool-1 - Thread starvation or clock leap detected (housekeeper delta=1m41s335ms12µs).
08 Nov 2024 - 18:35:10.728 [HikariPool-1 housekeeper] WARN  com.zaxxer.hikari.pool.HikariPool - HikariPool-1 - Thread starvation or clock leap detected (housekeeper delta=1m13s456ms444µs700ns).
08 Nov 2024 - 19:01:54.833 [SpringApplicationShutdownHook] INFO  o.s.o.j.LocalContainerEntityManagerFactoryBean - Closing JPA EntityManagerFactory for persistence unit 'default'
08 Nov 2024 - 19:01:54.849 [SpringApplicationShutdownHook] INFO  com.zaxxer.hikari.HikariDataSource - HikariPool-1 - Shutdown initiated...
08 Nov 2024 - 19:01:54.856 [SpringApplicationShutdownHook] INFO  com.zaxxer.hikari.HikariDataSource - HikariPool-1 - Shutdown completed.
08 Nov 2024 - 19:01:59.796 [main] INFO  c.e.InterviewQuestionsApplication - Starting InterviewQuestionsApplication using Java 17.0.12 with PID 18248 (D:\JavaProject\Interview_questions\target\classes started by Xojiakbar in D:\JavaProject\Interview_questions)
08 Nov 2024 - 19:01:59.804 [main] INFO  c.e.InterviewQuestionsApplication - The following 1 profile is active: "dev"
08 Nov 2024 - 19:02:00.487 [main] INFO  o.s.d.r.c.RepositoryConfigurationDelegate - Bootstrapping Spring Data JPA repositories in DEFAULT mode.
08 Nov 2024 - 19:02:00.549 [main] INFO  o.s.d.r.c.RepositoryConfigurationDelegate - Finished Spring Data repository scanning in 55 ms. Found 4 JPA repository interfaces.
08 Nov 2024 - 19:02:00.981 [main] INFO  o.s.b.w.e.tomcat.TomcatWebServer - Tomcat initialized with port 8080 (http)
08 Nov 2024 - 19:02:00.992 [main] INFO  o.a.catalina.core.StandardService - Starting service [Tomcat]
08 Nov 2024 - 19:02:00.992 [main] INFO  o.a.catalina.core.StandardEngine - Starting Servlet engine: [Apache Tomcat/10.1.26]
08 Nov 2024 - 19:02:01.055 [main] INFO  o.a.c.c.C.[Tomcat].[localhost].[/] - Initializing Spring embedded WebApplicationContext
08 Nov 2024 - 19:02:01.055 [main] INFO  o.s.b.w.s.c.ServletWebServerApplicationContext - Root WebApplicationContext: initialization completed in 1221 ms
08 Nov 2024 - 19:02:01.173 [main] INFO  o.h.jpa.internal.util.LogHelper - HHH000204: Processing PersistenceUnitInfo [name: default]
08 Nov 2024 - 19:02:01.211 [main] INFO  org.hibernate.Version - HHH000412: Hibernate ORM core version 6.5.2.Final
08 Nov 2024 - 19:02:01.237 [main] INFO  o.h.c.i.RegionFactoryInitiator - HHH000026: Second-level cache disabled
08 Nov 2024 - 19:02:01.460 [main] INFO  o.s.o.j.p.SpringPersistenceUnitInfo - No LoadTimeWeaver setup: ignoring JPA class transformer
08 Nov 2024 - 19:02:01.480 [main] INFO  com.zaxxer.hikari.HikariDataSource - HikariPool-1 - Starting...
08 Nov 2024 - 19:02:01.609 [main] INFO  com.zaxxer.hikari.pool.HikariPool - HikariPool-1 - Added connection org.postgresql.jdbc.PgConnection@62b786dc
08 Nov 2024 - 19:02:01.610 [main] INFO  com.zaxxer.hikari.HikariDataSource - HikariPool-1 - Start completed.
08 Nov 2024 - 19:02:01.643 [main] WARN  org.hibernate.orm.deprecation - HHH90000025: PostgreSQLDialect does not need to be specified explicitly using 'hibernate.dialect' (remove the property setting and it will be selected by default)
08 Nov 2024 - 19:02:02.402 [main] INFO  o.h.e.t.j.p.i.JtaPlatformInitiator - HHH000489: No JTA platform available (set 'hibernate.transaction.jta.platform' to enable JTA platform integration)
08 Nov 2024 - 19:02:02.499 [main] WARN  o.h.e.jdbc.spi.SqlExceptionHelper - SQL Warning Code: 0, SQLState: 00000
08 Nov 2024 - 19:02:02.500 [main] WARN  o.h.e.jdbc.spi.SqlExceptionHelper - constraint "ukf86etc730c70o00swrc5xgb4e" of relation "profile" does not exist, skipping
08 Nov 2024 - 19:02:02.535 [main] INFO  o.s.o.j.LocalContainerEntityManagerFactoryBean - Initialized JPA EntityManagerFactory for persistence unit 'default'
08 Nov 2024 - 19:02:02.712 [main] INFO  o.s.d.j.r.query.QueryEnhancerFactory - Hibernate is in classpath; If applicable, HQL parser will be used.
08 Nov 2024 - 19:02:03.253 [main] WARN  o.s.b.a.o.j.JpaBaseConfiguration$JpaWebConfiguration - spring.jpa.open-in-view is enabled by default. Therefore, database queries may be performed during view rendering. Explicitly configure spring.jpa.open-in-view to disable this warning
08 Nov 2024 - 19:02:03.281 [main] INFO  o.s.s.c.a.a.c.InitializeAuthenticationProviderBeanManagerConfigurer$InitializeAuthenticationProviderManagerConfigurer - Global AuthenticationManager configured with AuthenticationProvider bean with name authenticationProvider
08 Nov 2024 - 19:02:03.282 [main] WARN  o.s.s.c.a.a.c.InitializeUserDetailsBeanManagerConfigurer$InitializeUserDetailsManagerConfigurer - Global AuthenticationManager configured with an AuthenticationProvider bean. UserDetailsService beans will not be used for username/password login. Consider removing the AuthenticationProvider bean. Alternatively, consider using the UserDetailsService in a manually instantiated DaoAuthenticationProvider.
08 Nov 2024 - 19:02:03.911 [main] INFO  o.s.b.w.e.tomcat.TomcatWebServer - Tomcat started on port 8080 (http) with context path '/'
08 Nov 2024 - 19:02:03.921 [main] INFO  c.e.InterviewQuestionsApplication - Started InterviewQuestionsApplication in 4.422 seconds (process running for 4.917)
08 Nov 2024 - 19:02:04.033 [main] INFO  org.flywaydb.core.FlywayExecutor - Database: jdbc:postgresql://localhost:5432/Interview_questions (PostgreSQL 14.13)
08 Nov 2024 - 19:02:04.070 [main] INFO  o.f.core.internal.command.DbValidate - Successfully validated 3 migrations (execution time 00:00.022s)
08 Nov 2024 - 19:02:04.080 [main] INFO  o.f.core.internal.command.DbMigrate - Current version of schema "public": 2
08 Nov 2024 - 19:02:04.082 [main] INFO  o.f.core.internal.command.DbMigrate - Schema "public" is up to date. No migration necessary.
08 Nov 2024 - 19:02:18.117 [SpringApplicationShutdownHook] INFO  o.s.o.j.LocalContainerEntityManagerFactoryBean - Closing JPA EntityManagerFactory for persistence unit 'default'
08 Nov 2024 - 19:02:18.118 [SpringApplicationShutdownHook] INFO  com.zaxxer.hikari.HikariDataSource - HikariPool-1 - Shutdown initiated...
08 Nov 2024 - 19:02:18.123 [SpringApplicationShutdownHook] INFO  com.zaxxer.hikari.HikariDataSource - HikariPool-1 - Shutdown completed.
08 Nov 2024 - 19:02:20.476 [main] INFO  c.e.InterviewQuestionsApplication - Starting InterviewQuestionsApplication using Java 17.0.12 with PID 19216 (D:\JavaProject\Interview_questions\target\classes started by Xojiakbar in D:\JavaProject\Interview_questions)
08 Nov 2024 - 19:02:20.486 [main] INFO  c.e.InterviewQuestionsApplication - The following 1 profile is active: "prod"
08 Nov 2024 - 19:02:21.202 [main] INFO  o.s.d.r.c.RepositoryConfigurationDelegate - Bootstrapping Spring Data JPA repositories in DEFAULT mode.
08 Nov 2024 - 19:02:21.262 [main] INFO  o.s.d.r.c.RepositoryConfigurationDelegate - Finished Spring Data repository scanning in 50 ms. Found 4 JPA repository interfaces.
08 Nov 2024 - 19:02:21.721 [main] INFO  o.s.b.w.e.tomcat.TomcatWebServer - Tomcat initialized with port 9090 (http)
08 Nov 2024 - 19:02:21.731 [main] INFO  o.a.catalina.core.StandardService - Starting service [Tomcat]
08 Nov 2024 - 19:02:21.732 [main] INFO  o.a.catalina.core.StandardEngine - Starting Servlet engine: [Apache Tomcat/10.1.26]
08 Nov 2024 - 19:02:21.798 [main] INFO  o.a.c.c.C.[Tomcat].[localhost].[/] - Initializing Spring embedded WebApplicationContext
08 Nov 2024 - 19:02:21.799 [main] INFO  o.s.b.w.s.c.ServletWebServerApplicationContext - Root WebApplicationContext: initialization completed in 1283 ms
08 Nov 2024 - 19:02:21.890 [main] INFO  o.h.jpa.internal.util.LogHelper - HHH000204: Processing PersistenceUnitInfo [name: default]
08 Nov 2024 - 19:02:21.944 [main] INFO  org.hibernate.Version - HHH000412: Hibernate ORM core version 6.5.2.Final
08 Nov 2024 - 19:02:21.969 [main] INFO  o.h.c.i.RegionFactoryInitiator - HHH000026: Second-level cache disabled
08 Nov 2024 - 19:02:22.176 [main] INFO  o.s.o.j.p.SpringPersistenceUnitInfo - No LoadTimeWeaver setup: ignoring JPA class transformer
08 Nov 2024 - 19:02:22.195 [main] INFO  com.zaxxer.hikari.HikariDataSource - HikariPool-1 - Starting...
08 Nov 2024 - 19:02:23.031 [main] INFO  com.zaxxer.hikari.pool.HikariPool - HikariPool-1 - Added connection org.postgresql.jdbc.PgConnection@2838eb
08 Nov 2024 - 19:02:23.036 [main] INFO  com.zaxxer.hikari.HikariDataSource - HikariPool-1 - Start completed.
08 Nov 2024 - 19:02:23.238 [main] WARN  org.hibernate.dialect.Dialect - HHH000511: The 10.23.0 version for [org.hibernate.dialect.PostgreSQLDialect] is no longer supported, hence certain features may not work properly. The minimum supported version is 12.0.0. Check the community dialects project for available legacy versions.
08 Nov 2024 - 19:02:24.105 [main] INFO  o.h.e.t.j.p.i.JtaPlatformInitiator - HHH000489: No JTA platform available (set 'hibernate.transaction.jta.platform' to enable JTA platform integration)
08 Nov 2024 - 19:02:24.877 [main] WARN  o.h.e.jdbc.spi.SqlExceptionHelper - SQL Warning Code: 0, SQLState: 00000
08 Nov 2024 - 19:02:24.878 [main] WARN  o.h.e.jdbc.spi.SqlExceptionHelper - constraint "ukf86etc730c70o00swrc5xgb4e" of relation "profile" does not exist, skipping
08 Nov 2024 - 19:02:25.456 [main] INFO  o.s.o.j.LocalContainerEntityManagerFactoryBean - Initialized JPA EntityManagerFactory for persistence unit 'default'
08 Nov 2024 - 19:02:25.653 [main] INFO  o.s.d.j.r.query.QueryEnhancerFactory - Hibernate is in classpath; If applicable, HQL parser will be used.
08 Nov 2024 - 19:02:26.213 [main] WARN  o.s.b.a.o.j.JpaBaseConfiguration$JpaWebConfiguration - spring.jpa.open-in-view is enabled by default. Therefore, database queries may be performed during view rendering. Explicitly configure spring.jpa.open-in-view to disable this warning
08 Nov 2024 - 19:02:26.247 [main] INFO  o.s.s.c.a.a.c.InitializeAuthenticationProviderBeanManagerConfigurer$InitializeAuthenticationProviderManagerConfigurer - Global AuthenticationManager configured with AuthenticationProvider bean with name authenticationProvider
08 Nov 2024 - 19:02:26.247 [main] WARN  o.s.s.c.a.a.c.InitializeUserDetailsBeanManagerConfigurer$InitializeUserDetailsManagerConfigurer - Global AuthenticationManager configured with an AuthenticationProvider bean. UserDetailsService beans will not be used for username/password login. Consider removing the AuthenticationProvider bean. Alternatively, consider using the UserDetailsService in a manually instantiated DaoAuthenticationProvider.
08 Nov 2024 - 19:02:26.890 [main] INFO  o.s.b.w.e.tomcat.TomcatWebServer - Tomcat started on port 9090 (http) with context path '/'
08 Nov 2024 - 19:02:26.900 [main] INFO  c.e.InterviewQuestionsApplication - Started InterviewQuestionsApplication in 6.734 seconds (process running for 7.165)
08 Nov 2024 - 19:02:27.180 [main] INFO  org.flywaydb.core.FlywayExecutor - Database: jdbc:postgresql://95.130.227.202:5432/interview_questionsDB (PostgreSQL 10.23)
08 Nov 2024 - 19:02:27.838 [main] INFO  o.f.core.internal.command.DbValidate - Successfully validated 3 migrations (execution time 00:00.220s)
08 Nov 2024 - 19:02:28.431 [main] INFO  o.f.core.internal.command.DbMigrate - Current version of schema "public": 2
08 Nov 2024 - 19:02:28.487 [main] INFO  o.f.core.internal.command.DbMigrate - Schema "public" is up to date. No migration necessary.
08 Nov 2024 - 19:03:12.058 [SpringApplicationShutdownHook] INFO  o.s.o.j.LocalContainerEntityManagerFactoryBean - Closing JPA EntityManagerFactory for persistence unit 'default'
08 Nov 2024 - 19:03:12.060 [SpringApplicationShutdownHook] INFO  com.zaxxer.hikari.HikariDataSource - HikariPool-1 - Shutdown initiated...
08 Nov 2024 - 19:03:12.529 [SpringApplicationShutdownHook] INFO  com.zaxxer.hikari.HikariDataSource - HikariPool-1 - Shutdown completed.
08 Nov 2024 - 19:03:16.357 [main] INFO  c.e.InterviewQuestionsApplication - Starting InterviewQuestionsApplication using Java 17.0.12 with PID 15168 (D:\JavaProject\Interview_questions\target\classes started by Xojiakbar in D:\JavaProject\Interview_questions)
08 Nov 2024 - 19:03:16.366 [main] INFO  c.e.InterviewQuestionsApplication - The following 1 profile is active: "prod"
08 Nov 2024 - 19:03:17.121 [main] INFO  o.s.d.r.c.RepositoryConfigurationDelegate - Bootstrapping Spring Data JPA repositories in DEFAULT mode.
08 Nov 2024 - 19:03:17.173 [main] INFO  o.s.d.r.c.RepositoryConfigurationDelegate - Finished Spring Data repository scanning in 46 ms. Found 4 JPA repository interfaces.
08 Nov 2024 - 19:03:17.702 [main] INFO  o.s.b.w.e.tomcat.TomcatWebServer - Tomcat initialized with port 9090 (http)
08 Nov 2024 - 19:03:17.716 [main] INFO  o.a.catalina.core.StandardService - Starting service [Tomcat]
08 Nov 2024 - 19:03:17.716 [main] INFO  o.a.catalina.core.StandardEngine - Starting Servlet engine: [Apache Tomcat/10.1.26]
08 Nov 2024 - 19:03:17.785 [main] INFO  o.a.c.c.C.[Tomcat].[localhost].[/] - Initializing Spring embedded WebApplicationContext
08 Nov 2024 - 19:03:17.785 [main] INFO  o.s.b.w.s.c.ServletWebServerApplicationContext - Root WebApplicationContext: initialization completed in 1387 ms
08 Nov 2024 - 19:03:17.895 [main] INFO  o.h.jpa.internal.util.LogHelper - HHH000204: Processing PersistenceUnitInfo [name: default]
08 Nov 2024 - 19:03:17.936 [main] INFO  org.hibernate.Version - HHH000412: Hibernate ORM core version 6.5.2.Final
08 Nov 2024 - 19:03:17.964 [main] INFO  o.h.c.i.RegionFactoryInitiator - HHH000026: Second-level cache disabled
08 Nov 2024 - 19:03:18.187 [main] INFO  o.s.o.j.p.SpringPersistenceUnitInfo - No LoadTimeWeaver setup: ignoring JPA class transformer
08 Nov 2024 - 19:03:18.207 [main] INFO  com.zaxxer.hikari.HikariDataSource - HikariPool-1 - Starting...
08 Nov 2024 - 19:03:18.929 [main] INFO  com.zaxxer.hikari.pool.HikariPool - HikariPool-1 - Added connection org.postgresql.jdbc.PgConnection@45dc7be
08 Nov 2024 - 19:03:18.930 [main] INFO  com.zaxxer.hikari.HikariDataSource - HikariPool-1 - Start completed.
08 Nov 2024 - 19:03:19.102 [main] WARN  org.hibernate.dialect.Dialect - HHH000511: The 10.23.0 version for [org.hibernate.dialect.PostgreSQLDialect] is no longer supported, hence certain features may not work properly. The minimum supported version is 12.0.0. Check the community dialects project for available legacy versions.
08 Nov 2024 - 19:03:20.115 [main] INFO  o.h.e.t.j.p.i.JtaPlatformInitiator - HHH000489: No JTA platform available (set 'hibernate.transaction.jta.platform' to enable JTA platform integration)
08 Nov 2024 - 19:03:21.475 [main] INFO  o.s.o.j.LocalContainerEntityManagerFactoryBean - Initialized JPA EntityManagerFactory for persistence unit 'default'
08 Nov 2024 - 19:03:21.691 [main] INFO  o.s.d.j.r.query.QueryEnhancerFactory - Hibernate is in classpath; If applicable, HQL parser will be used.
08 Nov 2024 - 19:03:22.276 [main] WARN  o.s.b.a.o.j.JpaBaseConfiguration$JpaWebConfiguration - spring.jpa.open-in-view is enabled by default. Therefore, database queries may be performed during view rendering. Explicitly configure spring.jpa.open-in-view to disable this warning
08 Nov 2024 - 19:03:22.305 [main] INFO  o.s.s.c.a.a.c.InitializeAuthenticationProviderBeanManagerConfigurer$InitializeAuthenticationProviderManagerConfigurer - Global AuthenticationManager configured with AuthenticationProvider bean with name authenticationProvider
08 Nov 2024 - 19:03:22.306 [main] WARN  o.s.s.c.a.a.c.InitializeUserDetailsBeanManagerConfigurer$InitializeUserDetailsManagerConfigurer - Global AuthenticationManager configured with an AuthenticationProvider bean. UserDetailsService beans will not be used for username/password login. Consider removing the AuthenticationProvider bean. Alternatively, consider using the UserDetailsService in a manually instantiated DaoAuthenticationProvider.
08 Nov 2024 - 19:03:22.906 [main] INFO  o.s.b.w.e.tomcat.TomcatWebServer - Tomcat started on port 9090 (http) with context path '/'
08 Nov 2024 - 19:03:22.916 [main] INFO  c.e.InterviewQuestionsApplication - Started InterviewQuestionsApplication in 6.864 seconds (process running for 7.413)
08 Nov 2024 - 19:03:23.227 [main] INFO  org.flywaydb.core.FlywayExecutor - Database: jdbc:postgresql://95.130.227.202:5432/interview_questionsDB (PostgreSQL 10.23)
08 Nov 2024 - 19:03:23.963 [main] INFO  o.f.core.internal.command.DbValidate - Successfully validated 3 migrations (execution time 00:00.304s)
08 Nov 2024 - 19:03:24.566 [main] INFO  o.f.core.internal.command.DbMigrate - Current version of schema "public": 2
08 Nov 2024 - 19:03:24.638 [main] INFO  o.f.core.internal.command.DbMigrate - Schema "public" is up to date. No migration necessary.
