13 Nov 2024 - 18:54:11.449 [main] INFO  c.e.InterviewQuestionsApplication - Starting InterviewQuestionsApplication using Java 17.0.12 with PID 3312 (D:\JavaProject\Interview_questions\target\classes started by Xojiakbar in D:\JavaProject\Interview_questions)
13 Nov 2024 - 18:54:11.466 [main] INFO  c.e.InterviewQuestionsApplication - The following 1 profile is active: "prod"
13 Nov 2024 - 18:54:12.951 [main] INFO  o.s.d.r.c.RepositoryConfigurationDelegate - Bootstrapping Spring Data JPA repositories in DEFAULT mode.
13 Nov 2024 - 18:54:13.098 [main] INFO  o.s.d.r.c.RepositoryConfigurationDelegate - Finished Spring Data repository scanning in 124 ms. Found 4 JPA repository interfaces.
13 Nov 2024 - 18:54:14.176 [main] INFO  o.s.b.w.e.tomcat.TomcatWebServer - Tomcat initialized with port 9090 (http)
13 Nov 2024 - 18:54:14.206 [main] INFO  o.a.catalina.core.StandardService - Starting service [Tomcat]
13 Nov 2024 - 18:54:14.206 [main] INFO  o.a.catalina.core.StandardEngine - Starting Servlet engine: [Apache Tomcat/10.1.26]
13 Nov 2024 - 18:54:14.356 [main] INFO  o.a.c.c.C.[Tomcat].[localhost].[/] - Initializing Spring embedded WebApplicationContext
13 Nov 2024 - 18:54:14.358 [main] INFO  o.s.b.w.s.c.ServletWebServerApplicationContext - Root WebApplicationContext: initialization completed in 2834 ms
13 Nov 2024 - 18:54:14.590 [main] INFO  o.h.jpa.internal.util.LogHelper - HHH000204: Processing PersistenceUnitInfo [name: default]
13 Nov 2024 - 18:54:14.744 [main] INFO  org.hibernate.Version - HHH000412: Hibernate ORM core version 6.5.2.Final
13 Nov 2024 - 18:54:14.786 [main] INFO  o.h.c.i.RegionFactoryInitiator - HHH000026: Second-level cache disabled
13 Nov 2024 - 18:54:15.250 [main] INFO  o.s.o.j.p.SpringPersistenceUnitInfo - No LoadTimeWeaver setup: ignoring JPA class transformer
13 Nov 2024 - 18:54:15.283 [main] INFO  com.zaxxer.hikari.HikariDataSource - HikariPool-1 - Starting...
13 Nov 2024 - 18:54:16.802 [main] INFO  com.zaxxer.hikari.pool.HikariPool - HikariPool-1 - Added connection org.postgresql.jdbc.PgConnection@6f65aa58
13 Nov 2024 - 18:54:16.804 [main] INFO  com.zaxxer.hikari.HikariDataSource - HikariPool-1 - Start completed.
13 Nov 2024 - 18:54:17.020 [main] WARN  org.hibernate.dialect.Dialect - HHH000511: The 10.23.0 version for [org.hibernate.dialect.PostgreSQLDialect] is no longer supported, hence certain features may not work properly. The minimum supported version is 12.0.0. Check the community dialects project for available legacy versions.
13 Nov 2024 - 18:54:18.469 [main] INFO  o.h.e.t.j.p.i.JtaPlatformInitiator - HHH000489: No JTA platform available (set 'hibernate.transaction.jta.platform' to enable JTA platform integration)
13 Nov 2024 - 18:54:19.412 [main] INFO  o.s.o.j.LocalContainerEntityManagerFactoryBean - Initialized JPA EntityManagerFactory for persistence unit 'default'
13 Nov 2024 - 18:54:19.838 [main] INFO  o.s.d.j.r.query.QueryEnhancerFactory - Hibernate is in classpath; If applicable, HQL parser will be used.
13 Nov 2024 - 18:54:20.949 [main] WARN  o.s.b.a.o.j.JpaBaseConfiguration$JpaWebConfiguration - spring.jpa.open-in-view is enabled by default. Therefore, database queries may be performed during view rendering. Explicitly configure spring.jpa.open-in-view to disable this warning
13 Nov 2024 - 18:54:21.002 [main] INFO  o.s.s.c.a.a.c.InitializeAuthenticationProviderBeanManagerConfigurer$InitializeAuthenticationProviderManagerConfigurer - Global AuthenticationManager configured with AuthenticationProvider bean with name authenticationProvider
13 Nov 2024 - 18:54:21.003 [main] WARN  o.s.s.c.a.a.c.InitializeUserDetailsBeanManagerConfigurer$InitializeUserDetailsManagerConfigurer - Global AuthenticationManager configured with an AuthenticationProvider bean. UserDetailsService beans will not be used for username/password login. Consider removing the AuthenticationProvider bean. Alternatively, consider using the UserDetailsService in a manually instantiated DaoAuthenticationProvider.
13 Nov 2024 - 18:54:22.103 [main] INFO  o.s.b.w.e.tomcat.TomcatWebServer - Tomcat started on port 9090 (http) with context path '/'
13 Nov 2024 - 18:54:22.121 [main] INFO  c.e.InterviewQuestionsApplication - Started InterviewQuestionsApplication in 11.399 seconds (process running for 12.301)
13 Nov 2024 - 18:54:22.757 [main] INFO  org.flywaydb.core.FlywayExecutor - Database: jdbc:postgresql://95.130.227.202:5432/interview_questionsDB (PostgreSQL 10.23)
13 Nov 2024 - 18:54:23.742 [main] INFO  o.f.core.internal.command.DbValidate - Successfully validated 3 migrations (execution time 00:00.437s)
13 Nov 2024 - 18:54:24.498 [main] INFO  o.f.core.internal.command.DbMigrate - Current version of schema "public": 2
13 Nov 2024 - 18:54:24.593 [main] INFO  o.f.core.internal.command.DbMigrate - Schema "public" is up to date. No migration necessary.
13 Nov 2024 - 18:55:41.666 [main] WARN  o.s.b.t.j.DuplicateJsonObjectContextCustomizerFactory$DuplicateJsonObjectContextCustomizer - 

Found multiple occurrences of org.json.JSONObject on the class path:

	jar:file:/C:/Users/hojia/.m2/repository/com/vaadin/external/google/android-json/0.0.20131108.vaadin1/android-json-0.0.20131108.vaadin1.jar!/org/json/JSONObject.class
	jar:file:/C:/Users/hojia/.m2/repository/org/json/json/20231013/json-20231013.jar!/org/json/JSONObject.class

You may wish to exclude one of them to ensure predictable runtime behavior

13 Nov 2024 - 18:55:41.697 [main] INFO  c.e.InterviewQuestionsApplicationTests - Starting InterviewQuestionsApplicationTests using Java 17.0.12 with PID 11400 (started by Xojiakbar in D:\JavaProject\Interview_questions)
13 Nov 2024 - 18:55:41.697 [main] INFO  c.e.InterviewQuestionsApplicationTests - The following 1 profile is active: "prod"
13 Nov 2024 - 18:55:43.335 [main] INFO  o.s.d.r.c.RepositoryConfigurationDelegate - Bootstrapping Spring Data JPA repositories in DEFAULT mode.
13 Nov 2024 - 18:55:43.461 [main] INFO  o.s.d.r.c.RepositoryConfigurationDelegate - Finished Spring Data repository scanning in 119 ms. Found 4 JPA repository interfaces.
13 Nov 2024 - 18:55:45.015 [main] INFO  o.h.jpa.internal.util.LogHelper - HHH000204: Processing PersistenceUnitInfo [name: default]
13 Nov 2024 - 18:55:45.282 [main] INFO  org.hibernate.Version - HHH000412: Hibernate ORM core version 6.5.2.Final
13 Nov 2024 - 18:55:45.458 [main] INFO  o.h.c.i.RegionFactoryInitiator - HHH000026: Second-level cache disabled
13 Nov 2024 - 18:55:46.149 [main] INFO  o.s.o.j.p.SpringPersistenceUnitInfo - No LoadTimeWeaver setup: ignoring JPA class transformer
13 Nov 2024 - 18:55:46.180 [main] INFO  com.zaxxer.hikari.HikariDataSource - HikariPool-1 - Starting...
13 Nov 2024 - 18:55:47.154 [main] INFO  com.zaxxer.hikari.pool.HikariPool - HikariPool-1 - Added connection org.postgresql.jdbc.PgConnection@38848217
13 Nov 2024 - 18:55:47.154 [main] INFO  com.zaxxer.hikari.HikariDataSource - HikariPool-1 - Start completed.
13 Nov 2024 - 18:55:47.329 [main] WARN  org.hibernate.dialect.Dialect - HHH000511: The 10.23.0 version for [org.hibernate.dialect.PostgreSQLDialect] is no longer supported, hence certain features may not work properly. The minimum supported version is 12.0.0. Check the community dialects project for available legacy versions.
13 Nov 2024 - 18:55:48.650 [main] INFO  o.h.e.t.j.p.i.JtaPlatformInitiator - HHH000489: No JTA platform available (set 'hibernate.transaction.jta.platform' to enable JTA platform integration)
13 Nov 2024 - 18:55:49.508 [main] INFO  o.s.o.j.LocalContainerEntityManagerFactoryBean - Initialized JPA EntityManagerFactory for persistence unit 'default'
13 Nov 2024 - 18:55:50.359 [main] INFO  o.s.d.j.r.query.QueryEnhancerFactory - Hibernate is in classpath; If applicable, HQL parser will be used.
13 Nov 2024 - 18:55:52.117 [main] WARN  o.s.b.a.o.j.JpaBaseConfiguration$JpaWebConfiguration - spring.jpa.open-in-view is enabled by default. Therefore, database queries may be performed during view rendering. Explicitly configure spring.jpa.open-in-view to disable this warning
13 Nov 2024 - 18:55:52.243 [main] INFO  o.s.s.c.a.a.c.InitializeAuthenticationProviderBeanManagerConfigurer$InitializeAuthenticationProviderManagerConfigurer - Global AuthenticationManager configured with AuthenticationProvider bean with name authenticationProvider
13 Nov 2024 - 18:55:52.259 [main] WARN  o.s.s.c.a.a.c.InitializeUserDetailsBeanManagerConfigurer$InitializeUserDetailsManagerConfigurer - Global AuthenticationManager configured with an AuthenticationProvider bean. UserDetailsService beans will not be used for username/password login. Consider removing the AuthenticationProvider bean. Alternatively, consider using the UserDetailsService in a manually instantiated DaoAuthenticationProvider.
13 Nov 2024 - 18:55:54.304 [main] INFO  c.e.InterviewQuestionsApplicationTests - Started InterviewQuestionsApplicationTests in 13.185 seconds (process running for 14.93)
13 Nov 2024 - 18:55:54.728 [main] INFO  org.flywaydb.core.FlywayExecutor - Database: jdbc:postgresql://95.130.227.202:5432/interview_questionsDB (PostgreSQL 10.23)
13 Nov 2024 - 18:55:55.575 [main] INFO  o.f.core.internal.command.DbValidate - Successfully validated 3 migrations (execution time 00:00.260s)
13 Nov 2024 - 18:55:56.194 [main] INFO  o.f.core.internal.command.DbMigrate - Current version of schema "public": 2
13 Nov 2024 - 18:55:56.242 [main] INFO  o.f.core.internal.command.DbMigrate - Schema "public" is up to date. No migration necessary.
13 Nov 2024 - 18:55:57.345 [SpringApplicationShutdownHook] INFO  o.s.o.j.LocalContainerEntityManagerFactoryBean - Closing JPA EntityManagerFactory for persistence unit 'default'
13 Nov 2024 - 18:55:57.345 [SpringApplicationShutdownHook] INFO  com.zaxxer.hikari.HikariDataSource - HikariPool-1 - Shutdown initiated...
13 Nov 2024 - 18:55:57.908 [SpringApplicationShutdownHook] INFO  com.zaxxer.hikari.HikariDataSource - HikariPool-1 - Shutdown completed.
13 Nov 2024 - 18:56:25.003 [main] WARN  o.s.b.t.j.DuplicateJsonObjectContextCustomizerFactory$DuplicateJsonObjectContextCustomizer - 

Found multiple occurrences of org.json.JSONObject on the class path:

	jar:file:/C:/Users/hojia/.m2/repository/com/vaadin/external/google/android-json/0.0.20131108.vaadin1/android-json-0.0.20131108.vaadin1.jar!/org/json/JSONObject.class
	jar:file:/C:/Users/hojia/.m2/repository/org/json/json/20231013/json-20231013.jar!/org/json/JSONObject.class

You may wish to exclude one of them to ensure predictable runtime behavior

13 Nov 2024 - 18:56:25.042 [main] INFO  c.e.InterviewQuestionsApplicationTests - Starting InterviewQuestionsApplicationTests using Java 17.0.12 with PID 19248 (started by Xojiakbar in D:\JavaProject\Interview_questions)
13 Nov 2024 - 18:56:25.042 [main] INFO  c.e.InterviewQuestionsApplicationTests - The following 1 profile is active: "prod"
13 Nov 2024 - 18:56:26.535 [main] INFO  o.s.d.r.c.RepositoryConfigurationDelegate - Bootstrapping Spring Data JPA repositories in DEFAULT mode.
13 Nov 2024 - 18:56:26.678 [main] INFO  o.s.d.r.c.RepositoryConfigurationDelegate - Finished Spring Data repository scanning in 139 ms. Found 4 JPA repository interfaces.
13 Nov 2024 - 18:56:27.699 [main] INFO  o.h.jpa.internal.util.LogHelper - HHH000204: Processing PersistenceUnitInfo [name: default]
13 Nov 2024 - 18:56:27.936 [main] INFO  org.hibernate.Version - HHH000412: Hibernate ORM core version 6.5.2.Final
13 Nov 2024 - 18:56:27.983 [main] INFO  o.h.c.i.RegionFactoryInitiator - HHH000026: Second-level cache disabled
13 Nov 2024 - 18:56:28.660 [main] INFO  o.s.o.j.p.SpringPersistenceUnitInfo - No LoadTimeWeaver setup: ignoring JPA class transformer
13 Nov 2024 - 18:56:28.691 [main] INFO  com.zaxxer.hikari.HikariDataSource - HikariPool-1 - Starting...
13 Nov 2024 - 18:56:29.653 [main] INFO  com.zaxxer.hikari.pool.HikariPool - HikariPool-1 - Added connection org.postgresql.jdbc.PgConnection@189633f2
13 Nov 2024 - 18:56:29.653 [main] INFO  com.zaxxer.hikari.HikariDataSource - HikariPool-1 - Start completed.
13 Nov 2024 - 18:56:29.840 [main] WARN  org.hibernate.dialect.Dialect - HHH000511: The 10.23.0 version for [org.hibernate.dialect.PostgreSQLDialect] is no longer supported, hence certain features may not work properly. The minimum supported version is 12.0.0. Check the community dialects project for available legacy versions.
13 Nov 2024 - 18:56:31.542 [main] INFO  o.h.e.t.j.p.i.JtaPlatformInitiator - HHH000489: No JTA platform available (set 'hibernate.transaction.jta.platform' to enable JTA platform integration)
13 Nov 2024 - 18:56:32.322 [main] INFO  o.s.o.j.LocalContainerEntityManagerFactoryBean - Initialized JPA EntityManagerFactory for persistence unit 'default'
13 Nov 2024 - 18:56:33.981 [main] INFO  o.s.d.j.r.query.QueryEnhancerFactory - Hibernate is in classpath; If applicable, HQL parser will be used.
13 Nov 2024 - 18:56:37.670 [main] WARN  o.s.b.a.o.j.JpaBaseConfiguration$JpaWebConfiguration - spring.jpa.open-in-view is enabled by default. Therefore, database queries may be performed during view rendering. Explicitly configure spring.jpa.open-in-view to disable this warning
13 Nov 2024 - 18:56:37.952 [main] INFO  o.s.s.c.a.a.c.InitializeAuthenticationProviderBeanManagerConfigurer$InitializeAuthenticationProviderManagerConfigurer - Global AuthenticationManager configured with AuthenticationProvider bean with name authenticationProvider
13 Nov 2024 - 18:56:37.952 [main] WARN  o.s.s.c.a.a.c.InitializeUserDetailsBeanManagerConfigurer$InitializeUserDetailsManagerConfigurer - Global AuthenticationManager configured with an AuthenticationProvider bean. UserDetailsService beans will not be used for username/password login. Consider removing the AuthenticationProvider bean. Alternatively, consider using the UserDetailsService in a manually instantiated DaoAuthenticationProvider.
13 Nov 2024 - 18:56:41.936 [main] INFO  c.e.InterviewQuestionsApplicationTests - Started InterviewQuestionsApplicationTests in 17.358 seconds (process running for 18.96)
13 Nov 2024 - 18:56:42.695 [main] INFO  org.flywaydb.core.FlywayExecutor - Database: jdbc:postgresql://95.130.227.202:5432/interview_questionsDB (PostgreSQL 10.23)
13 Nov 2024 - 18:56:43.513 [main] INFO  o.f.core.internal.command.DbValidate - Successfully validated 3 migrations (execution time 00:00.312s)
13 Nov 2024 - 18:56:44.187 [main] INFO  o.f.core.internal.command.DbMigrate - Current version of schema "public": 2
13 Nov 2024 - 18:56:44.250 [main] INFO  o.f.core.internal.command.DbMigrate - Schema "public" is up to date. No migration necessary.
13 Nov 2024 - 18:56:45.426 [SpringApplicationShutdownHook] INFO  o.s.o.j.LocalContainerEntityManagerFactoryBean - Closing JPA EntityManagerFactory for persistence unit 'default'
13 Nov 2024 - 18:56:45.426 [SpringApplicationShutdownHook] INFO  com.zaxxer.hikari.HikariDataSource - HikariPool-1 - Shutdown initiated...
13 Nov 2024 - 18:56:46.040 [SpringApplicationShutdownHook] INFO  com.zaxxer.hikari.HikariDataSource - HikariPool-1 - Shutdown completed.
13 Nov 2024 - 19:50:41.364 [HikariPool-1 housekeeper] WARN  com.zaxxer.hikari.pool.HikariPool - HikariPool-1 - Thread starvation or clock leap detected (housekeeper delta=9m23s739ms620µs600ns).
13 Nov 2024 - 20:01:50.698 [HikariPool-1 housekeeper] WARN  com.zaxxer.hikari.pool.HikariPool - HikariPool-1 - Thread starvation or clock leap detected (housekeeper delta=6m9s237ms958µs500ns).
13 Nov 2024 - 20:04:56.321 [HikariPool-1 housekeeper] WARN  com.zaxxer.hikari.pool.HikariPool - HikariPool-1 - Thread starvation or clock leap detected (housekeeper delta=1m35s606ms606µs900ns).
