22 Nov 2024 - 16:03:37.283 [main] INFO  c.e.InterviewQuestionsApplication - Starting InterviewQuestionsApplication using Java 17.0.12 with PID 11724 (D:\JavaProject\Interview_questions\target\classes started by Xojiakbar in D:\JavaProject\Interview_questions)
22 Nov 2024 - 16:03:37.309 [main] INFO  c.e.InterviewQuestionsApplication - The following 1 profile is active: "dev"
22 Nov 2024 - 16:03:38.729 [main] INFO  o.s.d.r.c.RepositoryConfigurationDelegate - Bootstrapping Spring Data JPA repositories in DEFAULT mode.
22 Nov 2024 - 16:03:38.831 [main] INFO  o.s.d.r.c.RepositoryConfigurationDelegate - Finished Spring Data repository scanning in 90 ms. Found 4 JPA repository interfaces.
22 Nov 2024 - 16:03:39.769 [main] INFO  o.s.b.w.e.tomcat.TomcatWebServer - Tomcat initialized with port 8080 (http)
22 Nov 2024 - 16:03:39.784 [main] INFO  o.a.catalina.core.StandardService - Starting service [Tomcat]
22 Nov 2024 - 16:03:39.784 [main] INFO  o.a.catalina.core.StandardEngine - Starting Servlet engine: [Apache Tomcat/10.1.26]
22 Nov 2024 - 16:03:39.859 [main] INFO  o.a.c.c.C.[Tomcat].[localhost].[/] - Initializing Spring embedded WebApplicationContext
22 Nov 2024 - 16:03:39.860 [main] INFO  o.s.b.w.s.c.ServletWebServerApplicationContext - Root WebApplicationContext: initialization completed in 2489 ms
22 Nov 2024 - 16:03:40.015 [main] INFO  o.h.jpa.internal.util.LogHelper - HHH000204: Processing PersistenceUnitInfo [name: default]
22 Nov 2024 - 16:03:40.112 [main] INFO  org.hibernate.Version - HHH000412: Hibernate ORM core version 6.5.2.Final
22 Nov 2024 - 16:03:40.178 [main] INFO  o.h.c.i.RegionFactoryInitiator - HHH000026: Second-level cache disabled
22 Nov 2024 - 16:03:40.613 [main] INFO  o.s.o.j.p.SpringPersistenceUnitInfo - No LoadTimeWeaver setup: ignoring JPA class transformer
22 Nov 2024 - 16:03:40.662 [main] INFO  com.zaxxer.hikari.HikariDataSource - HikariPool-1 - Starting...
22 Nov 2024 - 16:03:41.223 [main] INFO  com.zaxxer.hikari.pool.HikariPool - HikariPool-1 - Added connection org.postgresql.jdbc.PgConnection@31b6fb14
22 Nov 2024 - 16:03:41.223 [main] INFO  com.zaxxer.hikari.HikariDataSource - HikariPool-1 - Start completed.
22 Nov 2024 - 16:03:41.348 [main] WARN  org.hibernate.orm.deprecation - HHH90000025: PostgreSQLDialect does not need to be specified explicitly using 'hibernate.dialect' (remove the property setting and it will be selected by default)
22 Nov 2024 - 16:03:42.804 [main] INFO  o.h.e.t.j.p.i.JtaPlatformInitiator - HHH000489: No JTA platform available (set 'hibernate.transaction.jta.platform' to enable JTA platform integration)
22 Nov 2024 - 16:03:43.016 [main] INFO  o.s.o.j.LocalContainerEntityManagerFactoryBean - Initialized JPA EntityManagerFactory for persistence unit 'default'
22 Nov 2024 - 16:03:43.360 [main] INFO  o.s.d.j.r.query.QueryEnhancerFactory - Hibernate is in classpath; If applicable, HQL parser will be used.
22 Nov 2024 - 16:03:44.801 [main] WARN  o.s.b.a.o.j.JpaBaseConfiguration$JpaWebConfiguration - spring.jpa.open-in-view is enabled by default. Therefore, database queries may be performed during view rendering. Explicitly configure spring.jpa.open-in-view to disable this warning
22 Nov 2024 - 16:03:44.898 [main] INFO  o.s.s.c.a.a.c.InitializeAuthenticationProviderBeanManagerConfigurer$InitializeAuthenticationProviderManagerConfigurer - Global AuthenticationManager configured with AuthenticationProvider bean with name authenticationProvider
22 Nov 2024 - 16:03:44.901 [main] WARN  o.s.s.c.a.a.c.InitializeUserDetailsBeanManagerConfigurer$InitializeUserDetailsManagerConfigurer - Global AuthenticationManager configured with an AuthenticationProvider bean. UserDetailsService beans will not be used for username/password login. Consider removing the AuthenticationProvider bean. Alternatively, consider using the UserDetailsService in a manually instantiated DaoAuthenticationProvider.
22 Nov 2024 - 16:03:47.041 [main] INFO  o.s.b.w.e.tomcat.TomcatWebServer - Tomcat started on port 8080 (http) with context path '/'
22 Nov 2024 - 16:03:47.072 [main] INFO  c.e.InterviewQuestionsApplication - Started InterviewQuestionsApplication in 10.327 seconds (process running for 11.105)
22 Nov 2024 - 16:03:47.487 [main] INFO  org.flywaydb.core.FlywayExecutor - Database: jdbc:postgresql://localhost:5432/Interview_questions (PostgreSQL 14.13)
22 Nov 2024 - 16:03:47.612 [main] INFO  o.f.core.internal.command.DbValidate - Successfully validated 3 migrations (execution time 00:00.080s)
22 Nov 2024 - 16:03:47.641 [main] INFO  o.f.core.internal.command.DbMigrate - Current version of schema "public": 2
22 Nov 2024 - 16:03:47.649 [main] INFO  o.f.core.internal.command.DbMigrate - Schema "public" is up to date. No migration necessary.
22 Nov 2024 - 16:30:14.232 [HikariPool-1 housekeeper] WARN  com.zaxxer.hikari.pool.HikariPool - HikariPool-1 - Thread starvation or clock leap detected (housekeeper delta=16m2s714ms998µs400ns).
22 Nov 2024 - 16:46:51.971 [HikariPool-1 housekeeper] WARN  com.zaxxer.hikari.pool.HikariPool - HikariPool-1 - Thread starvation or clock leap detected (housekeeper delta=2m7s512ms685µs101ns).
22 Nov 2024 - 18:05:40.789 [HikariPool-1 housekeeper] WARN  com.zaxxer.hikari.pool.HikariPool - HikariPool-1 - Thread starvation or clock leap detected (housekeeper delta=1h8m48s641ms433µs100ns).
22 Nov 2024 - 18:34:25.359 [HikariPool-1 housekeeper] WARN  com.zaxxer.hikari.pool.HikariPool - HikariPool-1 - Thread starvation or clock leap detected (housekeeper delta=22m14s485ms491µs200ns).
22 Nov 2024 - 18:44:52.256 [HikariPool-1 housekeeper] WARN  com.zaxxer.hikari.pool.HikariPool - HikariPool-1 - Thread starvation or clock leap detected (housekeeper delta=6m56s822ms709µs600ns).
22 Nov 2024 - 18:48:28.911 [HikariPool-1 housekeeper] WARN  com.zaxxer.hikari.pool.HikariPool - HikariPool-1 - Thread starvation or clock leap detected (housekeeper delta=1m6s595ms358µs100ns).
22 Nov 2024 - 18:54:47.325 [SpringApplicationShutdownHook] INFO  o.s.o.j.LocalContainerEntityManagerFactoryBean - Closing JPA EntityManagerFactory for persistence unit 'default'
22 Nov 2024 - 18:54:47.329 [SpringApplicationShutdownHook] INFO  com.zaxxer.hikari.HikariDataSource - HikariPool-1 - Shutdown initiated...
22 Nov 2024 - 18:54:47.337 [SpringApplicationShutdownHook] INFO  com.zaxxer.hikari.HikariDataSource - HikariPool-1 - Shutdown completed.
