29 Nov 2024 - 13:47:50.881 [main] INFO  c.e.InterviewQuestionsApplication - Starting InterviewQuestionsApplication using Java 17.0.12 with PID 14632 (D:\JavaProject\Interview_questions\target\classes started by Xojiakbar in D:\JavaProject\Interview_questions)
29 Nov 2024 - 13:47:50.896 [main] INFO  c.e.InterviewQuestionsApplication - The following 1 profile is active: "prod"
29 Nov 2024 - 13:47:51.708 [main] INFO  o.s.d.r.c.RepositoryConfigurationDelegate - Bootstrapping Spring Data JPA repositories in DEFAULT mode.
29 Nov 2024 - 13:47:51.774 [main] INFO  o.s.d.r.c.RepositoryConfigurationDelegate - Finished Spring Data repository scanning in 58 ms. Found 5 JPA repository interfaces.
29 Nov 2024 - 13:47:52.271 [main] INFO  o.s.b.w.e.tomcat.TomcatWebServer - Tomcat initialized with port 9090 (http)
29 Nov 2024 - 13:47:52.281 [main] INFO  o.a.catalina.core.StandardService - Starting service [Tomcat]
29 Nov 2024 - 13:47:52.281 [main] INFO  o.a.catalina.core.StandardEngine - Starting Servlet engine: [Apache Tomcat/10.1.26]
29 Nov 2024 - 13:47:52.336 [main] INFO  o.a.c.c.C.[Tomcat].[localhost].[/] - Initializing Spring embedded WebApplicationContext
29 Nov 2024 - 13:47:52.336 [main] INFO  o.s.b.w.s.c.ServletWebServerApplicationContext - Root WebApplicationContext: initialization completed in 1404 ms
29 Nov 2024 - 13:47:52.439 [main] INFO  o.h.jpa.internal.util.LogHelper - HHH000204: Processing PersistenceUnitInfo [name: default]
29 Nov 2024 - 13:47:52.532 [main] INFO  org.hibernate.Version - HHH000412: Hibernate ORM core version 6.5.2.Final
29 Nov 2024 - 13:47:52.574 [main] INFO  o.h.c.i.RegionFactoryInitiator - HHH000026: Second-level cache disabled
29 Nov 2024 - 13:47:52.848 [main] INFO  o.s.o.j.p.SpringPersistenceUnitInfo - No LoadTimeWeaver setup: ignoring JPA class transformer
29 Nov 2024 - 13:47:52.874 [main] INFO  com.zaxxer.hikari.HikariDataSource - HikariPool-1 - Starting...
29 Nov 2024 - 13:47:53.812 [main] INFO  com.zaxxer.hikari.pool.HikariPool - HikariPool-1 - Added connection org.postgresql.jdbc.PgConnection@64eeddd8
29 Nov 2024 - 13:47:53.814 [main] INFO  com.zaxxer.hikari.HikariDataSource - HikariPool-1 - Start completed.
29 Nov 2024 - 13:47:55.088 [main] INFO  o.h.e.t.j.p.i.JtaPlatformInitiator - HHH000489: No JTA platform available (set 'hibernate.transaction.jta.platform' to enable JTA platform integration)
29 Nov 2024 - 13:47:57.505 [main] INFO  o.s.o.j.LocalContainerEntityManagerFactoryBean - Initialized JPA EntityManagerFactory for persistence unit 'default'
29 Nov 2024 - 13:47:57.704 [main] INFO  o.s.d.j.r.query.QueryEnhancerFactory - Hibernate is in classpath; If applicable, HQL parser will be used.
29 Nov 2024 - 13:47:58.339 [main] WARN  o.s.b.a.o.j.JpaBaseConfiguration$JpaWebConfiguration - spring.jpa.open-in-view is enabled by default. Therefore, database queries may be performed during view rendering. Explicitly configure spring.jpa.open-in-view to disable this warning
29 Nov 2024 - 13:47:58.378 [main] INFO  o.s.s.c.a.a.c.InitializeAuthenticationProviderBeanManagerConfigurer$InitializeAuthenticationProviderManagerConfigurer - Global AuthenticationManager configured with AuthenticationProvider bean with name authenticationProvider
29 Nov 2024 - 13:47:58.378 [main] WARN  o.s.s.c.a.a.c.InitializeUserDetailsBeanManagerConfigurer$InitializeUserDetailsManagerConfigurer - Global AuthenticationManager configured with an AuthenticationProvider bean. UserDetailsService beans will not be used for username/password login. Consider removing the AuthenticationProvider bean. Alternatively, consider using the UserDetailsService in a manually instantiated DaoAuthenticationProvider.
29 Nov 2024 - 13:47:58.998 [main] INFO  o.s.b.w.e.tomcat.TomcatWebServer - Tomcat started on port 9090 (http) with context path '/'
29 Nov 2024 - 13:47:59.008 [main] INFO  c.e.InterviewQuestionsApplication - Started InterviewQuestionsApplication in 8.514 seconds (process running for 9.06)
29 Nov 2024 - 13:47:59.285 [main] INFO  org.flywaydb.core.FlywayExecutor - Database: jdbc:postgresql://5.182.26.40:5432/interview_DB (PostgreSQL 16.4)
29 Nov 2024 - 13:48:00.160 [main] INFO  o.s.b.a.l.ConditionEvaluationReportLogger - 

Error starting ApplicationContext. To display the condition evaluation report re-run your application with 'debug' enabled.
29 Nov 2024 - 13:48:00.187 [main] ERROR o.s.boot.SpringApplication - Application run failed
org.flywaydb.core.api.exception.FlywayValidateException: Validate failed: Migrations have failed validation
Migration checksum mismatch for migration version 2
-> Applied to database : 1827508515
-> Resolved locally    : -1637296387
Either revert the changes to the migration, or run repair to update the schema history.
Need more flexibility with validation rules? Learn more: https://rd.gt/3AbJUZE
	at org.flywaydb.core.Flyway.lambda$migrate$0(Flyway.java:160)
	at org.flywaydb.core.FlywayExecutor.execute(FlywayExecutor.java:205)
	at org.flywaydb.core.Flyway.migrate(Flyway.java:147)
	at com.example.service.FlywayStarterService.run(FlywayStarterService.java:20)
	at org.springframework.boot.SpringApplication.lambda$callRunner$5(SpringApplication.java:790)
	at org.springframework.util.function.ThrowingConsumer$1.acceptWithException(ThrowingConsumer.java:83)
	at org.springframework.util.function.ThrowingConsumer.accept(ThrowingConsumer.java:60)
	at org.springframework.util.function.ThrowingConsumer$1.accept(ThrowingConsumer.java:88)
	at org.springframework.boot.SpringApplication.callRunner(SpringApplication.java:798)
	at org.springframework.boot.SpringApplication.callRunner(SpringApplication.java:789)
	at org.springframework.boot.SpringApplication.lambda$callRunners$3(SpringApplication.java:774)
	at java.base/java.util.stream.ForEachOps$ForEachOp$OfRef.accept(ForEachOps.java:183)
	at java.base/java.util.stream.SortedOps$SizedRefSortingSink.end(SortedOps.java:357)
	at java.base/java.util.stream.AbstractPipeline.copyInto(AbstractPipeline.java:510)
	at java.base/java.util.stream.AbstractPipeline.wrapAndCopyInto(AbstractPipeline.java:499)
	at java.base/java.util.stream.ForEachOps$ForEachOp.evaluateSequential(ForEachOps.java:150)
	at java.base/java.util.stream.ForEachOps$ForEachOp$OfRef.evaluateSequential(ForEachOps.java:173)
	at java.base/java.util.stream.AbstractPipeline.evaluate(AbstractPipeline.java:234)
	at java.base/java.util.stream.ReferencePipeline.forEach(ReferencePipeline.java:596)
	at org.springframework.boot.SpringApplication.callRunners(SpringApplication.java:774)
	at org.springframework.boot.SpringApplication.run(SpringApplication.java:342)
	at org.springframework.boot.SpringApplication.run(SpringApplication.java:1363)
	at org.springframework.boot.SpringApplication.run(SpringApplication.java:1352)
	at com.example.InterviewQuestionsApplication.main(InterviewQuestionsApplication.java:9)
29 Nov 2024 - 13:48:00.348 [main] INFO  o.s.o.j.LocalContainerEntityManagerFactoryBean - Closing JPA EntityManagerFactory for persistence unit 'default'
29 Nov 2024 - 13:48:00.351 [main] INFO  com.zaxxer.hikari.HikariDataSource - HikariPool-1 - Shutdown initiated...
29 Nov 2024 - 13:48:00.861 [main] INFO  com.zaxxer.hikari.HikariDataSource - HikariPool-1 - Shutdown completed.
29 Nov 2024 - 13:48:18.900 [main] INFO  c.e.InterviewQuestionsApplication - Starting InterviewQuestionsApplication using Java 17.0.12 with PID 17972 (D:\JavaProject\Interview_questions\target\classes started by Xojiakbar in D:\JavaProject\Interview_questions)
29 Nov 2024 - 13:48:18.910 [main] INFO  c.e.InterviewQuestionsApplication - The following 1 profile is active: "prod"
29 Nov 2024 - 13:48:19.617 [main] INFO  o.s.d.r.c.RepositoryConfigurationDelegate - Bootstrapping Spring Data JPA repositories in DEFAULT mode.
29 Nov 2024 - 13:48:19.677 [main] INFO  o.s.d.r.c.RepositoryConfigurationDelegate - Finished Spring Data repository scanning in 54 ms. Found 5 JPA repository interfaces.
29 Nov 2024 - 13:48:20.171 [main] INFO  o.s.b.w.e.tomcat.TomcatWebServer - Tomcat initialized with port 9090 (http)
29 Nov 2024 - 13:48:20.179 [main] INFO  o.a.catalina.core.StandardService - Starting service [Tomcat]
29 Nov 2024 - 13:48:20.179 [main] INFO  o.a.catalina.core.StandardEngine - Starting Servlet engine: [Apache Tomcat/10.1.26]
29 Nov 2024 - 13:48:20.230 [main] INFO  o.a.c.c.C.[Tomcat].[localhost].[/] - Initializing Spring embedded WebApplicationContext
29 Nov 2024 - 13:48:20.231 [main] INFO  o.s.b.w.s.c.ServletWebServerApplicationContext - Root WebApplicationContext: initialization completed in 1288 ms
29 Nov 2024 - 13:48:20.330 [main] INFO  o.h.jpa.internal.util.LogHelper - HHH000204: Processing PersistenceUnitInfo [name: default]
29 Nov 2024 - 13:48:20.397 [main] INFO  org.hibernate.Version - HHH000412: Hibernate ORM core version 6.5.2.Final
29 Nov 2024 - 13:48:20.439 [main] INFO  o.h.c.i.RegionFactoryInitiator - HHH000026: Second-level cache disabled
29 Nov 2024 - 13:48:20.692 [main] INFO  o.s.o.j.p.SpringPersistenceUnitInfo - No LoadTimeWeaver setup: ignoring JPA class transformer
29 Nov 2024 - 13:48:20.714 [main] INFO  com.zaxxer.hikari.HikariDataSource - HikariPool-1 - Starting...
29 Nov 2024 - 13:48:21.648 [main] INFO  com.zaxxer.hikari.pool.HikariPool - HikariPool-1 - Added connection org.postgresql.jdbc.PgConnection@45311a99
29 Nov 2024 - 13:48:21.650 [main] INFO  com.zaxxer.hikari.HikariDataSource - HikariPool-1 - Start completed.
29 Nov 2024 - 13:48:22.744 [main] INFO  o.h.e.t.j.p.i.JtaPlatformInitiator - HHH000489: No JTA platform available (set 'hibernate.transaction.jta.platform' to enable JTA platform integration)
29 Nov 2024 - 13:48:23.738 [main] INFO  o.s.o.j.LocalContainerEntityManagerFactoryBean - Initialized JPA EntityManagerFactory for persistence unit 'default'
29 Nov 2024 - 13:48:23.931 [main] INFO  o.s.d.j.r.query.QueryEnhancerFactory - Hibernate is in classpath; If applicable, HQL parser will be used.
29 Nov 2024 - 13:48:24.522 [main] WARN  o.s.b.a.o.j.JpaBaseConfiguration$JpaWebConfiguration - spring.jpa.open-in-view is enabled by default. Therefore, database queries may be performed during view rendering. Explicitly configure spring.jpa.open-in-view to disable this warning
29 Nov 2024 - 13:48:24.547 [main] INFO  o.s.s.c.a.a.c.InitializeAuthenticationProviderBeanManagerConfigurer$InitializeAuthenticationProviderManagerConfigurer - Global AuthenticationManager configured with AuthenticationProvider bean with name authenticationProvider
29 Nov 2024 - 13:48:24.548 [main] WARN  o.s.s.c.a.a.c.InitializeUserDetailsBeanManagerConfigurer$InitializeUserDetailsManagerConfigurer - Global AuthenticationManager configured with an AuthenticationProvider bean. UserDetailsService beans will not be used for username/password login. Consider removing the AuthenticationProvider bean. Alternatively, consider using the UserDetailsService in a manually instantiated DaoAuthenticationProvider.
29 Nov 2024 - 13:48:25.193 [main] INFO  o.s.b.w.e.tomcat.TomcatWebServer - Tomcat started on port 9090 (http) with context path '/'
29 Nov 2024 - 13:48:25.205 [main] INFO  c.e.InterviewQuestionsApplication - Started InterviewQuestionsApplication in 6.626 seconds (process running for 7.069)
29 Nov 2024 - 13:48:25.476 [main] INFO  org.flywaydb.core.FlywayExecutor - Database: jdbc:postgresql://5.182.26.40:5432/interview_DB (PostgreSQL 16.4)
29 Nov 2024 - 13:48:26.293 [main] INFO  o.s.b.a.l.ConditionEvaluationReportLogger - 

Error starting ApplicationContext. To display the condition evaluation report re-run your application with 'debug' enabled.
29 Nov 2024 - 13:48:26.307 [main] ERROR o.s.boot.SpringApplication - Application run failed
org.flywaydb.core.api.exception.FlywayValidateException: Validate failed: Migrations have failed validation
Migration checksum mismatch for migration version 2
-> Applied to database : 1827508515
-> Resolved locally    : -1637296387
Either revert the changes to the migration, or run repair to update the schema history.
Need more flexibility with validation rules? Learn more: https://rd.gt/3AbJUZE
	at org.flywaydb.core.Flyway.lambda$migrate$0(Flyway.java:160)
	at org.flywaydb.core.FlywayExecutor.execute(FlywayExecutor.java:205)
	at org.flywaydb.core.Flyway.migrate(Flyway.java:147)
	at com.example.service.FlywayStarterService.run(FlywayStarterService.java:20)
	at org.springframework.boot.SpringApplication.lambda$callRunner$5(SpringApplication.java:790)
	at org.springframework.util.function.ThrowingConsumer$1.acceptWithException(ThrowingConsumer.java:83)
	at org.springframework.util.function.ThrowingConsumer.accept(ThrowingConsumer.java:60)
	at org.springframework.util.function.ThrowingConsumer$1.accept(ThrowingConsumer.java:88)
	at org.springframework.boot.SpringApplication.callRunner(SpringApplication.java:798)
	at org.springframework.boot.SpringApplication.callRunner(SpringApplication.java:789)
	at org.springframework.boot.SpringApplication.lambda$callRunners$3(SpringApplication.java:774)
	at java.base/java.util.stream.ForEachOps$ForEachOp$OfRef.accept(ForEachOps.java:183)
	at java.base/java.util.stream.SortedOps$SizedRefSortingSink.end(SortedOps.java:357)
	at java.base/java.util.stream.AbstractPipeline.copyInto(AbstractPipeline.java:510)
	at java.base/java.util.stream.AbstractPipeline.wrapAndCopyInto(AbstractPipeline.java:499)
	at java.base/java.util.stream.ForEachOps$ForEachOp.evaluateSequential(ForEachOps.java:150)
	at java.base/java.util.stream.ForEachOps$ForEachOp$OfRef.evaluateSequential(ForEachOps.java:173)
	at java.base/java.util.stream.AbstractPipeline.evaluate(AbstractPipeline.java:234)
	at java.base/java.util.stream.ReferencePipeline.forEach(ReferencePipeline.java:596)
	at org.springframework.boot.SpringApplication.callRunners(SpringApplication.java:774)
	at org.springframework.boot.SpringApplication.run(SpringApplication.java:342)
	at org.springframework.boot.SpringApplication.run(SpringApplication.java:1363)
	at org.springframework.boot.SpringApplication.run(SpringApplication.java:1352)
	at com.example.InterviewQuestionsApplication.main(InterviewQuestionsApplication.java:9)
29 Nov 2024 - 13:48:26.450 [main] INFO  o.s.o.j.LocalContainerEntityManagerFactoryBean - Closing JPA EntityManagerFactory for persistence unit 'default'
29 Nov 2024 - 13:48:26.452 [main] INFO  com.zaxxer.hikari.HikariDataSource - HikariPool-1 - Shutdown initiated...
29 Nov 2024 - 13:48:26.941 [main] INFO  com.zaxxer.hikari.HikariDataSource - HikariPool-1 - Shutdown completed.
29 Nov 2024 - 13:48:38.587 [main] INFO  c.e.InterviewQuestionsApplication - Starting InterviewQuestionsApplication using Java 17.0.12 with PID 13544 (D:\JavaProject\Interview_questions\target\classes started by Xojiakbar in D:\JavaProject\Interview_questions)
29 Nov 2024 - 13:48:38.597 [main] INFO  c.e.InterviewQuestionsApplication - The following 1 profile is active: "prod"
29 Nov 2024 - 13:48:39.331 [main] INFO  o.s.d.r.c.RepositoryConfigurationDelegate - Bootstrapping Spring Data JPA repositories in DEFAULT mode.
29 Nov 2024 - 13:48:39.397 [main] INFO  o.s.d.r.c.RepositoryConfigurationDelegate - Finished Spring Data repository scanning in 59 ms. Found 5 JPA repository interfaces.
29 Nov 2024 - 13:48:39.937 [main] INFO  o.s.b.w.e.tomcat.TomcatWebServer - Tomcat initialized with port 9090 (http)
29 Nov 2024 - 13:48:39.949 [main] INFO  o.a.catalina.core.StandardService - Starting service [Tomcat]
29 Nov 2024 - 13:48:39.949 [main] INFO  o.a.catalina.core.StandardEngine - Starting Servlet engine: [Apache Tomcat/10.1.26]
29 Nov 2024 - 13:48:40.026 [main] INFO  o.a.c.c.C.[Tomcat].[localhost].[/] - Initializing Spring embedded WebApplicationContext
29 Nov 2024 - 13:48:40.026 [main] INFO  o.s.b.w.s.c.ServletWebServerApplicationContext - Root WebApplicationContext: initialization completed in 1398 ms
29 Nov 2024 - 13:48:40.127 [main] INFO  o.h.jpa.internal.util.LogHelper - HHH000204: Processing PersistenceUnitInfo [name: default]
29 Nov 2024 - 13:48:40.165 [main] INFO  org.hibernate.Version - HHH000412: Hibernate ORM core version 6.5.2.Final
29 Nov 2024 - 13:48:40.203 [main] INFO  o.h.c.i.RegionFactoryInitiator - HHH000026: Second-level cache disabled
29 Nov 2024 - 13:48:40.441 [main] INFO  o.s.o.j.p.SpringPersistenceUnitInfo - No LoadTimeWeaver setup: ignoring JPA class transformer
29 Nov 2024 - 13:48:40.463 [main] INFO  com.zaxxer.hikari.HikariDataSource - HikariPool-1 - Starting...
29 Nov 2024 - 13:48:41.217 [main] INFO  com.zaxxer.hikari.pool.HikariPool - HikariPool-1 - Added connection org.postgresql.jdbc.PgConnection@3d59933
29 Nov 2024 - 13:48:41.218 [main] INFO  com.zaxxer.hikari.HikariDataSource - HikariPool-1 - Start completed.
29 Nov 2024 - 13:48:42.525 [main] INFO  o.h.e.t.j.p.i.JtaPlatformInitiator - HHH000489: No JTA platform available (set 'hibernate.transaction.jta.platform' to enable JTA platform integration)
29 Nov 2024 - 13:48:43.749 [main] INFO  o.s.o.j.LocalContainerEntityManagerFactoryBean - Initialized JPA EntityManagerFactory for persistence unit 'default'
29 Nov 2024 - 13:48:43.948 [main] INFO  o.s.d.j.r.query.QueryEnhancerFactory - Hibernate is in classpath; If applicable, HQL parser will be used.
29 Nov 2024 - 13:48:44.591 [main] WARN  o.s.b.a.o.j.JpaBaseConfiguration$JpaWebConfiguration - spring.jpa.open-in-view is enabled by default. Therefore, database queries may be performed during view rendering. Explicitly configure spring.jpa.open-in-view to disable this warning
29 Nov 2024 - 13:48:44.630 [main] INFO  o.s.s.c.a.a.c.InitializeAuthenticationProviderBeanManagerConfigurer$InitializeAuthenticationProviderManagerConfigurer - Global AuthenticationManager configured with AuthenticationProvider bean with name authenticationProvider
29 Nov 2024 - 13:48:44.632 [main] WARN  o.s.s.c.a.a.c.InitializeUserDetailsBeanManagerConfigurer$InitializeUserDetailsManagerConfigurer - Global AuthenticationManager configured with an AuthenticationProvider bean. UserDetailsService beans will not be used for username/password login. Consider removing the AuthenticationProvider bean. Alternatively, consider using the UserDetailsService in a manually instantiated DaoAuthenticationProvider.
29 Nov 2024 - 13:48:45.277 [main] INFO  o.s.b.w.e.tomcat.TomcatWebServer - Tomcat started on port 9090 (http) with context path '/'
29 Nov 2024 - 13:48:45.287 [main] INFO  c.e.InterviewQuestionsApplication - Started InterviewQuestionsApplication in 7.012 seconds (process running for 7.457)
29 Nov 2024 - 13:48:45.572 [main] INFO  org.flywaydb.core.FlywayExecutor - Database: jdbc:postgresql://5.182.26.40:5432/interview_DB (PostgreSQL 16.4)
29 Nov 2024 - 13:48:46.075 [main] INFO  o.f.c.i.s.JdbcTableSchemaHistory - Schema history table "public"."flyway_schema_history" does not exist yet
29 Nov 2024 - 13:48:46.118 [main] INFO  o.f.core.internal.command.DbValidate - Successfully validated 2 migrations (execution time 00:00.149s)
29 Nov 2024 - 13:48:46.682 [main] INFO  o.f.c.i.s.JdbcTableSchemaHistory - Creating Schema History table "public"."flyway_schema_history" with baseline ...
29 Nov 2024 - 13:48:47.233 [main] INFO  o.f.core.internal.command.DbBaseline - Successfully baselined schema with version: 1
29 Nov 2024 - 13:48:47.784 [main] INFO  o.f.core.internal.command.DbMigrate - Current version of schema "public": 1
29 Nov 2024 - 13:48:47.988 [main] INFO  o.f.core.internal.command.DbMigrate - Migrating schema "public" to version "2 - create profile.init"
29 Nov 2024 - 13:48:48.200 [main] ERROR o.f.core.internal.command.DbMigrate - Migration of schema "public" to version "2 - create profile.init" failed! Changes successfully rolled back.
29 Nov 2024 - 13:48:48.536 [main] INFO  o.s.b.a.l.ConditionEvaluationReportLogger - 

Error starting ApplicationContext. To display the condition evaluation report re-run your application with 'debug' enabled.
29 Nov 2024 - 13:48:48.555 [main] ERROR o.s.boot.SpringApplication - Application run failed
org.flywaydb.core.internal.command.DbMigrate$FlywayMigrateException: Migration V2__create_profile.init.sql failed
--------------------------------------------
SQL State  : 23514
Error Code : 0
Message    : ERROR: new row for relation "profile" violates check constraint "profile_role_check"
  Detail: Failing row contains (e58ed763-928c-4155-bee9-fdbaaadc15f3, 2024-11-29 13:48:48.377473, codeuz91@gmail.com, Xojiakbar, 81dc9bdb52d04dc2036dbd8313ed055, 998992431068, null, ROLE_SUPER_ADMIN, ACTIVE, Andaqulov, t).
Location   : db/migration/V2__create_profile.init.sql (D:\JavaProject\Interview_questions\target\classes\db\migration\V2__create_profile.init.sql)
Line       : 1
Statement  : INSERT INTO profile (id, name, surname, phone,email, password, role, status, visible, created_date)
VALUES ('e58ed763-928c-4155-bee9-fdbaaadc15f3', 'Xojiakbar', 'Andaqulov', '998992431068','codeuz91@gmail.com', '81dc9bdb52d04dc2036dbd8313ed055',
        'ROLE_SUPER_ADMIN', 'ACTIVE', true, now()) ON CONFLICT (id) DO NOTHING

	at org.flywaydb.core.internal.command.DbMigrate.doMigrateGroup(DbMigrate.java:382)
	at org.flywaydb.core.internal.command.DbMigrate.lambda$applyMigrations$1(DbMigrate.java:272)
	at org.flywaydb.core.internal.jdbc.TransactionalExecutionTemplate.execute(TransactionalExecutionTemplate.java:55)
	at org.flywaydb.core.internal.command.DbMigrate.applyMigrations(DbMigrate.java:271)
	at org.flywaydb.core.internal.command.DbMigrate.migrateGroup(DbMigrate.java:244)
	at org.flywaydb.core.internal.command.DbMigrate.lambda$migrateAll$0(DbMigrate.java:139)
	at org.flywaydb.database.postgresql.PostgreSQLAdvisoryLockTemplate.execute(PostgreSQLAdvisoryLockTemplate.java:73)
	at org.flywaydb.database.postgresql.PostgreSQLAdvisoryLockTemplate.lambda$execute$0(PostgreSQLAdvisoryLockTemplate.java:56)
	at org.flywaydb.core.internal.jdbc.TransactionalExecutionTemplate.execute(TransactionalExecutionTemplate.java:55)
	at org.flywaydb.database.postgresql.PostgreSQLAdvisoryLockTemplate.execute(PostgreSQLAdvisoryLockTemplate.java:56)
	at org.flywaydb.database.postgresql.PostgreSQLConnection.lock(PostgreSQLConnection.java:96)
	at org.flywaydb.core.internal.schemahistory.JdbcTableSchemaHistory.lock(JdbcTableSchemaHistory.java:145)
	at org.flywaydb.core.internal.command.DbMigrate.migrateAll(DbMigrate.java:139)
	at org.flywaydb.core.internal.command.DbMigrate.migrate(DbMigrate.java:97)
	at org.flywaydb.core.Flyway.lambda$migrate$0(Flyway.java:202)
	at org.flywaydb.core.FlywayExecutor.execute(FlywayExecutor.java:205)
	at org.flywaydb.core.Flyway.migrate(Flyway.java:147)
	at com.example.service.FlywayStarterService.run(FlywayStarterService.java:20)
	at org.springframework.boot.SpringApplication.lambda$callRunner$5(SpringApplication.java:790)
	at org.springframework.util.function.ThrowingConsumer$1.acceptWithException(ThrowingConsumer.java:83)
	at org.springframework.util.function.ThrowingConsumer.accept(ThrowingConsumer.java:60)
	at org.springframework.util.function.ThrowingConsumer$1.accept(ThrowingConsumer.java:88)
	at org.springframework.boot.SpringApplication.callRunner(SpringApplication.java:798)
	at org.springframework.boot.SpringApplication.callRunner(SpringApplication.java:789)
	at org.springframework.boot.SpringApplication.lambda$callRunners$3(SpringApplication.java:774)
	at java.base/java.util.stream.ForEachOps$ForEachOp$OfRef.accept(ForEachOps.java:183)
	at java.base/java.util.stream.SortedOps$SizedRefSortingSink.end(SortedOps.java:357)
	at java.base/java.util.stream.AbstractPipeline.copyInto(AbstractPipeline.java:510)
	at java.base/java.util.stream.AbstractPipeline.wrapAndCopyInto(AbstractPipeline.java:499)
	at java.base/java.util.stream.ForEachOps$ForEachOp.evaluateSequential(ForEachOps.java:150)
	at java.base/java.util.stream.ForEachOps$ForEachOp$OfRef.evaluateSequential(ForEachOps.java:173)
	at java.base/java.util.stream.AbstractPipeline.evaluate(AbstractPipeline.java:234)
	at java.base/java.util.stream.ReferencePipeline.forEach(ReferencePipeline.java:596)
	at org.springframework.boot.SpringApplication.callRunners(SpringApplication.java:774)
	at org.springframework.boot.SpringApplication.run(SpringApplication.java:342)
	at org.springframework.boot.SpringApplication.run(SpringApplication.java:1363)
	at org.springframework.boot.SpringApplication.run(SpringApplication.java:1352)
	at com.example.InterviewQuestionsApplication.main(InterviewQuestionsApplication.java:9)
Caused by: org.flywaydb.core.internal.sqlscript.FlywaySqlScriptException: Migration V2__create_profile.init.sql failed
--------------------------------------------
SQL State  : 23514
Error Code : 0
Message    : ERROR: new row for relation "profile" violates check constraint "profile_role_check"
  Detail: Failing row contains (e58ed763-928c-4155-bee9-fdbaaadc15f3, 2024-11-29 13:48:48.377473, codeuz91@gmail.com, Xojiakbar, 81dc9bdb52d04dc2036dbd8313ed055, 998992431068, null, ROLE_SUPER_ADMIN, ACTIVE, Andaqulov, t).
Location   : db/migration/V2__create_profile.init.sql (D:\JavaProject\Interview_questions\target\classes\db\migration\V2__create_profile.init.sql)
Line       : 1
Statement  : INSERT INTO profile (id, name, surname, phone,email, password, role, status, visible, created_date)
VALUES ('e58ed763-928c-4155-bee9-fdbaaadc15f3', 'Xojiakbar', 'Andaqulov', '998992431068','codeuz91@gmail.com', '81dc9bdb52d04dc2036dbd8313ed055',
        'ROLE_SUPER_ADMIN', 'ACTIVE', true, now()) ON CONFLICT (id) DO NOTHING

	at org.flywaydb.core.internal.sqlscript.DefaultSqlScriptExecutor.handleException(DefaultSqlScriptExecutor.java:252)
	at org.flywaydb.core.internal.sqlscript.DefaultSqlScriptExecutor.executeStatement(DefaultSqlScriptExecutor.java:214)
	at org.flywaydb.core.internal.sqlscript.DefaultSqlScriptExecutor.execute(DefaultSqlScriptExecutor.java:133)
	at org.flywaydb.core.internal.resolver.sql.SqlMigrationExecutor.executeOnce(SqlMigrationExecutor.java:65)
	at org.flywaydb.core.internal.resolver.sql.SqlMigrationExecutor.lambda$execute$0(SqlMigrationExecutor.java:57)
	at org.flywaydb.core.internal.database.DefaultExecutionStrategy.execute(DefaultExecutionStrategy.java:27)
	at org.flywaydb.core.internal.resolver.sql.SqlMigrationExecutor.execute(SqlMigrationExecutor.java:56)
	at org.flywaydb.core.internal.command.DbMigrate.doMigrateGroup(DbMigrate.java:374)
	... 37 common frames omitted
Caused by: org.postgresql.util.PSQLException: ERROR: new row for relation "profile" violates check constraint "profile_role_check"
  Detail: Failing row contains (e58ed763-928c-4155-bee9-fdbaaadc15f3, 2024-11-29 13:48:48.377473, codeuz91@gmail.com, Xojiakbar, 81dc9bdb52d04dc2036dbd8313ed055, 998992431068, null, ROLE_SUPER_ADMIN, ACTIVE, Andaqulov, t).
	at org.postgresql.core.v3.QueryExecutorImpl.receiveErrorResponse(QueryExecutorImpl.java:2725)
	at org.postgresql.core.v3.QueryExecutorImpl.processResults(QueryExecutorImpl.java:2412)
	at org.postgresql.core.v3.QueryExecutorImpl.execute(QueryExecutorImpl.java:371)
	at org.postgresql.jdbc.PgStatement.executeInternal(PgStatement.java:502)
	at org.postgresql.jdbc.PgStatement.execute(PgStatement.java:419)
	at org.postgresql.jdbc.PgStatement.executeWithFlags(PgStatement.java:341)
	at org.postgresql.jdbc.PgStatement.executeCachedSql(PgStatement.java:326)
	at org.postgresql.jdbc.PgStatement.executeWithFlags(PgStatement.java:302)
	at org.postgresql.jdbc.PgStatement.execute(PgStatement.java:297)
	at com.zaxxer.hikari.pool.ProxyStatement.execute(ProxyStatement.java:94)
	at com.zaxxer.hikari.pool.HikariProxyStatement.execute(HikariProxyStatement.java)
	at org.flywaydb.core.internal.jdbc.JdbcTemplate.executeStatement(JdbcTemplate.java:210)
	at org.flywaydb.core.internal.sqlscript.ParsedSqlStatement.execute(ParsedSqlStatement.java:89)
	at org.flywaydb.core.internal.sqlscript.DefaultSqlScriptExecutor.executeStatement(DefaultSqlScriptExecutor.java:206)
	... 43 common frames omitted
29 Nov 2024 - 13:48:48.687 [main] INFO  o.s.o.j.LocalContainerEntityManagerFactoryBean - Closing JPA EntityManagerFactory for persistence unit 'default'
29 Nov 2024 - 13:48:48.689 [main] INFO  com.zaxxer.hikari.HikariDataSource - HikariPool-1 - Shutdown initiated...
29 Nov 2024 - 13:48:49.138 [main] INFO  com.zaxxer.hikari.HikariDataSource - HikariPool-1 - Shutdown completed.
29 Nov 2024 - 13:49:58.227 [main] INFO  c.e.InterviewQuestionsApplication - Starting InterviewQuestionsApplication using Java 17.0.12 with PID 13556 (D:\JavaProject\Interview_questions\target\classes started by Xojiakbar in D:\JavaProject\Interview_questions)
29 Nov 2024 - 13:49:58.236 [main] INFO  c.e.InterviewQuestionsApplication - The following 1 profile is active: "prod"
29 Nov 2024 - 13:49:59.011 [main] INFO  o.s.d.r.c.RepositoryConfigurationDelegate - Bootstrapping Spring Data JPA repositories in DEFAULT mode.
29 Nov 2024 - 13:49:59.080 [main] INFO  o.s.d.r.c.RepositoryConfigurationDelegate - Finished Spring Data repository scanning in 63 ms. Found 5 JPA repository interfaces.
29 Nov 2024 - 13:49:59.587 [main] INFO  o.s.b.w.e.tomcat.TomcatWebServer - Tomcat initialized with port 9090 (http)
29 Nov 2024 - 13:49:59.595 [main] INFO  o.a.catalina.core.StandardService - Starting service [Tomcat]
29 Nov 2024 - 13:49:59.596 [main] INFO  o.a.catalina.core.StandardEngine - Starting Servlet engine: [Apache Tomcat/10.1.26]
29 Nov 2024 - 13:49:59.647 [main] INFO  o.a.c.c.C.[Tomcat].[localhost].[/] - Initializing Spring embedded WebApplicationContext
29 Nov 2024 - 13:49:59.647 [main] INFO  o.s.b.w.s.c.ServletWebServerApplicationContext - Root WebApplicationContext: initialization completed in 1378 ms
29 Nov 2024 - 13:49:59.754 [main] INFO  o.h.jpa.internal.util.LogHelper - HHH000204: Processing PersistenceUnitInfo [name: default]
29 Nov 2024 - 13:49:59.795 [main] INFO  org.hibernate.Version - HHH000412: Hibernate ORM core version 6.5.2.Final
29 Nov 2024 - 13:49:59.833 [main] INFO  o.h.c.i.RegionFactoryInitiator - HHH000026: Second-level cache disabled
29 Nov 2024 - 13:50:00.060 [main] INFO  o.s.o.j.p.SpringPersistenceUnitInfo - No LoadTimeWeaver setup: ignoring JPA class transformer
29 Nov 2024 - 13:50:00.079 [main] INFO  com.zaxxer.hikari.HikariDataSource - HikariPool-1 - Starting...
29 Nov 2024 - 13:50:01.667 [main] INFO  com.zaxxer.hikari.pool.HikariPool - HikariPool-1 - Added connection org.postgresql.jdbc.PgConnection@42edde25
29 Nov 2024 - 13:50:01.669 [main] INFO  com.zaxxer.hikari.HikariDataSource - HikariPool-1 - Start completed.
29 Nov 2024 - 13:50:03.165 [main] INFO  o.h.e.t.j.p.i.JtaPlatformInitiator - HHH000489: No JTA platform available (set 'hibernate.transaction.jta.platform' to enable JTA platform integration)
29 Nov 2024 - 13:50:03.747 [main] INFO  o.s.o.j.LocalContainerEntityManagerFactoryBean - Initialized JPA EntityManagerFactory for persistence unit 'default'
29 Nov 2024 - 13:50:03.916 [main] INFO  o.s.d.j.r.query.QueryEnhancerFactory - Hibernate is in classpath; If applicable, HQL parser will be used.
29 Nov 2024 - 13:50:04.532 [main] WARN  o.s.b.a.o.j.JpaBaseConfiguration$JpaWebConfiguration - spring.jpa.open-in-view is enabled by default. Therefore, database queries may be performed during view rendering. Explicitly configure spring.jpa.open-in-view to disable this warning
29 Nov 2024 - 13:50:04.576 [main] INFO  o.s.s.c.a.a.c.InitializeAuthenticationProviderBeanManagerConfigurer$InitializeAuthenticationProviderManagerConfigurer - Global AuthenticationManager configured with AuthenticationProvider bean with name authenticationProvider
29 Nov 2024 - 13:50:04.577 [main] WARN  o.s.s.c.a.a.c.InitializeUserDetailsBeanManagerConfigurer$InitializeUserDetailsManagerConfigurer - Global AuthenticationManager configured with an AuthenticationProvider bean. UserDetailsService beans will not be used for username/password login. Consider removing the AuthenticationProvider bean. Alternatively, consider using the UserDetailsService in a manually instantiated DaoAuthenticationProvider.
29 Nov 2024 - 13:50:05.267 [main] INFO  o.s.b.w.e.tomcat.TomcatWebServer - Tomcat started on port 9090 (http) with context path '/'
29 Nov 2024 - 13:50:05.278 [main] INFO  c.e.InterviewQuestionsApplication - Started InterviewQuestionsApplication in 7.385 seconds (process running for 7.857)
29 Nov 2024 - 13:50:05.652 [main] INFO  org.flywaydb.core.FlywayExecutor - Database: jdbc:postgresql://5.182.26.40:5432/interview_DB (PostgreSQL 16.4)
29 Nov 2024 - 13:50:06.230 [main] INFO  o.f.core.internal.command.DbValidate - Successfully validated 3 migrations (execution time 00:00.210s)
29 Nov 2024 - 13:50:07.245 [main] INFO  o.f.core.internal.command.DbMigrate - Current version of schema "public": 1
29 Nov 2024 - 13:50:07.418 [main] INFO  o.f.core.internal.command.DbMigrate - Migrating schema "public" to version "2 - create profile.init"
29 Nov 2024 - 13:50:07.596 [main] ERROR o.f.core.internal.command.DbMigrate - Migration of schema "public" to version "2 - create profile.init" failed! Changes successfully rolled back.
29 Nov 2024 - 13:50:07.907 [main] INFO  o.s.b.a.l.ConditionEvaluationReportLogger - 

Error starting ApplicationContext. To display the condition evaluation report re-run your application with 'debug' enabled.
29 Nov 2024 - 13:50:07.927 [main] ERROR o.s.boot.SpringApplication - Application run failed
org.flywaydb.core.internal.command.DbMigrate$FlywayMigrateException: Migration V2__create_profile.init.sql failed
--------------------------------------------
SQL State  : 23514
Error Code : 0
Message    : ERROR: new row for relation "profile" violates check constraint "profile_role_check"
  Detail: Failing row contains (e58ed763-928c-4155-bee9-fdbaaadc15f3, 2024-11-29 13:50:07.846203, codeuz91@gmail.com, Xojiakbar, 81dc9bdb52d04dc2036dbd8313ed055, 998992431068, null, ROLE_SUPER_ADMIN, ACTIVE, Andaqulov, t).
Location   : db/migration/V2__create_profile.init.sql (D:\JavaProject\Interview_questions\target\classes\db\migration\V2__create_profile.init.sql)
Line       : 1
Statement  : INSERT INTO profile (id, name, surname, phone,email, password, role, status, visible, created_date)
VALUES ('e58ed763-928c-4155-bee9-fdbaaadc15f3', 'Xojiakbar', 'Andaqulov', '998992431068','codeuz91@gmail.com', '81dc9bdb52d04dc2036dbd8313ed055',
        'ROLE_SUPER_ADMIN', 'ACTIVE', true, now()) ON CONFLICT (id) DO NOTHING

	at org.flywaydb.core.internal.command.DbMigrate.doMigrateGroup(DbMigrate.java:382)
	at org.flywaydb.core.internal.command.DbMigrate.lambda$applyMigrations$1(DbMigrate.java:272)
	at org.flywaydb.core.internal.jdbc.TransactionalExecutionTemplate.execute(TransactionalExecutionTemplate.java:55)
	at org.flywaydb.core.internal.command.DbMigrate.applyMigrations(DbMigrate.java:271)
	at org.flywaydb.core.internal.command.DbMigrate.migrateGroup(DbMigrate.java:244)
	at org.flywaydb.core.internal.command.DbMigrate.lambda$migrateAll$0(DbMigrate.java:139)
	at org.flywaydb.database.postgresql.PostgreSQLAdvisoryLockTemplate.execute(PostgreSQLAdvisoryLockTemplate.java:73)
	at org.flywaydb.database.postgresql.PostgreSQLAdvisoryLockTemplate.lambda$execute$0(PostgreSQLAdvisoryLockTemplate.java:56)
	at org.flywaydb.core.internal.jdbc.TransactionalExecutionTemplate.execute(TransactionalExecutionTemplate.java:55)
	at org.flywaydb.database.postgresql.PostgreSQLAdvisoryLockTemplate.execute(PostgreSQLAdvisoryLockTemplate.java:56)
	at org.flywaydb.database.postgresql.PostgreSQLConnection.lock(PostgreSQLConnection.java:96)
	at org.flywaydb.core.internal.schemahistory.JdbcTableSchemaHistory.lock(JdbcTableSchemaHistory.java:145)
	at org.flywaydb.core.internal.command.DbMigrate.migrateAll(DbMigrate.java:139)
	at org.flywaydb.core.internal.command.DbMigrate.migrate(DbMigrate.java:97)
	at org.flywaydb.core.Flyway.lambda$migrate$0(Flyway.java:202)
	at org.flywaydb.core.FlywayExecutor.execute(FlywayExecutor.java:205)
	at org.flywaydb.core.Flyway.migrate(Flyway.java:147)
	at com.example.service.FlywayStarterService.run(FlywayStarterService.java:20)
	at org.springframework.boot.SpringApplication.lambda$callRunner$5(SpringApplication.java:790)
	at org.springframework.util.function.ThrowingConsumer$1.acceptWithException(ThrowingConsumer.java:83)
	at org.springframework.util.function.ThrowingConsumer.accept(ThrowingConsumer.java:60)
	at org.springframework.util.function.ThrowingConsumer$1.accept(ThrowingConsumer.java:88)
	at org.springframework.boot.SpringApplication.callRunner(SpringApplication.java:798)
	at org.springframework.boot.SpringApplication.callRunner(SpringApplication.java:789)
	at org.springframework.boot.SpringApplication.lambda$callRunners$3(SpringApplication.java:774)
	at java.base/java.util.stream.ForEachOps$ForEachOp$OfRef.accept(ForEachOps.java:183)
	at java.base/java.util.stream.SortedOps$SizedRefSortingSink.end(SortedOps.java:357)
	at java.base/java.util.stream.AbstractPipeline.copyInto(AbstractPipeline.java:510)
	at java.base/java.util.stream.AbstractPipeline.wrapAndCopyInto(AbstractPipeline.java:499)
	at java.base/java.util.stream.ForEachOps$ForEachOp.evaluateSequential(ForEachOps.java:150)
	at java.base/java.util.stream.ForEachOps$ForEachOp$OfRef.evaluateSequential(ForEachOps.java:173)
	at java.base/java.util.stream.AbstractPipeline.evaluate(AbstractPipeline.java:234)
	at java.base/java.util.stream.ReferencePipeline.forEach(ReferencePipeline.java:596)
	at org.springframework.boot.SpringApplication.callRunners(SpringApplication.java:774)
	at org.springframework.boot.SpringApplication.run(SpringApplication.java:342)
	at org.springframework.boot.SpringApplication.run(SpringApplication.java:1363)
	at org.springframework.boot.SpringApplication.run(SpringApplication.java:1352)
	at com.example.InterviewQuestionsApplication.main(InterviewQuestionsApplication.java:9)
Caused by: org.flywaydb.core.internal.sqlscript.FlywaySqlScriptException: Migration V2__create_profile.init.sql failed
--------------------------------------------
SQL State  : 23514
Error Code : 0
Message    : ERROR: new row for relation "profile" violates check constraint "profile_role_check"
  Detail: Failing row contains (e58ed763-928c-4155-bee9-fdbaaadc15f3, 2024-11-29 13:50:07.846203, codeuz91@gmail.com, Xojiakbar, 81dc9bdb52d04dc2036dbd8313ed055, 998992431068, null, ROLE_SUPER_ADMIN, ACTIVE, Andaqulov, t).
Location   : db/migration/V2__create_profile.init.sql (D:\JavaProject\Interview_questions\target\classes\db\migration\V2__create_profile.init.sql)
Line       : 1
Statement  : INSERT INTO profile (id, name, surname, phone,email, password, role, status, visible, created_date)
VALUES ('e58ed763-928c-4155-bee9-fdbaaadc15f3', 'Xojiakbar', 'Andaqulov', '998992431068','codeuz91@gmail.com', '81dc9bdb52d04dc2036dbd8313ed055',
        'ROLE_SUPER_ADMIN', 'ACTIVE', true, now()) ON CONFLICT (id) DO NOTHING

	at org.flywaydb.core.internal.sqlscript.DefaultSqlScriptExecutor.handleException(DefaultSqlScriptExecutor.java:252)
	at org.flywaydb.core.internal.sqlscript.DefaultSqlScriptExecutor.executeStatement(DefaultSqlScriptExecutor.java:214)
	at org.flywaydb.core.internal.sqlscript.DefaultSqlScriptExecutor.execute(DefaultSqlScriptExecutor.java:133)
	at org.flywaydb.core.internal.resolver.sql.SqlMigrationExecutor.executeOnce(SqlMigrationExecutor.java:65)
	at org.flywaydb.core.internal.resolver.sql.SqlMigrationExecutor.lambda$execute$0(SqlMigrationExecutor.java:57)
	at org.flywaydb.core.internal.database.DefaultExecutionStrategy.execute(DefaultExecutionStrategy.java:27)
	at org.flywaydb.core.internal.resolver.sql.SqlMigrationExecutor.execute(SqlMigrationExecutor.java:56)
	at org.flywaydb.core.internal.command.DbMigrate.doMigrateGroup(DbMigrate.java:374)
	... 37 common frames omitted
Caused by: org.postgresql.util.PSQLException: ERROR: new row for relation "profile" violates check constraint "profile_role_check"
  Detail: Failing row contains (e58ed763-928c-4155-bee9-fdbaaadc15f3, 2024-11-29 13:50:07.846203, codeuz91@gmail.com, Xojiakbar, 81dc9bdb52d04dc2036dbd8313ed055, 998992431068, null, ROLE_SUPER_ADMIN, ACTIVE, Andaqulov, t).
	at org.postgresql.core.v3.QueryExecutorImpl.receiveErrorResponse(QueryExecutorImpl.java:2725)
	at org.postgresql.core.v3.QueryExecutorImpl.processResults(QueryExecutorImpl.java:2412)
	at org.postgresql.core.v3.QueryExecutorImpl.execute(QueryExecutorImpl.java:371)
	at org.postgresql.jdbc.PgStatement.executeInternal(PgStatement.java:502)
	at org.postgresql.jdbc.PgStatement.execute(PgStatement.java:419)
	at org.postgresql.jdbc.PgStatement.executeWithFlags(PgStatement.java:341)
	at org.postgresql.jdbc.PgStatement.executeCachedSql(PgStatement.java:326)
	at org.postgresql.jdbc.PgStatement.executeWithFlags(PgStatement.java:302)
	at org.postgresql.jdbc.PgStatement.execute(PgStatement.java:297)
	at com.zaxxer.hikari.pool.ProxyStatement.execute(ProxyStatement.java:94)
	at com.zaxxer.hikari.pool.HikariProxyStatement.execute(HikariProxyStatement.java)
	at org.flywaydb.core.internal.jdbc.JdbcTemplate.executeStatement(JdbcTemplate.java:210)
	at org.flywaydb.core.internal.sqlscript.ParsedSqlStatement.execute(ParsedSqlStatement.java:89)
	at org.flywaydb.core.internal.sqlscript.DefaultSqlScriptExecutor.executeStatement(DefaultSqlScriptExecutor.java:206)
	... 43 common frames omitted
29 Nov 2024 - 13:50:08.049 [main] INFO  o.s.o.j.LocalContainerEntityManagerFactoryBean - Closing JPA EntityManagerFactory for persistence unit 'default'
29 Nov 2024 - 13:50:08.052 [main] INFO  com.zaxxer.hikari.HikariDataSource - HikariPool-1 - Shutdown initiated...
29 Nov 2024 - 13:50:08.434 [main] INFO  com.zaxxer.hikari.HikariDataSource - HikariPool-1 - Shutdown completed.
29 Nov 2024 - 14:55:18.069 [main] INFO  c.e.InterviewQuestionsApplication - Starting InterviewQuestionsApplication using Java 17.0.12 with PID 14960 (D:\JavaProject\Interview_questions\target\classes started by Xojiakbar in D:\JavaProject\Interview_questions)
29 Nov 2024 - 14:55:18.085 [main] INFO  c.e.InterviewQuestionsApplication - The following 1 profile is active: "prod"
29 Nov 2024 - 14:55:19.270 [main] INFO  o.s.d.r.c.RepositoryConfigurationDelegate - Bootstrapping Spring Data JPA repositories in DEFAULT mode.
29 Nov 2024 - 14:55:19.368 [main] INFO  o.s.d.r.c.RepositoryConfigurationDelegate - Finished Spring Data repository scanning in 89 ms. Found 5 JPA repository interfaces.
29 Nov 2024 - 14:55:20.076 [main] INFO  o.s.b.w.e.tomcat.TomcatWebServer - Tomcat initialized with port 9090 (http)
29 Nov 2024 - 14:55:20.090 [main] INFO  o.a.catalina.core.StandardService - Starting service [Tomcat]
29 Nov 2024 - 14:55:20.091 [main] INFO  o.a.catalina.core.StandardEngine - Starting Servlet engine: [Apache Tomcat/10.1.26]
29 Nov 2024 - 14:55:20.179 [main] INFO  o.a.c.c.C.[Tomcat].[localhost].[/] - Initializing Spring embedded WebApplicationContext
29 Nov 2024 - 14:55:20.180 [main] INFO  o.s.b.w.s.c.ServletWebServerApplicationContext - Root WebApplicationContext: initialization completed in 2046 ms
29 Nov 2024 - 14:55:20.345 [main] INFO  o.h.jpa.internal.util.LogHelper - HHH000204: Processing PersistenceUnitInfo [name: default]
29 Nov 2024 - 14:55:20.408 [main] INFO  org.hibernate.Version - HHH000412: Hibernate ORM core version 6.5.2.Final
29 Nov 2024 - 14:55:20.441 [main] INFO  o.h.c.i.RegionFactoryInitiator - HHH000026: Second-level cache disabled
29 Nov 2024 - 14:55:20.742 [main] INFO  o.s.o.j.p.SpringPersistenceUnitInfo - No LoadTimeWeaver setup: ignoring JPA class transformer
29 Nov 2024 - 14:55:20.786 [main] INFO  com.zaxxer.hikari.HikariDataSource - HikariPool-1 - Starting...
29 Nov 2024 - 14:55:21.541 [main] INFO  com.zaxxer.hikari.pool.HikariPool - HikariPool-1 - Added connection org.postgresql.jdbc.PgConnection@5876bed9
29 Nov 2024 - 14:55:21.543 [main] INFO  com.zaxxer.hikari.HikariDataSource - HikariPool-1 - Start completed.
29 Nov 2024 - 14:55:22.974 [main] INFO  o.h.e.t.j.p.i.JtaPlatformInitiator - HHH000489: No JTA platform available (set 'hibernate.transaction.jta.platform' to enable JTA platform integration)
29 Nov 2024 - 14:55:23.719 [main] INFO  o.s.o.j.LocalContainerEntityManagerFactoryBean - Initialized JPA EntityManagerFactory for persistence unit 'default'
29 Nov 2024 - 14:55:23.966 [main] INFO  o.s.d.j.r.query.QueryEnhancerFactory - Hibernate is in classpath; If applicable, HQL parser will be used.
29 Nov 2024 - 14:55:24.781 [main] WARN  o.s.b.a.o.j.JpaBaseConfiguration$JpaWebConfiguration - spring.jpa.open-in-view is enabled by default. Therefore, database queries may be performed during view rendering. Explicitly configure spring.jpa.open-in-view to disable this warning
29 Nov 2024 - 14:55:24.821 [main] INFO  o.s.s.c.a.a.c.InitializeAuthenticationProviderBeanManagerConfigurer$InitializeAuthenticationProviderManagerConfigurer - Global AuthenticationManager configured with AuthenticationProvider bean with name authenticationProvider
29 Nov 2024 - 14:55:24.822 [main] WARN  o.s.s.c.a.a.c.InitializeUserDetailsBeanManagerConfigurer$InitializeUserDetailsManagerConfigurer - Global AuthenticationManager configured with an AuthenticationProvider bean. UserDetailsService beans will not be used for username/password login. Consider removing the AuthenticationProvider bean. Alternatively, consider using the UserDetailsService in a manually instantiated DaoAuthenticationProvider.
29 Nov 2024 - 14:55:25.634 [main] INFO  o.s.b.w.e.tomcat.TomcatWebServer - Tomcat started on port 9090 (http) with context path '/'
29 Nov 2024 - 14:55:25.646 [main] INFO  c.e.InterviewQuestionsApplication - Started InterviewQuestionsApplication in 8.041 seconds (process running for 8.778)
29 Nov 2024 - 14:55:25.915 [main] INFO  org.flywaydb.core.FlywayExecutor - Database: jdbc:postgresql://5.182.26.40:5432/interview_DB (PostgreSQL 16.4)
29 Nov 2024 - 14:55:26.773 [main] INFO  o.f.core.internal.command.DbValidate - Successfully validated 3 migrations (execution time 00:00.182s)
29 Nov 2024 - 14:55:27.331 [main] INFO  o.f.core.internal.command.DbMigrate - Current version of schema "public": 1
29 Nov 2024 - 14:55:27.496 [main] INFO  o.f.core.internal.command.DbMigrate - Migrating schema "public" to version "2 - create profile.init"
29 Nov 2024 - 14:55:28.355 [main] INFO  o.f.core.internal.command.DbMigrate - Successfully applied 1 migration to schema "public", now at version v2 (execution time 00:00.262s)
29 Nov 2024 - 14:57:47.486 [main] WARN  o.s.b.t.j.DuplicateJsonObjectContextCustomizerFactory$DuplicateJsonObjectContextCustomizer - 

Found multiple occurrences of org.json.JSONObject on the class path:

	jar:file:/C:/Users/hojia/.m2/repository/com/vaadin/external/google/android-json/0.0.20131108.vaadin1/android-json-0.0.20131108.vaadin1.jar!/org/json/JSONObject.class
	jar:file:/C:/Users/hojia/.m2/repository/org/json/json/20231013/json-20231013.jar!/org/json/JSONObject.class

You may wish to exclude one of them to ensure predictable runtime behavior

29 Nov 2024 - 14:57:47.529 [main] INFO  c.e.InterviewQuestionsApplicationTests - Starting InterviewQuestionsApplicationTests using Java 17.0.12 with PID 8712 (started by Xojiakbar in D:\JavaProject\Interview_questions)
29 Nov 2024 - 14:57:47.530 [main] INFO  c.e.InterviewQuestionsApplicationTests - The following 1 profile is active: "prod"
29 Nov 2024 - 14:57:49.190 [main] INFO  o.s.d.r.c.RepositoryConfigurationDelegate - Bootstrapping Spring Data JPA repositories in DEFAULT mode.
29 Nov 2024 - 14:57:49.305 [main] INFO  o.s.d.r.c.RepositoryConfigurationDelegate - Finished Spring Data repository scanning in 105 ms. Found 5 JPA repository interfaces.
29 Nov 2024 - 14:57:50.423 [main] INFO  o.h.jpa.internal.util.LogHelper - HHH000204: Processing PersistenceUnitInfo [name: default]
29 Nov 2024 - 14:57:50.785 [main] INFO  org.hibernate.Version - HHH000412: Hibernate ORM core version 6.5.2.Final
29 Nov 2024 - 14:57:50.962 [main] INFO  o.h.c.i.RegionFactoryInitiator - HHH000026: Second-level cache disabled
29 Nov 2024 - 14:57:51.763 [main] INFO  o.s.o.j.p.SpringPersistenceUnitInfo - No LoadTimeWeaver setup: ignoring JPA class transformer
29 Nov 2024 - 14:57:51.797 [main] INFO  com.zaxxer.hikari.HikariDataSource - HikariPool-1 - Starting...
29 Nov 2024 - 14:57:53.187 [main] INFO  com.zaxxer.hikari.pool.HikariPool - HikariPool-1 - Added connection org.postgresql.jdbc.PgConnection@664f49f
29 Nov 2024 - 14:57:53.190 [main] INFO  com.zaxxer.hikari.HikariDataSource - HikariPool-1 - Start completed.
29 Nov 2024 - 14:57:55.059 [main] INFO  o.h.e.t.j.p.i.JtaPlatformInitiator - HHH000489: No JTA platform available (set 'hibernate.transaction.jta.platform' to enable JTA platform integration)
29 Nov 2024 - 14:57:56.040 [main] INFO  o.s.o.j.LocalContainerEntityManagerFactoryBean - Initialized JPA EntityManagerFactory for persistence unit 'default'
29 Nov 2024 - 14:57:57.358 [main] INFO  o.s.d.j.r.query.QueryEnhancerFactory - Hibernate is in classpath; If applicable, HQL parser will be used.
29 Nov 2024 - 14:57:59.230 [main] WARN  o.s.b.a.o.j.JpaBaseConfiguration$JpaWebConfiguration - spring.jpa.open-in-view is enabled by default. Therefore, database queries may be performed during view rendering. Explicitly configure spring.jpa.open-in-view to disable this warning
29 Nov 2024 - 14:57:59.356 [main] INFO  o.s.s.c.a.a.c.InitializeAuthenticationProviderBeanManagerConfigurer$InitializeAuthenticationProviderManagerConfigurer - Global AuthenticationManager configured with AuthenticationProvider bean with name authenticationProvider
29 Nov 2024 - 14:57:59.359 [main] WARN  o.s.s.c.a.a.c.InitializeUserDetailsBeanManagerConfigurer$InitializeUserDetailsManagerConfigurer - Global AuthenticationManager configured with an AuthenticationProvider bean. UserDetailsService beans will not be used for username/password login. Consider removing the AuthenticationProvider bean. Alternatively, consider using the UserDetailsService in a manually instantiated DaoAuthenticationProvider.
29 Nov 2024 - 14:58:02.057 [main] INFO  c.e.InterviewQuestionsApplicationTests - Started InterviewQuestionsApplicationTests in 14.953 seconds (process running for 16.507)
29 Nov 2024 - 14:58:02.450 [main] INFO  org.flywaydb.core.FlywayExecutor - Database: jdbc:postgresql://5.182.26.40:5432/interview_DB (PostgreSQL 16.4)
29 Nov 2024 - 14:58:03.306 [main] INFO  o.f.core.internal.command.DbValidate - Successfully validated 3 migrations (execution time 00:00.347s)
29 Nov 2024 - 14:58:04.006 [main] INFO  o.f.core.internal.command.DbMigrate - Current version of schema "public": 2
29 Nov 2024 - 14:58:04.080 [main] INFO  o.f.core.internal.command.DbMigrate - Schema "public" is up to date. No migration necessary.
29 Nov 2024 - 14:58:05.176 [SpringApplicationShutdownHook] INFO  o.s.o.j.LocalContainerEntityManagerFactoryBean - Closing JPA EntityManagerFactory for persistence unit 'default'
29 Nov 2024 - 14:58:05.180 [SpringApplicationShutdownHook] INFO  com.zaxxer.hikari.HikariDataSource - HikariPool-1 - Shutdown initiated...
29 Nov 2024 - 14:58:05.714 [SpringApplicationShutdownHook] INFO  com.zaxxer.hikari.HikariDataSource - HikariPool-1 - Shutdown completed.
29 Nov 2024 - 14:59:10.540 [main] WARN  o.s.b.t.j.DuplicateJsonObjectContextCustomizerFactory$DuplicateJsonObjectContextCustomizer - 

Found multiple occurrences of org.json.JSONObject on the class path:

	jar:file:/C:/Users/hojia/.m2/repository/com/vaadin/external/google/android-json/0.0.20131108.vaadin1/android-json-0.0.20131108.vaadin1.jar!/org/json/JSONObject.class
	jar:file:/C:/Users/hojia/.m2/repository/org/json/json/20231013/json-20231013.jar!/org/json/JSONObject.class

You may wish to exclude one of them to ensure predictable runtime behavior

29 Nov 2024 - 14:59:10.598 [main] INFO  c.e.InterviewQuestionsApplicationTests - Starting InterviewQuestionsApplicationTests using Java 17.0.12 with PID 9912 (started by Xojiakbar in D:\JavaProject\Interview_questions)
29 Nov 2024 - 14:59:10.600 [main] INFO  c.e.InterviewQuestionsApplicationTests - The following 1 profile is active: "prod"
29 Nov 2024 - 14:59:12.282 [main] INFO  o.s.d.r.c.RepositoryConfigurationDelegate - Bootstrapping Spring Data JPA repositories in DEFAULT mode.
29 Nov 2024 - 14:59:12.391 [main] INFO  o.s.d.r.c.RepositoryConfigurationDelegate - Finished Spring Data repository scanning in 99 ms. Found 5 JPA repository interfaces.
29 Nov 2024 - 14:59:13.601 [main] INFO  o.h.jpa.internal.util.LogHelper - HHH000204: Processing PersistenceUnitInfo [name: default]
29 Nov 2024 - 14:59:13.835 [main] INFO  org.hibernate.Version - HHH000412: Hibernate ORM core version 6.5.2.Final
29 Nov 2024 - 14:59:13.887 [main] INFO  o.h.c.i.RegionFactoryInitiator - HHH000026: Second-level cache disabled
29 Nov 2024 - 14:59:15.126 [main] INFO  o.s.o.j.p.SpringPersistenceUnitInfo - No LoadTimeWeaver setup: ignoring JPA class transformer
29 Nov 2024 - 14:59:15.158 [main] INFO  com.zaxxer.hikari.HikariDataSource - HikariPool-1 - Starting...
29 Nov 2024 - 14:59:16.131 [main] INFO  com.zaxxer.hikari.pool.HikariPool - HikariPool-1 - Added connection org.postgresql.jdbc.PgConnection@13390a96
29 Nov 2024 - 14:59:16.131 [main] INFO  com.zaxxer.hikari.HikariDataSource - HikariPool-1 - Start completed.
29 Nov 2024 - 14:59:17.872 [main] INFO  o.h.e.t.j.p.i.JtaPlatformInitiator - HHH000489: No JTA platform available (set 'hibernate.transaction.jta.platform' to enable JTA platform integration)
29 Nov 2024 - 14:59:18.723 [main] INFO  o.s.o.j.LocalContainerEntityManagerFactoryBean - Initialized JPA EntityManagerFactory for persistence unit 'default'
29 Nov 2024 - 14:59:19.542 [main] INFO  o.s.d.j.r.query.QueryEnhancerFactory - Hibernate is in classpath; If applicable, HQL parser will be used.
29 Nov 2024 - 14:59:21.396 [main] WARN  o.s.b.a.o.j.JpaBaseConfiguration$JpaWebConfiguration - spring.jpa.open-in-view is enabled by default. Therefore, database queries may be performed during view rendering. Explicitly configure spring.jpa.open-in-view to disable this warning
29 Nov 2024 - 14:59:21.516 [main] INFO  o.s.s.c.a.a.c.InitializeAuthenticationProviderBeanManagerConfigurer$InitializeAuthenticationProviderManagerConfigurer - Global AuthenticationManager configured with AuthenticationProvider bean with name authenticationProvider
29 Nov 2024 - 14:59:21.535 [main] WARN  o.s.s.c.a.a.c.InitializeUserDetailsBeanManagerConfigurer$InitializeUserDetailsManagerConfigurer - Global AuthenticationManager configured with an AuthenticationProvider bean. UserDetailsService beans will not be used for username/password login. Consider removing the AuthenticationProvider bean. Alternatively, consider using the UserDetailsService in a manually instantiated DaoAuthenticationProvider.
29 Nov 2024 - 14:59:23.397 [main] INFO  c.e.InterviewQuestionsApplicationTests - Started InterviewQuestionsApplicationTests in 13.23 seconds (process running for 14.722)
29 Nov 2024 - 14:59:23.736 [main] INFO  org.flywaydb.core.FlywayExecutor - Database: jdbc:postgresql://5.182.26.40:5432/interview_DB (PostgreSQL 16.4)
29 Nov 2024 - 14:59:24.372 [main] INFO  o.f.core.internal.command.DbValidate - Successfully validated 3 migrations (execution time 00:00.229s)
29 Nov 2024 - 14:59:24.939 [main] INFO  o.f.core.internal.command.DbMigrate - Current version of schema "public": 2
29 Nov 2024 - 14:59:25.013 [main] INFO  o.f.core.internal.command.DbMigrate - Schema "public" is up to date. No migration necessary.
29 Nov 2024 - 14:59:25.848 [SpringApplicationShutdownHook] INFO  o.s.o.j.LocalContainerEntityManagerFactoryBean - Closing JPA EntityManagerFactory for persistence unit 'default'
29 Nov 2024 - 14:59:25.851 [SpringApplicationShutdownHook] INFO  com.zaxxer.hikari.HikariDataSource - HikariPool-1 - Shutdown initiated...
29 Nov 2024 - 14:59:26.195 [SpringApplicationShutdownHook] INFO  com.zaxxer.hikari.HikariDataSource - HikariPool-1 - Shutdown completed.
29 Nov 2024 - 15:19:41.475 [HikariPool-1 housekeeper] WARN  com.zaxxer.hikari.pool.HikariPool - HikariPool-1 - Thread starvation or clock leap detected (housekeeper delta=5m19s504ms399s800ns).
29 Nov 2024 - 16:09:39.778 [HikariPool-1 housekeeper] WARN  com.zaxxer.hikari.pool.HikariPool - HikariPool-1 - Thread starvation or clock leap detected (housekeeper delta=30m57s967ms844s400ns).
29 Nov 2024 - 17:04:34.028 [HikariPool-1 housekeeper] WARN  com.zaxxer.hikari.pool.HikariPool - HikariPool-1 - Thread starvation or clock leap detected (housekeeper delta=37m23s934ms424s500ns).
29 Nov 2024 - 17:12:25.946 [HikariPool-1 housekeeper] WARN  com.zaxxer.hikari.pool.HikariPool - HikariPool-1 - Thread starvation or clock leap detected (housekeeper delta=51s795ms512s600ns).
29 Nov 2024 - 17:48:09.226 [HikariPool-1 housekeeper] WARN  com.zaxxer.hikari.pool.HikariPool - HikariPool-1 - Thread starvation or clock leap detected (housekeeper delta=23m13s39ms687s900ns).
29 Nov 2024 - 18:00:39.245 [HikariPool-1 housekeeper] WARN  com.zaxxer.hikari.pool.HikariPool - HikariPool-1 - Thread starvation or clock leap detected (housekeeper delta=1m59s854ms643s200ns).
29 Nov 2024 - 18:37:36.094 [HikariPool-1 housekeeper] WARN  com.zaxxer.hikari.pool.HikariPool - HikariPool-1 - Thread starvation or clock leap detected (housekeeper delta=8m26s326ms389s800ns).
29 Nov 2024 - 19:39:40.936 [HikariPool-1 housekeeper] WARN  com.zaxxer.hikari.pool.HikariPool - HikariPool-1 - Thread starvation or clock leap detected (housekeeper delta=30m4s325ms383s800ns).
29 Nov 2024 - 19:46:30.061 [HikariPool-1 housekeeper] WARN  com.zaxxer.hikari.pool.HikariPool - HikariPool-1 - Thread starvation or clock leap detected (housekeeper delta=49s29ms337s200ns).
29 Nov 2024 - 20:12:56.887 [HikariPool-1 housekeeper] WARN  com.zaxxer.hikari.pool.HikariPool - HikariPool-1 - Thread starvation or clock leap detected (housekeeper delta=2m26s471ms305s500ns).
29 Nov 2024 - 20:29:15.605 [HikariPool-1 housekeeper] WARN  com.zaxxer.hikari.pool.HikariPool - HikariPool-1 - Thread starvation or clock leap detected (housekeeper delta=3m46s466ms144s600ns).
29 Nov 2024 - 20:42:56.645 [HikariPool-1 housekeeper] WARN  com.zaxxer.hikari.pool.HikariPool - HikariPool-1 - Thread starvation or clock leap detected (housekeeper delta=2m10s840ms90s500ns).
29 Nov 2024 - 21:25:57.842 [HikariPool-1 housekeeper] WARN  com.zaxxer.hikari.pool.HikariPool - HikariPool-1 - Thread starvation or clock leap detected (housekeeper delta=34m31s65ms4s).
29 Nov 2024 - 21:44:56.266 [HikariPool-1 housekeeper] WARN  com.zaxxer.hikari.pool.HikariPool - HikariPool-1 - Thread starvation or clock leap detected (housekeeper delta=15m58s363ms166s600ns).
29 Nov 2024 - 22:24:59.792 [SpringApplicationShutdownHook] INFO  o.s.o.j.LocalContainerEntityManagerFactoryBean - Closing JPA EntityManagerFactory for persistence unit 'default'
29 Nov 2024 - 22:24:59.811 [SpringApplicationShutdownHook] INFO  com.zaxxer.hikari.HikariDataSource - HikariPool-1 - Shutdown initiated...
29 Nov 2024 - 22:24:59.942 [SpringApplicationShutdownHook] INFO  com.zaxxer.hikari.HikariDataSource - HikariPool-1 - Shutdown completed.
