13 Oct 2024 - 18:54:22.512 [main] INFO  c.e.InterviewQuestionsApplication - Starting InterviewQuestionsApplication using Java 17.0.12 with PID 11408 (D:\JavaProject\Interview_questions\target\classes started by Xojiakbar in D:\JavaProject\Interview_questions)
13 Oct 2024 - 18:54:22.534 [main] INFO  c.e.InterviewQuestionsApplication - The following 1 profile is active: "dev"
13 Oct 2024 - 18:54:23.340 [main] INFO  o.s.d.r.c.RepositoryConfigurationDelegate - Bootstrapping Spring Data JPA repositories in DEFAULT mode.
13 Oct 2024 - 18:54:23.400 [main] INFO  o.s.d.r.c.RepositoryConfigurationDelegate - Finished Spring Data repository scanning in 53 ms. Found 2 JPA repository interfaces.
13 Oct 2024 - 18:54:23.881 [main] INFO  o.s.b.w.e.tomcat.TomcatWebServer - Tomcat initialized with port 8080 (http)
13 Oct 2024 - 18:54:23.902 [main] INFO  o.a.catalina.core.StandardService - Starting service [Tomcat]
13 Oct 2024 - 18:54:23.902 [main] INFO  o.a.catalina.core.StandardEngine - Starting Servlet engine: [Apache Tomcat/10.1.26]
13 Oct 2024 - 18:54:23.957 [main] INFO  o.a.c.c.C.[Tomcat].[localhost].[/] - Initializing Spring embedded WebApplicationContext
13 Oct 2024 - 18:54:23.957 [main] INFO  o.s.b.w.s.c.ServletWebServerApplicationContext - Root WebApplicationContext: initialization completed in 1376 ms
13 Oct 2024 - 18:54:24.056 [main] INFO  o.h.jpa.internal.util.LogHelper - HHH000204: Processing PersistenceUnitInfo [name: default]
13 Oct 2024 - 18:54:24.136 [main] INFO  org.hibernate.Version - HHH000412: Hibernate ORM core version 6.5.2.Final
13 Oct 2024 - 18:54:24.182 [main] INFO  o.h.c.i.RegionFactoryInitiator - HHH000026: Second-level cache disabled
13 Oct 2024 - 18:54:24.464 [main] INFO  o.s.o.j.p.SpringPersistenceUnitInfo - No LoadTimeWeaver setup: ignoring JPA class transformer
13 Oct 2024 - 18:54:24.490 [main] INFO  com.zaxxer.hikari.HikariDataSource - HikariPool-1 - Starting...
13 Oct 2024 - 18:54:24.649 [main] INFO  com.zaxxer.hikari.pool.HikariPool - HikariPool-1 - Added connection org.postgresql.jdbc.PgConnection@376498da
13 Oct 2024 - 18:54:24.650 [main] INFO  com.zaxxer.hikari.HikariDataSource - HikariPool-1 - Start completed.
13 Oct 2024 - 18:54:24.722 [main] WARN  org.hibernate.orm.deprecation - HHH90000025: PostgreSQLDialect does not need to be specified explicitly using 'hibernate.dialect' (remove the property setting and it will be selected by default)
13 Oct 2024 - 18:54:24.897 [main] WARN  org.hibernate.id.UUIDHexGenerator - HHH000409: Using org.hibernate.id.UUIDHexGenerator which does not generate IETF RFC 4122 compliant UUID values; consider using org.hibernate.id.UUIDGenerator instead
13 Oct 2024 - 18:54:25.584 [main] INFO  o.h.e.t.j.p.i.JtaPlatformInitiator - HHH000489: No JTA platform available (set 'hibernate.transaction.jta.platform' to enable JTA platform integration)
13 Oct 2024 - 18:54:25.691 [main] INFO  o.s.o.j.LocalContainerEntityManagerFactoryBean - Initialized JPA EntityManagerFactory for persistence unit 'default'
13 Oct 2024 - 18:54:26.157 [main] WARN  o.s.b.a.o.j.JpaBaseConfiguration$JpaWebConfiguration - spring.jpa.open-in-view is enabled by default. Therefore, database queries may be performed during view rendering. Explicitly configure spring.jpa.open-in-view to disable this warning
13 Oct 2024 - 18:54:26.187 [main] INFO  o.s.s.c.a.a.c.InitializeAuthenticationProviderBeanManagerConfigurer$InitializeAuthenticationProviderManagerConfigurer - Global AuthenticationManager configured with AuthenticationProvider bean with name authenticationProvider
13 Oct 2024 - 18:54:26.187 [main] WARN  o.s.s.c.a.a.c.InitializeUserDetailsBeanManagerConfigurer$InitializeUserDetailsManagerConfigurer - Global AuthenticationManager configured with an AuthenticationProvider bean. UserDetailsService beans will not be used for username/password login. Consider removing the AuthenticationProvider bean. Alternatively, consider using the UserDetailsService in a manually instantiated DaoAuthenticationProvider.
13 Oct 2024 - 18:54:26.836 [main] INFO  o.s.b.w.e.tomcat.TomcatWebServer - Tomcat started on port 8080 (http) with context path '/'
13 Oct 2024 - 18:54:26.844 [main] INFO  c.e.InterviewQuestionsApplication - Started InterviewQuestionsApplication in 4.799 seconds (process running for 5.503)
13 Oct 2024 - 18:54:26.957 [main] INFO  org.flywaydb.core.FlywayExecutor - Database: jdbc:postgresql://localhost:5432/Interview_questions (PostgreSQL 14.13)
13 Oct 2024 - 18:54:26.995 [main] INFO  o.f.core.internal.command.DbValidate - Successfully validated 3 migrations (execution time 00:00.023s)
13 Oct 2024 - 18:54:27.004 [main] INFO  o.f.core.internal.command.DbMigrate - Current version of schema "public": 1
13 Oct 2024 - 18:54:27.014 [main] INFO  o.f.core.internal.command.DbMigrate - Migrating schema "public" to version "2 - profile init"
13 Oct 2024 - 18:54:27.029 [main] INFO  o.f.core.internal.command.DbMigrate - Successfully applied 1 migration to schema "public", now at version v2 (execution time 00:00.003s)
13 Oct 2024 - 19:00:37.865 [HikariPool-1 housekeeper] WARN  com.zaxxer.hikari.pool.HikariPool - HikariPool-1 - Thread starvation or clock leap detected (housekeeper delta=1m41s915ms262µs300ns).
13 Oct 2024 - 20:39:05.338 [HikariPool-1 housekeeper] WARN  com.zaxxer.hikari.pool.HikariPool - HikariPool-1 - Thread starvation or clock leap detected (housekeeper delta=27m22s184ms890µs200ns).
13 Oct 2024 - 21:08:15.420 [HikariPool-1 housekeeper] WARN  com.zaxxer.hikari.pool.HikariPool - HikariPool-1 - Thread starvation or clock leap detected (housekeeper delta=3m39s679ms7µs100ns).
13 Oct 2024 - 21:10:31.211 [SpringApplicationShutdownHook] INFO  o.s.o.j.LocalContainerEntityManagerFactoryBean - Closing JPA EntityManagerFactory for persistence unit 'default'
13 Oct 2024 - 21:10:31.230 [SpringApplicationShutdownHook] INFO  com.zaxxer.hikari.HikariDataSource - HikariPool-1 - Shutdown initiated...
13 Oct 2024 - 21:10:31.237 [SpringApplicationShutdownHook] INFO  com.zaxxer.hikari.HikariDataSource - HikariPool-1 - Shutdown completed.
13 Oct 2024 - 21:10:48.257 [main] INFO  c.e.InterviewQuestionsApplication - Starting InterviewQuestionsApplication using Java 17.0.12 with PID 15992 (D:\JavaProject\Interview_questions\target\classes started by Xojiakbar in D:\JavaProject\Interview_questions)
13 Oct 2024 - 21:10:48.272 [main] INFO  c.e.InterviewQuestionsApplication - The following 1 profile is active: "dev"
13 Oct 2024 - 21:10:49.237 [main] INFO  o.s.d.r.c.RepositoryConfigurationDelegate - Bootstrapping Spring Data JPA repositories in DEFAULT mode.
13 Oct 2024 - 21:10:49.323 [main] INFO  o.s.d.r.c.RepositoryConfigurationDelegate - Finished Spring Data repository scanning in 67 ms. Found 2 JPA repository interfaces.
13 Oct 2024 - 21:10:49.895 [main] INFO  o.s.b.w.e.tomcat.TomcatWebServer - Tomcat initialized with port 8080 (http)
13 Oct 2024 - 21:10:49.906 [main] INFO  o.a.catalina.core.StandardService - Starting service [Tomcat]
13 Oct 2024 - 21:10:49.907 [main] INFO  o.a.catalina.core.StandardEngine - Starting Servlet engine: [Apache Tomcat/10.1.26]
13 Oct 2024 - 21:10:49.973 [main] INFO  o.a.c.c.C.[Tomcat].[localhost].[/] - Initializing Spring embedded WebApplicationContext
13 Oct 2024 - 21:10:49.973 [main] INFO  o.s.b.w.s.c.ServletWebServerApplicationContext - Root WebApplicationContext: initialization completed in 1650 ms
13 Oct 2024 - 21:10:50.117 [main] INFO  o.h.jpa.internal.util.LogHelper - HHH000204: Processing PersistenceUnitInfo [name: default]
13 Oct 2024 - 21:10:50.174 [main] INFO  org.hibernate.Version - HHH000412: Hibernate ORM core version 6.5.2.Final
13 Oct 2024 - 21:10:50.204 [main] INFO  o.h.c.i.RegionFactoryInitiator - HHH000026: Second-level cache disabled
13 Oct 2024 - 21:10:50.491 [main] INFO  o.s.o.j.p.SpringPersistenceUnitInfo - No LoadTimeWeaver setup: ignoring JPA class transformer
13 Oct 2024 - 21:10:50.520 [main] INFO  com.zaxxer.hikari.HikariDataSource - HikariPool-1 - Starting...
13 Oct 2024 - 21:10:50.730 [main] INFO  com.zaxxer.hikari.pool.HikariPool - HikariPool-1 - Added connection org.postgresql.jdbc.PgConnection@710afd47
13 Oct 2024 - 21:10:50.732 [main] INFO  com.zaxxer.hikari.HikariDataSource - HikariPool-1 - Start completed.
13 Oct 2024 - 21:10:50.775 [main] WARN  org.hibernate.orm.deprecation - HHH90000025: PostgreSQLDialect does not need to be specified explicitly using 'hibernate.dialect' (remove the property setting and it will be selected by default)
13 Oct 2024 - 21:10:50.982 [main] WARN  org.hibernate.id.UUIDHexGenerator - HHH000409: Using org.hibernate.id.UUIDHexGenerator which does not generate IETF RFC 4122 compliant UUID values; consider using org.hibernate.id.UUIDGenerator instead
13 Oct 2024 - 21:10:51.774 [main] INFO  o.h.e.t.j.p.i.JtaPlatformInitiator - HHH000489: No JTA platform available (set 'hibernate.transaction.jta.platform' to enable JTA platform integration)
13 Oct 2024 - 21:10:51.890 [main] INFO  o.s.o.j.LocalContainerEntityManagerFactoryBean - Initialized JPA EntityManagerFactory for persistence unit 'default'
13 Oct 2024 - 21:10:52.545 [main] WARN  o.s.b.a.o.j.JpaBaseConfiguration$JpaWebConfiguration - spring.jpa.open-in-view is enabled by default. Therefore, database queries may be performed during view rendering. Explicitly configure spring.jpa.open-in-view to disable this warning
13 Oct 2024 - 21:10:52.594 [main] INFO  o.s.s.c.a.a.c.InitializeAuthenticationProviderBeanManagerConfigurer$InitializeAuthenticationProviderManagerConfigurer - Global AuthenticationManager configured with AuthenticationProvider bean with name authenticationProvider
13 Oct 2024 - 21:10:52.596 [main] WARN  o.s.s.c.a.a.c.InitializeUserDetailsBeanManagerConfigurer$InitializeUserDetailsManagerConfigurer - Global AuthenticationManager configured with an AuthenticationProvider bean. UserDetailsService beans will not be used for username/password login. Consider removing the AuthenticationProvider bean. Alternatively, consider using the UserDetailsService in a manually instantiated DaoAuthenticationProvider.
13 Oct 2024 - 21:10:53.417 [main] INFO  o.s.b.w.e.tomcat.TomcatWebServer - Tomcat started on port 8080 (http) with context path '/'
13 Oct 2024 - 21:10:53.435 [main] INFO  c.e.InterviewQuestionsApplication - Started InterviewQuestionsApplication in 5.695 seconds (process running for 6.324)
13 Oct 2024 - 21:11:27.067 [SpringApplicationShutdownHook] INFO  o.s.o.j.LocalContainerEntityManagerFactoryBean - Closing JPA EntityManagerFactory for persistence unit 'default'
13 Oct 2024 - 21:11:27.070 [SpringApplicationShutdownHook] INFO  com.zaxxer.hikari.HikariDataSource - HikariPool-1 - Shutdown initiated...
13 Oct 2024 - 21:11:27.077 [SpringApplicationShutdownHook] INFO  com.zaxxer.hikari.HikariDataSource - HikariPool-1 - Shutdown completed.
13 Oct 2024 - 21:17:10.332 [main] INFO  c.e.InterviewQuestionsApplication - Starting InterviewQuestionsApplication using Java 17.0.12 with PID 18404 (D:\JavaProject\Interview_questions\target\classes started by Xojiakbar in D:\JavaProject\Interview_questions)
13 Oct 2024 - 21:17:10.347 [main] INFO  c.e.InterviewQuestionsApplication - The following 1 profile is active: "dev"
13 Oct 2024 - 21:17:11.279 [main] INFO  o.s.d.r.c.RepositoryConfigurationDelegate - Bootstrapping Spring Data JPA repositories in DEFAULT mode.
13 Oct 2024 - 21:17:11.365 [main] INFO  o.s.d.r.c.RepositoryConfigurationDelegate - Finished Spring Data repository scanning in 75 ms. Found 2 JPA repository interfaces.
13 Oct 2024 - 21:17:12.015 [main] INFO  o.s.b.w.e.tomcat.TomcatWebServer - Tomcat initialized with port 8080 (http)
13 Oct 2024 - 21:17:12.028 [main] INFO  o.a.catalina.core.StandardService - Starting service [Tomcat]
13 Oct 2024 - 21:17:12.028 [main] INFO  o.a.catalina.core.StandardEngine - Starting Servlet engine: [Apache Tomcat/10.1.26]
13 Oct 2024 - 21:17:12.105 [main] INFO  o.a.c.c.C.[Tomcat].[localhost].[/] - Initializing Spring embedded WebApplicationContext
13 Oct 2024 - 21:17:12.106 [main] INFO  o.s.b.w.s.c.ServletWebServerApplicationContext - Root WebApplicationContext: initialization completed in 1714 ms
13 Oct 2024 - 21:17:12.252 [main] INFO  o.h.jpa.internal.util.LogHelper - HHH000204: Processing PersistenceUnitInfo [name: default]
13 Oct 2024 - 21:17:12.303 [main] INFO  org.hibernate.Version - HHH000412: Hibernate ORM core version 6.5.2.Final
13 Oct 2024 - 21:17:12.335 [main] INFO  o.h.c.i.RegionFactoryInitiator - HHH000026: Second-level cache disabled
13 Oct 2024 - 21:17:12.657 [main] INFO  o.s.o.j.p.SpringPersistenceUnitInfo - No LoadTimeWeaver setup: ignoring JPA class transformer
13 Oct 2024 - 21:17:12.683 [main] INFO  com.zaxxer.hikari.HikariDataSource - HikariPool-1 - Starting...
13 Oct 2024 - 21:17:12.850 [main] INFO  com.zaxxer.hikari.pool.HikariPool - HikariPool-1 - Added connection org.postgresql.jdbc.PgConnection@19647566
13 Oct 2024 - 21:17:12.852 [main] INFO  com.zaxxer.hikari.HikariDataSource - HikariPool-1 - Start completed.
13 Oct 2024 - 21:17:12.907 [main] WARN  org.hibernate.orm.deprecation - HHH90000025: PostgreSQLDialect does not need to be specified explicitly using 'hibernate.dialect' (remove the property setting and it will be selected by default)
13 Oct 2024 - 21:17:13.109 [main] WARN  org.hibernate.id.UUIDHexGenerator - HHH000409: Using org.hibernate.id.UUIDHexGenerator which does not generate IETF RFC 4122 compliant UUID values; consider using org.hibernate.id.UUIDGenerator instead
13 Oct 2024 - 21:17:13.878 [main] INFO  o.h.e.t.j.p.i.JtaPlatformInitiator - HHH000489: No JTA platform available (set 'hibernate.transaction.jta.platform' to enable JTA platform integration)
13 Oct 2024 - 21:17:13.972 [main] INFO  o.s.o.j.LocalContainerEntityManagerFactoryBean - Initialized JPA EntityManagerFactory for persistence unit 'default'
13 Oct 2024 - 21:17:14.640 [main] WARN  o.s.b.a.o.j.JpaBaseConfiguration$JpaWebConfiguration - spring.jpa.open-in-view is enabled by default. Therefore, database queries may be performed during view rendering. Explicitly configure spring.jpa.open-in-view to disable this warning
13 Oct 2024 - 21:17:14.684 [main] INFO  o.s.s.c.a.a.c.InitializeAuthenticationProviderBeanManagerConfigurer$InitializeAuthenticationProviderManagerConfigurer - Global AuthenticationManager configured with AuthenticationProvider bean with name authenticationProvider
13 Oct 2024 - 21:17:14.686 [main] WARN  o.s.s.c.a.a.c.InitializeUserDetailsBeanManagerConfigurer$InitializeUserDetailsManagerConfigurer - Global AuthenticationManager configured with an AuthenticationProvider bean. UserDetailsService beans will not be used for username/password login. Consider removing the AuthenticationProvider bean. Alternatively, consider using the UserDetailsService in a manually instantiated DaoAuthenticationProvider.
13 Oct 2024 - 21:17:15.715 [main] INFO  o.s.b.w.e.tomcat.TomcatWebServer - Tomcat started on port 8080 (http) with context path '/'
13 Oct 2024 - 21:17:15.735 [main] INFO  c.e.InterviewQuestionsApplication - Started InterviewQuestionsApplication in 5.853 seconds (process running for 6.489)
13 Oct 2024 - 21:17:15.925 [main] INFO  org.flywaydb.core.FlywayExecutor - Database: jdbc:postgresql://localhost:5432/Interview_questions (PostgreSQL 14.13)
13 Oct 2024 - 21:17:15.992 [main] INFO  o.f.core.internal.command.DbValidate - Successfully validated 2 migrations (execution time 00:00.033s)
13 Oct 2024 - 21:17:16.012 [main] INFO  o.f.core.internal.command.DbMigrate - Current version of schema "public": 2
13 Oct 2024 - 21:17:16.012 [main] WARN  o.f.core.internal.command.DbMigrate - Schema "public" has a version (2) that is newer than the latest available migration (1) !
13 Oct 2024 - 21:17:16.016 [main] INFO  o.f.core.internal.command.DbMigrate - Schema "public" is up to date. No migration necessary.
13 Oct 2024 - 21:18:04.571 [SpringApplicationShutdownHook] INFO  o.s.o.j.LocalContainerEntityManagerFactoryBean - Closing JPA EntityManagerFactory for persistence unit 'default'
13 Oct 2024 - 21:18:04.574 [SpringApplicationShutdownHook] INFO  com.zaxxer.hikari.HikariDataSource - HikariPool-1 - Shutdown initiated...
13 Oct 2024 - 21:18:04.581 [SpringApplicationShutdownHook] INFO  com.zaxxer.hikari.HikariDataSource - HikariPool-1 - Shutdown completed.
13 Oct 2024 - 21:18:07.665 [main] INFO  c.e.InterviewQuestionsApplication - Starting InterviewQuestionsApplication using Java 17.0.12 with PID 14508 (D:\JavaProject\Interview_questions\target\classes started by Xojiakbar in D:\JavaProject\Interview_questions)
13 Oct 2024 - 21:18:07.679 [main] INFO  c.e.InterviewQuestionsApplication - The following 1 profile is active: "dev"
13 Oct 2024 - 21:18:08.573 [main] INFO  o.s.d.r.c.RepositoryConfigurationDelegate - Bootstrapping Spring Data JPA repositories in DEFAULT mode.
13 Oct 2024 - 21:18:08.638 [main] INFO  o.s.d.r.c.RepositoryConfigurationDelegate - Finished Spring Data repository scanning in 56 ms. Found 2 JPA repository interfaces.
13 Oct 2024 - 21:18:09.243 [main] INFO  o.s.b.w.e.tomcat.TomcatWebServer - Tomcat initialized with port 8080 (http)
13 Oct 2024 - 21:18:09.253 [main] INFO  o.a.catalina.core.StandardService - Starting service [Tomcat]
13 Oct 2024 - 21:18:09.254 [main] INFO  o.a.catalina.core.StandardEngine - Starting Servlet engine: [Apache Tomcat/10.1.26]
13 Oct 2024 - 21:18:09.319 [main] INFO  o.a.c.c.C.[Tomcat].[localhost].[/] - Initializing Spring embedded WebApplicationContext
13 Oct 2024 - 21:18:09.319 [main] INFO  o.s.b.w.s.c.ServletWebServerApplicationContext - Root WebApplicationContext: initialization completed in 1596 ms
13 Oct 2024 - 21:18:09.490 [main] INFO  o.h.jpa.internal.util.LogHelper - HHH000204: Processing PersistenceUnitInfo [name: default]
13 Oct 2024 - 21:18:09.564 [main] INFO  org.hibernate.Version - HHH000412: Hibernate ORM core version 6.5.2.Final
13 Oct 2024 - 21:18:09.611 [main] INFO  o.h.c.i.RegionFactoryInitiator - HHH000026: Second-level cache disabled
13 Oct 2024 - 21:18:09.896 [main] INFO  o.s.o.j.p.SpringPersistenceUnitInfo - No LoadTimeWeaver setup: ignoring JPA class transformer
13 Oct 2024 - 21:18:09.927 [main] INFO  com.zaxxer.hikari.HikariDataSource - HikariPool-1 - Starting...
13 Oct 2024 - 21:18:10.138 [main] INFO  com.zaxxer.hikari.pool.HikariPool - HikariPool-1 - Added connection org.postgresql.jdbc.PgConnection@2f038d3c
13 Oct 2024 - 21:18:10.139 [main] INFO  com.zaxxer.hikari.HikariDataSource - HikariPool-1 - Start completed.
13 Oct 2024 - 21:18:10.187 [main] WARN  org.hibernate.orm.deprecation - HHH90000025: PostgreSQLDialect does not need to be specified explicitly using 'hibernate.dialect' (remove the property setting and it will be selected by default)
13 Oct 2024 - 21:18:10.395 [main] WARN  org.hibernate.id.UUIDHexGenerator - HHH000409: Using org.hibernate.id.UUIDHexGenerator which does not generate IETF RFC 4122 compliant UUID values; consider using org.hibernate.id.UUIDGenerator instead
13 Oct 2024 - 21:18:11.139 [main] INFO  o.h.e.t.j.p.i.JtaPlatformInitiator - HHH000489: No JTA platform available (set 'hibernate.transaction.jta.platform' to enable JTA platform integration)
13 Oct 2024 - 21:18:11.306 [main] WARN  o.h.e.jdbc.spi.SqlExceptionHelper - SQL Warning Code: 0, SQLState: 00000
13 Oct 2024 - 21:18:11.307 [main] WARN  o.h.e.jdbc.spi.SqlExceptionHelper - constraint "uk8601nsl7q0424f5tt4sw9ye7h" of relation "profile" does not exist, skipping
13 Oct 2024 - 21:18:11.316 [main] INFO  o.s.o.j.LocalContainerEntityManagerFactoryBean - Initialized JPA EntityManagerFactory for persistence unit 'default'
13 Oct 2024 - 21:18:11.941 [main] WARN  o.s.b.a.o.j.JpaBaseConfiguration$JpaWebConfiguration - spring.jpa.open-in-view is enabled by default. Therefore, database queries may be performed during view rendering. Explicitly configure spring.jpa.open-in-view to disable this warning
13 Oct 2024 - 21:18:11.986 [main] INFO  o.s.s.c.a.a.c.InitializeAuthenticationProviderBeanManagerConfigurer$InitializeAuthenticationProviderManagerConfigurer - Global AuthenticationManager configured with AuthenticationProvider bean with name authenticationProvider
13 Oct 2024 - 21:18:11.987 [main] WARN  o.s.s.c.a.a.c.InitializeUserDetailsBeanManagerConfigurer$InitializeUserDetailsManagerConfigurer - Global AuthenticationManager configured with an AuthenticationProvider bean. UserDetailsService beans will not be used for username/password login. Consider removing the AuthenticationProvider bean. Alternatively, consider using the UserDetailsService in a manually instantiated DaoAuthenticationProvider.
13 Oct 2024 - 21:18:12.879 [main] INFO  o.s.b.w.e.tomcat.TomcatWebServer - Tomcat started on port 8080 (http) with context path '/'
13 Oct 2024 - 21:18:12.900 [main] INFO  c.e.InterviewQuestionsApplication - Started InterviewQuestionsApplication in 5.689 seconds (process running for 6.352)
13 Oct 2024 - 21:18:13.076 [main] INFO  org.flywaydb.core.FlywayExecutor - Database: jdbc:postgresql://localhost:5432/Interview_questions (PostgreSQL 14.13)
13 Oct 2024 - 21:18:13.119 [main] INFO  o.f.c.i.s.JdbcTableSchemaHistory - Schema history table "public"."flyway_schema_history" does not exist yet
13 Oct 2024 - 21:18:13.124 [main] INFO  o.f.core.internal.command.DbValidate - Successfully validated 0 migrations (execution time 00:00.015s)
13 Oct 2024 - 21:18:13.126 [main] WARN  o.f.core.internal.command.DbValidate - No migrations found. Are your locations set up correctly?
13 Oct 2024 - 21:18:13.178 [main] INFO  o.f.c.i.s.JdbcTableSchemaHistory - Creating Schema History table "public"."flyway_schema_history" with baseline ...
13 Oct 2024 - 21:18:13.266 [main] INFO  o.f.core.internal.command.DbBaseline - Successfully baselined schema with version: 1
13 Oct 2024 - 21:18:13.297 [main] INFO  o.f.core.internal.command.DbMigrate - Current version of schema "public": 1
13 Oct 2024 - 21:18:13.301 [main] INFO  o.f.core.internal.command.DbMigrate - Schema "public" is up to date. No migration necessary.
13 Oct 2024 - 21:21:55.939 [SpringApplicationShutdownHook] INFO  o.s.o.j.LocalContainerEntityManagerFactoryBean - Closing JPA EntityManagerFactory for persistence unit 'default'
13 Oct 2024 - 21:21:55.939 [SpringApplicationShutdownHook] INFO  com.zaxxer.hikari.HikariDataSource - HikariPool-1 - Shutdown initiated...
13 Oct 2024 - 21:21:55.954 [SpringApplicationShutdownHook] INFO  com.zaxxer.hikari.HikariDataSource - HikariPool-1 - Shutdown completed.
13 Oct 2024 - 21:21:59.410 [main] INFO  c.e.InterviewQuestionsApplication - Starting InterviewQuestionsApplication using Java 17.0.12 with PID 18440 (D:\JavaProject\Interview_questions\target\classes started by Xojiakbar in D:\JavaProject\Interview_questions)
13 Oct 2024 - 21:21:59.424 [main] INFO  c.e.InterviewQuestionsApplication - The following 1 profile is active: "dev"
13 Oct 2024 - 21:22:00.528 [main] INFO  o.s.d.r.c.RepositoryConfigurationDelegate - Bootstrapping Spring Data JPA repositories in DEFAULT mode.
13 Oct 2024 - 21:22:00.617 [main] INFO  o.s.d.r.c.RepositoryConfigurationDelegate - Finished Spring Data repository scanning in 78 ms. Found 2 JPA repository interfaces.
13 Oct 2024 - 21:22:01.278 [main] INFO  o.s.b.w.e.tomcat.TomcatWebServer - Tomcat initialized with port 8080 (http)
13 Oct 2024 - 21:22:01.291 [main] INFO  o.a.catalina.core.StandardService - Starting service [Tomcat]
13 Oct 2024 - 21:22:01.292 [main] INFO  o.a.catalina.core.StandardEngine - Starting Servlet engine: [Apache Tomcat/10.1.26]
13 Oct 2024 - 21:22:01.363 [main] INFO  o.a.c.c.C.[Tomcat].[localhost].[/] - Initializing Spring embedded WebApplicationContext
13 Oct 2024 - 21:22:01.363 [main] INFO  o.s.b.w.s.c.ServletWebServerApplicationContext - Root WebApplicationContext: initialization completed in 1886 ms
13 Oct 2024 - 21:22:01.488 [main] INFO  o.h.jpa.internal.util.LogHelper - HHH000204: Processing PersistenceUnitInfo [name: default]
13 Oct 2024 - 21:22:01.545 [main] INFO  org.hibernate.Version - HHH000412: Hibernate ORM core version 6.5.2.Final
13 Oct 2024 - 21:22:01.574 [main] INFO  o.h.c.i.RegionFactoryInitiator - HHH000026: Second-level cache disabled
13 Oct 2024 - 21:22:01.873 [main] INFO  o.s.o.j.p.SpringPersistenceUnitInfo - No LoadTimeWeaver setup: ignoring JPA class transformer
13 Oct 2024 - 21:22:01.899 [main] INFO  com.zaxxer.hikari.HikariDataSource - HikariPool-1 - Starting...
13 Oct 2024 - 21:22:02.071 [main] INFO  com.zaxxer.hikari.pool.HikariPool - HikariPool-1 - Added connection org.postgresql.jdbc.PgConnection@6dcbbb49
13 Oct 2024 - 21:22:02.073 [main] INFO  com.zaxxer.hikari.HikariDataSource - HikariPool-1 - Start completed.
13 Oct 2024 - 21:22:02.132 [main] WARN  org.hibernate.orm.deprecation - HHH90000025: PostgreSQLDialect does not need to be specified explicitly using 'hibernate.dialect' (remove the property setting and it will be selected by default)
13 Oct 2024 - 21:22:02.347 [main] WARN  org.hibernate.id.UUIDHexGenerator - HHH000409: Using org.hibernate.id.UUIDHexGenerator which does not generate IETF RFC 4122 compliant UUID values; consider using org.hibernate.id.UUIDGenerator instead
13 Oct 2024 - 21:22:03.088 [main] INFO  o.h.e.t.j.p.i.JtaPlatformInitiator - HHH000489: No JTA platform available (set 'hibernate.transaction.jta.platform' to enable JTA platform integration)
13 Oct 2024 - 21:22:03.171 [main] INFO  o.s.o.j.LocalContainerEntityManagerFactoryBean - Initialized JPA EntityManagerFactory for persistence unit 'default'
13 Oct 2024 - 21:22:03.807 [main] WARN  o.s.b.a.o.j.JpaBaseConfiguration$JpaWebConfiguration - spring.jpa.open-in-view is enabled by default. Therefore, database queries may be performed during view rendering. Explicitly configure spring.jpa.open-in-view to disable this warning
13 Oct 2024 - 21:22:03.853 [main] INFO  o.s.s.c.a.a.c.InitializeAuthenticationProviderBeanManagerConfigurer$InitializeAuthenticationProviderManagerConfigurer - Global AuthenticationManager configured with AuthenticationProvider bean with name authenticationProvider
13 Oct 2024 - 21:22:03.853 [main] WARN  o.s.s.c.a.a.c.InitializeUserDetailsBeanManagerConfigurer$InitializeUserDetailsManagerConfigurer - Global AuthenticationManager configured with an AuthenticationProvider bean. UserDetailsService beans will not be used for username/password login. Consider removing the AuthenticationProvider bean. Alternatively, consider using the UserDetailsService in a manually instantiated DaoAuthenticationProvider.
13 Oct 2024 - 21:22:04.765 [main] INFO  o.s.b.w.e.tomcat.TomcatWebServer - Tomcat started on port 8080 (http) with context path '/'
13 Oct 2024 - 21:22:04.777 [main] INFO  c.e.InterviewQuestionsApplication - Started InterviewQuestionsApplication in 5.891 seconds (process running for 6.575)
13 Oct 2024 - 21:22:04.928 [main] INFO  org.flywaydb.core.FlywayExecutor - Database: jdbc:postgresql://localhost:5432/Interview_questions (PostgreSQL 14.13)
13 Oct 2024 - 21:22:04.972 [main] INFO  o.f.core.internal.command.DbValidate - Successfully validated 1 migration (execution time 00:00.023s)
13 Oct 2024 - 21:22:05.000 [main] INFO  o.f.core.internal.command.DbMigrate - Current version of schema "public": 1
13 Oct 2024 - 21:22:05.004 [main] INFO  o.f.core.internal.command.DbMigrate - Schema "public" is up to date. No migration necessary.
13 Oct 2024 - 21:23:04.143 [SpringApplicationShutdownHook] INFO  o.s.o.j.LocalContainerEntityManagerFactoryBean - Closing JPA EntityManagerFactory for persistence unit 'default'
13 Oct 2024 - 21:23:04.146 [SpringApplicationShutdownHook] INFO  com.zaxxer.hikari.HikariDataSource - HikariPool-1 - Shutdown initiated...
13 Oct 2024 - 21:23:04.149 [SpringApplicationShutdownHook] INFO  com.zaxxer.hikari.HikariDataSource - HikariPool-1 - Shutdown completed.
13 Oct 2024 - 21:23:09.486 [main] INFO  c.e.InterviewQuestionsApplication - Starting InterviewQuestionsApplication using Java 17.0.12 with PID 9824 (D:\JavaProject\Interview_questions\target\classes started by Xojiakbar in D:\JavaProject\Interview_questions)
13 Oct 2024 - 21:23:09.499 [main] INFO  c.e.InterviewQuestionsApplication - The following 1 profile is active: "dev"
13 Oct 2024 - 21:23:10.670 [main] INFO  o.s.d.r.c.RepositoryConfigurationDelegate - Bootstrapping Spring Data JPA repositories in DEFAULT mode.
13 Oct 2024 - 21:23:10.743 [main] INFO  o.s.d.r.c.RepositoryConfigurationDelegate - Finished Spring Data repository scanning in 64 ms. Found 2 JPA repository interfaces.
13 Oct 2024 - 21:23:11.342 [main] INFO  o.s.b.w.e.tomcat.TomcatWebServer - Tomcat initialized with port 8080 (http)
13 Oct 2024 - 21:23:11.354 [main] INFO  o.a.catalina.core.StandardService - Starting service [Tomcat]
13 Oct 2024 - 21:23:11.355 [main] INFO  o.a.catalina.core.StandardEngine - Starting Servlet engine: [Apache Tomcat/10.1.26]
13 Oct 2024 - 21:23:11.428 [main] INFO  o.a.c.c.C.[Tomcat].[localhost].[/] - Initializing Spring embedded WebApplicationContext
13 Oct 2024 - 21:23:11.429 [main] INFO  o.s.b.w.s.c.ServletWebServerApplicationContext - Root WebApplicationContext: initialization completed in 1884 ms
13 Oct 2024 - 21:23:11.562 [main] INFO  o.h.jpa.internal.util.LogHelper - HHH000204: Processing PersistenceUnitInfo [name: default]
13 Oct 2024 - 21:23:11.618 [main] INFO  org.hibernate.Version - HHH000412: Hibernate ORM core version 6.5.2.Final
13 Oct 2024 - 21:23:11.649 [main] INFO  o.h.c.i.RegionFactoryInitiator - HHH000026: Second-level cache disabled
13 Oct 2024 - 21:23:11.947 [main] INFO  o.s.o.j.p.SpringPersistenceUnitInfo - No LoadTimeWeaver setup: ignoring JPA class transformer
13 Oct 2024 - 21:23:11.972 [main] INFO  com.zaxxer.hikari.HikariDataSource - HikariPool-1 - Starting...
13 Oct 2024 - 21:23:12.156 [main] INFO  com.zaxxer.hikari.pool.HikariPool - HikariPool-1 - Added connection org.postgresql.jdbc.PgConnection@7b79ff1c
13 Oct 2024 - 21:23:12.159 [main] INFO  com.zaxxer.hikari.HikariDataSource - HikariPool-1 - Start completed.
13 Oct 2024 - 21:23:12.214 [main] WARN  org.hibernate.orm.deprecation - HHH90000025: PostgreSQLDialect does not need to be specified explicitly using 'hibernate.dialect' (remove the property setting and it will be selected by default)
13 Oct 2024 - 21:23:13.239 [main] INFO  o.h.e.t.j.p.i.JtaPlatformInitiator - HHH000489: No JTA platform available (set 'hibernate.transaction.jta.platform' to enable JTA platform integration)
13 Oct 2024 - 21:23:13.317 [main] INFO  o.s.o.j.LocalContainerEntityManagerFactoryBean - Initialized JPA EntityManagerFactory for persistence unit 'default'
13 Oct 2024 - 21:23:14.011 [main] WARN  o.s.b.a.o.j.JpaBaseConfiguration$JpaWebConfiguration - spring.jpa.open-in-view is enabled by default. Therefore, database queries may be performed during view rendering. Explicitly configure spring.jpa.open-in-view to disable this warning
13 Oct 2024 - 21:23:14.065 [main] INFO  o.s.s.c.a.a.c.InitializeAuthenticationProviderBeanManagerConfigurer$InitializeAuthenticationProviderManagerConfigurer - Global AuthenticationManager configured with AuthenticationProvider bean with name authenticationProvider
13 Oct 2024 - 21:23:14.066 [main] WARN  o.s.s.c.a.a.c.InitializeUserDetailsBeanManagerConfigurer$InitializeUserDetailsManagerConfigurer - Global AuthenticationManager configured with an AuthenticationProvider bean. UserDetailsService beans will not be used for username/password login. Consider removing the AuthenticationProvider bean. Alternatively, consider using the UserDetailsService in a manually instantiated DaoAuthenticationProvider.
13 Oct 2024 - 21:23:14.937 [main] INFO  o.s.b.w.e.tomcat.TomcatWebServer - Tomcat started on port 8080 (http) with context path '/'
13 Oct 2024 - 21:23:14.950 [main] INFO  c.e.InterviewQuestionsApplication - Started InterviewQuestionsApplication in 5.94 seconds (process running for 6.632)
13 Oct 2024 - 21:23:15.102 [main] INFO  org.flywaydb.core.FlywayExecutor - Database: jdbc:postgresql://localhost:5432/Interview_questions (PostgreSQL 14.13)
13 Oct 2024 - 21:23:15.179 [main] INFO  o.f.core.internal.command.DbValidate - Successfully validated 1 migration (execution time 00:00.040s)
13 Oct 2024 - 21:23:15.205 [main] INFO  o.f.core.internal.command.DbMigrate - Current version of schema "public": 1
13 Oct 2024 - 21:23:15.210 [main] INFO  o.f.core.internal.command.DbMigrate - Schema "public" is up to date. No migration necessary.
