16 Oct 2024 - 12:36:16.055 [HikariPool-1 housekeeper] WARN  com.zaxxer.hikari.pool.HikariPool - HikariPool-1 - Thread starvation or clock leap detected (housekeeper delta=15h33m49s324ms25µs600ns).
16 Oct 2024 - 18:30:27.384 [HikariPool-1 housekeeper] WARN  com.zaxxer.hikari.pool.HikariPool - HikariPool-1 - Thread starvation or clock leap detected (housekeeper delta=5h32m10s845ms884µs700ns).
16 Oct 2024 - 18:39:47.013 [HikariPool-1 housekeeper] WARN  com.zaxxer.hikari.pool.HikariPool - HikariPool-1 - Thread starvation or clock leap detected (housekeeper delta=2m49s526ms845µs100ns).
16 Oct 2024 - 18:49:45.710 [HikariPool-1 housekeeper] WARN  com.zaxxer.hikari.pool.HikariPool - HikariPool-1 - Thread starvation or clock leap detected (housekeeper delta=4m28s602ms741µs200ns).
16 Oct 2024 - 19:03:00.785 [SpringApplicationShutdownHook] INFO  o.s.o.j.LocalContainerEntityManagerFactoryBean - Closing JPA EntityManagerFactory for persistence unit 'default'
16 Oct 2024 - 19:03:00.801 [SpringApplicationShutdownHook] INFO  com.zaxxer.hikari.HikariDataSource - HikariPool-1 - Shutdown initiated...
16 Oct 2024 - 19:03:00.818 [SpringApplicationShutdownHook] INFO  com.zaxxer.hikari.HikariDataSource - HikariPool-1 - Shutdown completed.
16 Oct 2024 - 19:03:03.489 [main] INFO  c.e.InterviewQuestionsApplication - Starting InterviewQuestionsApplication using Java 17.0.12 with PID 13316 (D:\JavaProject\Interview_questions\target\classes started by Xojiakbar in D:\JavaProject\Interview_questions)
16 Oct 2024 - 19:03:03.489 [main] INFO  c.e.InterviewQuestionsApplication - The following 1 profile is active: "dev"
16 Oct 2024 - 19:03:04.171 [main] INFO  o.s.d.r.c.RepositoryConfigurationDelegate - Bootstrapping Spring Data JPA repositories in DEFAULT mode.
16 Oct 2024 - 19:03:04.216 [main] INFO  o.s.d.r.c.RepositoryConfigurationDelegate - Finished Spring Data repository scanning in 38 ms. Found 2 JPA repository interfaces.
16 Oct 2024 - 19:03:04.694 [main] INFO  o.s.b.w.e.tomcat.TomcatWebServer - Tomcat initialized with port 8080 (http)
16 Oct 2024 - 19:03:04.702 [main] INFO  o.a.catalina.core.StandardService - Starting service [Tomcat]
16 Oct 2024 - 19:03:04.702 [main] INFO  o.a.catalina.core.StandardEngine - Starting Servlet engine: [Apache Tomcat/10.1.26]
16 Oct 2024 - 19:03:04.757 [main] INFO  o.a.c.c.C.[Tomcat].[localhost].[/] - Initializing Spring embedded WebApplicationContext
16 Oct 2024 - 19:03:04.757 [main] INFO  o.s.b.w.s.c.ServletWebServerApplicationContext - Root WebApplicationContext: initialization completed in 1227 ms
16 Oct 2024 - 19:03:04.889 [main] INFO  o.h.jpa.internal.util.LogHelper - HHH000204: Processing PersistenceUnitInfo [name: default]
16 Oct 2024 - 19:03:04.928 [main] INFO  org.hibernate.Version - HHH000412: Hibernate ORM core version 6.5.2.Final
16 Oct 2024 - 19:03:04.959 [main] INFO  o.h.c.i.RegionFactoryInitiator - HHH000026: Second-level cache disabled
16 Oct 2024 - 19:03:05.181 [main] INFO  o.s.o.j.p.SpringPersistenceUnitInfo - No LoadTimeWeaver setup: ignoring JPA class transformer
16 Oct 2024 - 19:03:05.205 [main] INFO  com.zaxxer.hikari.HikariDataSource - HikariPool-1 - Starting...
16 Oct 2024 - 19:03:05.341 [main] INFO  com.zaxxer.hikari.pool.HikariPool - HikariPool-1 - Added connection org.postgresql.jdbc.PgConnection@4aeaff64
16 Oct 2024 - 19:03:05.344 [main] INFO  com.zaxxer.hikari.HikariDataSource - HikariPool-1 - Start completed.
16 Oct 2024 - 19:03:05.376 [main] WARN  org.hibernate.orm.deprecation - HHH90000025: PostgreSQLDialect does not need to be specified explicitly using 'hibernate.dialect' (remove the property setting and it will be selected by default)
16 Oct 2024 - 19:03:06.032 [main] INFO  o.h.e.t.j.p.i.JtaPlatformInitiator - HHH000489: No JTA platform available (set 'hibernate.transaction.jta.platform' to enable JTA platform integration)
16 Oct 2024 - 19:03:06.091 [main] INFO  o.s.o.j.LocalContainerEntityManagerFactoryBean - Initialized JPA EntityManagerFactory for persistence unit 'default'
16 Oct 2024 - 19:03:06.470 [main] WARN  o.s.b.a.o.j.JpaBaseConfiguration$JpaWebConfiguration - spring.jpa.open-in-view is enabled by default. Therefore, database queries may be performed during view rendering. Explicitly configure spring.jpa.open-in-view to disable this warning
16 Oct 2024 - 19:03:06.508 [main] INFO  o.s.s.c.a.a.c.InitializeAuthenticationProviderBeanManagerConfigurer$InitializeAuthenticationProviderManagerConfigurer - Global AuthenticationManager configured with AuthenticationProvider bean with name authenticationProvider
16 Oct 2024 - 19:03:06.509 [main] WARN  o.s.s.c.a.a.c.InitializeUserDetailsBeanManagerConfigurer$InitializeUserDetailsManagerConfigurer - Global AuthenticationManager configured with an AuthenticationProvider bean. UserDetailsService beans will not be used for username/password login. Consider removing the AuthenticationProvider bean. Alternatively, consider using the UserDetailsService in a manually instantiated DaoAuthenticationProvider.
16 Oct 2024 - 19:03:07.125 [main] INFO  o.s.b.w.e.tomcat.TomcatWebServer - Tomcat started on port 8080 (http) with context path '/'
16 Oct 2024 - 19:03:07.134 [main] INFO  c.e.InterviewQuestionsApplication - Started InterviewQuestionsApplication in 3.944 seconds (process running for 4.394)
16 Oct 2024 - 19:03:07.254 [main] INFO  org.flywaydb.core.FlywayExecutor - Database: jdbc:postgresql://localhost:5432/Interview_questions (PostgreSQL 14.13)
16 Oct 2024 - 19:03:07.283 [main] INFO  o.f.core.internal.command.DbValidate - Successfully validated 1 migration (execution time 00:00.016s)
16 Oct 2024 - 19:03:07.293 [main] INFO  o.f.core.internal.command.DbMigrate - Current version of schema "public": 1
16 Oct 2024 - 19:03:07.295 [main] INFO  o.f.core.internal.command.DbMigrate - Schema "public" is up to date. No migration necessary.
16 Oct 2024 - 19:15:27.455 [http-nio-8080-exec-1] INFO  o.a.c.c.C.[Tomcat].[localhost].[/] - Initializing Spring DispatcherServlet 'dispatcherServlet'
16 Oct 2024 - 19:15:27.456 [http-nio-8080-exec-1] INFO  o.s.web.servlet.DispatcherServlet - Initializing Servlet 'dispatcherServlet'
16 Oct 2024 - 19:15:27.457 [http-nio-8080-exec-1] INFO  o.s.web.servlet.DispatcherServlet - Completed initialization in 1 ms
16 Oct 2024 - 19:21:28.899 [SpringApplicationShutdownHook] INFO  o.s.o.j.LocalContainerEntityManagerFactoryBean - Closing JPA EntityManagerFactory for persistence unit 'default'
16 Oct 2024 - 19:21:28.901 [SpringApplicationShutdownHook] INFO  com.zaxxer.hikari.HikariDataSource - HikariPool-1 - Shutdown initiated...
16 Oct 2024 - 19:21:28.904 [SpringApplicationShutdownHook] INFO  com.zaxxer.hikari.HikariDataSource - HikariPool-1 - Shutdown completed.
16 Oct 2024 - 19:21:33.719 [main] INFO  c.e.InterviewQuestionsApplication - Starting InterviewQuestionsApplication using Java 17.0.12 with PID 22424 (D:\JavaProject\Interview_questions\target\classes started by Xojiakbar in D:\JavaProject\Interview_questions)
16 Oct 2024 - 19:21:33.729 [main] INFO  c.e.InterviewQuestionsApplication - The following 1 profile is active: "dev"
16 Oct 2024 - 19:21:34.342 [main] INFO  o.s.d.r.c.RepositoryConfigurationDelegate - Bootstrapping Spring Data JPA repositories in DEFAULT mode.
16 Oct 2024 - 19:21:34.393 [main] INFO  o.s.d.r.c.RepositoryConfigurationDelegate - Finished Spring Data repository scanning in 42 ms. Found 2 JPA repository interfaces.
16 Oct 2024 - 19:21:34.835 [main] INFO  o.s.b.w.e.tomcat.TomcatWebServer - Tomcat initialized with port 8080 (http)
16 Oct 2024 - 19:21:34.846 [main] INFO  o.a.catalina.core.StandardService - Starting service [Tomcat]
16 Oct 2024 - 19:21:34.846 [main] INFO  o.a.catalina.core.StandardEngine - Starting Servlet engine: [Apache Tomcat/10.1.26]
16 Oct 2024 - 19:21:34.906 [main] INFO  o.a.c.c.C.[Tomcat].[localhost].[/] - Initializing Spring embedded WebApplicationContext
16 Oct 2024 - 19:21:34.906 [main] INFO  o.s.b.w.s.c.ServletWebServerApplicationContext - Root WebApplicationContext: initialization completed in 1147 ms
16 Oct 2024 - 19:21:35.017 [main] INFO  o.h.jpa.internal.util.LogHelper - HHH000204: Processing PersistenceUnitInfo [name: default]
16 Oct 2024 - 19:21:35.055 [main] INFO  org.hibernate.Version - HHH000412: Hibernate ORM core version 6.5.2.Final
16 Oct 2024 - 19:21:35.078 [main] INFO  o.h.c.i.RegionFactoryInitiator - HHH000026: Second-level cache disabled
16 Oct 2024 - 19:21:35.293 [main] INFO  o.s.o.j.p.SpringPersistenceUnitInfo - No LoadTimeWeaver setup: ignoring JPA class transformer
16 Oct 2024 - 19:21:35.315 [main] INFO  com.zaxxer.hikari.HikariDataSource - HikariPool-1 - Starting...
16 Oct 2024 - 19:21:35.500 [main] INFO  com.zaxxer.hikari.pool.HikariPool - HikariPool-1 - Added connection org.postgresql.jdbc.PgConnection@223cbf0d
16 Oct 2024 - 19:21:35.503 [main] INFO  com.zaxxer.hikari.HikariDataSource - HikariPool-1 - Start completed.
16 Oct 2024 - 19:21:35.541 [main] WARN  org.hibernate.orm.deprecation - HHH90000025: PostgreSQLDialect does not need to be specified explicitly using 'hibernate.dialect' (remove the property setting and it will be selected by default)
16 Oct 2024 - 19:21:36.184 [main] INFO  o.h.e.t.j.p.i.JtaPlatformInitiator - HHH000489: No JTA platform available (set 'hibernate.transaction.jta.platform' to enable JTA platform integration)
16 Oct 2024 - 19:21:36.234 [main] INFO  o.s.o.j.LocalContainerEntityManagerFactoryBean - Initialized JPA EntityManagerFactory for persistence unit 'default'
16 Oct 2024 - 19:21:36.408 [main] INFO  o.s.d.j.r.query.QueryEnhancerFactory - Hibernate is in classpath; If applicable, HQL parser will be used.
16 Oct 2024 - 19:21:36.903 [main] WARN  o.s.b.a.o.j.JpaBaseConfiguration$JpaWebConfiguration - spring.jpa.open-in-view is enabled by default. Therefore, database queries may be performed during view rendering. Explicitly configure spring.jpa.open-in-view to disable this warning
16 Oct 2024 - 19:21:36.928 [main] INFO  o.s.s.c.a.a.c.InitializeAuthenticationProviderBeanManagerConfigurer$InitializeAuthenticationProviderManagerConfigurer - Global AuthenticationManager configured with AuthenticationProvider bean with name authenticationProvider
16 Oct 2024 - 19:21:36.928 [main] WARN  o.s.s.c.a.a.c.InitializeUserDetailsBeanManagerConfigurer$InitializeUserDetailsManagerConfigurer - Global AuthenticationManager configured with an AuthenticationProvider bean. UserDetailsService beans will not be used for username/password login. Consider removing the AuthenticationProvider bean. Alternatively, consider using the UserDetailsService in a manually instantiated DaoAuthenticationProvider.
16 Oct 2024 - 19:21:37.543 [main] INFO  o.s.b.w.e.tomcat.TomcatWebServer - Tomcat started on port 8080 (http) with context path '/'
16 Oct 2024 - 19:21:37.552 [main] INFO  c.e.InterviewQuestionsApplication - Started InterviewQuestionsApplication in 4.127 seconds (process running for 4.568)
16 Oct 2024 - 19:21:37.665 [main] INFO  org.flywaydb.core.FlywayExecutor - Database: jdbc:postgresql://localhost:5432/Interview_questions (PostgreSQL 14.13)
16 Oct 2024 - 19:21:37.694 [main] INFO  o.f.core.internal.command.DbValidate - Successfully validated 1 migration (execution time 00:00.016s)
16 Oct 2024 - 19:21:37.702 [main] INFO  o.f.core.internal.command.DbMigrate - Current version of schema "public": 1
16 Oct 2024 - 19:21:37.704 [main] INFO  o.f.core.internal.command.DbMigrate - Schema "public" is up to date. No migration necessary.
16 Oct 2024 - 19:58:59.670 [HikariPool-1 housekeeper] WARN  com.zaxxer.hikari.pool.HikariPool - HikariPool-1 - Thread starvation or clock leap detected (housekeeper delta=4m51s528ms579µs600ns).
16 Oct 2024 - 21:05:13.839 [main] INFO  c.e.InterviewQuestionsApplication - Starting InterviewQuestionsApplication using Java 17.0.12 with PID 14308 (D:\JavaProject\Interview_questions\target\classes started by Xojiakbar in D:\JavaProject\Interview_questions)
16 Oct 2024 - 21:05:13.853 [main] INFO  c.e.InterviewQuestionsApplication - The following 1 profile is active: "dev"
16 Oct 2024 - 21:05:14.676 [main] INFO  o.s.d.r.c.RepositoryConfigurationDelegate - Bootstrapping Spring Data JPA repositories in DEFAULT mode.
16 Oct 2024 - 21:05:14.734 [main] INFO  o.s.d.r.c.RepositoryConfigurationDelegate - Finished Spring Data repository scanning in 50 ms. Found 2 JPA repository interfaces.
16 Oct 2024 - 21:05:15.196 [main] INFO  o.s.b.w.e.tomcat.TomcatWebServer - Tomcat initialized with port 8080 (http)
16 Oct 2024 - 21:05:15.206 [main] INFO  o.a.catalina.core.StandardService - Starting service [Tomcat]
16 Oct 2024 - 21:05:15.206 [main] INFO  o.a.catalina.core.StandardEngine - Starting Servlet engine: [Apache Tomcat/10.1.26]
16 Oct 2024 - 21:05:15.261 [main] INFO  o.a.c.c.C.[Tomcat].[localhost].[/] - Initializing Spring embedded WebApplicationContext
16 Oct 2024 - 21:05:15.262 [main] INFO  o.s.b.w.s.c.ServletWebServerApplicationContext - Root WebApplicationContext: initialization completed in 1367 ms
16 Oct 2024 - 21:05:15.370 [main] INFO  o.h.jpa.internal.util.LogHelper - HHH000204: Processing PersistenceUnitInfo [name: default]
16 Oct 2024 - 21:05:15.442 [main] INFO  org.hibernate.Version - HHH000412: Hibernate ORM core version 6.5.2.Final
16 Oct 2024 - 21:05:15.479 [main] INFO  o.h.c.i.RegionFactoryInitiator - HHH000026: Second-level cache disabled
16 Oct 2024 - 21:05:15.764 [main] INFO  o.s.o.j.p.SpringPersistenceUnitInfo - No LoadTimeWeaver setup: ignoring JPA class transformer
16 Oct 2024 - 21:05:15.793 [main] INFO  com.zaxxer.hikari.HikariDataSource - HikariPool-1 - Starting...
16 Oct 2024 - 21:05:15.983 [main] INFO  com.zaxxer.hikari.pool.HikariPool - HikariPool-1 - Added connection org.postgresql.jdbc.PgConnection@38cb1606
16 Oct 2024 - 21:05:15.983 [main] INFO  com.zaxxer.hikari.HikariDataSource - HikariPool-1 - Start completed.
16 Oct 2024 - 21:05:16.027 [main] WARN  org.hibernate.orm.deprecation - HHH90000025: PostgreSQLDialect does not need to be specified explicitly using 'hibernate.dialect' (remove the property setting and it will be selected by default)
16 Oct 2024 - 21:05:16.888 [main] INFO  o.h.e.t.j.p.i.JtaPlatformInitiator - HHH000489: No JTA platform available (set 'hibernate.transaction.jta.platform' to enable JTA platform integration)
16 Oct 2024 - 21:05:16.951 [main] INFO  o.s.o.j.LocalContainerEntityManagerFactoryBean - Initialized JPA EntityManagerFactory for persistence unit 'default'
16 Oct 2024 - 21:05:17.213 [main] INFO  o.s.d.j.r.query.QueryEnhancerFactory - Hibernate is in classpath; If applicable, HQL parser will be used.
16 Oct 2024 - 21:05:17.817 [main] WARN  o.s.b.a.o.j.JpaBaseConfiguration$JpaWebConfiguration - spring.jpa.open-in-view is enabled by default. Therefore, database queries may be performed during view rendering. Explicitly configure spring.jpa.open-in-view to disable this warning
16 Oct 2024 - 21:05:17.864 [main] INFO  o.s.s.c.a.a.c.InitializeAuthenticationProviderBeanManagerConfigurer$InitializeAuthenticationProviderManagerConfigurer - Global AuthenticationManager configured with AuthenticationProvider bean with name authenticationProvider
16 Oct 2024 - 21:05:17.864 [main] WARN  o.s.s.c.a.a.c.InitializeUserDetailsBeanManagerConfigurer$InitializeUserDetailsManagerConfigurer - Global AuthenticationManager configured with an AuthenticationProvider bean. UserDetailsService beans will not be used for username/password login. Consider removing the AuthenticationProvider bean. Alternatively, consider using the UserDetailsService in a manually instantiated DaoAuthenticationProvider.
16 Oct 2024 - 21:05:18.528 [main] INFO  o.s.b.w.e.tomcat.TomcatWebServer - Tomcat started on port 8080 (http) with context path '/'
16 Oct 2024 - 21:05:18.528 [main] INFO  c.e.InterviewQuestionsApplication - Started InterviewQuestionsApplication in 5.057 seconds (process running for 5.594)
16 Oct 2024 - 21:05:18.637 [main] INFO  org.flywaydb.core.FlywayExecutor - Database: jdbc:postgresql://localhost:5432/Interview_questions (PostgreSQL 14.13)
16 Oct 2024 - 21:05:18.669 [main] INFO  o.f.core.internal.command.DbValidate - Successfully validated 1 migration (execution time 00:00.016s)
16 Oct 2024 - 21:05:18.684 [main] INFO  o.f.core.internal.command.DbMigrate - Current version of schema "public": 1
16 Oct 2024 - 21:05:18.684 [main] INFO  o.f.core.internal.command.DbMigrate - Schema "public" is up to date. No migration necessary.
16 Oct 2024 - 21:05:24.792 [http-nio-8080-exec-1] INFO  o.a.c.c.C.[Tomcat].[localhost].[/] - Initializing Spring DispatcherServlet 'dispatcherServlet'
16 Oct 2024 - 21:05:24.793 [http-nio-8080-exec-1] INFO  o.s.web.servlet.DispatcherServlet - Initializing Servlet 'dispatcherServlet'
16 Oct 2024 - 21:05:24.794 [http-nio-8080-exec-1] INFO  o.s.web.servlet.DispatcherServlet - Completed initialization in 1 ms
16 Oct 2024 - 21:09:04.856 [SpringApplicationShutdownHook] INFO  o.s.o.j.LocalContainerEntityManagerFactoryBean - Closing JPA EntityManagerFactory for persistence unit 'default'
16 Oct 2024 - 21:09:04.858 [SpringApplicationShutdownHook] INFO  com.zaxxer.hikari.HikariDataSource - HikariPool-1 - Shutdown initiated...
16 Oct 2024 - 21:09:04.860 [SpringApplicationShutdownHook] INFO  com.zaxxer.hikari.HikariDataSource - HikariPool-1 - Shutdown completed.
16 Oct 2024 - 21:09:12.838 [main] INFO  c.e.InterviewQuestionsApplication - Starting InterviewQuestionsApplication using Java 17.0.12 with PID 4424 (D:\JavaProject\Interview_questions\target\classes started by Xojiakbar in D:\JavaProject\Interview_questions)
16 Oct 2024 - 21:09:12.847 [main] INFO  c.e.InterviewQuestionsApplication - The following 1 profile is active: "dev"
16 Oct 2024 - 21:09:13.510 [main] INFO  o.s.d.r.c.RepositoryConfigurationDelegate - Bootstrapping Spring Data JPA repositories in DEFAULT mode.
16 Oct 2024 - 21:09:13.558 [main] INFO  o.s.d.r.c.RepositoryConfigurationDelegate - Finished Spring Data repository scanning in 42 ms. Found 2 JPA repository interfaces.
16 Oct 2024 - 21:09:13.990 [main] INFO  o.s.b.w.e.tomcat.TomcatWebServer - Tomcat initialized with port 8080 (http)
16 Oct 2024 - 21:09:14.000 [main] INFO  o.a.catalina.core.StandardService - Starting service [Tomcat]
16 Oct 2024 - 21:09:14.000 [main] INFO  o.a.catalina.core.StandardEngine - Starting Servlet engine: [Apache Tomcat/10.1.26]
16 Oct 2024 - 21:09:14.054 [main] INFO  o.a.c.c.C.[Tomcat].[localhost].[/] - Initializing Spring embedded WebApplicationContext
16 Oct 2024 - 21:09:14.054 [main] INFO  o.s.b.w.s.c.ServletWebServerApplicationContext - Root WebApplicationContext: initialization completed in 1176 ms
16 Oct 2024 - 21:09:14.168 [main] INFO  o.h.jpa.internal.util.LogHelper - HHH000204: Processing PersistenceUnitInfo [name: default]
16 Oct 2024 - 21:09:14.215 [main] INFO  org.hibernate.Version - HHH000412: Hibernate ORM core version 6.5.2.Final
16 Oct 2024 - 21:09:14.243 [main] INFO  o.h.c.i.RegionFactoryInitiator - HHH000026: Second-level cache disabled
16 Oct 2024 - 21:09:14.500 [main] INFO  o.s.o.j.p.SpringPersistenceUnitInfo - No LoadTimeWeaver setup: ignoring JPA class transformer
16 Oct 2024 - 21:09:14.527 [main] INFO  com.zaxxer.hikari.HikariDataSource - HikariPool-1 - Starting...
16 Oct 2024 - 21:09:14.654 [main] INFO  com.zaxxer.hikari.pool.HikariPool - HikariPool-1 - Added connection org.postgresql.jdbc.PgConnection@1c0e4262
16 Oct 2024 - 21:09:14.655 [main] INFO  com.zaxxer.hikari.HikariDataSource - HikariPool-1 - Start completed.
16 Oct 2024 - 21:09:14.690 [main] WARN  org.hibernate.orm.deprecation - HHH90000025: PostgreSQLDialect does not need to be specified explicitly using 'hibernate.dialect' (remove the property setting and it will be selected by default)
16 Oct 2024 - 21:09:15.401 [main] INFO  o.h.e.t.j.p.i.JtaPlatformInitiator - HHH000489: No JTA platform available (set 'hibernate.transaction.jta.platform' to enable JTA platform integration)
16 Oct 2024 - 21:09:15.461 [main] INFO  o.s.o.j.LocalContainerEntityManagerFactoryBean - Initialized JPA EntityManagerFactory for persistence unit 'default'
16 Oct 2024 - 21:09:15.645 [main] INFO  o.s.d.j.r.query.QueryEnhancerFactory - Hibernate is in classpath; If applicable, HQL parser will be used.
16 Oct 2024 - 21:09:16.113 [main] WARN  o.s.b.a.o.j.JpaBaseConfiguration$JpaWebConfiguration - spring.jpa.open-in-view is enabled by default. Therefore, database queries may be performed during view rendering. Explicitly configure spring.jpa.open-in-view to disable this warning
16 Oct 2024 - 21:09:16.142 [main] INFO  o.s.s.c.a.a.c.InitializeAuthenticationProviderBeanManagerConfigurer$InitializeAuthenticationProviderManagerConfigurer - Global AuthenticationManager configured with AuthenticationProvider bean with name authenticationProvider
16 Oct 2024 - 21:09:16.143 [main] WARN  o.s.s.c.a.a.c.InitializeUserDetailsBeanManagerConfigurer$InitializeUserDetailsManagerConfigurer - Global AuthenticationManager configured with an AuthenticationProvider bean. UserDetailsService beans will not be used for username/password login. Consider removing the AuthenticationProvider bean. Alternatively, consider using the UserDetailsService in a manually instantiated DaoAuthenticationProvider.
16 Oct 2024 - 21:09:16.716 [main] INFO  o.s.b.w.e.tomcat.TomcatWebServer - Tomcat started on port 8080 (http) with context path '/'
16 Oct 2024 - 21:09:16.726 [main] INFO  c.e.InterviewQuestionsApplication - Started InterviewQuestionsApplication in 4.225 seconds (process running for 4.648)
16 Oct 2024 - 21:09:16.828 [main] INFO  org.flywaydb.core.FlywayExecutor - Database: jdbc:postgresql://localhost:5432/Interview_questions (PostgreSQL 14.13)
16 Oct 2024 - 21:09:16.862 [main] INFO  o.f.core.internal.command.DbValidate - Successfully validated 1 migration (execution time 00:00.018s)
16 Oct 2024 - 21:09:16.874 [main] INFO  o.f.core.internal.command.DbMigrate - Current version of schema "public": 1
16 Oct 2024 - 21:09:16.877 [main] INFO  o.f.core.internal.command.DbMigrate - Schema "public" is up to date. No migration necessary.
16 Oct 2024 - 21:09:19.167 [http-nio-8080-exec-1] INFO  o.a.c.c.C.[Tomcat].[localhost].[/] - Initializing Spring DispatcherServlet 'dispatcherServlet'
16 Oct 2024 - 21:09:19.167 [http-nio-8080-exec-1] INFO  o.s.web.servlet.DispatcherServlet - Initializing Servlet 'dispatcherServlet'
16 Oct 2024 - 21:09:19.169 [http-nio-8080-exec-1] INFO  o.s.web.servlet.DispatcherServlet - Completed initialization in 1 ms
16 Oct 2024 - 21:10:24.392 [SpringApplicationShutdownHook] INFO  o.s.o.j.LocalContainerEntityManagerFactoryBean - Closing JPA EntityManagerFactory for persistence unit 'default'
16 Oct 2024 - 21:10:24.394 [SpringApplicationShutdownHook] INFO  com.zaxxer.hikari.HikariDataSource - HikariPool-1 - Shutdown initiated...
16 Oct 2024 - 21:10:24.396 [SpringApplicationShutdownHook] INFO  com.zaxxer.hikari.HikariDataSource - HikariPool-1 - Shutdown completed.
16 Oct 2024 - 21:10:29.590 [main] INFO  c.e.InterviewQuestionsApplication - Starting InterviewQuestionsApplication using Java 17.0.12 with PID 3576 (D:\JavaProject\Interview_questions\target\classes started by Xojiakbar in D:\JavaProject\Interview_questions)
16 Oct 2024 - 21:10:29.599 [main] INFO  c.e.InterviewQuestionsApplication - The following 1 profile is active: "dev"
16 Oct 2024 - 21:10:30.309 [main] INFO  o.s.d.r.c.RepositoryConfigurationDelegate - Bootstrapping Spring Data JPA repositories in DEFAULT mode.
16 Oct 2024 - 21:10:30.358 [main] INFO  o.s.d.r.c.RepositoryConfigurationDelegate - Finished Spring Data repository scanning in 43 ms. Found 2 JPA repository interfaces.
16 Oct 2024 - 21:10:30.767 [main] INFO  o.s.b.w.e.tomcat.TomcatWebServer - Tomcat initialized with port 8080 (http)
16 Oct 2024 - 21:10:30.775 [main] INFO  o.a.catalina.core.StandardService - Starting service [Tomcat]
16 Oct 2024 - 21:10:30.775 [main] INFO  o.a.catalina.core.StandardEngine - Starting Servlet engine: [Apache Tomcat/10.1.26]
16 Oct 2024 - 21:10:30.833 [main] INFO  o.a.c.c.C.[Tomcat].[localhost].[/] - Initializing Spring embedded WebApplicationContext
16 Oct 2024 - 21:10:30.833 [main] INFO  o.s.b.w.s.c.ServletWebServerApplicationContext - Root WebApplicationContext: initialization completed in 1203 ms
16 Oct 2024 - 21:10:30.948 [main] INFO  o.h.jpa.internal.util.LogHelper - HHH000204: Processing PersistenceUnitInfo [name: default]
16 Oct 2024 - 21:10:30.985 [main] INFO  org.hibernate.Version - HHH000412: Hibernate ORM core version 6.5.2.Final
16 Oct 2024 - 21:10:31.012 [main] INFO  o.h.c.i.RegionFactoryInitiator - HHH000026: Second-level cache disabled
16 Oct 2024 - 21:10:31.225 [main] INFO  o.s.o.j.p.SpringPersistenceUnitInfo - No LoadTimeWeaver setup: ignoring JPA class transformer
16 Oct 2024 - 21:10:31.243 [main] INFO  com.zaxxer.hikari.HikariDataSource - HikariPool-1 - Starting...
16 Oct 2024 - 21:10:31.383 [main] INFO  com.zaxxer.hikari.pool.HikariPool - HikariPool-1 - Added connection org.postgresql.jdbc.PgConnection@655909e2
16 Oct 2024 - 21:10:31.384 [main] INFO  com.zaxxer.hikari.HikariDataSource - HikariPool-1 - Start completed.
16 Oct 2024 - 21:10:31.418 [main] WARN  org.hibernate.orm.deprecation - HHH90000025: PostgreSQLDialect does not need to be specified explicitly using 'hibernate.dialect' (remove the property setting and it will be selected by default)
16 Oct 2024 - 21:10:32.088 [main] INFO  o.h.e.t.j.p.i.JtaPlatformInitiator - HHH000489: No JTA platform available (set 'hibernate.transaction.jta.platform' to enable JTA platform integration)
16 Oct 2024 - 21:10:32.134 [main] INFO  o.s.o.j.LocalContainerEntityManagerFactoryBean - Initialized JPA EntityManagerFactory for persistence unit 'default'
16 Oct 2024 - 21:10:32.280 [main] INFO  o.s.d.j.r.query.QueryEnhancerFactory - Hibernate is in classpath; If applicable, HQL parser will be used.
16 Oct 2024 - 21:10:32.724 [main] WARN  o.s.b.a.o.j.JpaBaseConfiguration$JpaWebConfiguration - spring.jpa.open-in-view is enabled by default. Therefore, database queries may be performed during view rendering. Explicitly configure spring.jpa.open-in-view to disable this warning
16 Oct 2024 - 21:10:32.750 [main] INFO  o.s.s.c.a.a.c.InitializeAuthenticationProviderBeanManagerConfigurer$InitializeAuthenticationProviderManagerConfigurer - Global AuthenticationManager configured with AuthenticationProvider bean with name authenticationProvider
16 Oct 2024 - 21:10:32.750 [main] WARN  o.s.s.c.a.a.c.InitializeUserDetailsBeanManagerConfigurer$InitializeUserDetailsManagerConfigurer - Global AuthenticationManager configured with an AuthenticationProvider bean. UserDetailsService beans will not be used for username/password login. Consider removing the AuthenticationProvider bean. Alternatively, consider using the UserDetailsService in a manually instantiated DaoAuthenticationProvider.
16 Oct 2024 - 21:10:33.286 [main] INFO  o.s.b.w.e.tomcat.TomcatWebServer - Tomcat started on port 8080 (http) with context path '/'
16 Oct 2024 - 21:10:33.296 [main] INFO  c.e.InterviewQuestionsApplication - Started InterviewQuestionsApplication in 4.03 seconds (process running for 4.482)
16 Oct 2024 - 21:10:33.399 [main] INFO  org.flywaydb.core.FlywayExecutor - Database: jdbc:postgresql://localhost:5432/Interview_questions (PostgreSQL 14.13)
16 Oct 2024 - 21:10:33.430 [main] INFO  o.f.core.internal.command.DbValidate - Successfully validated 1 migration (execution time 00:00.017s)
16 Oct 2024 - 21:10:33.442 [main] INFO  o.f.core.internal.command.DbMigrate - Current version of schema "public": 1
16 Oct 2024 - 21:10:33.444 [main] INFO  o.f.core.internal.command.DbMigrate - Schema "public" is up to date. No migration necessary.
16 Oct 2024 - 21:11:03.712 [SpringApplicationShutdownHook] INFO  o.s.o.j.LocalContainerEntityManagerFactoryBean - Closing JPA EntityManagerFactory for persistence unit 'default'
16 Oct 2024 - 21:11:03.714 [SpringApplicationShutdownHook] INFO  com.zaxxer.hikari.HikariDataSource - HikariPool-1 - Shutdown initiated...
16 Oct 2024 - 21:11:03.715 [SpringApplicationShutdownHook] INFO  com.zaxxer.hikari.HikariDataSource - HikariPool-1 - Shutdown completed.
16 Oct 2024 - 21:11:06.067 [main] INFO  c.e.InterviewQuestionsApplication - Starting InterviewQuestionsApplication using Java 17.0.12 with PID 6100 (D:\JavaProject\Interview_questions\target\classes started by Xojiakbar in D:\JavaProject\Interview_questions)
16 Oct 2024 - 21:11:06.077 [main] INFO  c.e.InterviewQuestionsApplication - The following 1 profile is active: "dev"
16 Oct 2024 - 21:11:06.767 [main] INFO  o.s.d.r.c.RepositoryConfigurationDelegate - Bootstrapping Spring Data JPA repositories in DEFAULT mode.
16 Oct 2024 - 21:11:06.819 [main] INFO  o.s.d.r.c.RepositoryConfigurationDelegate - Finished Spring Data repository scanning in 45 ms. Found 2 JPA repository interfaces.
16 Oct 2024 - 21:11:07.249 [main] INFO  o.s.b.w.e.tomcat.TomcatWebServer - Tomcat initialized with port 8080 (http)
16 Oct 2024 - 21:11:07.258 [main] INFO  o.a.catalina.core.StandardService - Starting service [Tomcat]
16 Oct 2024 - 21:11:07.258 [main] INFO  o.a.catalina.core.StandardEngine - Starting Servlet engine: [Apache Tomcat/10.1.26]
16 Oct 2024 - 21:11:07.314 [main] INFO  o.a.c.c.C.[Tomcat].[localhost].[/] - Initializing Spring embedded WebApplicationContext
16 Oct 2024 - 21:11:07.315 [main] INFO  o.s.b.w.s.c.ServletWebServerApplicationContext - Root WebApplicationContext: initialization completed in 1208 ms
16 Oct 2024 - 21:11:07.427 [main] INFO  o.h.jpa.internal.util.LogHelper - HHH000204: Processing PersistenceUnitInfo [name: default]
16 Oct 2024 - 21:11:07.466 [main] INFO  org.hibernate.Version - HHH000412: Hibernate ORM core version 6.5.2.Final
16 Oct 2024 - 21:11:07.491 [main] INFO  o.h.c.i.RegionFactoryInitiator - HHH000026: Second-level cache disabled
16 Oct 2024 - 21:11:07.726 [main] INFO  o.s.o.j.p.SpringPersistenceUnitInfo - No LoadTimeWeaver setup: ignoring JPA class transformer
16 Oct 2024 - 21:11:07.758 [main] INFO  com.zaxxer.hikari.HikariDataSource - HikariPool-1 - Starting...
16 Oct 2024 - 21:11:07.927 [main] INFO  com.zaxxer.hikari.pool.HikariPool - HikariPool-1 - Added connection org.postgresql.jdbc.PgConnection@655909e2
16 Oct 2024 - 21:11:07.929 [main] INFO  com.zaxxer.hikari.HikariDataSource - HikariPool-1 - Start completed.
16 Oct 2024 - 21:11:07.976 [main] WARN  org.hibernate.orm.deprecation - HHH90000025: PostgreSQLDialect does not need to be specified explicitly using 'hibernate.dialect' (remove the property setting and it will be selected by default)
16 Oct 2024 - 21:11:08.697 [main] INFO  o.h.e.t.j.p.i.JtaPlatformInitiator - HHH000489: No JTA platform available (set 'hibernate.transaction.jta.platform' to enable JTA platform integration)
16 Oct 2024 - 21:11:08.748 [main] INFO  o.s.o.j.LocalContainerEntityManagerFactoryBean - Initialized JPA EntityManagerFactory for persistence unit 'default'
16 Oct 2024 - 21:11:08.913 [main] INFO  o.s.d.j.r.query.QueryEnhancerFactory - Hibernate is in classpath; If applicable, HQL parser will be used.
16 Oct 2024 - 21:11:09.447 [main] WARN  o.s.b.a.o.j.JpaBaseConfiguration$JpaWebConfiguration - spring.jpa.open-in-view is enabled by default. Therefore, database queries may be performed during view rendering. Explicitly configure spring.jpa.open-in-view to disable this warning
16 Oct 2024 - 21:11:09.474 [main] INFO  o.s.s.c.a.a.c.InitializeAuthenticationProviderBeanManagerConfigurer$InitializeAuthenticationProviderManagerConfigurer - Global AuthenticationManager configured with AuthenticationProvider bean with name authenticationProvider
16 Oct 2024 - 21:11:09.475 [main] WARN  o.s.s.c.a.a.c.InitializeUserDetailsBeanManagerConfigurer$InitializeUserDetailsManagerConfigurer - Global AuthenticationManager configured with an AuthenticationProvider bean. UserDetailsService beans will not be used for username/password login. Consider removing the AuthenticationProvider bean. Alternatively, consider using the UserDetailsService in a manually instantiated DaoAuthenticationProvider.
16 Oct 2024 - 21:11:10.111 [main] INFO  o.s.b.w.e.tomcat.TomcatWebServer - Tomcat started on port 8080 (http) with context path '/'
16 Oct 2024 - 21:11:10.122 [main] INFO  c.e.InterviewQuestionsApplication - Started InterviewQuestionsApplication in 4.371 seconds (process running for 4.783)
16 Oct 2024 - 21:11:10.226 [main] INFO  org.flywaydb.core.FlywayExecutor - Database: jdbc:postgresql://localhost:5432/Interview_questions (PostgreSQL 14.13)
16 Oct 2024 - 21:11:10.261 [main] INFO  o.f.core.internal.command.DbValidate - Successfully validated 1 migration (execution time 00:00.018s)
16 Oct 2024 - 21:11:10.275 [main] INFO  o.f.core.internal.command.DbMigrate - Current version of schema "public": 1
16 Oct 2024 - 21:11:10.278 [main] INFO  o.f.core.internal.command.DbMigrate - Schema "public" is up to date. No migration necessary.
16 Oct 2024 - 21:15:57.999 [http-nio-8080-exec-1] INFO  o.a.c.c.C.[Tomcat].[localhost].[/] - Initializing Spring DispatcherServlet 'dispatcherServlet'
16 Oct 2024 - 21:15:57.999 [http-nio-8080-exec-1] INFO  o.s.web.servlet.DispatcherServlet - Initializing Servlet 'dispatcherServlet'
16 Oct 2024 - 21:15:57.999 [http-nio-8080-exec-1] INFO  o.s.web.servlet.DispatcherServlet - Completed initialization in 0 ms
16 Oct 2024 - 21:16:35.999 [SpringApplicationShutdownHook] INFO  o.s.o.j.LocalContainerEntityManagerFactoryBean - Closing JPA EntityManagerFactory for persistence unit 'default'
16 Oct 2024 - 21:16:36.001 [SpringApplicationShutdownHook] INFO  com.zaxxer.hikari.HikariDataSource - HikariPool-1 - Shutdown initiated...
16 Oct 2024 - 21:16:36.002 [SpringApplicationShutdownHook] INFO  com.zaxxer.hikari.HikariDataSource - HikariPool-1 - Shutdown completed.
16 Oct 2024 - 21:16:50.083 [main] INFO  c.e.InterviewQuestionsApplication - Starting InterviewQuestionsApplication using Java 17.0.12 with PID 14256 (D:\JavaProject\Interview_questions\target\classes started by Xojiakbar in D:\JavaProject\Interview_questions)
16 Oct 2024 - 21:16:50.092 [main] INFO  c.e.InterviewQuestionsApplication - The following 1 profile is active: "dev"
16 Oct 2024 - 21:16:50.902 [main] INFO  o.s.d.r.c.RepositoryConfigurationDelegate - Bootstrapping Spring Data JPA repositories in DEFAULT mode.
16 Oct 2024 - 21:16:50.965 [main] INFO  o.s.d.r.c.RepositoryConfigurationDelegate - Finished Spring Data repository scanning in 56 ms. Found 2 JPA repository interfaces.
16 Oct 2024 - 21:16:51.491 [main] INFO  o.s.b.w.e.tomcat.TomcatWebServer - Tomcat initialized with port 8080 (http)
16 Oct 2024 - 21:16:51.507 [main] INFO  o.a.catalina.core.StandardService - Starting service [Tomcat]
16 Oct 2024 - 21:16:51.508 [main] INFO  o.a.catalina.core.StandardEngine - Starting Servlet engine: [Apache Tomcat/10.1.26]
16 Oct 2024 - 21:16:51.573 [main] INFO  o.a.c.c.C.[Tomcat].[localhost].[/] - Initializing Spring embedded WebApplicationContext
16 Oct 2024 - 21:16:51.573 [main] INFO  o.s.b.w.s.c.ServletWebServerApplicationContext - Root WebApplicationContext: initialization completed in 1447 ms
16 Oct 2024 - 21:16:51.672 [main] INFO  o.h.jpa.internal.util.LogHelper - HHH000204: Processing PersistenceUnitInfo [name: default]
16 Oct 2024 - 21:16:51.714 [main] INFO  org.hibernate.Version - HHH000412: Hibernate ORM core version 6.5.2.Final
16 Oct 2024 - 21:16:51.741 [main] INFO  o.h.c.i.RegionFactoryInitiator - HHH000026: Second-level cache disabled
16 Oct 2024 - 21:16:51.982 [main] INFO  o.s.o.j.p.SpringPersistenceUnitInfo - No LoadTimeWeaver setup: ignoring JPA class transformer
16 Oct 2024 - 21:16:52.003 [main] INFO  com.zaxxer.hikari.HikariDataSource - HikariPool-1 - Starting...
16 Oct 2024 - 21:16:52.182 [main] INFO  com.zaxxer.hikari.pool.HikariPool - HikariPool-1 - Added connection org.postgresql.jdbc.PgConnection@655909e2
16 Oct 2024 - 21:16:52.184 [main] INFO  com.zaxxer.hikari.HikariDataSource - HikariPool-1 - Start completed.
16 Oct 2024 - 21:16:52.228 [main] WARN  org.hibernate.orm.deprecation - HHH90000025: PostgreSQLDialect does not need to be specified explicitly using 'hibernate.dialect' (remove the property setting and it will be selected by default)
16 Oct 2024 - 21:16:53.074 [main] INFO  o.h.e.t.j.p.i.JtaPlatformInitiator - HHH000489: No JTA platform available (set 'hibernate.transaction.jta.platform' to enable JTA platform integration)
16 Oct 2024 - 21:16:53.137 [main] INFO  o.s.o.j.LocalContainerEntityManagerFactoryBean - Initialized JPA EntityManagerFactory for persistence unit 'default'
16 Oct 2024 - 21:16:53.338 [main] INFO  o.s.d.j.r.query.QueryEnhancerFactory - Hibernate is in classpath; If applicable, HQL parser will be used.
16 Oct 2024 - 21:16:53.878 [main] WARN  o.s.b.a.o.j.JpaBaseConfiguration$JpaWebConfiguration - spring.jpa.open-in-view is enabled by default. Therefore, database queries may be performed during view rendering. Explicitly configure spring.jpa.open-in-view to disable this warning
16 Oct 2024 - 21:16:53.907 [main] INFO  o.s.s.c.a.a.c.InitializeAuthenticationProviderBeanManagerConfigurer$InitializeAuthenticationProviderManagerConfigurer - Global AuthenticationManager configured with AuthenticationProvider bean with name authenticationProvider
16 Oct 2024 - 21:16:53.907 [main] WARN  o.s.s.c.a.a.c.InitializeUserDetailsBeanManagerConfigurer$InitializeUserDetailsManagerConfigurer - Global AuthenticationManager configured with an AuthenticationProvider bean. UserDetailsService beans will not be used for username/password login. Consider removing the AuthenticationProvider bean. Alternatively, consider using the UserDetailsService in a manually instantiated DaoAuthenticationProvider.
16 Oct 2024 - 21:16:54.467 [main] INFO  o.s.b.w.e.tomcat.TomcatWebServer - Tomcat started on port 8080 (http) with context path '/'
16 Oct 2024 - 21:16:54.480 [main] INFO  c.e.InterviewQuestionsApplication - Started InterviewQuestionsApplication in 4.715 seconds (process running for 5.218)
16 Oct 2024 - 21:16:54.607 [main] INFO  org.flywaydb.core.FlywayExecutor - Database: jdbc:postgresql://localhost:5432/Interview_questions (PostgreSQL 14.13)
16 Oct 2024 - 21:16:54.660 [main] INFO  o.f.core.internal.command.DbValidate - Successfully validated 1 migration (execution time 00:00.026s)
16 Oct 2024 - 21:16:54.668 [main] INFO  o.f.core.internal.command.DbMigrate - Current version of schema "public": 1
16 Oct 2024 - 21:16:54.668 [main] INFO  o.f.core.internal.command.DbMigrate - Schema "public" is up to date. No migration necessary.
16 Oct 2024 - 21:23:10.181 [http-nio-8080-exec-1] INFO  o.a.c.c.C.[Tomcat].[localhost].[/] - Initializing Spring DispatcherServlet 'dispatcherServlet'
16 Oct 2024 - 21:23:10.181 [http-nio-8080-exec-1] INFO  o.s.web.servlet.DispatcherServlet - Initializing Servlet 'dispatcherServlet'
16 Oct 2024 - 21:23:10.183 [http-nio-8080-exec-1] INFO  o.s.web.servlet.DispatcherServlet - Completed initialization in 1 ms
16 Oct 2024 - 21:25:15.766 [SpringApplicationShutdownHook] INFO  o.s.o.j.LocalContainerEntityManagerFactoryBean - Closing JPA EntityManagerFactory for persistence unit 'default'
16 Oct 2024 - 21:25:15.768 [SpringApplicationShutdownHook] INFO  com.zaxxer.hikari.HikariDataSource - HikariPool-1 - Shutdown initiated...
16 Oct 2024 - 21:25:15.773 [SpringApplicationShutdownHook] INFO  com.zaxxer.hikari.HikariDataSource - HikariPool-1 - Shutdown completed.
16 Oct 2024 - 21:25:19.711 [main] INFO  c.e.InterviewQuestionsApplication - Starting InterviewQuestionsApplication using Java 17.0.12 with PID 11196 (D:\JavaProject\Interview_questions\target\classes started by Xojiakbar in D:\JavaProject\Interview_questions)
16 Oct 2024 - 21:25:19.720 [main] INFO  c.e.InterviewQuestionsApplication - The following 1 profile is active: "dev"
16 Oct 2024 - 21:25:20.375 [main] INFO  o.s.d.r.c.RepositoryConfigurationDelegate - Bootstrapping Spring Data JPA repositories in DEFAULT mode.
16 Oct 2024 - 21:25:20.431 [main] INFO  o.s.d.r.c.RepositoryConfigurationDelegate - Finished Spring Data repository scanning in 49 ms. Found 2 JPA repository interfaces.
16 Oct 2024 - 21:25:20.887 [main] INFO  o.s.b.w.e.tomcat.TomcatWebServer - Tomcat initialized with port 8080 (http)
16 Oct 2024 - 21:25:20.895 [main] INFO  o.a.catalina.core.StandardService - Starting service [Tomcat]
16 Oct 2024 - 21:25:20.896 [main] INFO  o.a.catalina.core.StandardEngine - Starting Servlet engine: [Apache Tomcat/10.1.26]
16 Oct 2024 - 21:25:20.944 [main] INFO  o.a.c.c.C.[Tomcat].[localhost].[/] - Initializing Spring embedded WebApplicationContext
16 Oct 2024 - 21:25:20.944 [main] INFO  o.s.b.w.s.c.ServletWebServerApplicationContext - Root WebApplicationContext: initialization completed in 1194 ms
16 Oct 2024 - 21:25:21.064 [main] INFO  o.h.jpa.internal.util.LogHelper - HHH000204: Processing PersistenceUnitInfo [name: default]
16 Oct 2024 - 21:25:21.111 [main] INFO  org.hibernate.Version - HHH000412: Hibernate ORM core version 6.5.2.Final
16 Oct 2024 - 21:25:21.140 [main] INFO  o.h.c.i.RegionFactoryInitiator - HHH000026: Second-level cache disabled
16 Oct 2024 - 21:25:21.380 [main] INFO  o.s.o.j.p.SpringPersistenceUnitInfo - No LoadTimeWeaver setup: ignoring JPA class transformer
16 Oct 2024 - 21:25:21.410 [main] INFO  com.zaxxer.hikari.HikariDataSource - HikariPool-1 - Starting...
16 Oct 2024 - 21:25:21.533 [main] INFO  com.zaxxer.hikari.pool.HikariPool - HikariPool-1 - Added connection org.postgresql.jdbc.PgConnection@655909e2
16 Oct 2024 - 21:25:21.535 [main] INFO  com.zaxxer.hikari.HikariDataSource - HikariPool-1 - Start completed.
16 Oct 2024 - 21:25:21.573 [main] WARN  org.hibernate.orm.deprecation - HHH90000025: PostgreSQLDialect does not need to be specified explicitly using 'hibernate.dialect' (remove the property setting and it will be selected by default)
16 Oct 2024 - 21:25:22.206 [main] INFO  o.h.e.t.j.p.i.JtaPlatformInitiator - HHH000489: No JTA platform available (set 'hibernate.transaction.jta.platform' to enable JTA platform integration)
16 Oct 2024 - 21:25:22.258 [main] INFO  o.s.o.j.LocalContainerEntityManagerFactoryBean - Initialized JPA EntityManagerFactory for persistence unit 'default'
16 Oct 2024 - 21:25:22.411 [main] INFO  o.s.d.j.r.query.QueryEnhancerFactory - Hibernate is in classpath; If applicable, HQL parser will be used.
16 Oct 2024 - 21:25:22.866 [main] WARN  o.s.b.a.o.j.JpaBaseConfiguration$JpaWebConfiguration - spring.jpa.open-in-view is enabled by default. Therefore, database queries may be performed during view rendering. Explicitly configure spring.jpa.open-in-view to disable this warning
16 Oct 2024 - 21:25:22.900 [main] INFO  o.s.s.c.a.a.c.InitializeAuthenticationProviderBeanManagerConfigurer$InitializeAuthenticationProviderManagerConfigurer - Global AuthenticationManager configured with AuthenticationProvider bean with name authenticationProvider
16 Oct 2024 - 21:25:22.901 [main] WARN  o.s.s.c.a.a.c.InitializeUserDetailsBeanManagerConfigurer$InitializeUserDetailsManagerConfigurer - Global AuthenticationManager configured with an AuthenticationProvider bean. UserDetailsService beans will not be used for username/password login. Consider removing the AuthenticationProvider bean. Alternatively, consider using the UserDetailsService in a manually instantiated DaoAuthenticationProvider.
16 Oct 2024 - 21:25:23.515 [main] INFO  o.s.b.w.e.tomcat.TomcatWebServer - Tomcat started on port 8080 (http) with context path '/'
16 Oct 2024 - 21:25:23.525 [main] INFO  c.e.InterviewQuestionsApplication - Started InterviewQuestionsApplication in 4.11 seconds (process running for 4.517)
16 Oct 2024 - 21:25:23.654 [main] INFO  org.flywaydb.core.FlywayExecutor - Database: jdbc:postgresql://localhost:5432/Interview_questions (PostgreSQL 14.13)
16 Oct 2024 - 21:25:23.685 [main] INFO  o.f.core.internal.command.DbValidate - Successfully validated 1 migration (execution time 00:00.016s)
16 Oct 2024 - 21:25:23.694 [main] INFO  o.f.core.internal.command.DbMigrate - Current version of schema "public": 1
16 Oct 2024 - 21:25:23.695 [main] INFO  o.f.core.internal.command.DbMigrate - Schema "public" is up to date. No migration necessary.
16 Oct 2024 - 21:25:26.878 [http-nio-8080-exec-3] INFO  o.a.c.c.C.[Tomcat].[localhost].[/] - Initializing Spring DispatcherServlet 'dispatcherServlet'
16 Oct 2024 - 21:25:26.879 [http-nio-8080-exec-3] INFO  o.s.web.servlet.DispatcherServlet - Initializing Servlet 'dispatcherServlet'
16 Oct 2024 - 21:25:26.880 [http-nio-8080-exec-3] INFO  o.s.web.servlet.DispatcherServlet - Completed initialization in 1 ms
16 Oct 2024 - 21:27:40.805 [SpringApplicationShutdownHook] INFO  o.s.o.j.LocalContainerEntityManagerFactoryBean - Closing JPA EntityManagerFactory for persistence unit 'default'
16 Oct 2024 - 21:27:40.807 [SpringApplicationShutdownHook] INFO  com.zaxxer.hikari.HikariDataSource - HikariPool-1 - Shutdown initiated...
16 Oct 2024 - 21:27:40.809 [SpringApplicationShutdownHook] INFO  com.zaxxer.hikari.HikariDataSource - HikariPool-1 - Shutdown completed.
16 Oct 2024 - 21:27:45.205 [main] INFO  c.e.InterviewQuestionsApplication - Starting InterviewQuestionsApplication using Java 17.0.12 with PID 12348 (D:\JavaProject\Interview_questions\target\classes started by Xojiakbar in D:\JavaProject\Interview_questions)
16 Oct 2024 - 21:27:45.213 [main] INFO  c.e.InterviewQuestionsApplication - The following 1 profile is active: "dev"
16 Oct 2024 - 21:27:45.897 [main] INFO  o.s.d.r.c.RepositoryConfigurationDelegate - Bootstrapping Spring Data JPA repositories in DEFAULT mode.
16 Oct 2024 - 21:27:45.964 [main] INFO  o.s.d.r.c.RepositoryConfigurationDelegate - Finished Spring Data repository scanning in 59 ms. Found 2 JPA repository interfaces.
16 Oct 2024 - 21:27:46.434 [main] INFO  o.s.b.w.e.tomcat.TomcatWebServer - Tomcat initialized with port 8080 (http)
16 Oct 2024 - 21:27:46.444 [main] INFO  o.a.catalina.core.StandardService - Starting service [Tomcat]
16 Oct 2024 - 21:27:46.445 [main] INFO  o.a.catalina.core.StandardEngine - Starting Servlet engine: [Apache Tomcat/10.1.26]
16 Oct 2024 - 21:27:46.503 [main] INFO  o.a.c.c.C.[Tomcat].[localhost].[/] - Initializing Spring embedded WebApplicationContext
16 Oct 2024 - 21:27:46.504 [main] INFO  o.s.b.w.s.c.ServletWebServerApplicationContext - Root WebApplicationContext: initialization completed in 1261 ms
16 Oct 2024 - 21:27:46.601 [main] INFO  o.h.jpa.internal.util.LogHelper - HHH000204: Processing PersistenceUnitInfo [name: default]
16 Oct 2024 - 21:27:46.639 [main] INFO  org.hibernate.Version - HHH000412: Hibernate ORM core version 6.5.2.Final
16 Oct 2024 - 21:27:46.665 [main] INFO  o.h.c.i.RegionFactoryInitiator - HHH000026: Second-level cache disabled
16 Oct 2024 - 21:27:46.911 [main] INFO  o.s.o.j.p.SpringPersistenceUnitInfo - No LoadTimeWeaver setup: ignoring JPA class transformer
16 Oct 2024 - 21:27:46.933 [main] INFO  com.zaxxer.hikari.HikariDataSource - HikariPool-1 - Starting...
16 Oct 2024 - 21:27:47.089 [main] INFO  com.zaxxer.hikari.pool.HikariPool - HikariPool-1 - Added connection org.postgresql.jdbc.PgConnection@2b99c937
16 Oct 2024 - 21:27:47.091 [main] INFO  com.zaxxer.hikari.HikariDataSource - HikariPool-1 - Start completed.
16 Oct 2024 - 21:27:47.122 [main] WARN  org.hibernate.orm.deprecation - HHH90000025: PostgreSQLDialect does not need to be specified explicitly using 'hibernate.dialect' (remove the property setting and it will be selected by default)
16 Oct 2024 - 21:27:47.774 [main] INFO  o.h.e.t.j.p.i.JtaPlatformInitiator - HHH000489: No JTA platform available (set 'hibernate.transaction.jta.platform' to enable JTA platform integration)
16 Oct 2024 - 21:27:47.821 [main] INFO  o.s.o.j.LocalContainerEntityManagerFactoryBean - Initialized JPA EntityManagerFactory for persistence unit 'default'
16 Oct 2024 - 21:27:48.014 [main] INFO  o.s.d.j.r.query.QueryEnhancerFactory - Hibernate is in classpath; If applicable, HQL parser will be used.
16 Oct 2024 - 21:27:48.486 [main] WARN  o.s.b.a.o.j.JpaBaseConfiguration$JpaWebConfiguration - spring.jpa.open-in-view is enabled by default. Therefore, database queries may be performed during view rendering. Explicitly configure spring.jpa.open-in-view to disable this warning
16 Oct 2024 - 21:27:48.516 [main] INFO  o.s.s.c.a.a.c.InitializeAuthenticationProviderBeanManagerConfigurer$InitializeAuthenticationProviderManagerConfigurer - Global AuthenticationManager configured with AuthenticationProvider bean with name authenticationProvider
16 Oct 2024 - 21:27:48.516 [main] WARN  o.s.s.c.a.a.c.InitializeUserDetailsBeanManagerConfigurer$InitializeUserDetailsManagerConfigurer - Global AuthenticationManager configured with an AuthenticationProvider bean. UserDetailsService beans will not be used for username/password login. Consider removing the AuthenticationProvider bean. Alternatively, consider using the UserDetailsService in a manually instantiated DaoAuthenticationProvider.
16 Oct 2024 - 21:27:49.074 [main] INFO  o.s.b.w.e.tomcat.TomcatWebServer - Tomcat started on port 8080 (http) with context path '/'
16 Oct 2024 - 21:27:49.084 [main] INFO  c.e.InterviewQuestionsApplication - Started InterviewQuestionsApplication in 4.176 seconds (process running for 4.622)
16 Oct 2024 - 21:27:49.197 [main] INFO  org.flywaydb.core.FlywayExecutor - Database: jdbc:postgresql://localhost:5432/Interview_questions (PostgreSQL 14.13)
16 Oct 2024 - 21:27:49.228 [main] INFO  o.f.core.internal.command.DbValidate - Successfully validated 1 migration (execution time 00:00.016s)
16 Oct 2024 - 21:27:49.240 [main] INFO  o.f.core.internal.command.DbMigrate - Current version of schema "public": 1
16 Oct 2024 - 21:27:49.242 [main] INFO  o.f.core.internal.command.DbMigrate - Schema "public" is up to date. No migration necessary.
16 Oct 2024 - 21:27:51.516 [http-nio-8080-exec-1] INFO  o.a.c.c.C.[Tomcat].[localhost].[/] - Initializing Spring DispatcherServlet 'dispatcherServlet'
16 Oct 2024 - 21:27:51.516 [http-nio-8080-exec-1] INFO  o.s.web.servlet.DispatcherServlet - Initializing Servlet 'dispatcherServlet'
16 Oct 2024 - 21:27:51.518 [http-nio-8080-exec-1] INFO  o.s.web.servlet.DispatcherServlet - Completed initialization in 0 ms
16 Oct 2024 - 21:33:46.416 [SpringApplicationShutdownHook] INFO  o.s.o.j.LocalContainerEntityManagerFactoryBean - Closing JPA EntityManagerFactory for persistence unit 'default'
16 Oct 2024 - 21:33:46.418 [SpringApplicationShutdownHook] INFO  com.zaxxer.hikari.HikariDataSource - HikariPool-1 - Shutdown initiated...
16 Oct 2024 - 21:33:46.421 [SpringApplicationShutdownHook] INFO  com.zaxxer.hikari.HikariDataSource - HikariPool-1 - Shutdown completed.
16 Oct 2024 - 21:33:48.836 [main] INFO  c.e.InterviewQuestionsApplication - Starting InterviewQuestionsApplication using Java 17.0.12 with PID 5176 (D:\JavaProject\Interview_questions\target\classes started by Xojiakbar in D:\JavaProject\Interview_questions)
16 Oct 2024 - 21:33:48.844 [main] INFO  c.e.InterviewQuestionsApplication - The following 1 profile is active: "dev"
16 Oct 2024 - 21:33:49.549 [main] INFO  o.s.d.r.c.RepositoryConfigurationDelegate - Bootstrapping Spring Data JPA repositories in DEFAULT mode.
16 Oct 2024 - 21:33:49.601 [main] INFO  o.s.d.r.c.RepositoryConfigurationDelegate - Finished Spring Data repository scanning in 44 ms. Found 2 JPA repository interfaces.
16 Oct 2024 - 21:33:50.050 [main] INFO  o.s.b.w.e.tomcat.TomcatWebServer - Tomcat initialized with port 8080 (http)
16 Oct 2024 - 21:33:50.058 [main] INFO  o.a.catalina.core.StandardService - Starting service [Tomcat]
16 Oct 2024 - 21:33:50.059 [main] INFO  o.a.catalina.core.StandardEngine - Starting Servlet engine: [Apache Tomcat/10.1.26]
16 Oct 2024 - 21:33:50.106 [main] INFO  o.a.c.c.C.[Tomcat].[localhost].[/] - Initializing Spring embedded WebApplicationContext
16 Oct 2024 - 21:33:50.107 [main] INFO  o.s.b.w.s.c.ServletWebServerApplicationContext - Root WebApplicationContext: initialization completed in 1232 ms
16 Oct 2024 - 21:33:50.229 [main] INFO  o.h.jpa.internal.util.LogHelper - HHH000204: Processing PersistenceUnitInfo [name: default]
16 Oct 2024 - 21:33:50.280 [main] INFO  org.hibernate.Version - HHH000412: Hibernate ORM core version 6.5.2.Final
16 Oct 2024 - 21:33:50.306 [main] INFO  o.h.c.i.RegionFactoryInitiator - HHH000026: Second-level cache disabled
16 Oct 2024 - 21:33:50.540 [main] INFO  o.s.o.j.p.SpringPersistenceUnitInfo - No LoadTimeWeaver setup: ignoring JPA class transformer
16 Oct 2024 - 21:33:50.559 [main] INFO  com.zaxxer.hikari.HikariDataSource - HikariPool-1 - Starting...
16 Oct 2024 - 21:33:50.676 [main] INFO  com.zaxxer.hikari.pool.HikariPool - HikariPool-1 - Added connection org.postgresql.jdbc.PgConnection@1de12397
16 Oct 2024 - 21:33:50.677 [main] INFO  com.zaxxer.hikari.HikariDataSource - HikariPool-1 - Start completed.
16 Oct 2024 - 21:33:50.707 [main] WARN  org.hibernate.orm.deprecation - HHH90000025: PostgreSQLDialect does not need to be specified explicitly using 'hibernate.dialect' (remove the property setting and it will be selected by default)
16 Oct 2024 - 21:33:51.378 [main] INFO  o.h.e.t.j.p.i.JtaPlatformInitiator - HHH000489: No JTA platform available (set 'hibernate.transaction.jta.platform' to enable JTA platform integration)
16 Oct 2024 - 21:33:51.424 [main] INFO  o.s.o.j.LocalContainerEntityManagerFactoryBean - Initialized JPA EntityManagerFactory for persistence unit 'default'
16 Oct 2024 - 21:33:51.580 [main] INFO  o.s.d.j.r.query.QueryEnhancerFactory - Hibernate is in classpath; If applicable, HQL parser will be used.
16 Oct 2024 - 21:33:52.051 [main] WARN  o.s.b.a.o.j.JpaBaseConfiguration$JpaWebConfiguration - spring.jpa.open-in-view is enabled by default. Therefore, database queries may be performed during view rendering. Explicitly configure spring.jpa.open-in-view to disable this warning
16 Oct 2024 - 21:33:52.076 [main] INFO  o.s.s.c.a.a.c.InitializeAuthenticationProviderBeanManagerConfigurer$InitializeAuthenticationProviderManagerConfigurer - Global AuthenticationManager configured with AuthenticationProvider bean with name authenticationProvider
16 Oct 2024 - 21:33:52.077 [main] WARN  o.s.s.c.a.a.c.InitializeUserDetailsBeanManagerConfigurer$InitializeUserDetailsManagerConfigurer - Global AuthenticationManager configured with an AuthenticationProvider bean. UserDetailsService beans will not be used for username/password login. Consider removing the AuthenticationProvider bean. Alternatively, consider using the UserDetailsService in a manually instantiated DaoAuthenticationProvider.
16 Oct 2024 - 21:33:52.633 [main] INFO  o.s.b.w.e.tomcat.TomcatWebServer - Tomcat started on port 8080 (http) with context path '/'
16 Oct 2024 - 21:33:52.642 [main] INFO  c.e.InterviewQuestionsApplication - Started InterviewQuestionsApplication in 4.093 seconds (process running for 4.501)
16 Oct 2024 - 21:33:52.769 [main] INFO  org.flywaydb.core.FlywayExecutor - Database: jdbc:postgresql://localhost:5432/Interview_questions (PostgreSQL 14.13)
16 Oct 2024 - 21:33:52.819 [main] INFO  o.f.core.internal.command.DbValidate - Successfully validated 1 migration (execution time 00:00.026s)
16 Oct 2024 - 21:33:52.833 [main] INFO  o.f.core.internal.command.DbMigrate - Current version of schema "public": 1
16 Oct 2024 - 21:33:52.836 [main] INFO  o.f.core.internal.command.DbMigrate - Schema "public" is up to date. No migration necessary.
16 Oct 2024 - 21:33:57.985 [http-nio-8080-exec-1] INFO  o.a.c.c.C.[Tomcat].[localhost].[/] - Initializing Spring DispatcherServlet 'dispatcherServlet'
16 Oct 2024 - 21:33:57.985 [http-nio-8080-exec-1] INFO  o.s.web.servlet.DispatcherServlet - Initializing Servlet 'dispatcherServlet'
16 Oct 2024 - 21:33:57.987 [http-nio-8080-exec-1] INFO  o.s.web.servlet.DispatcherServlet - Completed initialization in 1 ms
16 Oct 2024 - 21:33:58.134 [http-nio-8080-exec-1] ERROR c.e.service.AuthorizationService - wrong status
16 Oct 2024 - 21:36:22.788 [SpringApplicationShutdownHook] INFO  o.s.o.j.LocalContainerEntityManagerFactoryBean - Closing JPA EntityManagerFactory for persistence unit 'default'
16 Oct 2024 - 21:36:22.790 [SpringApplicationShutdownHook] INFO  com.zaxxer.hikari.HikariDataSource - HikariPool-1 - Shutdown initiated...
16 Oct 2024 - 21:36:22.793 [SpringApplicationShutdownHook] INFO  com.zaxxer.hikari.HikariDataSource - HikariPool-1 - Shutdown completed.
16 Oct 2024 - 21:36:25.431 [main] INFO  c.e.InterviewQuestionsApplication - Starting InterviewQuestionsApplication using Java 17.0.12 with PID 12780 (D:\JavaProject\Interview_questions\target\classes started by Xojiakbar in D:\JavaProject\Interview_questions)
16 Oct 2024 - 21:36:25.440 [main] INFO  c.e.InterviewQuestionsApplication - The following 1 profile is active: "dev"
16 Oct 2024 - 21:36:26.142 [main] INFO  o.s.d.r.c.RepositoryConfigurationDelegate - Bootstrapping Spring Data JPA repositories in DEFAULT mode.
16 Oct 2024 - 21:36:26.204 [main] INFO  o.s.d.r.c.RepositoryConfigurationDelegate - Finished Spring Data repository scanning in 56 ms. Found 2 JPA repository interfaces.
16 Oct 2024 - 21:36:26.645 [main] INFO  o.s.b.w.e.tomcat.TomcatWebServer - Tomcat initialized with port 8080 (http)
16 Oct 2024 - 21:36:26.654 [main] INFO  o.a.catalina.core.StandardService - Starting service [Tomcat]
16 Oct 2024 - 21:36:26.654 [main] INFO  o.a.catalina.core.StandardEngine - Starting Servlet engine: [Apache Tomcat/10.1.26]
16 Oct 2024 - 21:36:26.707 [main] INFO  o.a.c.c.C.[Tomcat].[localhost].[/] - Initializing Spring embedded WebApplicationContext
16 Oct 2024 - 21:36:26.707 [main] INFO  o.s.b.w.s.c.ServletWebServerApplicationContext - Root WebApplicationContext: initialization completed in 1237 ms
16 Oct 2024 - 21:36:26.804 [main] INFO  o.h.jpa.internal.util.LogHelper - HHH000204: Processing PersistenceUnitInfo [name: default]
16 Oct 2024 - 21:36:26.856 [main] INFO  org.hibernate.Version - HHH000412: Hibernate ORM core version 6.5.2.Final
16 Oct 2024 - 21:36:26.885 [main] INFO  o.h.c.i.RegionFactoryInitiator - HHH000026: Second-level cache disabled
16 Oct 2024 - 21:36:27.220 [main] INFO  o.s.o.j.p.SpringPersistenceUnitInfo - No LoadTimeWeaver setup: ignoring JPA class transformer
16 Oct 2024 - 21:36:27.239 [main] INFO  com.zaxxer.hikari.HikariDataSource - HikariPool-1 - Starting...
16 Oct 2024 - 21:36:27.350 [main] INFO  com.zaxxer.hikari.pool.HikariPool - HikariPool-1 - Added connection org.postgresql.jdbc.PgConnection@655909e2
16 Oct 2024 - 21:36:27.351 [main] INFO  com.zaxxer.hikari.HikariDataSource - HikariPool-1 - Start completed.
16 Oct 2024 - 21:36:27.380 [main] WARN  org.hibernate.orm.deprecation - HHH90000025: PostgreSQLDialect does not need to be specified explicitly using 'hibernate.dialect' (remove the property setting and it will be selected by default)
16 Oct 2024 - 21:36:28.047 [main] INFO  o.h.e.t.j.p.i.JtaPlatformInitiator - HHH000489: No JTA platform available (set 'hibernate.transaction.jta.platform' to enable JTA platform integration)
16 Oct 2024 - 21:36:28.105 [main] INFO  o.s.o.j.LocalContainerEntityManagerFactoryBean - Initialized JPA EntityManagerFactory for persistence unit 'default'
16 Oct 2024 - 21:36:28.257 [main] INFO  o.s.d.j.r.query.QueryEnhancerFactory - Hibernate is in classpath; If applicable, HQL parser will be used.
16 Oct 2024 - 21:36:28.699 [main] WARN  o.s.b.a.o.j.JpaBaseConfiguration$JpaWebConfiguration - spring.jpa.open-in-view is enabled by default. Therefore, database queries may be performed during view rendering. Explicitly configure spring.jpa.open-in-view to disable this warning
16 Oct 2024 - 21:36:28.725 [main] INFO  o.s.s.c.a.a.c.InitializeAuthenticationProviderBeanManagerConfigurer$InitializeAuthenticationProviderManagerConfigurer - Global AuthenticationManager configured with AuthenticationProvider bean with name authenticationProvider
16 Oct 2024 - 21:36:28.727 [main] WARN  o.s.s.c.a.a.c.InitializeUserDetailsBeanManagerConfigurer$InitializeUserDetailsManagerConfigurer - Global AuthenticationManager configured with an AuthenticationProvider bean. UserDetailsService beans will not be used for username/password login. Consider removing the AuthenticationProvider bean. Alternatively, consider using the UserDetailsService in a manually instantiated DaoAuthenticationProvider.
16 Oct 2024 - 21:36:29.300 [main] INFO  o.s.b.w.e.tomcat.TomcatWebServer - Tomcat started on port 8080 (http) with context path '/'
16 Oct 2024 - 21:36:29.308 [main] INFO  c.e.InterviewQuestionsApplication - Started InterviewQuestionsApplication in 4.175 seconds (process running for 4.696)
16 Oct 2024 - 21:36:29.416 [main] INFO  org.flywaydb.core.FlywayExecutor - Database: jdbc:postgresql://localhost:5432/Interview_questions (PostgreSQL 14.13)
16 Oct 2024 - 21:36:29.453 [main] INFO  o.f.core.internal.command.DbValidate - Successfully validated 1 migration (execution time 00:00.017s)
16 Oct 2024 - 21:36:29.463 [main] INFO  o.f.core.internal.command.DbMigrate - Current version of schema "public": 1
16 Oct 2024 - 21:36:29.464 [main] INFO  o.f.core.internal.command.DbMigrate - Schema "public" is up to date. No migration necessary.
16 Oct 2024 - 21:36:34.257 [SpringApplicationShutdownHook] INFO  o.s.o.j.LocalContainerEntityManagerFactoryBean - Closing JPA EntityManagerFactory for persistence unit 'default'
16 Oct 2024 - 21:36:34.259 [SpringApplicationShutdownHook] INFO  com.zaxxer.hikari.HikariDataSource - HikariPool-1 - Shutdown initiated...
16 Oct 2024 - 21:36:34.261 [SpringApplicationShutdownHook] INFO  com.zaxxer.hikari.HikariDataSource - HikariPool-1 - Shutdown completed.
16 Oct 2024 - 21:36:38.253 [main] INFO  c.e.InterviewQuestionsApplication - Starting InterviewQuestionsApplication using Java 17.0.12 with PID 1476 (D:\JavaProject\Interview_questions\target\classes started by Xojiakbar in D:\JavaProject\Interview_questions)
16 Oct 2024 - 21:36:38.264 [main] INFO  c.e.InterviewQuestionsApplication - The following 1 profile is active: "dev"
16 Oct 2024 - 21:36:38.995 [main] INFO  o.s.d.r.c.RepositoryConfigurationDelegate - Bootstrapping Spring Data JPA repositories in DEFAULT mode.
16 Oct 2024 - 21:36:39.047 [main] INFO  o.s.d.r.c.RepositoryConfigurationDelegate - Finished Spring Data repository scanning in 46 ms. Found 2 JPA repository interfaces.
16 Oct 2024 - 21:36:39.570 [main] INFO  o.s.b.w.e.tomcat.TomcatWebServer - Tomcat initialized with port 8080 (http)
16 Oct 2024 - 21:36:39.583 [main] INFO  o.a.catalina.core.StandardService - Starting service [Tomcat]
16 Oct 2024 - 21:36:39.583 [main] INFO  o.a.catalina.core.StandardEngine - Starting Servlet engine: [Apache Tomcat/10.1.26]
16 Oct 2024 - 21:36:39.648 [main] INFO  o.a.c.c.C.[Tomcat].[localhost].[/] - Initializing Spring embedded WebApplicationContext
16 Oct 2024 - 21:36:39.649 [main] INFO  o.s.b.w.s.c.ServletWebServerApplicationContext - Root WebApplicationContext: initialization completed in 1347 ms
16 Oct 2024 - 21:36:39.745 [main] INFO  o.h.jpa.internal.util.LogHelper - HHH000204: Processing PersistenceUnitInfo [name: default]
16 Oct 2024 - 21:36:39.782 [main] INFO  org.hibernate.Version - HHH000412: Hibernate ORM core version 6.5.2.Final
16 Oct 2024 - 21:36:39.808 [main] INFO  o.h.c.i.RegionFactoryInitiator - HHH000026: Second-level cache disabled
16 Oct 2024 - 21:36:40.037 [main] INFO  o.s.o.j.p.SpringPersistenceUnitInfo - No LoadTimeWeaver setup: ignoring JPA class transformer
16 Oct 2024 - 21:36:40.056 [main] INFO  com.zaxxer.hikari.HikariDataSource - HikariPool-1 - Starting...
16 Oct 2024 - 21:36:40.243 [main] INFO  com.zaxxer.hikari.pool.HikariPool - HikariPool-1 - Added connection org.postgresql.jdbc.PgConnection@30704f85
16 Oct 2024 - 21:36:40.245 [main] INFO  com.zaxxer.hikari.HikariDataSource - HikariPool-1 - Start completed.
16 Oct 2024 - 21:36:40.280 [main] WARN  org.hibernate.orm.deprecation - HHH90000025: PostgreSQLDialect does not need to be specified explicitly using 'hibernate.dialect' (remove the property setting and it will be selected by default)
16 Oct 2024 - 21:36:40.943 [main] INFO  o.h.e.t.j.p.i.JtaPlatformInitiator - HHH000489: No JTA platform available (set 'hibernate.transaction.jta.platform' to enable JTA platform integration)
16 Oct 2024 - 21:36:40.989 [main] INFO  o.s.o.j.LocalContainerEntityManagerFactoryBean - Initialized JPA EntityManagerFactory for persistence unit 'default'
16 Oct 2024 - 21:36:41.142 [main] INFO  o.s.d.j.r.query.QueryEnhancerFactory - Hibernate is in classpath; If applicable, HQL parser will be used.
16 Oct 2024 - 21:36:41.614 [main] WARN  o.s.b.a.o.j.JpaBaseConfiguration$JpaWebConfiguration - spring.jpa.open-in-view is enabled by default. Therefore, database queries may be performed during view rendering. Explicitly configure spring.jpa.open-in-view to disable this warning
16 Oct 2024 - 21:36:41.656 [main] INFO  o.s.s.c.a.a.c.InitializeAuthenticationProviderBeanManagerConfigurer$InitializeAuthenticationProviderManagerConfigurer - Global AuthenticationManager configured with AuthenticationProvider bean with name authenticationProvider
16 Oct 2024 - 21:36:41.657 [main] WARN  o.s.s.c.a.a.c.InitializeUserDetailsBeanManagerConfigurer$InitializeUserDetailsManagerConfigurer - Global AuthenticationManager configured with an AuthenticationProvider bean. UserDetailsService beans will not be used for username/password login. Consider removing the AuthenticationProvider bean. Alternatively, consider using the UserDetailsService in a manually instantiated DaoAuthenticationProvider.
16 Oct 2024 - 21:36:42.261 [main] INFO  o.s.b.w.e.tomcat.TomcatWebServer - Tomcat started on port 8080 (http) with context path '/'
16 Oct 2024 - 21:36:42.270 [main] INFO  c.e.InterviewQuestionsApplication - Started InterviewQuestionsApplication in 4.31 seconds (process running for 4.736)
16 Oct 2024 - 21:36:42.393 [main] INFO  org.flywaydb.core.FlywayExecutor - Database: jdbc:postgresql://localhost:5432/Interview_questions (PostgreSQL 14.13)
16 Oct 2024 - 21:36:42.425 [main] INFO  o.f.core.internal.command.DbValidate - Successfully validated 1 migration (execution time 00:00.017s)
16 Oct 2024 - 21:36:42.435 [main] INFO  o.f.core.internal.command.DbMigrate - Current version of schema "public": 1
16 Oct 2024 - 21:36:42.436 [main] INFO  o.f.core.internal.command.DbMigrate - Schema "public" is up to date. No migration necessary.
16 Oct 2024 - 21:36:47.971 [http-nio-8080-exec-1] INFO  o.a.c.c.C.[Tomcat].[localhost].[/] - Initializing Spring DispatcherServlet 'dispatcherServlet'
16 Oct 2024 - 21:36:47.972 [http-nio-8080-exec-1] INFO  o.s.web.servlet.DispatcherServlet - Initializing Servlet 'dispatcherServlet'
16 Oct 2024 - 21:36:47.973 [http-nio-8080-exec-1] INFO  o.s.web.servlet.DispatcherServlet - Completed initialization in 1 ms
16 Oct 2024 - 21:37:29.311 [http-nio-8080-exec-3] INFO  c.e.service.AuthorizationService - Phone already exists
