15 Oct 2024 - 17:53:41.544 [main] INFO  c.e.InterviewQuestionsApplication - Starting InterviewQuestionsApplication using Java 17.0.12 with PID 392 (D:\JavaProject\Interview_questions\target\classes started by Xojiakbar in D:\JavaProject\Interview_questions)
15 Oct 2024 - 17:53:41.566 [main] INFO  c.e.InterviewQuestionsApplication - The following 1 profile is active: "dev"
15 Oct 2024 - 17:53:42.764 [main] INFO  o.s.d.r.c.RepositoryConfigurationDelegate - Bootstrapping Spring Data JPA repositories in DEFAULT mode.
15 Oct 2024 - 17:53:42.860 [main] INFO  o.s.d.r.c.RepositoryConfigurationDelegate - Finished Spring Data repository scanning in 82 ms. Found 2 JPA repository interfaces.
15 Oct 2024 - 17:53:43.575 [main] INFO  o.s.b.w.e.tomcat.TomcatWebServer - Tomcat initialized with port 8080 (http)
15 Oct 2024 - 17:53:43.591 [main] INFO  o.a.catalina.core.StandardService - Starting service [Tomcat]
15 Oct 2024 - 17:53:43.592 [main] INFO  o.a.catalina.core.StandardEngine - Starting Servlet engine: [Apache Tomcat/10.1.26]
15 Oct 2024 - 17:53:43.671 [main] INFO  o.a.c.c.C.[Tomcat].[localhost].[/] - Initializing Spring embedded WebApplicationContext
15 Oct 2024 - 17:53:43.672 [main] INFO  o.s.b.w.s.c.ServletWebServerApplicationContext - Root WebApplicationContext: initialization completed in 2051 ms
15 Oct 2024 - 17:53:43.829 [main] INFO  o.h.jpa.internal.util.LogHelper - HHH000204: Processing PersistenceUnitInfo [name: default]
15 Oct 2024 - 17:53:43.923 [main] INFO  org.hibernate.Version - HHH000412: Hibernate ORM core version 6.5.2.Final
15 Oct 2024 - 17:53:43.967 [main] INFO  o.h.c.i.RegionFactoryInitiator - HHH000026: Second-level cache disabled
15 Oct 2024 - 17:53:44.378 [main] INFO  o.s.o.j.p.SpringPersistenceUnitInfo - No LoadTimeWeaver setup: ignoring JPA class transformer
15 Oct 2024 - 17:53:44.424 [main] INFO  com.zaxxer.hikari.HikariDataSource - HikariPool-1 - Starting...
15 Oct 2024 - 17:53:44.663 [main] INFO  com.zaxxer.hikari.pool.HikariPool - HikariPool-1 - Added connection org.postgresql.jdbc.PgConnection@27dfd12b
15 Oct 2024 - 17:53:44.665 [main] INFO  com.zaxxer.hikari.HikariDataSource - HikariPool-1 - Start completed.
15 Oct 2024 - 17:53:44.753 [main] WARN  org.hibernate.orm.deprecation - HHH90000025: PostgreSQLDialect does not need to be specified explicitly using 'hibernate.dialect' (remove the property setting and it will be selected by default)
15 Oct 2024 - 17:53:45.990 [main] INFO  o.h.e.t.j.p.i.JtaPlatformInitiator - HHH000489: No JTA platform available (set 'hibernate.transaction.jta.platform' to enable JTA platform integration)
15 Oct 2024 - 17:53:46.176 [main] INFO  o.s.o.j.LocalContainerEntityManagerFactoryBean - Initialized JPA EntityManagerFactory for persistence unit 'default'
15 Oct 2024 - 17:53:46.837 [main] WARN  o.s.b.a.o.j.JpaBaseConfiguration$JpaWebConfiguration - spring.jpa.open-in-view is enabled by default. Therefore, database queries may be performed during view rendering. Explicitly configure spring.jpa.open-in-view to disable this warning
15 Oct 2024 - 17:53:46.873 [main] INFO  o.s.s.c.a.a.c.InitializeAuthenticationProviderBeanManagerConfigurer$InitializeAuthenticationProviderManagerConfigurer - Global AuthenticationManager configured with AuthenticationProvider bean with name authenticationProvider
15 Oct 2024 - 17:53:46.874 [main] WARN  o.s.s.c.a.a.c.InitializeUserDetailsBeanManagerConfigurer$InitializeUserDetailsManagerConfigurer - Global AuthenticationManager configured with an AuthenticationProvider bean. UserDetailsService beans will not be used for username/password login. Consider removing the AuthenticationProvider bean. Alternatively, consider using the UserDetailsService in a manually instantiated DaoAuthenticationProvider.
15 Oct 2024 - 17:53:47.722 [main] INFO  o.s.b.w.e.tomcat.TomcatWebServer - Tomcat started on port 8080 (http) with context path '/'
15 Oct 2024 - 17:53:47.739 [main] INFO  c.e.InterviewQuestionsApplication - Started InterviewQuestionsApplication in 6.768 seconds (process running for 7.448)
15 Oct 2024 - 17:53:47.919 [main] INFO  org.flywaydb.core.FlywayExecutor - Database: jdbc:postgresql://localhost:5432/Interview_questions (PostgreSQL 14.13)
15 Oct 2024 - 17:53:47.985 [main] INFO  o.f.core.internal.command.DbValidate - Successfully validated 1 migration (execution time 00:00.026s)
15 Oct 2024 - 17:53:48.000 [main] INFO  o.f.core.internal.command.DbMigrate - Current version of schema "public": 1
15 Oct 2024 - 17:53:48.004 [main] INFO  o.f.core.internal.command.DbMigrate - Schema "public" is up to date. No migration necessary.
15 Oct 2024 - 17:55:35.196 [SpringApplicationShutdownHook] INFO  o.s.o.j.LocalContainerEntityManagerFactoryBean - Closing JPA EntityManagerFactory for persistence unit 'default'
15 Oct 2024 - 17:55:35.198 [SpringApplicationShutdownHook] INFO  com.zaxxer.hikari.HikariDataSource - HikariPool-1 - Shutdown initiated...
15 Oct 2024 - 17:55:35.202 [SpringApplicationShutdownHook] INFO  com.zaxxer.hikari.HikariDataSource - HikariPool-1 - Shutdown completed.
15 Oct 2024 - 17:55:43.523 [main] INFO  c.e.InterviewQuestionsApplication - Starting InterviewQuestionsApplication using Java 17.0.12 with PID 12928 (D:\JavaProject\Interview_questions\target\classes started by Xojiakbar in D:\JavaProject\Interview_questions)
15 Oct 2024 - 17:55:43.536 [main] INFO  c.e.InterviewQuestionsApplication - The following 1 profile is active: "dev"
15 Oct 2024 - 17:55:44.645 [main] INFO  o.s.d.r.c.RepositoryConfigurationDelegate - Bootstrapping Spring Data JPA repositories in DEFAULT mode.
15 Oct 2024 - 17:55:44.739 [main] INFO  o.s.d.r.c.RepositoryConfigurationDelegate - Finished Spring Data repository scanning in 83 ms. Found 2 JPA repository interfaces.
15 Oct 2024 - 17:55:45.392 [main] INFO  o.s.b.w.e.tomcat.TomcatWebServer - Tomcat initialized with port 8080 (http)
15 Oct 2024 - 17:55:45.406 [main] INFO  o.a.catalina.core.StandardService - Starting service [Tomcat]
15 Oct 2024 - 17:55:45.407 [main] INFO  o.a.catalina.core.StandardEngine - Starting Servlet engine: [Apache Tomcat/10.1.26]
15 Oct 2024 - 17:55:45.527 [main] INFO  o.a.c.c.C.[Tomcat].[localhost].[/] - Initializing Spring embedded WebApplicationContext
15 Oct 2024 - 17:55:45.529 [main] INFO  o.s.b.w.s.c.ServletWebServerApplicationContext - Root WebApplicationContext: initialization completed in 1945 ms
15 Oct 2024 - 17:55:45.671 [main] INFO  o.h.jpa.internal.util.LogHelper - HHH000204: Processing PersistenceUnitInfo [name: default]
15 Oct 2024 - 17:55:45.717 [main] INFO  org.hibernate.Version - HHH000412: Hibernate ORM core version 6.5.2.Final
15 Oct 2024 - 17:55:45.752 [main] INFO  o.h.c.i.RegionFactoryInitiator - HHH000026: Second-level cache disabled
15 Oct 2024 - 17:55:46.046 [main] INFO  o.s.o.j.p.SpringPersistenceUnitInfo - No LoadTimeWeaver setup: ignoring JPA class transformer
15 Oct 2024 - 17:55:46.069 [main] INFO  com.zaxxer.hikari.HikariDataSource - HikariPool-1 - Starting...
15 Oct 2024 - 17:55:46.226 [main] INFO  com.zaxxer.hikari.pool.HikariPool - HikariPool-1 - Added connection org.postgresql.jdbc.PgConnection@6fd9dbe6
15 Oct 2024 - 17:55:46.228 [main] INFO  com.zaxxer.hikari.HikariDataSource - HikariPool-1 - Start completed.
15 Oct 2024 - 17:55:46.275 [main] WARN  org.hibernate.orm.deprecation - HHH90000025: PostgreSQLDialect does not need to be specified explicitly using 'hibernate.dialect' (remove the property setting and it will be selected by default)
15 Oct 2024 - 17:55:47.236 [main] INFO  o.h.e.t.j.p.i.JtaPlatformInitiator - HHH000489: No JTA platform available (set 'hibernate.transaction.jta.platform' to enable JTA platform integration)
15 Oct 2024 - 17:55:47.324 [main] INFO  o.s.o.j.LocalContainerEntityManagerFactoryBean - Initialized JPA EntityManagerFactory for persistence unit 'default'
15 Oct 2024 - 17:55:48.008 [main] WARN  o.s.b.a.o.j.JpaBaseConfiguration$JpaWebConfiguration - spring.jpa.open-in-view is enabled by default. Therefore, database queries may be performed during view rendering. Explicitly configure spring.jpa.open-in-view to disable this warning
15 Oct 2024 - 17:55:48.053 [main] INFO  o.s.s.c.a.a.c.InitializeAuthenticationProviderBeanManagerConfigurer$InitializeAuthenticationProviderManagerConfigurer - Global AuthenticationManager configured with AuthenticationProvider bean with name authenticationProvider
15 Oct 2024 - 17:55:48.054 [main] WARN  o.s.s.c.a.a.c.InitializeUserDetailsBeanManagerConfigurer$InitializeUserDetailsManagerConfigurer - Global AuthenticationManager configured with an AuthenticationProvider bean. UserDetailsService beans will not be used for username/password login. Consider removing the AuthenticationProvider bean. Alternatively, consider using the UserDetailsService in a manually instantiated DaoAuthenticationProvider.
15 Oct 2024 - 17:55:48.978 [main] INFO  o.s.b.w.e.tomcat.TomcatWebServer - Tomcat started on port 8080 (http) with context path '/'
15 Oct 2024 - 17:55:48.991 [main] INFO  c.e.InterviewQuestionsApplication - Started InterviewQuestionsApplication in 5.937 seconds (process running for 6.599)
15 Oct 2024 - 17:55:49.127 [main] INFO  org.flywaydb.core.FlywayExecutor - Database: jdbc:postgresql://localhost:5432/Interview_questions (PostgreSQL 14.13)
15 Oct 2024 - 17:55:49.211 [main] INFO  o.f.core.internal.command.DbValidate - Successfully validated 1 migration (execution time 00:00.034s)
15 Oct 2024 - 17:55:49.229 [main] INFO  o.f.core.internal.command.DbMigrate - Current version of schema "public": 1
15 Oct 2024 - 17:55:49.232 [main] INFO  o.f.core.internal.command.DbMigrate - Schema "public" is up to date. No migration necessary.
15 Oct 2024 - 17:56:02.349 [http-nio-8080-exec-1] INFO  o.a.c.c.C.[Tomcat].[localhost].[/] - Initializing Spring DispatcherServlet 'dispatcherServlet'
15 Oct 2024 - 17:56:02.350 [http-nio-8080-exec-1] INFO  o.s.web.servlet.DispatcherServlet - Initializing Servlet 'dispatcherServlet'
15 Oct 2024 - 17:56:02.351 [http-nio-8080-exec-1] INFO  o.s.web.servlet.DispatcherServlet - Completed initialization in 1 ms
15 Oct 2024 - 17:56:35.639 [SpringApplicationShutdownHook] INFO  o.s.o.j.LocalContainerEntityManagerFactoryBean - Closing JPA EntityManagerFactory for persistence unit 'default'
15 Oct 2024 - 17:56:35.642 [SpringApplicationShutdownHook] INFO  com.zaxxer.hikari.HikariDataSource - HikariPool-1 - Shutdown initiated...
15 Oct 2024 - 17:56:35.648 [SpringApplicationShutdownHook] INFO  com.zaxxer.hikari.HikariDataSource - HikariPool-1 - Shutdown completed.
15 Oct 2024 - 17:56:44.058 [main] INFO  c.e.InterviewQuestionsApplication - Starting InterviewQuestionsApplication using Java 17.0.12 with PID 4188 (D:\JavaProject\Interview_questions\target\classes started by Xojiakbar in D:\JavaProject\Interview_questions)
15 Oct 2024 - 17:56:44.072 [main] INFO  c.e.InterviewQuestionsApplication - The following 1 profile is active: "dev"
15 Oct 2024 - 17:56:45.072 [main] INFO  o.s.d.r.c.RepositoryConfigurationDelegate - Bootstrapping Spring Data JPA repositories in DEFAULT mode.
15 Oct 2024 - 17:56:45.153 [main] INFO  o.s.d.r.c.RepositoryConfigurationDelegate - Finished Spring Data repository scanning in 72 ms. Found 2 JPA repository interfaces.
15 Oct 2024 - 17:56:45.758 [main] INFO  o.s.b.w.e.tomcat.TomcatWebServer - Tomcat initialized with port 8080 (http)
15 Oct 2024 - 17:56:45.770 [main] INFO  o.a.catalina.core.StandardService - Starting service [Tomcat]
15 Oct 2024 - 17:56:45.771 [main] INFO  o.a.catalina.core.StandardEngine - Starting Servlet engine: [Apache Tomcat/10.1.26]
15 Oct 2024 - 17:56:45.897 [main] INFO  o.a.c.c.C.[Tomcat].[localhost].[/] - Initializing Spring embedded WebApplicationContext
15 Oct 2024 - 17:56:45.898 [main] INFO  o.s.b.w.s.c.ServletWebServerApplicationContext - Root WebApplicationContext: initialization completed in 1786 ms
15 Oct 2024 - 17:56:46.050 [main] INFO  o.h.jpa.internal.util.LogHelper - HHH000204: Processing PersistenceUnitInfo [name: default]
15 Oct 2024 - 17:56:46.104 [main] INFO  org.hibernate.Version - HHH000412: Hibernate ORM core version 6.5.2.Final
15 Oct 2024 - 17:56:46.137 [main] INFO  o.h.c.i.RegionFactoryInitiator - HHH000026: Second-level cache disabled
15 Oct 2024 - 17:56:46.439 [main] INFO  o.s.o.j.p.SpringPersistenceUnitInfo - No LoadTimeWeaver setup: ignoring JPA class transformer
15 Oct 2024 - 17:56:46.468 [main] INFO  com.zaxxer.hikari.HikariDataSource - HikariPool-1 - Starting...
15 Oct 2024 - 17:56:46.644 [main] INFO  com.zaxxer.hikari.pool.HikariPool - HikariPool-1 - Added connection org.postgresql.jdbc.PgConnection@32f308c6
15 Oct 2024 - 17:56:46.647 [main] INFO  com.zaxxer.hikari.HikariDataSource - HikariPool-1 - Start completed.
15 Oct 2024 - 17:56:46.691 [main] WARN  org.hibernate.orm.deprecation - HHH90000025: PostgreSQLDialect does not need to be specified explicitly using 'hibernate.dialect' (remove the property setting and it will be selected by default)
15 Oct 2024 - 17:56:47.708 [main] INFO  o.h.e.t.j.p.i.JtaPlatformInitiator - HHH000489: No JTA platform available (set 'hibernate.transaction.jta.platform' to enable JTA platform integration)
15 Oct 2024 - 17:56:47.799 [main] INFO  o.s.o.j.LocalContainerEntityManagerFactoryBean - Initialized JPA EntityManagerFactory for persistence unit 'default'
15 Oct 2024 - 17:56:48.367 [main] WARN  o.s.b.a.o.j.JpaBaseConfiguration$JpaWebConfiguration - spring.jpa.open-in-view is enabled by default. Therefore, database queries may be performed during view rendering. Explicitly configure spring.jpa.open-in-view to disable this warning
15 Oct 2024 - 17:56:48.411 [main] INFO  o.s.s.c.a.a.c.InitializeAuthenticationProviderBeanManagerConfigurer$InitializeAuthenticationProviderManagerConfigurer - Global AuthenticationManager configured with AuthenticationProvider bean with name authenticationProvider
15 Oct 2024 - 17:56:48.412 [main] WARN  o.s.s.c.a.a.c.InitializeUserDetailsBeanManagerConfigurer$InitializeUserDetailsManagerConfigurer - Global AuthenticationManager configured with an AuthenticationProvider bean. UserDetailsService beans will not be used for username/password login. Consider removing the AuthenticationProvider bean. Alternatively, consider using the UserDetailsService in a manually instantiated DaoAuthenticationProvider.
15 Oct 2024 - 17:56:49.215 [main] INFO  o.s.b.w.e.tomcat.TomcatWebServer - Tomcat started on port 8080 (http) with context path '/'
15 Oct 2024 - 17:56:49.226 [main] INFO  c.e.InterviewQuestionsApplication - Started InterviewQuestionsApplication in 5.597 seconds (process running for 6.192)
15 Oct 2024 - 17:56:49.398 [main] INFO  org.flywaydb.core.FlywayExecutor - Database: jdbc:postgresql://localhost:5432/Interview_questions (PostgreSQL 14.13)
15 Oct 2024 - 17:56:49.444 [main] INFO  o.f.core.internal.command.DbValidate - Successfully validated 1 migration (execution time 00:00.026s)
15 Oct 2024 - 17:56:49.458 [main] INFO  o.f.core.internal.command.DbMigrate - Current version of schema "public": 1
15 Oct 2024 - 17:56:49.461 [main] INFO  o.f.core.internal.command.DbMigrate - Schema "public" is up to date. No migration necessary.
15 Oct 2024 - 17:57:45.316 [SpringApplicationShutdownHook] INFO  o.s.o.j.LocalContainerEntityManagerFactoryBean - Closing JPA EntityManagerFactory for persistence unit 'default'
15 Oct 2024 - 17:57:45.318 [SpringApplicationShutdownHook] INFO  com.zaxxer.hikari.HikariDataSource - HikariPool-1 - Shutdown initiated...
15 Oct 2024 - 17:57:45.320 [SpringApplicationShutdownHook] INFO  com.zaxxer.hikari.HikariDataSource - HikariPool-1 - Shutdown completed.
15 Oct 2024 - 17:57:50.622 [main] INFO  c.e.InterviewQuestionsApplication - Starting InterviewQuestionsApplication using Java 17.0.12 with PID 13676 (D:\JavaProject\Interview_questions\target\classes started by Xojiakbar in D:\JavaProject\Interview_questions)
15 Oct 2024 - 17:57:50.636 [main] INFO  c.e.InterviewQuestionsApplication - The following 1 profile is active: "dev"
15 Oct 2024 - 17:57:51.740 [main] INFO  o.s.d.r.c.RepositoryConfigurationDelegate - Bootstrapping Spring Data JPA repositories in DEFAULT mode.
15 Oct 2024 - 17:57:51.827 [main] INFO  o.s.d.r.c.RepositoryConfigurationDelegate - Finished Spring Data repository scanning in 76 ms. Found 2 JPA repository interfaces.
15 Oct 2024 - 17:57:52.516 [main] INFO  o.s.b.w.e.tomcat.TomcatWebServer - Tomcat initialized with port 8080 (http)
15 Oct 2024 - 17:57:52.530 [main] INFO  o.a.catalina.core.StandardService - Starting service [Tomcat]
15 Oct 2024 - 17:57:52.531 [main] INFO  o.a.catalina.core.StandardEngine - Starting Servlet engine: [Apache Tomcat/10.1.26]
15 Oct 2024 - 17:57:52.602 [main] INFO  o.a.c.c.C.[Tomcat].[localhost].[/] - Initializing Spring embedded WebApplicationContext
15 Oct 2024 - 17:57:52.603 [main] INFO  o.s.b.w.s.c.ServletWebServerApplicationContext - Root WebApplicationContext: initialization completed in 1921 ms
15 Oct 2024 - 17:57:52.728 [main] INFO  o.h.jpa.internal.util.LogHelper - HHH000204: Processing PersistenceUnitInfo [name: default]
15 Oct 2024 - 17:57:52.777 [main] INFO  org.hibernate.Version - HHH000412: Hibernate ORM core version 6.5.2.Final
15 Oct 2024 - 17:57:52.810 [main] INFO  o.h.c.i.RegionFactoryInitiator - HHH000026: Second-level cache disabled
15 Oct 2024 - 17:57:53.141 [main] INFO  o.s.o.j.p.SpringPersistenceUnitInfo - No LoadTimeWeaver setup: ignoring JPA class transformer
15 Oct 2024 - 17:57:53.175 [main] INFO  com.zaxxer.hikari.HikariDataSource - HikariPool-1 - Starting...
15 Oct 2024 - 17:57:53.398 [main] INFO  com.zaxxer.hikari.pool.HikariPool - HikariPool-1 - Added connection org.postgresql.jdbc.PgConnection@7b3085a3
15 Oct 2024 - 17:57:53.401 [main] INFO  com.zaxxer.hikari.HikariDataSource - HikariPool-1 - Start completed.
15 Oct 2024 - 17:57:53.448 [main] WARN  org.hibernate.orm.deprecation - HHH90000025: PostgreSQLDialect does not need to be specified explicitly using 'hibernate.dialect' (remove the property setting and it will be selected by default)
15 Oct 2024 - 17:57:54.428 [main] INFO  o.h.e.t.j.p.i.JtaPlatformInitiator - HHH000489: No JTA platform available (set 'hibernate.transaction.jta.platform' to enable JTA platform integration)
15 Oct 2024 - 17:57:54.518 [main] INFO  o.s.o.j.LocalContainerEntityManagerFactoryBean - Initialized JPA EntityManagerFactory for persistence unit 'default'
15 Oct 2024 - 17:57:55.175 [main] WARN  o.s.b.a.o.j.JpaBaseConfiguration$JpaWebConfiguration - spring.jpa.open-in-view is enabled by default. Therefore, database queries may be performed during view rendering. Explicitly configure spring.jpa.open-in-view to disable this warning
15 Oct 2024 - 17:57:55.233 [main] INFO  o.s.s.c.a.a.c.InitializeAuthenticationProviderBeanManagerConfigurer$InitializeAuthenticationProviderManagerConfigurer - Global AuthenticationManager configured with AuthenticationProvider bean with name authenticationProvider
15 Oct 2024 - 17:57:55.235 [main] WARN  o.s.s.c.a.a.c.InitializeUserDetailsBeanManagerConfigurer$InitializeUserDetailsManagerConfigurer - Global AuthenticationManager configured with an AuthenticationProvider bean. UserDetailsService beans will not be used for username/password login. Consider removing the AuthenticationProvider bean. Alternatively, consider using the UserDetailsService in a manually instantiated DaoAuthenticationProvider.
15 Oct 2024 - 17:57:56.159 [main] INFO  o.s.b.w.e.tomcat.TomcatWebServer - Tomcat started on port 8080 (http) with context path '/'
15 Oct 2024 - 17:57:56.171 [main] INFO  c.e.InterviewQuestionsApplication - Started InterviewQuestionsApplication in 5.989 seconds (process running for 6.639)
15 Oct 2024 - 17:57:56.324 [main] INFO  org.flywaydb.core.FlywayExecutor - Database: jdbc:postgresql://localhost:5432/Interview_questions (PostgreSQL 14.13)
15 Oct 2024 - 17:57:56.381 [main] INFO  o.f.core.internal.command.DbValidate - Successfully validated 1 migration (execution time 00:00.032s)
15 Oct 2024 - 17:57:56.405 [main] INFO  o.f.core.internal.command.DbMigrate - Current version of schema "public": 1
15 Oct 2024 - 17:57:56.408 [main] INFO  o.f.core.internal.command.DbMigrate - Schema "public" is up to date. No migration necessary.
15 Oct 2024 - 17:58:00.154 [http-nio-8080-exec-1] INFO  o.a.c.c.C.[Tomcat].[localhost].[/] - Initializing Spring DispatcherServlet 'dispatcherServlet'
15 Oct 2024 - 17:58:00.154 [http-nio-8080-exec-1] INFO  o.s.web.servlet.DispatcherServlet - Initializing Servlet 'dispatcherServlet'
15 Oct 2024 - 17:58:00.156 [http-nio-8080-exec-1] INFO  o.s.web.servlet.DispatcherServlet - Completed initialization in 1 ms
15 Oct 2024 - 18:05:24.343 [SpringApplicationShutdownHook] INFO  o.s.o.j.LocalContainerEntityManagerFactoryBean - Closing JPA EntityManagerFactory for persistence unit 'default'
15 Oct 2024 - 18:05:24.347 [SpringApplicationShutdownHook] INFO  com.zaxxer.hikari.HikariDataSource - HikariPool-1 - Shutdown initiated...
15 Oct 2024 - 18:05:24.351 [SpringApplicationShutdownHook] INFO  com.zaxxer.hikari.HikariDataSource - HikariPool-1 - Shutdown completed.
15 Oct 2024 - 18:05:29.592 [main] INFO  c.e.InterviewQuestionsApplication - Starting InterviewQuestionsApplication using Java 17.0.12 with PID 1992 (D:\JavaProject\Interview_questions\target\classes started by Xojiakbar in D:\JavaProject\Interview_questions)
15 Oct 2024 - 18:05:29.608 [main] INFO  c.e.InterviewQuestionsApplication - The following 1 profile is active: "dev"
15 Oct 2024 - 18:05:30.612 [main] INFO  o.s.d.r.c.RepositoryConfigurationDelegate - Bootstrapping Spring Data JPA repositories in DEFAULT mode.
15 Oct 2024 - 18:05:30.697 [main] INFO  o.s.d.r.c.RepositoryConfigurationDelegate - Finished Spring Data repository scanning in 74 ms. Found 2 JPA repository interfaces.
15 Oct 2024 - 18:05:31.312 [main] INFO  o.s.b.w.e.tomcat.TomcatWebServer - Tomcat initialized with port 8080 (http)
15 Oct 2024 - 18:05:31.325 [main] INFO  o.a.catalina.core.StandardService - Starting service [Tomcat]
15 Oct 2024 - 18:05:31.326 [main] INFO  o.a.catalina.core.StandardEngine - Starting Servlet engine: [Apache Tomcat/10.1.26]
15 Oct 2024 - 18:05:31.394 [main] INFO  o.a.c.c.C.[Tomcat].[localhost].[/] - Initializing Spring embedded WebApplicationContext
15 Oct 2024 - 18:05:31.395 [main] INFO  o.s.b.w.s.c.ServletWebServerApplicationContext - Root WebApplicationContext: initialization completed in 1736 ms
15 Oct 2024 - 18:05:31.541 [main] INFO  o.h.jpa.internal.util.LogHelper - HHH000204: Processing PersistenceUnitInfo [name: default]
15 Oct 2024 - 18:05:31.596 [main] INFO  org.hibernate.Version - HHH000412: Hibernate ORM core version 6.5.2.Final
15 Oct 2024 - 18:05:31.628 [main] INFO  o.h.c.i.RegionFactoryInitiator - HHH000026: Second-level cache disabled
15 Oct 2024 - 18:05:31.940 [main] INFO  o.s.o.j.p.SpringPersistenceUnitInfo - No LoadTimeWeaver setup: ignoring JPA class transformer
15 Oct 2024 - 18:05:32.028 [main] INFO  com.zaxxer.hikari.HikariDataSource - HikariPool-1 - Starting...
15 Oct 2024 - 18:05:32.177 [main] INFO  com.zaxxer.hikari.pool.HikariPool - HikariPool-1 - Added connection org.postgresql.jdbc.PgConnection@6fd9dbe6
15 Oct 2024 - 18:05:32.179 [main] INFO  com.zaxxer.hikari.HikariDataSource - HikariPool-1 - Start completed.
15 Oct 2024 - 18:05:32.219 [main] WARN  org.hibernate.orm.deprecation - HHH90000025: PostgreSQLDialect does not need to be specified explicitly using 'hibernate.dialect' (remove the property setting and it will be selected by default)
15 Oct 2024 - 18:05:33.195 [main] INFO  o.h.e.t.j.p.i.JtaPlatformInitiator - HHH000489: No JTA platform available (set 'hibernate.transaction.jta.platform' to enable JTA platform integration)
15 Oct 2024 - 18:05:33.297 [main] INFO  o.s.o.j.LocalContainerEntityManagerFactoryBean - Initialized JPA EntityManagerFactory for persistence unit 'default'
15 Oct 2024 - 18:05:33.844 [main] WARN  o.s.b.a.o.j.JpaBaseConfiguration$JpaWebConfiguration - spring.jpa.open-in-view is enabled by default. Therefore, database queries may be performed during view rendering. Explicitly configure spring.jpa.open-in-view to disable this warning
15 Oct 2024 - 18:05:33.879 [main] INFO  o.s.s.c.a.a.c.InitializeAuthenticationProviderBeanManagerConfigurer$InitializeAuthenticationProviderManagerConfigurer - Global AuthenticationManager configured with AuthenticationProvider bean with name authenticationProvider
15 Oct 2024 - 18:05:33.880 [main] WARN  o.s.s.c.a.a.c.InitializeUserDetailsBeanManagerConfigurer$InitializeUserDetailsManagerConfigurer - Global AuthenticationManager configured with an AuthenticationProvider bean. UserDetailsService beans will not be used for username/password login. Consider removing the AuthenticationProvider bean. Alternatively, consider using the UserDetailsService in a manually instantiated DaoAuthenticationProvider.
15 Oct 2024 - 18:05:34.695 [main] INFO  o.s.b.w.e.tomcat.TomcatWebServer - Tomcat started on port 8080 (http) with context path '/'
15 Oct 2024 - 18:05:34.709 [main] INFO  c.e.InterviewQuestionsApplication - Started InterviewQuestionsApplication in 5.572 seconds (process running for 6.193)
15 Oct 2024 - 18:05:34.877 [main] INFO  org.flywaydb.core.FlywayExecutor - Database: jdbc:postgresql://localhost:5432/Interview_questions (PostgreSQL 14.13)
15 Oct 2024 - 18:05:34.939 [main] INFO  o.f.core.internal.command.DbValidate - Successfully validated 1 migration (execution time 00:00.037s)
15 Oct 2024 - 18:05:34.957 [main] INFO  o.f.core.internal.command.DbMigrate - Current version of schema "public": 1
15 Oct 2024 - 18:05:34.961 [main] INFO  o.f.core.internal.command.DbMigrate - Schema "public" is up to date. No migration necessary.
15 Oct 2024 - 18:05:38.797 [SpringApplicationShutdownHook] INFO  o.s.o.j.LocalContainerEntityManagerFactoryBean - Closing JPA EntityManagerFactory for persistence unit 'default'
15 Oct 2024 - 18:05:38.801 [SpringApplicationShutdownHook] INFO  com.zaxxer.hikari.HikariDataSource - HikariPool-1 - Shutdown initiated...
15 Oct 2024 - 18:05:38.805 [SpringApplicationShutdownHook] INFO  com.zaxxer.hikari.HikariDataSource - HikariPool-1 - Shutdown completed.
15 Oct 2024 - 18:05:41.761 [main] INFO  c.e.InterviewQuestionsApplication - Starting InterviewQuestionsApplication using Java 17.0.12 with PID 2896 (D:\JavaProject\Interview_questions\target\classes started by Xojiakbar in D:\JavaProject\Interview_questions)
15 Oct 2024 - 18:05:41.774 [main] INFO  c.e.InterviewQuestionsApplication - The following 1 profile is active: "dev"
15 Oct 2024 - 18:05:42.693 [main] INFO  o.s.d.r.c.RepositoryConfigurationDelegate - Bootstrapping Spring Data JPA repositories in DEFAULT mode.
15 Oct 2024 - 18:05:42.758 [main] INFO  o.s.d.r.c.RepositoryConfigurationDelegate - Finished Spring Data repository scanning in 58 ms. Found 2 JPA repository interfaces.
15 Oct 2024 - 18:05:43.315 [main] INFO  o.s.b.w.e.tomcat.TomcatWebServer - Tomcat initialized with port 8080 (http)
15 Oct 2024 - 18:05:43.326 [main] INFO  o.a.catalina.core.StandardService - Starting service [Tomcat]
15 Oct 2024 - 18:05:43.326 [main] INFO  o.a.catalina.core.StandardEngine - Starting Servlet engine: [Apache Tomcat/10.1.26]
15 Oct 2024 - 18:05:43.387 [main] INFO  o.a.c.c.C.[Tomcat].[localhost].[/] - Initializing Spring embedded WebApplicationContext
15 Oct 2024 - 18:05:43.387 [main] INFO  o.s.b.w.s.c.ServletWebServerApplicationContext - Root WebApplicationContext: initialization completed in 1572 ms
15 Oct 2024 - 18:05:43.506 [main] INFO  o.h.jpa.internal.util.LogHelper - HHH000204: Processing PersistenceUnitInfo [name: default]
15 Oct 2024 - 18:05:43.565 [main] INFO  org.hibernate.Version - HHH000412: Hibernate ORM core version 6.5.2.Final
15 Oct 2024 - 18:05:43.599 [main] INFO  o.h.c.i.RegionFactoryInitiator - HHH000026: Second-level cache disabled
15 Oct 2024 - 18:05:43.929 [main] INFO  o.s.o.j.p.SpringPersistenceUnitInfo - No LoadTimeWeaver setup: ignoring JPA class transformer
15 Oct 2024 - 18:05:43.966 [main] INFO  com.zaxxer.hikari.HikariDataSource - HikariPool-1 - Starting...
15 Oct 2024 - 18:05:44.132 [main] INFO  com.zaxxer.hikari.pool.HikariPool - HikariPool-1 - Added connection org.postgresql.jdbc.PgConnection@7b3085a3
15 Oct 2024 - 18:05:44.134 [main] INFO  com.zaxxer.hikari.HikariDataSource - HikariPool-1 - Start completed.
15 Oct 2024 - 18:05:44.189 [main] WARN  org.hibernate.orm.deprecation - HHH90000025: PostgreSQLDialect does not need to be specified explicitly using 'hibernate.dialect' (remove the property setting and it will be selected by default)
15 Oct 2024 - 18:05:45.141 [main] INFO  o.h.e.t.j.p.i.JtaPlatformInitiator - HHH000489: No JTA platform available (set 'hibernate.transaction.jta.platform' to enable JTA platform integration)
15 Oct 2024 - 18:05:45.196 [main] INFO  o.s.o.j.LocalContainerEntityManagerFactoryBean - Initialized JPA EntityManagerFactory for persistence unit 'default'
15 Oct 2024 - 18:05:45.779 [main] WARN  o.s.b.a.o.j.JpaBaseConfiguration$JpaWebConfiguration - spring.jpa.open-in-view is enabled by default. Therefore, database queries may be performed during view rendering. Explicitly configure spring.jpa.open-in-view to disable this warning
15 Oct 2024 - 18:05:45.821 [main] INFO  o.s.s.c.a.a.c.InitializeAuthenticationProviderBeanManagerConfigurer$InitializeAuthenticationProviderManagerConfigurer - Global AuthenticationManager configured with AuthenticationProvider bean with name authenticationProvider
15 Oct 2024 - 18:05:45.822 [main] WARN  o.s.s.c.a.a.c.InitializeUserDetailsBeanManagerConfigurer$InitializeUserDetailsManagerConfigurer - Global AuthenticationManager configured with an AuthenticationProvider bean. UserDetailsService beans will not be used for username/password login. Consider removing the AuthenticationProvider bean. Alternatively, consider using the UserDetailsService in a manually instantiated DaoAuthenticationProvider.
15 Oct 2024 - 18:05:46.767 [main] INFO  o.s.b.w.e.tomcat.TomcatWebServer - Tomcat started on port 8080 (http) with context path '/'
15 Oct 2024 - 18:05:46.780 [main] INFO  c.e.InterviewQuestionsApplication - Started InterviewQuestionsApplication in 5.45 seconds (process running for 6.087)
15 Oct 2024 - 18:05:46.940 [main] INFO  org.flywaydb.core.FlywayExecutor - Database: jdbc:postgresql://localhost:5432/Interview_questions (PostgreSQL 14.13)
15 Oct 2024 - 18:05:47.000 [main] INFO  o.f.core.internal.command.DbValidate - Successfully validated 1 migration (execution time 00:00.036s)
15 Oct 2024 - 18:05:47.021 [main] INFO  o.f.core.internal.command.DbMigrate - Current version of schema "public": 1
15 Oct 2024 - 18:05:47.026 [main] INFO  o.f.core.internal.command.DbMigrate - Schema "public" is up to date. No migration necessary.
15 Oct 2024 - 18:05:51.732 [http-nio-8080-exec-1] INFO  o.a.c.c.C.[Tomcat].[localhost].[/] - Initializing Spring DispatcherServlet 'dispatcherServlet'
15 Oct 2024 - 18:05:51.733 [http-nio-8080-exec-1] INFO  o.s.web.servlet.DispatcherServlet - Initializing Servlet 'dispatcherServlet'
15 Oct 2024 - 18:05:51.734 [http-nio-8080-exec-1] INFO  o.s.web.servlet.DispatcherServlet - Completed initialization in 1 ms
15 Oct 2024 - 18:15:04.705 [SpringApplicationShutdownHook] INFO  o.s.o.j.LocalContainerEntityManagerFactoryBean - Closing JPA EntityManagerFactory for persistence unit 'default'
15 Oct 2024 - 18:15:04.708 [SpringApplicationShutdownHook] INFO  com.zaxxer.hikari.HikariDataSource - HikariPool-1 - Shutdown initiated...
15 Oct 2024 - 18:15:04.715 [SpringApplicationShutdownHook] INFO  com.zaxxer.hikari.HikariDataSource - HikariPool-1 - Shutdown completed.
15 Oct 2024 - 18:15:10.085 [main] INFO  c.e.InterviewQuestionsApplication - Starting InterviewQuestionsApplication using Java 17.0.12 with PID 1524 (D:\JavaProject\Interview_questions\target\classes started by Xojiakbar in D:\JavaProject\Interview_questions)
15 Oct 2024 - 18:15:10.099 [main] INFO  c.e.InterviewQuestionsApplication - The following 1 profile is active: "dev"
15 Oct 2024 - 18:15:11.185 [main] INFO  o.s.d.r.c.RepositoryConfigurationDelegate - Bootstrapping Spring Data JPA repositories in DEFAULT mode.
15 Oct 2024 - 18:15:11.272 [main] INFO  o.s.d.r.c.RepositoryConfigurationDelegate - Finished Spring Data repository scanning in 76 ms. Found 2 JPA repository interfaces.
15 Oct 2024 - 18:15:11.920 [main] INFO  o.s.b.w.e.tomcat.TomcatWebServer - Tomcat initialized with port 8080 (http)
15 Oct 2024 - 18:15:11.931 [main] INFO  o.a.catalina.core.StandardService - Starting service [Tomcat]
15 Oct 2024 - 18:15:11.931 [main] INFO  o.a.catalina.core.StandardEngine - Starting Servlet engine: [Apache Tomcat/10.1.26]
15 Oct 2024 - 18:15:11.991 [main] INFO  o.a.c.c.C.[Tomcat].[localhost].[/] - Initializing Spring embedded WebApplicationContext
15 Oct 2024 - 18:15:11.992 [main] INFO  o.s.b.w.s.c.ServletWebServerApplicationContext - Root WebApplicationContext: initialization completed in 1841 ms
15 Oct 2024 - 18:15:12.124 [main] INFO  o.h.jpa.internal.util.LogHelper - HHH000204: Processing PersistenceUnitInfo [name: default]
15 Oct 2024 - 18:15:12.190 [main] INFO  org.hibernate.Version - HHH000412: Hibernate ORM core version 6.5.2.Final
15 Oct 2024 - 18:15:12.243 [main] INFO  o.h.c.i.RegionFactoryInitiator - HHH000026: Second-level cache disabled
15 Oct 2024 - 18:15:12.586 [main] INFO  o.s.o.j.p.SpringPersistenceUnitInfo - No LoadTimeWeaver setup: ignoring JPA class transformer
15 Oct 2024 - 18:15:12.615 [main] INFO  com.zaxxer.hikari.HikariDataSource - HikariPool-1 - Starting...
15 Oct 2024 - 18:15:12.782 [main] INFO  com.zaxxer.hikari.pool.HikariPool - HikariPool-1 - Added connection org.postgresql.jdbc.PgConnection@6630dd28
15 Oct 2024 - 18:15:12.784 [main] INFO  com.zaxxer.hikari.HikariDataSource - HikariPool-1 - Start completed.
15 Oct 2024 - 18:15:12.838 [main] WARN  org.hibernate.orm.deprecation - HHH90000025: PostgreSQLDialect does not need to be specified explicitly using 'hibernate.dialect' (remove the property setting and it will be selected by default)
15 Oct 2024 - 18:15:13.805 [main] INFO  o.h.e.t.j.p.i.JtaPlatformInitiator - HHH000489: No JTA platform available (set 'hibernate.transaction.jta.platform' to enable JTA platform integration)
15 Oct 2024 - 18:15:13.917 [main] INFO  o.s.o.j.LocalContainerEntityManagerFactoryBean - Initialized JPA EntityManagerFactory for persistence unit 'default'
15 Oct 2024 - 18:15:14.576 [main] WARN  o.s.b.a.o.j.JpaBaseConfiguration$JpaWebConfiguration - spring.jpa.open-in-view is enabled by default. Therefore, database queries may be performed during view rendering. Explicitly configure spring.jpa.open-in-view to disable this warning
15 Oct 2024 - 18:15:14.616 [main] INFO  o.s.s.c.a.a.c.InitializeAuthenticationProviderBeanManagerConfigurer$InitializeAuthenticationProviderManagerConfigurer - Global AuthenticationManager configured with AuthenticationProvider bean with name authenticationProvider
15 Oct 2024 - 18:15:14.618 [main] WARN  o.s.s.c.a.a.c.InitializeUserDetailsBeanManagerConfigurer$InitializeUserDetailsManagerConfigurer - Global AuthenticationManager configured with an AuthenticationProvider bean. UserDetailsService beans will not be used for username/password login. Consider removing the AuthenticationProvider bean. Alternatively, consider using the UserDetailsService in a manually instantiated DaoAuthenticationProvider.
15 Oct 2024 - 18:15:15.480 [main] INFO  o.s.b.w.e.tomcat.TomcatWebServer - Tomcat started on port 8080 (http) with context path '/'
15 Oct 2024 - 18:15:15.499 [main] INFO  c.e.InterviewQuestionsApplication - Started InterviewQuestionsApplication in 5.909 seconds (process running for 6.564)
15 Oct 2024 - 18:15:15.677 [main] INFO  org.flywaydb.core.FlywayExecutor - Database: jdbc:postgresql://localhost:5432/Interview_questions (PostgreSQL 14.13)
15 Oct 2024 - 18:15:15.724 [main] INFO  o.f.core.internal.command.DbValidate - Successfully validated 1 migration (execution time 00:00.023s)
15 Oct 2024 - 18:15:15.738 [main] INFO  o.f.core.internal.command.DbMigrate - Current version of schema "public": 1
15 Oct 2024 - 18:15:15.741 [main] INFO  o.f.core.internal.command.DbMigrate - Schema "public" is up to date. No migration necessary.
15 Oct 2024 - 18:15:28.054 [http-nio-8080-exec-1] INFO  o.a.c.c.C.[Tomcat].[localhost].[/] - Initializing Spring DispatcherServlet 'dispatcherServlet'
15 Oct 2024 - 18:15:28.054 [http-nio-8080-exec-1] INFO  o.s.web.servlet.DispatcherServlet - Initializing Servlet 'dispatcherServlet'
15 Oct 2024 - 18:15:28.056 [http-nio-8080-exec-1] INFO  o.s.web.servlet.DispatcherServlet - Completed initialization in 2 ms
15 Oct 2024 - 18:15:48.620 [SpringApplicationShutdownHook] INFO  o.s.o.j.LocalContainerEntityManagerFactoryBean - Closing JPA EntityManagerFactory for persistence unit 'default'
15 Oct 2024 - 18:15:48.623 [SpringApplicationShutdownHook] INFO  com.zaxxer.hikari.HikariDataSource - HikariPool-1 - Shutdown initiated...
15 Oct 2024 - 18:15:48.626 [SpringApplicationShutdownHook] INFO  com.zaxxer.hikari.HikariDataSource - HikariPool-1 - Shutdown completed.
15 Oct 2024 - 18:15:51.976 [main] INFO  c.e.InterviewQuestionsApplication - Starting InterviewQuestionsApplication using Java 17.0.12 with PID 11692 (D:\JavaProject\Interview_questions\target\classes started by Xojiakbar in D:\JavaProject\Interview_questions)
15 Oct 2024 - 18:15:51.990 [main] INFO  c.e.InterviewQuestionsApplication - The following 1 profile is active: "dev"
15 Oct 2024 - 18:15:52.941 [main] INFO  o.s.d.r.c.RepositoryConfigurationDelegate - Bootstrapping Spring Data JPA repositories in DEFAULT mode.
15 Oct 2024 - 18:15:53.001 [main] INFO  o.s.d.r.c.RepositoryConfigurationDelegate - Finished Spring Data repository scanning in 52 ms. Found 2 JPA repository interfaces.
15 Oct 2024 - 18:15:53.610 [main] INFO  o.s.b.w.e.tomcat.TomcatWebServer - Tomcat initialized with port 8080 (http)
15 Oct 2024 - 18:15:53.620 [main] INFO  o.a.catalina.core.StandardService - Starting service [Tomcat]
15 Oct 2024 - 18:15:53.620 [main] INFO  o.a.catalina.core.StandardEngine - Starting Servlet engine: [Apache Tomcat/10.1.26]
15 Oct 2024 - 18:15:53.689 [main] INFO  o.a.c.c.C.[Tomcat].[localhost].[/] - Initializing Spring embedded WebApplicationContext
15 Oct 2024 - 18:15:53.690 [main] INFO  o.s.b.w.s.c.ServletWebServerApplicationContext - Root WebApplicationContext: initialization completed in 1657 ms
15 Oct 2024 - 18:15:53.870 [main] INFO  o.h.jpa.internal.util.LogHelper - HHH000204: Processing PersistenceUnitInfo [name: default]
15 Oct 2024 - 18:15:53.949 [main] INFO  org.hibernate.Version - HHH000412: Hibernate ORM core version 6.5.2.Final
15 Oct 2024 - 18:15:53.992 [main] INFO  o.h.c.i.RegionFactoryInitiator - HHH000026: Second-level cache disabled
15 Oct 2024 - 18:15:54.368 [main] INFO  o.s.o.j.p.SpringPersistenceUnitInfo - No LoadTimeWeaver setup: ignoring JPA class transformer
15 Oct 2024 - 18:15:54.406 [main] INFO  com.zaxxer.hikari.HikariDataSource - HikariPool-1 - Starting...
15 Oct 2024 - 18:15:54.619 [main] INFO  com.zaxxer.hikari.pool.HikariPool - HikariPool-1 - Added connection org.postgresql.jdbc.PgConnection@7b3085a3
15 Oct 2024 - 18:15:54.621 [main] INFO  com.zaxxer.hikari.HikariDataSource - HikariPool-1 - Start completed.
15 Oct 2024 - 18:15:54.664 [main] WARN  org.hibernate.orm.deprecation - HHH90000025: PostgreSQLDialect does not need to be specified explicitly using 'hibernate.dialect' (remove the property setting and it will be selected by default)
15 Oct 2024 - 18:15:55.673 [main] INFO  o.h.e.t.j.p.i.JtaPlatformInitiator - HHH000489: No JTA platform available (set 'hibernate.transaction.jta.platform' to enable JTA platform integration)
15 Oct 2024 - 18:15:55.752 [main] INFO  o.s.o.j.LocalContainerEntityManagerFactoryBean - Initialized JPA EntityManagerFactory for persistence unit 'default'
15 Oct 2024 - 18:15:56.401 [main] WARN  o.s.b.a.o.j.JpaBaseConfiguration$JpaWebConfiguration - spring.jpa.open-in-view is enabled by default. Therefore, database queries may be performed during view rendering. Explicitly configure spring.jpa.open-in-view to disable this warning
15 Oct 2024 - 18:15:56.436 [main] INFO  o.s.s.c.a.a.c.InitializeAuthenticationProviderBeanManagerConfigurer$InitializeAuthenticationProviderManagerConfigurer - Global AuthenticationManager configured with AuthenticationProvider bean with name authenticationProvider
15 Oct 2024 - 18:15:56.437 [main] WARN  o.s.s.c.a.a.c.InitializeUserDetailsBeanManagerConfigurer$InitializeUserDetailsManagerConfigurer - Global AuthenticationManager configured with an AuthenticationProvider bean. UserDetailsService beans will not be used for username/password login. Consider removing the AuthenticationProvider bean. Alternatively, consider using the UserDetailsService in a manually instantiated DaoAuthenticationProvider.
15 Oct 2024 - 18:15:57.206 [main] INFO  o.s.b.w.e.tomcat.TomcatWebServer - Tomcat started on port 8080 (http) with context path '/'
15 Oct 2024 - 18:15:57.224 [main] INFO  c.e.InterviewQuestionsApplication - Started InterviewQuestionsApplication in 5.757 seconds (process running for 6.425)
15 Oct 2024 - 18:15:57.383 [main] INFO  org.flywaydb.core.FlywayExecutor - Database: jdbc:postgresql://localhost:5432/Interview_questions (PostgreSQL 14.13)
15 Oct 2024 - 18:15:57.447 [main] INFO  o.f.core.internal.command.DbValidate - Successfully validated 1 migration (execution time 00:00.037s)
15 Oct 2024 - 18:15:57.465 [main] INFO  o.f.core.internal.command.DbMigrate - Current version of schema "public": 1
15 Oct 2024 - 18:15:57.468 [main] INFO  o.f.core.internal.command.DbMigrate - Schema "public" is up to date. No migration necessary.
15 Oct 2024 - 18:37:59.971 [HikariPool-1 housekeeper] WARN  com.zaxxer.hikari.pool.HikariPool - HikariPool-1 - Thread starvation or clock leap detected (housekeeper delta=5m34s962ms382µs800ns).
15 Oct 2024 - 18:48:20.549 [HikariPool-1 housekeeper] WARN  com.zaxxer.hikari.pool.HikariPool - HikariPool-1 - Thread starvation or clock leap detected (housekeeper delta=3m50s462ms285µs700ns).
15 Oct 2024 - 20:06:25.915 [HikariPool-1 housekeeper] WARN  com.zaxxer.hikari.pool.HikariPool - HikariPool-1 - Thread starvation or clock leap detected (housekeeper delta=8m34s167ms433µs500ns).
