29 Oct 2024 - 08:12:24.593 [HikariPool-1 housekeeper] WARN  com.zaxxer.hikari.pool.HikariPool - HikariPool-1 - Thread starvation or clock leap detected (housekeeper delta=10h23m32s913ms890µs500ns).
29 Oct 2024 - 08:15:49.911 [SpringApplicationShutdownHook] INFO  o.s.o.j.LocalContainerEntityManagerFactoryBean - Closing JPA EntityManagerFactory for persistence unit 'default'
29 Oct 2024 - 08:15:49.913 [SpringApplicationShutdownHook] INFO  com.zaxxer.hikari.HikariDataSource - HikariPool-1 - Shutdown initiated...
29 Oct 2024 - 08:15:49.916 [SpringApplicationShutdownHook] INFO  com.zaxxer.hikari.HikariDataSource - HikariPool-1 - Shutdown completed.
29 Oct 2024 - 08:15:52.460 [main] INFO  c.e.InterviewQuestionsApplication - Starting InterviewQuestionsApplication using Java 17.0.12 with PID 17556 (D:\JavaProject\Interview_questions\target\classes started by Xojiakbar in D:\JavaProject\Interview_questions)
29 Oct 2024 - 08:15:52.473 [main] INFO  c.e.InterviewQuestionsApplication - The following 1 profile is active: "dev"
29 Oct 2024 - 08:15:53.175 [main] INFO  o.s.d.r.c.RepositoryConfigurationDelegate - Bootstrapping Spring Data JPA repositories in DEFAULT mode.
29 Oct 2024 - 08:15:53.231 [main] INFO  o.s.d.r.c.RepositoryConfigurationDelegate - Finished Spring Data repository scanning in 49 ms. Found 3 JPA repository interfaces.
29 Oct 2024 - 08:15:53.661 [main] INFO  o.s.b.w.e.tomcat.TomcatWebServer - Tomcat initialized with port 8080 (http)
29 Oct 2024 - 08:15:53.670 [main] INFO  o.a.catalina.core.StandardService - Starting service [Tomcat]
29 Oct 2024 - 08:15:53.670 [main] INFO  o.a.catalina.core.StandardEngine - Starting Servlet engine: [Apache Tomcat/10.1.26]
29 Oct 2024 - 08:15:53.718 [main] INFO  o.a.c.c.C.[Tomcat].[localhost].[/] - Initializing Spring embedded WebApplicationContext
29 Oct 2024 - 08:15:53.719 [main] INFO  o.s.b.w.s.c.ServletWebServerApplicationContext - Root WebApplicationContext: initialization completed in 1213 ms
29 Oct 2024 - 08:15:53.810 [main] INFO  o.h.jpa.internal.util.LogHelper - HHH000204: Processing PersistenceUnitInfo [name: default]
29 Oct 2024 - 08:15:53.847 [main] INFO  org.hibernate.Version - HHH000412: Hibernate ORM core version 6.5.2.Final
29 Oct 2024 - 08:15:53.869 [main] INFO  o.h.c.i.RegionFactoryInitiator - HHH000026: Second-level cache disabled
29 Oct 2024 - 08:15:54.136 [main] INFO  o.s.o.j.p.SpringPersistenceUnitInfo - No LoadTimeWeaver setup: ignoring JPA class transformer
29 Oct 2024 - 08:15:54.154 [main] INFO  com.zaxxer.hikari.HikariDataSource - HikariPool-1 - Starting...
29 Oct 2024 - 08:15:54.274 [main] INFO  com.zaxxer.hikari.pool.HikariPool - HikariPool-1 - Added connection org.postgresql.jdbc.PgConnection@37f71c05
29 Oct 2024 - 08:15:54.275 [main] INFO  com.zaxxer.hikari.HikariDataSource - HikariPool-1 - Start completed.
29 Oct 2024 - 08:15:54.307 [main] WARN  org.hibernate.orm.deprecation - HHH90000025: PostgreSQLDialect does not need to be specified explicitly using 'hibernate.dialect' (remove the property setting and it will be selected by default)
29 Oct 2024 - 08:15:54.989 [main] INFO  o.h.e.t.j.p.i.JtaPlatformInitiator - HHH000489: No JTA platform available (set 'hibernate.transaction.jta.platform' to enable JTA platform integration)
29 Oct 2024 - 08:15:55.044 [main] INFO  o.s.o.j.LocalContainerEntityManagerFactoryBean - Initialized JPA EntityManagerFactory for persistence unit 'default'
29 Oct 2024 - 08:15:55.234 [main] INFO  o.s.d.j.r.query.QueryEnhancerFactory - Hibernate is in classpath; If applicable, HQL parser will be used.
29 Oct 2024 - 08:15:55.757 [main] WARN  o.s.b.a.o.j.JpaBaseConfiguration$JpaWebConfiguration - spring.jpa.open-in-view is enabled by default. Therefore, database queries may be performed during view rendering. Explicitly configure spring.jpa.open-in-view to disable this warning
29 Oct 2024 - 08:15:55.784 [main] INFO  o.s.s.c.a.a.c.InitializeAuthenticationProviderBeanManagerConfigurer$InitializeAuthenticationProviderManagerConfigurer - Global AuthenticationManager configured with AuthenticationProvider bean with name authenticationProvider
29 Oct 2024 - 08:15:55.784 [main] WARN  o.s.s.c.a.a.c.InitializeUserDetailsBeanManagerConfigurer$InitializeUserDetailsManagerConfigurer - Global AuthenticationManager configured with an AuthenticationProvider bean. UserDetailsService beans will not be used for username/password login. Consider removing the AuthenticationProvider bean. Alternatively, consider using the UserDetailsService in a manually instantiated DaoAuthenticationProvider.
29 Oct 2024 - 08:15:56.323 [main] INFO  o.s.b.w.e.tomcat.TomcatWebServer - Tomcat started on port 8080 (http) with context path '/'
29 Oct 2024 - 08:15:56.332 [main] INFO  c.e.InterviewQuestionsApplication - Started InterviewQuestionsApplication in 4.167 seconds (process running for 4.691)
29 Oct 2024 - 08:15:56.464 [main] INFO  org.flywaydb.core.FlywayExecutor - Database: jdbc:postgresql://localhost:5432/Interview_questions (PostgreSQL 14.13)
29 Oct 2024 - 08:15:56.501 [main] INFO  o.f.core.internal.command.DbValidate - Successfully validated 3 migrations (execution time 00:00.022s)
29 Oct 2024 - 08:15:56.512 [main] INFO  o.f.core.internal.command.DbMigrate - Current version of schema "public": 2
29 Oct 2024 - 08:15:56.514 [main] INFO  o.f.core.internal.command.DbMigrate - Schema "public" is up to date. No migration necessary.
29 Oct 2024 - 08:16:18.785 [http-nio-8080-exec-1] INFO  o.a.c.c.C.[Tomcat].[localhost].[/] - Initializing Spring DispatcherServlet 'dispatcherServlet'
29 Oct 2024 - 08:16:18.786 [http-nio-8080-exec-1] INFO  o.s.web.servlet.DispatcherServlet - Initializing Servlet 'dispatcherServlet'
29 Oct 2024 - 08:16:18.787 [http-nio-8080-exec-1] INFO  o.s.web.servlet.DispatcherServlet - Completed initialization in 1 ms
29 Oct 2024 - 08:18:56.910 [SpringApplicationShutdownHook] INFO  o.s.o.j.LocalContainerEntityManagerFactoryBean - Closing JPA EntityManagerFactory for persistence unit 'default'
29 Oct 2024 - 08:18:56.912 [SpringApplicationShutdownHook] INFO  com.zaxxer.hikari.HikariDataSource - HikariPool-1 - Shutdown initiated...
29 Oct 2024 - 08:18:56.915 [SpringApplicationShutdownHook] INFO  com.zaxxer.hikari.HikariDataSource - HikariPool-1 - Shutdown completed.
29 Oct 2024 - 08:19:00.966 [main] INFO  c.e.InterviewQuestionsApplication - Starting InterviewQuestionsApplication using Java 17.0.12 with PID 1884 (D:\JavaProject\Interview_questions\target\classes started by Xojiakbar in D:\JavaProject\Interview_questions)
29 Oct 2024 - 08:19:00.977 [main] INFO  c.e.InterviewQuestionsApplication - The following 1 profile is active: "dev"
29 Oct 2024 - 08:19:01.747 [main] INFO  o.s.d.r.c.RepositoryConfigurationDelegate - Bootstrapping Spring Data JPA repositories in DEFAULT mode.
29 Oct 2024 - 08:19:01.808 [main] INFO  o.s.d.r.c.RepositoryConfigurationDelegate - Finished Spring Data repository scanning in 55 ms. Found 3 JPA repository interfaces.
29 Oct 2024 - 08:19:02.266 [main] INFO  o.s.b.w.e.tomcat.TomcatWebServer - Tomcat initialized with port 8080 (http)
29 Oct 2024 - 08:19:02.275 [main] INFO  o.a.catalina.core.StandardService - Starting service [Tomcat]
29 Oct 2024 - 08:19:02.275 [main] INFO  o.a.catalina.core.StandardEngine - Starting Servlet engine: [Apache Tomcat/10.1.26]
29 Oct 2024 - 08:19:02.334 [main] INFO  o.a.c.c.C.[Tomcat].[localhost].[/] - Initializing Spring embedded WebApplicationContext
29 Oct 2024 - 08:19:02.334 [main] INFO  o.s.b.w.s.c.ServletWebServerApplicationContext - Root WebApplicationContext: initialization completed in 1319 ms
29 Oct 2024 - 08:19:02.461 [main] INFO  o.h.jpa.internal.util.LogHelper - HHH000204: Processing PersistenceUnitInfo [name: default]
29 Oct 2024 - 08:19:02.512 [main] INFO  org.hibernate.Version - HHH000412: Hibernate ORM core version 6.5.2.Final
29 Oct 2024 - 08:19:02.540 [main] INFO  o.h.c.i.RegionFactoryInitiator - HHH000026: Second-level cache disabled
29 Oct 2024 - 08:19:02.832 [main] INFO  o.s.o.j.p.SpringPersistenceUnitInfo - No LoadTimeWeaver setup: ignoring JPA class transformer
29 Oct 2024 - 08:19:02.854 [main] INFO  com.zaxxer.hikari.HikariDataSource - HikariPool-1 - Starting...
29 Oct 2024 - 08:19:02.974 [main] INFO  com.zaxxer.hikari.pool.HikariPool - HikariPool-1 - Added connection org.postgresql.jdbc.PgConnection@2ce47652
29 Oct 2024 - 08:19:02.976 [main] INFO  com.zaxxer.hikari.HikariDataSource - HikariPool-1 - Start completed.
29 Oct 2024 - 08:19:03.007 [main] WARN  org.hibernate.orm.deprecation - HHH90000025: PostgreSQLDialect does not need to be specified explicitly using 'hibernate.dialect' (remove the property setting and it will be selected by default)
29 Oct 2024 - 08:19:03.778 [main] INFO  o.h.e.t.j.p.i.JtaPlatformInitiator - HHH000489: No JTA platform available (set 'hibernate.transaction.jta.platform' to enable JTA platform integration)
29 Oct 2024 - 08:19:03.824 [main] INFO  o.s.o.j.LocalContainerEntityManagerFactoryBean - Initialized JPA EntityManagerFactory for persistence unit 'default'
29 Oct 2024 - 08:19:04.019 [main] INFO  o.s.d.j.r.query.QueryEnhancerFactory - Hibernate is in classpath; If applicable, HQL parser will be used.
29 Oct 2024 - 08:19:04.531 [main] WARN  o.s.b.a.o.j.JpaBaseConfiguration$JpaWebConfiguration - spring.jpa.open-in-view is enabled by default. Therefore, database queries may be performed during view rendering. Explicitly configure spring.jpa.open-in-view to disable this warning
29 Oct 2024 - 08:19:04.561 [main] INFO  o.s.s.c.a.a.c.InitializeAuthenticationProviderBeanManagerConfigurer$InitializeAuthenticationProviderManagerConfigurer - Global AuthenticationManager configured with AuthenticationProvider bean with name authenticationProvider
29 Oct 2024 - 08:19:04.562 [main] WARN  o.s.s.c.a.a.c.InitializeUserDetailsBeanManagerConfigurer$InitializeUserDetailsManagerConfigurer - Global AuthenticationManager configured with an AuthenticationProvider bean. UserDetailsService beans will not be used for username/password login. Consider removing the AuthenticationProvider bean. Alternatively, consider using the UserDetailsService in a manually instantiated DaoAuthenticationProvider.
29 Oct 2024 - 08:19:05.143 [main] INFO  o.s.b.w.e.tomcat.TomcatWebServer - Tomcat started on port 8080 (http) with context path '/'
29 Oct 2024 - 08:19:05.153 [main] INFO  c.e.InterviewQuestionsApplication - Started InterviewQuestionsApplication in 4.539 seconds (process running for 5.523)
29 Oct 2024 - 08:19:05.275 [main] INFO  org.flywaydb.core.FlywayExecutor - Database: jdbc:postgresql://localhost:5432/Interview_questions (PostgreSQL 14.13)
29 Oct 2024 - 08:19:05.314 [main] INFO  o.f.core.internal.command.DbValidate - Successfully validated 3 migrations (execution time 00:00.025s)
29 Oct 2024 - 08:19:05.323 [main] INFO  o.f.core.internal.command.DbMigrate - Current version of schema "public": 2
29 Oct 2024 - 08:19:05.325 [main] INFO  o.f.core.internal.command.DbMigrate - Schema "public" is up to date. No migration necessary.
29 Oct 2024 - 08:19:08.642 [SpringApplicationShutdownHook] INFO  o.s.o.j.LocalContainerEntityManagerFactoryBean - Closing JPA EntityManagerFactory for persistence unit 'default'
29 Oct 2024 - 08:19:08.644 [SpringApplicationShutdownHook] INFO  com.zaxxer.hikari.HikariDataSource - HikariPool-1 - Shutdown initiated...
29 Oct 2024 - 08:19:08.646 [SpringApplicationShutdownHook] INFO  com.zaxxer.hikari.HikariDataSource - HikariPool-1 - Shutdown completed.
29 Oct 2024 - 08:19:12.427 [main] INFO  c.e.InterviewQuestionsApplication - Starting InterviewQuestionsApplication using Java 17.0.12 with PID 9940 (D:\JavaProject\Interview_questions\target\classes started by Xojiakbar in D:\JavaProject\Interview_questions)
29 Oct 2024 - 08:19:12.438 [main] INFO  c.e.InterviewQuestionsApplication - The following 1 profile is active: "dev"
29 Oct 2024 - 08:19:13.198 [main] INFO  o.s.d.r.c.RepositoryConfigurationDelegate - Bootstrapping Spring Data JPA repositories in DEFAULT mode.
29 Oct 2024 - 08:19:13.256 [main] INFO  o.s.d.r.c.RepositoryConfigurationDelegate - Finished Spring Data repository scanning in 51 ms. Found 3 JPA repository interfaces.
29 Oct 2024 - 08:19:13.775 [main] INFO  o.s.b.w.e.tomcat.TomcatWebServer - Tomcat initialized with port 8080 (http)
29 Oct 2024 - 08:19:13.784 [main] INFO  o.a.catalina.core.StandardService - Starting service [Tomcat]
29 Oct 2024 - 08:19:13.784 [main] INFO  o.a.catalina.core.StandardEngine - Starting Servlet engine: [Apache Tomcat/10.1.26]
29 Oct 2024 - 08:19:13.832 [main] INFO  o.a.c.c.C.[Tomcat].[localhost].[/] - Initializing Spring embedded WebApplicationContext
29 Oct 2024 - 08:19:13.833 [main] INFO  o.s.b.w.s.c.ServletWebServerApplicationContext - Root WebApplicationContext: initialization completed in 1355 ms
29 Oct 2024 - 08:19:13.932 [main] INFO  o.h.jpa.internal.util.LogHelper - HHH000204: Processing PersistenceUnitInfo [name: default]
29 Oct 2024 - 08:19:13.974 [main] INFO  org.hibernate.Version - HHH000412: Hibernate ORM core version 6.5.2.Final
29 Oct 2024 - 08:19:14.006 [main] INFO  o.h.c.i.RegionFactoryInitiator - HHH000026: Second-level cache disabled
29 Oct 2024 - 08:19:14.256 [main] INFO  o.s.o.j.p.SpringPersistenceUnitInfo - No LoadTimeWeaver setup: ignoring JPA class transformer
29 Oct 2024 - 08:19:14.278 [main] INFO  com.zaxxer.hikari.HikariDataSource - HikariPool-1 - Starting...
29 Oct 2024 - 08:19:14.429 [main] INFO  com.zaxxer.hikari.pool.HikariPool - HikariPool-1 - Added connection org.postgresql.jdbc.PgConnection@7c0e4e4e
29 Oct 2024 - 08:19:14.431 [main] INFO  com.zaxxer.hikari.HikariDataSource - HikariPool-1 - Start completed.
29 Oct 2024 - 08:19:14.466 [main] WARN  org.hibernate.orm.deprecation - HHH90000025: PostgreSQLDialect does not need to be specified explicitly using 'hibernate.dialect' (remove the property setting and it will be selected by default)
29 Oct 2024 - 08:19:15.211 [main] INFO  o.h.e.t.j.p.i.JtaPlatformInitiator - HHH000489: No JTA platform available (set 'hibernate.transaction.jta.platform' to enable JTA platform integration)
29 Oct 2024 - 08:19:15.267 [main] INFO  o.s.o.j.LocalContainerEntityManagerFactoryBean - Initialized JPA EntityManagerFactory for persistence unit 'default'
29 Oct 2024 - 08:19:15.470 [main] INFO  o.s.d.j.r.query.QueryEnhancerFactory - Hibernate is in classpath; If applicable, HQL parser will be used.
29 Oct 2024 - 08:19:16.051 [main] WARN  o.s.b.a.o.j.JpaBaseConfiguration$JpaWebConfiguration - spring.jpa.open-in-view is enabled by default. Therefore, database queries may be performed during view rendering. Explicitly configure spring.jpa.open-in-view to disable this warning
29 Oct 2024 - 08:19:16.079 [main] INFO  o.s.s.c.a.a.c.InitializeAuthenticationProviderBeanManagerConfigurer$InitializeAuthenticationProviderManagerConfigurer - Global AuthenticationManager configured with AuthenticationProvider bean with name authenticationProvider
29 Oct 2024 - 08:19:16.080 [main] WARN  o.s.s.c.a.a.c.InitializeUserDetailsBeanManagerConfigurer$InitializeUserDetailsManagerConfigurer - Global AuthenticationManager configured with an AuthenticationProvider bean. UserDetailsService beans will not be used for username/password login. Consider removing the AuthenticationProvider bean. Alternatively, consider using the UserDetailsService in a manually instantiated DaoAuthenticationProvider.
29 Oct 2024 - 08:19:16.731 [main] INFO  o.s.b.w.e.tomcat.TomcatWebServer - Tomcat started on port 8080 (http) with context path '/'
29 Oct 2024 - 08:19:16.744 [main] INFO  c.e.InterviewQuestionsApplication - Started InterviewQuestionsApplication in 4.722 seconds (process running for 5.364)
29 Oct 2024 - 08:19:16.866 [main] INFO  org.flywaydb.core.FlywayExecutor - Database: jdbc:postgresql://localhost:5432/Interview_questions (PostgreSQL 14.13)
29 Oct 2024 - 08:19:16.913 [main] INFO  o.f.core.internal.command.DbValidate - Successfully validated 3 migrations (execution time 00:00.028s)
29 Oct 2024 - 08:19:16.924 [main] INFO  o.f.core.internal.command.DbMigrate - Current version of schema "public": 2
29 Oct 2024 - 08:19:16.926 [main] INFO  o.f.core.internal.command.DbMigrate - Schema "public" is up to date. No migration necessary.
29 Oct 2024 - 08:21:18.207 [http-nio-8080-exec-1] INFO  o.a.c.c.C.[Tomcat].[localhost].[/] - Initializing Spring DispatcherServlet 'dispatcherServlet'
29 Oct 2024 - 08:21:18.208 [http-nio-8080-exec-1] INFO  o.s.web.servlet.DispatcherServlet - Initializing Servlet 'dispatcherServlet'
29 Oct 2024 - 08:21:18.209 [http-nio-8080-exec-1] INFO  o.s.web.servlet.DispatcherServlet - Completed initialization in 1 ms
29 Oct 2024 - 08:22:15.631 [SpringApplicationShutdownHook] INFO  o.s.o.j.LocalContainerEntityManagerFactoryBean - Closing JPA EntityManagerFactory for persistence unit 'default'
29 Oct 2024 - 08:22:15.633 [SpringApplicationShutdownHook] INFO  com.zaxxer.hikari.HikariDataSource - HikariPool-1 - Shutdown initiated...
29 Oct 2024 - 08:22:15.636 [SpringApplicationShutdownHook] INFO  com.zaxxer.hikari.HikariDataSource - HikariPool-1 - Shutdown completed.
29 Oct 2024 - 08:22:18.101 [main] INFO  c.e.InterviewQuestionsApplication - Starting InterviewQuestionsApplication using Java 17.0.12 with PID 17844 (D:\JavaProject\Interview_questions\target\classes started by Xojiakbar in D:\JavaProject\Interview_questions)
29 Oct 2024 - 08:22:18.111 [main] INFO  c.e.InterviewQuestionsApplication - The following 1 profile is active: "dev"
29 Oct 2024 - 08:22:18.846 [main] INFO  o.s.d.r.c.RepositoryConfigurationDelegate - Bootstrapping Spring Data JPA repositories in DEFAULT mode.
29 Oct 2024 - 08:22:18.907 [main] INFO  o.s.d.r.c.RepositoryConfigurationDelegate - Finished Spring Data repository scanning in 54 ms. Found 3 JPA repository interfaces.
29 Oct 2024 - 08:22:19.414 [main] INFO  o.s.b.w.e.tomcat.TomcatWebServer - Tomcat initialized with port 8080 (http)
29 Oct 2024 - 08:22:19.428 [main] INFO  o.a.catalina.core.StandardService - Starting service [Tomcat]
29 Oct 2024 - 08:22:19.429 [main] INFO  o.a.catalina.core.StandardEngine - Starting Servlet engine: [Apache Tomcat/10.1.26]
29 Oct 2024 - 08:22:19.500 [main] INFO  o.a.c.c.C.[Tomcat].[localhost].[/] - Initializing Spring embedded WebApplicationContext
29 Oct 2024 - 08:22:19.501 [main] INFO  o.s.b.w.s.c.ServletWebServerApplicationContext - Root WebApplicationContext: initialization completed in 1357 ms
29 Oct 2024 - 08:22:19.673 [main] INFO  o.h.jpa.internal.util.LogHelper - HHH000204: Processing PersistenceUnitInfo [name: default]
29 Oct 2024 - 08:22:19.723 [main] INFO  org.hibernate.Version - HHH000412: Hibernate ORM core version 6.5.2.Final
29 Oct 2024 - 08:22:19.759 [main] INFO  o.h.c.i.RegionFactoryInitiator - HHH000026: Second-level cache disabled
29 Oct 2024 - 08:22:20.075 [main] INFO  o.s.o.j.p.SpringPersistenceUnitInfo - No LoadTimeWeaver setup: ignoring JPA class transformer
29 Oct 2024 - 08:22:20.099 [main] INFO  com.zaxxer.hikari.HikariDataSource - HikariPool-1 - Starting...
29 Oct 2024 - 08:22:20.247 [main] INFO  com.zaxxer.hikari.pool.HikariPool - HikariPool-1 - Added connection org.postgresql.jdbc.PgConnection@2493eec6
29 Oct 2024 - 08:22:20.249 [main] INFO  com.zaxxer.hikari.HikariDataSource - HikariPool-1 - Start completed.
29 Oct 2024 - 08:22:20.279 [main] WARN  org.hibernate.orm.deprecation - HHH90000025: PostgreSQLDialect does not need to be specified explicitly using 'hibernate.dialect' (remove the property setting and it will be selected by default)
29 Oct 2024 - 08:22:21.046 [main] INFO  o.h.e.t.j.p.i.JtaPlatformInitiator - HHH000489: No JTA platform available (set 'hibernate.transaction.jta.platform' to enable JTA platform integration)
29 Oct 2024 - 08:22:21.094 [main] INFO  o.s.o.j.LocalContainerEntityManagerFactoryBean - Initialized JPA EntityManagerFactory for persistence unit 'default'
29 Oct 2024 - 08:22:21.293 [main] INFO  o.s.d.j.r.query.QueryEnhancerFactory - Hibernate is in classpath; If applicable, HQL parser will be used.
29 Oct 2024 - 08:22:21.849 [main] WARN  o.s.b.a.o.j.JpaBaseConfiguration$JpaWebConfiguration - spring.jpa.open-in-view is enabled by default. Therefore, database queries may be performed during view rendering. Explicitly configure spring.jpa.open-in-view to disable this warning
29 Oct 2024 - 08:22:21.895 [main] INFO  o.s.s.c.a.a.c.InitializeAuthenticationProviderBeanManagerConfigurer$InitializeAuthenticationProviderManagerConfigurer - Global AuthenticationManager configured with AuthenticationProvider bean with name authenticationProvider
29 Oct 2024 - 08:22:21.896 [main] WARN  o.s.s.c.a.a.c.InitializeUserDetailsBeanManagerConfigurer$InitializeUserDetailsManagerConfigurer - Global AuthenticationManager configured with an AuthenticationProvider bean. UserDetailsService beans will not be used for username/password login. Consider removing the AuthenticationProvider bean. Alternatively, consider using the UserDetailsService in a manually instantiated DaoAuthenticationProvider.
29 Oct 2024 - 08:22:22.595 [main] INFO  o.s.b.w.e.tomcat.TomcatWebServer - Tomcat started on port 8080 (http) with context path '/'
29 Oct 2024 - 08:22:22.606 [main] INFO  c.e.InterviewQuestionsApplication - Started InterviewQuestionsApplication in 4.842 seconds (process running for 5.449)
29 Oct 2024 - 08:22:22.754 [main] INFO  org.flywaydb.core.FlywayExecutor - Database: jdbc:postgresql://localhost:5432/Interview_questions (PostgreSQL 14.13)
29 Oct 2024 - 08:22:22.819 [main] INFO  o.f.core.internal.command.DbValidate - Successfully validated 3 migrations (execution time 00:00.047s)
29 Oct 2024 - 08:22:22.831 [main] INFO  o.f.core.internal.command.DbMigrate - Current version of schema "public": 2
29 Oct 2024 - 08:22:22.834 [main] INFO  o.f.core.internal.command.DbMigrate - Schema "public" is up to date. No migration necessary.
29 Oct 2024 - 08:22:24.329 [http-nio-8080-exec-1] INFO  o.a.c.c.C.[Tomcat].[localhost].[/] - Initializing Spring DispatcherServlet 'dispatcherServlet'
29 Oct 2024 - 08:22:24.329 [http-nio-8080-exec-1] INFO  o.s.web.servlet.DispatcherServlet - Initializing Servlet 'dispatcherServlet'
29 Oct 2024 - 08:22:24.329 [http-nio-8080-exec-1] INFO  o.s.web.servlet.DispatcherServlet - Completed initialization in 0 ms
29 Oct 2024 - 08:23:48.501 [SpringApplicationShutdownHook] INFO  o.s.o.j.LocalContainerEntityManagerFactoryBean - Closing JPA EntityManagerFactory for persistence unit 'default'
29 Oct 2024 - 08:23:48.503 [SpringApplicationShutdownHook] INFO  com.zaxxer.hikari.HikariDataSource - HikariPool-1 - Shutdown initiated...
29 Oct 2024 - 08:23:48.506 [SpringApplicationShutdownHook] INFO  com.zaxxer.hikari.HikariDataSource - HikariPool-1 - Shutdown completed.
29 Oct 2024 - 08:23:50.960 [main] INFO  c.e.InterviewQuestionsApplication - Starting InterviewQuestionsApplication using Java 17.0.12 with PID 13108 (D:\JavaProject\Interview_questions\target\classes started by Xojiakbar in D:\JavaProject\Interview_questions)
29 Oct 2024 - 08:23:50.970 [main] INFO  c.e.InterviewQuestionsApplication - The following 1 profile is active: "dev"
29 Oct 2024 - 08:23:51.670 [main] INFO  o.s.d.r.c.RepositoryConfigurationDelegate - Bootstrapping Spring Data JPA repositories in DEFAULT mode.
29 Oct 2024 - 08:23:51.736 [main] INFO  o.s.d.r.c.RepositoryConfigurationDelegate - Finished Spring Data repository scanning in 58 ms. Found 3 JPA repository interfaces.
29 Oct 2024 - 08:23:52.221 [main] INFO  o.s.b.w.e.tomcat.TomcatWebServer - Tomcat initialized with port 8080 (http)
29 Oct 2024 - 08:23:52.231 [main] INFO  o.a.catalina.core.StandardService - Starting service [Tomcat]
29 Oct 2024 - 08:23:52.231 [main] INFO  o.a.catalina.core.StandardEngine - Starting Servlet engine: [Apache Tomcat/10.1.26]
29 Oct 2024 - 08:23:52.292 [main] INFO  o.a.c.c.C.[Tomcat].[localhost].[/] - Initializing Spring embedded WebApplicationContext
29 Oct 2024 - 08:23:52.293 [main] INFO  o.s.b.w.s.c.ServletWebServerApplicationContext - Root WebApplicationContext: initialization completed in 1291 ms
29 Oct 2024 - 08:23:52.396 [main] INFO  o.h.jpa.internal.util.LogHelper - HHH000204: Processing PersistenceUnitInfo [name: default]
29 Oct 2024 - 08:23:52.460 [main] INFO  org.hibernate.Version - HHH000412: Hibernate ORM core version 6.5.2.Final
29 Oct 2024 - 08:23:52.496 [main] INFO  o.h.c.i.RegionFactoryInitiator - HHH000026: Second-level cache disabled
29 Oct 2024 - 08:23:52.734 [main] INFO  o.s.o.j.p.SpringPersistenceUnitInfo - No LoadTimeWeaver setup: ignoring JPA class transformer
29 Oct 2024 - 08:23:52.754 [main] INFO  com.zaxxer.hikari.HikariDataSource - HikariPool-1 - Starting...
29 Oct 2024 - 08:23:52.874 [main] INFO  com.zaxxer.hikari.pool.HikariPool - HikariPool-1 - Added connection org.postgresql.jdbc.PgConnection@4f6fd101
29 Oct 2024 - 08:23:52.875 [main] INFO  com.zaxxer.hikari.HikariDataSource - HikariPool-1 - Start completed.
29 Oct 2024 - 08:23:52.905 [main] WARN  org.hibernate.orm.deprecation - HHH90000025: PostgreSQLDialect does not need to be specified explicitly using 'hibernate.dialect' (remove the property setting and it will be selected by default)
29 Oct 2024 - 08:23:53.604 [main] INFO  o.h.e.t.j.p.i.JtaPlatformInitiator - HHH000489: No JTA platform available (set 'hibernate.transaction.jta.platform' to enable JTA platform integration)
29 Oct 2024 - 08:23:53.663 [main] INFO  o.s.o.j.LocalContainerEntityManagerFactoryBean - Initialized JPA EntityManagerFactory for persistence unit 'default'
29 Oct 2024 - 08:23:53.822 [main] INFO  o.s.d.j.r.query.QueryEnhancerFactory - Hibernate is in classpath; If applicable, HQL parser will be used.
29 Oct 2024 - 08:23:54.323 [main] WARN  o.s.b.a.o.j.JpaBaseConfiguration$JpaWebConfiguration - spring.jpa.open-in-view is enabled by default. Therefore, database queries may be performed during view rendering. Explicitly configure spring.jpa.open-in-view to disable this warning
29 Oct 2024 - 08:23:54.349 [main] INFO  o.s.s.c.a.a.c.InitializeAuthenticationProviderBeanManagerConfigurer$InitializeAuthenticationProviderManagerConfigurer - Global AuthenticationManager configured with AuthenticationProvider bean with name authenticationProvider
29 Oct 2024 - 08:23:54.350 [main] WARN  o.s.s.c.a.a.c.InitializeUserDetailsBeanManagerConfigurer$InitializeUserDetailsManagerConfigurer - Global AuthenticationManager configured with an AuthenticationProvider bean. UserDetailsService beans will not be used for username/password login. Consider removing the AuthenticationProvider bean. Alternatively, consider using the UserDetailsService in a manually instantiated DaoAuthenticationProvider.
29 Oct 2024 - 08:23:54.942 [main] INFO  o.s.b.w.e.tomcat.TomcatWebServer - Tomcat started on port 8080 (http) with context path '/'
29 Oct 2024 - 08:23:54.950 [main] INFO  c.e.InterviewQuestionsApplication - Started InterviewQuestionsApplication in 4.284 seconds (process running for 4.705)
29 Oct 2024 - 08:23:55.084 [main] INFO  org.flywaydb.core.FlywayExecutor - Database: jdbc:postgresql://localhost:5432/Interview_questions (PostgreSQL 14.13)
29 Oct 2024 - 08:23:55.121 [main] INFO  o.f.core.internal.command.DbValidate - Successfully validated 3 migrations (execution time 00:00.022s)
29 Oct 2024 - 08:23:55.134 [main] INFO  o.f.core.internal.command.DbMigrate - Current version of schema "public": 2
29 Oct 2024 - 08:23:55.136 [main] INFO  o.f.core.internal.command.DbMigrate - Schema "public" is up to date. No migration necessary.
29 Oct 2024 - 08:23:58.793 [http-nio-8080-exec-1] INFO  o.a.c.c.C.[Tomcat].[localhost].[/] - Initializing Spring DispatcherServlet 'dispatcherServlet'
29 Oct 2024 - 08:23:58.793 [http-nio-8080-exec-1] INFO  o.s.web.servlet.DispatcherServlet - Initializing Servlet 'dispatcherServlet'
29 Oct 2024 - 08:23:58.794 [http-nio-8080-exec-1] INFO  o.s.web.servlet.DispatcherServlet - Completed initialization in 1 ms
29 Oct 2024 - 13:05:55.034 [HikariPool-1 housekeeper] WARN  com.zaxxer.hikari.pool.HikariPool - HikariPool-1 - Thread starvation or clock leap detected (housekeeper delta=3h33m30s943ms881µs400ns).
29 Oct 2024 - 13:12:55.577 [SpringApplicationShutdownHook] INFO  o.s.o.j.LocalContainerEntityManagerFactoryBean - Closing JPA EntityManagerFactory for persistence unit 'default'
29 Oct 2024 - 13:12:55.580 [SpringApplicationShutdownHook] INFO  com.zaxxer.hikari.HikariDataSource - HikariPool-1 - Shutdown initiated...
29 Oct 2024 - 13:12:55.584 [SpringApplicationShutdownHook] INFO  com.zaxxer.hikari.HikariDataSource - HikariPool-1 - Shutdown completed.
29 Oct 2024 - 13:46:48.232 [main] INFO  c.e.InterviewQuestionsApplication - Starting InterviewQuestionsApplication using Java 17.0.12 with PID 4736 (D:\JavaProject\Interview_questions\target\classes started by Xojiakbar in D:\JavaProject\Interview_questions)
29 Oct 2024 - 13:46:48.249 [main] INFO  c.e.InterviewQuestionsApplication - The following 1 profile is active: "dev"
29 Oct 2024 - 13:46:49.261 [main] INFO  o.s.d.r.c.RepositoryConfigurationDelegate - Bootstrapping Spring Data JPA repositories in DEFAULT mode.
29 Oct 2024 - 13:46:49.324 [main] INFO  o.s.d.r.c.RepositoryConfigurationDelegate - Finished Spring Data repository scanning in 54 ms. Found 3 JPA repository interfaces.
29 Oct 2024 - 13:46:49.899 [main] INFO  o.s.b.w.e.tomcat.TomcatWebServer - Tomcat initialized with port 8080 (http)
29 Oct 2024 - 13:46:49.911 [main] INFO  o.a.catalina.core.StandardService - Starting service [Tomcat]
29 Oct 2024 - 13:46:49.912 [main] INFO  o.a.catalina.core.StandardEngine - Starting Servlet engine: [Apache Tomcat/10.1.26]
29 Oct 2024 - 13:46:49.980 [main] INFO  o.a.c.c.C.[Tomcat].[localhost].[/] - Initializing Spring embedded WebApplicationContext
29 Oct 2024 - 13:46:49.981 [main] INFO  o.s.b.w.s.c.ServletWebServerApplicationContext - Root WebApplicationContext: initialization completed in 1686 ms
29 Oct 2024 - 13:46:50.129 [main] INFO  o.h.jpa.internal.util.LogHelper - HHH000204: Processing PersistenceUnitInfo [name: default]
29 Oct 2024 - 13:46:50.187 [main] INFO  org.hibernate.Version - HHH000412: Hibernate ORM core version 6.5.2.Final
29 Oct 2024 - 13:46:50.219 [main] INFO  o.h.c.i.RegionFactoryInitiator - HHH000026: Second-level cache disabled
29 Oct 2024 - 13:46:50.512 [main] INFO  o.s.o.j.p.SpringPersistenceUnitInfo - No LoadTimeWeaver setup: ignoring JPA class transformer
29 Oct 2024 - 13:46:50.541 [main] INFO  com.zaxxer.hikari.HikariDataSource - HikariPool-1 - Starting...
29 Oct 2024 - 13:46:50.765 [main] INFO  com.zaxxer.hikari.pool.HikariPool - HikariPool-1 - Added connection org.postgresql.jdbc.PgConnection@6a902015
29 Oct 2024 - 13:46:50.768 [main] INFO  com.zaxxer.hikari.HikariDataSource - HikariPool-1 - Start completed.
29 Oct 2024 - 13:46:50.817 [main] WARN  org.hibernate.orm.deprecation - HHH90000025: PostgreSQLDialect does not need to be specified explicitly using 'hibernate.dialect' (remove the property setting and it will be selected by default)
29 Oct 2024 - 13:46:51.893 [main] INFO  o.h.e.t.j.p.i.JtaPlatformInitiator - HHH000489: No JTA platform available (set 'hibernate.transaction.jta.platform' to enable JTA platform integration)
29 Oct 2024 - 13:46:51.956 [main] INFO  o.s.o.j.LocalContainerEntityManagerFactoryBean - Initialized JPA EntityManagerFactory for persistence unit 'default'
29 Oct 2024 - 13:46:52.288 [main] INFO  o.s.d.j.r.query.QueryEnhancerFactory - Hibernate is in classpath; If applicable, HQL parser will be used.
29 Oct 2024 - 13:46:53.025 [main] WARN  o.s.b.a.o.j.JpaBaseConfiguration$JpaWebConfiguration - spring.jpa.open-in-view is enabled by default. Therefore, database queries may be performed during view rendering. Explicitly configure spring.jpa.open-in-view to disable this warning
29 Oct 2024 - 13:46:53.083 [main] INFO  o.s.s.c.a.a.c.InitializeAuthenticationProviderBeanManagerConfigurer$InitializeAuthenticationProviderManagerConfigurer - Global AuthenticationManager configured with AuthenticationProvider bean with name authenticationProvider
29 Oct 2024 - 13:46:53.084 [main] WARN  o.s.s.c.a.a.c.InitializeUserDetailsBeanManagerConfigurer$InitializeUserDetailsManagerConfigurer - Global AuthenticationManager configured with an AuthenticationProvider bean. UserDetailsService beans will not be used for username/password login. Consider removing the AuthenticationProvider bean. Alternatively, consider using the UserDetailsService in a manually instantiated DaoAuthenticationProvider.
29 Oct 2024 - 13:46:53.954 [main] INFO  o.s.b.w.e.tomcat.TomcatWebServer - Tomcat started on port 8080 (http) with context path '/'
29 Oct 2024 - 13:46:53.971 [main] INFO  c.e.InterviewQuestionsApplication - Started InterviewQuestionsApplication in 6.28 seconds (process running for 6.94)
29 Oct 2024 - 13:46:54.125 [main] INFO  org.flywaydb.core.FlywayExecutor - Database: jdbc:postgresql://localhost:5432/Interview_questions (PostgreSQL 14.13)
29 Oct 2024 - 13:46:54.193 [main] INFO  o.f.core.internal.command.DbValidate - Successfully validated 3 migrations (execution time 00:00.050s)
29 Oct 2024 - 13:46:54.210 [main] INFO  o.f.core.internal.command.DbMigrate - Current version of schema "public": 2
29 Oct 2024 - 13:46:54.213 [main] INFO  o.f.core.internal.command.DbMigrate - Schema "public" is up to date. No migration necessary.
29 Oct 2024 - 13:46:58.224 [http-nio-8080-exec-1] INFO  o.a.c.c.C.[Tomcat].[localhost].[/] - Initializing Spring DispatcherServlet 'dispatcherServlet'
29 Oct 2024 - 13:46:58.225 [http-nio-8080-exec-1] INFO  o.s.web.servlet.DispatcherServlet - Initializing Servlet 'dispatcherServlet'
29 Oct 2024 - 13:46:58.227 [http-nio-8080-exec-1] INFO  o.s.web.servlet.DispatcherServlet - Completed initialization in 2 ms
29 Oct 2024 - 13:56:39.512 [http-nio-8080-exec-2] INFO  o.a.coyote.http11.Http11Processor - Error parsing HTTP request header
 Note: further occurrences of HTTP request parsing errors will be logged at DEBUG level.
java.lang.IllegalArgumentException: Invalid character found in method name [0x160x030x010x060xe00x010x000x060xdc0x030x030x830xd20xcf0x0e0xe7QA0xc2%0xae?0xb10x1c0xb20x17G980xb50xbf0xd7X0x83~0x870xedx0xc20x1fB?0xd6 ]. HTTP method names must be tokens
	at org.apache.coyote.http11.Http11InputBuffer.parseRequestLine(Http11InputBuffer.java:407)
	at org.apache.coyote.http11.Http11Processor.service(Http11Processor.java:262)
	at org.apache.coyote.AbstractProcessorLight.process(AbstractProcessorLight.java:63)
	at org.apache.coyote.AbstractProtocol$ConnectionHandler.process(AbstractProtocol.java:904)
	at org.apache.tomcat.util.net.NioEndpoint$SocketProcessor.doRun(NioEndpoint.java:1741)
	at org.apache.tomcat.util.net.SocketProcessorBase.run(SocketProcessorBase.java:52)
	at org.apache.tomcat.util.threads.ThreadPoolExecutor.runWorker(ThreadPoolExecutor.java:1190)
	at org.apache.tomcat.util.threads.ThreadPoolExecutor$Worker.run(ThreadPoolExecutor.java:659)
	at org.apache.tomcat.util.threads.TaskThread$WrappingRunnable.run(TaskThread.java:63)
	at java.base/java.lang.Thread.run(Thread.java:842)
29 Oct 2024 - 14:44:43.363 [HikariPool-1 housekeeper] WARN  com.zaxxer.hikari.pool.HikariPool - HikariPool-1 - Thread starvation or clock leap detected (housekeeper delta=41m22s256ms567µs900ns).
29 Oct 2024 - 14:54:10.083 [SpringApplicationShutdownHook] INFO  o.s.o.j.LocalContainerEntityManagerFactoryBean - Closing JPA EntityManagerFactory for persistence unit 'default'
29 Oct 2024 - 14:54:10.085 [SpringApplicationShutdownHook] INFO  com.zaxxer.hikari.HikariDataSource - HikariPool-1 - Shutdown initiated...
29 Oct 2024 - 14:54:10.088 [SpringApplicationShutdownHook] INFO  com.zaxxer.hikari.HikariDataSource - HikariPool-1 - Shutdown completed.
29 Oct 2024 - 14:54:17.433 [main] INFO  c.e.InterviewQuestionsApplication - Starting InterviewQuestionsApplication using Java 17.0.12 with PID 6216 (D:\JavaProject\Interview_questions\target\classes started by Xojiakbar in D:\JavaProject\Interview_questions)
29 Oct 2024 - 14:54:17.447 [main] INFO  c.e.InterviewQuestionsApplication - The following 1 profile is active: "dev"
29 Oct 2024 - 14:54:18.534 [main] INFO  o.s.d.r.c.RepositoryConfigurationDelegate - Bootstrapping Spring Data JPA repositories in DEFAULT mode.
29 Oct 2024 - 14:54:18.648 [main] INFO  o.s.d.r.c.RepositoryConfigurationDelegate - Finished Spring Data repository scanning in 79 ms. Found 3 JPA repository interfaces.
29 Oct 2024 - 14:54:19.251 [main] INFO  o.s.b.w.e.tomcat.TomcatWebServer - Tomcat initialized with port 8080 (http)
29 Oct 2024 - 14:54:19.261 [main] INFO  o.a.catalina.core.StandardService - Starting service [Tomcat]
29 Oct 2024 - 14:54:19.263 [main] INFO  o.a.catalina.core.StandardEngine - Starting Servlet engine: [Apache Tomcat/10.1.26]
29 Oct 2024 - 14:54:19.337 [main] INFO  o.a.c.c.C.[Tomcat].[localhost].[/] - Initializing Spring embedded WebApplicationContext
29 Oct 2024 - 14:54:19.337 [main] INFO  o.s.b.w.s.c.ServletWebServerApplicationContext - Root WebApplicationContext: initialization completed in 1828 ms
29 Oct 2024 - 14:54:19.481 [main] INFO  o.h.jpa.internal.util.LogHelper - HHH000204: Processing PersistenceUnitInfo [name: default]
29 Oct 2024 - 14:54:19.532 [main] INFO  org.hibernate.Version - HHH000412: Hibernate ORM core version 6.5.2.Final
29 Oct 2024 - 14:54:19.564 [main] INFO  o.h.c.i.RegionFactoryInitiator - HHH000026: Second-level cache disabled
29 Oct 2024 - 14:54:19.866 [main] INFO  o.s.o.j.p.SpringPersistenceUnitInfo - No LoadTimeWeaver setup: ignoring JPA class transformer
29 Oct 2024 - 14:54:19.893 [main] INFO  com.zaxxer.hikari.HikariDataSource - HikariPool-1 - Starting...
29 Oct 2024 - 14:54:20.051 [main] INFO  com.zaxxer.hikari.pool.HikariPool - HikariPool-1 - Added connection org.postgresql.jdbc.PgConnection@39514976
29 Oct 2024 - 14:54:20.053 [main] INFO  com.zaxxer.hikari.HikariDataSource - HikariPool-1 - Start completed.
29 Oct 2024 - 14:54:20.106 [main] WARN  org.hibernate.orm.deprecation - HHH90000025: PostgreSQLDialect does not need to be specified explicitly using 'hibernate.dialect' (remove the property setting and it will be selected by default)
29 Oct 2024 - 14:54:21.140 [main] INFO  o.h.e.t.j.p.i.JtaPlatformInitiator - HHH000489: No JTA platform available (set 'hibernate.transaction.jta.platform' to enable JTA platform integration)
29 Oct 2024 - 14:54:21.241 [main] INFO  o.s.o.j.LocalContainerEntityManagerFactoryBean - Initialized JPA EntityManagerFactory for persistence unit 'default'
29 Oct 2024 - 14:54:21.502 [main] INFO  o.s.d.j.r.query.QueryEnhancerFactory - Hibernate is in classpath; If applicable, HQL parser will be used.
29 Oct 2024 - 14:54:22.282 [main] WARN  o.s.b.a.o.j.JpaBaseConfiguration$JpaWebConfiguration - spring.jpa.open-in-view is enabled by default. Therefore, database queries may be performed during view rendering. Explicitly configure spring.jpa.open-in-view to disable this warning
29 Oct 2024 - 14:54:22.325 [main] INFO  o.s.s.c.a.a.c.InitializeAuthenticationProviderBeanManagerConfigurer$InitializeAuthenticationProviderManagerConfigurer - Global AuthenticationManager configured with AuthenticationProvider bean with name authenticationProvider
29 Oct 2024 - 14:54:22.326 [main] WARN  o.s.s.c.a.a.c.InitializeUserDetailsBeanManagerConfigurer$InitializeUserDetailsManagerConfigurer - Global AuthenticationManager configured with an AuthenticationProvider bean. UserDetailsService beans will not be used for username/password login. Consider removing the AuthenticationProvider bean. Alternatively, consider using the UserDetailsService in a manually instantiated DaoAuthenticationProvider.
29 Oct 2024 - 14:54:23.301 [main] INFO  o.s.b.w.e.tomcat.TomcatWebServer - Tomcat started on port 8080 (http) with context path '/'
29 Oct 2024 - 14:54:23.316 [main] INFO  c.e.InterviewQuestionsApplication - Started InterviewQuestionsApplication in 6.394 seconds (process running for 7.054)
29 Oct 2024 - 14:54:23.542 [main] INFO  org.flywaydb.core.FlywayExecutor - Database: jdbc:postgresql://localhost:5432/Interview_questions (PostgreSQL 14.13)
29 Oct 2024 - 14:54:23.613 [main] INFO  o.f.core.internal.command.DbValidate - Successfully validated 3 migrations (execution time 00:00.042s)
29 Oct 2024 - 14:54:23.630 [main] INFO  o.f.core.internal.command.DbMigrate - Current version of schema "public": 2
29 Oct 2024 - 14:54:23.634 [main] INFO  o.f.core.internal.command.DbMigrate - Schema "public" is up to date. No migration necessary.
29 Oct 2024 - 14:54:35.159 [http-nio-8080-exec-1] INFO  o.a.c.c.C.[Tomcat].[localhost].[/] - Initializing Spring DispatcherServlet 'dispatcherServlet'
29 Oct 2024 - 14:54:35.160 [http-nio-8080-exec-1] INFO  o.s.web.servlet.DispatcherServlet - Initializing Servlet 'dispatcherServlet'
29 Oct 2024 - 14:54:35.162 [http-nio-8080-exec-1] INFO  o.s.web.servlet.DispatcherServlet - Completed initialization in 2 ms
29 Oct 2024 - 14:56:16.799 [SpringApplicationShutdownHook] INFO  o.s.o.j.LocalContainerEntityManagerFactoryBean - Closing JPA EntityManagerFactory for persistence unit 'default'
29 Oct 2024 - 14:56:16.802 [SpringApplicationShutdownHook] INFO  com.zaxxer.hikari.HikariDataSource - HikariPool-1 - Shutdown initiated...
29 Oct 2024 - 14:56:16.807 [SpringApplicationShutdownHook] INFO  com.zaxxer.hikari.HikariDataSource - HikariPool-1 - Shutdown completed.
29 Oct 2024 - 14:56:22.798 [main] INFO  c.e.InterviewQuestionsApplication - Starting InterviewQuestionsApplication using Java 17.0.12 with PID 2940 (D:\JavaProject\Interview_questions\target\classes started by Xojiakbar in D:\JavaProject\Interview_questions)
29 Oct 2024 - 14:56:22.810 [main] INFO  c.e.InterviewQuestionsApplication - The following 1 profile is active: "dev"
29 Oct 2024 - 14:56:23.829 [main] INFO  o.s.d.r.c.RepositoryConfigurationDelegate - Bootstrapping Spring Data JPA repositories in DEFAULT mode.
29 Oct 2024 - 14:56:23.891 [main] INFO  o.s.d.r.c.RepositoryConfigurationDelegate - Finished Spring Data repository scanning in 54 ms. Found 3 JPA repository interfaces.
29 Oct 2024 - 14:56:24.529 [main] INFO  o.s.b.w.e.tomcat.TomcatWebServer - Tomcat initialized with port 8080 (http)
29 Oct 2024 - 14:56:24.544 [main] INFO  o.a.catalina.core.StandardService - Starting service [Tomcat]
29 Oct 2024 - 14:56:24.545 [main] INFO  o.a.catalina.core.StandardEngine - Starting Servlet engine: [Apache Tomcat/10.1.26]
29 Oct 2024 - 14:56:24.609 [main] INFO  o.a.c.c.C.[Tomcat].[localhost].[/] - Initializing Spring embedded WebApplicationContext
29 Oct 2024 - 14:56:24.610 [main] INFO  o.s.b.w.s.c.ServletWebServerApplicationContext - Root WebApplicationContext: initialization completed in 1753 ms
29 Oct 2024 - 14:56:24.747 [main] INFO  o.h.jpa.internal.util.LogHelper - HHH000204: Processing PersistenceUnitInfo [name: default]
29 Oct 2024 - 14:56:24.798 [main] INFO  org.hibernate.Version - HHH000412: Hibernate ORM core version 6.5.2.Final
29 Oct 2024 - 14:56:24.828 [main] INFO  o.h.c.i.RegionFactoryInitiator - HHH000026: Second-level cache disabled
29 Oct 2024 - 14:56:25.127 [main] INFO  o.s.o.j.p.SpringPersistenceUnitInfo - No LoadTimeWeaver setup: ignoring JPA class transformer
29 Oct 2024 - 14:56:25.153 [main] INFO  com.zaxxer.hikari.HikariDataSource - HikariPool-1 - Starting...
29 Oct 2024 - 14:56:25.313 [main] INFO  com.zaxxer.hikari.pool.HikariPool - HikariPool-1 - Added connection org.postgresql.jdbc.PgConnection@39dda56f
29 Oct 2024 - 14:56:25.315 [main] INFO  com.zaxxer.hikari.HikariDataSource - HikariPool-1 - Start completed.
29 Oct 2024 - 14:56:25.365 [main] WARN  org.hibernate.orm.deprecation - HHH90000025: PostgreSQLDialect does not need to be specified explicitly using 'hibernate.dialect' (remove the property setting and it will be selected by default)
29 Oct 2024 - 14:56:26.390 [main] INFO  o.h.e.t.j.p.i.JtaPlatformInitiator - HHH000489: No JTA platform available (set 'hibernate.transaction.jta.platform' to enable JTA platform integration)
29 Oct 2024 - 14:56:26.491 [main] INFO  o.s.o.j.LocalContainerEntityManagerFactoryBean - Initialized JPA EntityManagerFactory for persistence unit 'default'
29 Oct 2024 - 14:56:26.775 [main] INFO  o.s.d.j.r.query.QueryEnhancerFactory - Hibernate is in classpath; If applicable, HQL parser will be used.
29 Oct 2024 - 14:56:27.598 [main] WARN  o.s.b.a.o.j.JpaBaseConfiguration$JpaWebConfiguration - spring.jpa.open-in-view is enabled by default. Therefore, database queries may be performed during view rendering. Explicitly configure spring.jpa.open-in-view to disable this warning
29 Oct 2024 - 14:56:27.651 [main] INFO  o.s.s.c.a.a.c.InitializeAuthenticationProviderBeanManagerConfigurer$InitializeAuthenticationProviderManagerConfigurer - Global AuthenticationManager configured with AuthenticationProvider bean with name authenticationProvider
29 Oct 2024 - 14:56:27.652 [main] WARN  o.s.s.c.a.a.c.InitializeUserDetailsBeanManagerConfigurer$InitializeUserDetailsManagerConfigurer - Global AuthenticationManager configured with an AuthenticationProvider bean. UserDetailsService beans will not be used for username/password login. Consider removing the AuthenticationProvider bean. Alternatively, consider using the UserDetailsService in a manually instantiated DaoAuthenticationProvider.
29 Oct 2024 - 14:56:28.656 [main] INFO  o.s.b.w.e.tomcat.TomcatWebServer - Tomcat started on port 8080 (http) with context path '/'
29 Oct 2024 - 14:56:28.684 [main] INFO  c.e.InterviewQuestionsApplication - Started InterviewQuestionsApplication in 6.299 seconds (process running for 7.022)
29 Oct 2024 - 14:56:28.855 [main] INFO  org.flywaydb.core.FlywayExecutor - Database: jdbc:postgresql://localhost:5432/Interview_questions (PostgreSQL 14.13)
29 Oct 2024 - 14:56:28.908 [main] INFO  o.f.core.internal.command.DbValidate - Successfully validated 3 migrations (execution time 00:00.034s)
29 Oct 2024 - 14:56:28.921 [main] INFO  o.f.core.internal.command.DbMigrate - Current version of schema "public": 2
29 Oct 2024 - 14:56:28.923 [main] INFO  o.f.core.internal.command.DbMigrate - Schema "public" is up to date. No migration necessary.
29 Oct 2024 - 14:56:29.923 [SpringApplicationShutdownHook] INFO  o.s.o.j.LocalContainerEntityManagerFactoryBean - Closing JPA EntityManagerFactory for persistence unit 'default'
29 Oct 2024 - 14:56:29.925 [SpringApplicationShutdownHook] INFO  com.zaxxer.hikari.HikariDataSource - HikariPool-1 - Shutdown initiated...
29 Oct 2024 - 14:56:29.931 [SpringApplicationShutdownHook] INFO  com.zaxxer.hikari.HikariDataSource - HikariPool-1 - Shutdown completed.
29 Oct 2024 - 14:56:33.119 [main] INFO  c.e.InterviewQuestionsApplication - Starting InterviewQuestionsApplication using Java 17.0.12 with PID 9408 (D:\JavaProject\Interview_questions\target\classes started by Xojiakbar in D:\JavaProject\Interview_questions)
29 Oct 2024 - 14:56:33.134 [main] INFO  c.e.InterviewQuestionsApplication - The following 1 profile is active: "dev"
29 Oct 2024 - 14:56:34.123 [main] INFO  o.s.d.r.c.RepositoryConfigurationDelegate - Bootstrapping Spring Data JPA repositories in DEFAULT mode.
29 Oct 2024 - 14:56:34.193 [main] INFO  o.s.d.r.c.RepositoryConfigurationDelegate - Finished Spring Data repository scanning in 56 ms. Found 3 JPA repository interfaces.
29 Oct 2024 - 14:56:34.785 [main] INFO  o.s.b.w.e.tomcat.TomcatWebServer - Tomcat initialized with port 8080 (http)
29 Oct 2024 - 14:56:34.798 [main] INFO  o.a.catalina.core.StandardService - Starting service [Tomcat]
29 Oct 2024 - 14:56:34.799 [main] INFO  o.a.catalina.core.StandardEngine - Starting Servlet engine: [Apache Tomcat/10.1.26]
29 Oct 2024 - 14:56:34.869 [main] INFO  o.a.c.c.C.[Tomcat].[localhost].[/] - Initializing Spring embedded WebApplicationContext
29 Oct 2024 - 14:56:34.870 [main] INFO  o.s.b.w.s.c.ServletWebServerApplicationContext - Root WebApplicationContext: initialization completed in 1682 ms
29 Oct 2024 - 14:56:35.006 [main] INFO  o.h.jpa.internal.util.LogHelper - HHH000204: Processing PersistenceUnitInfo [name: default]
29 Oct 2024 - 14:56:35.065 [main] INFO  org.hibernate.Version - HHH000412: Hibernate ORM core version 6.5.2.Final
29 Oct 2024 - 14:56:35.101 [main] INFO  o.h.c.i.RegionFactoryInitiator - HHH000026: Second-level cache disabled
29 Oct 2024 - 14:56:35.423 [main] INFO  o.s.o.j.p.SpringPersistenceUnitInfo - No LoadTimeWeaver setup: ignoring JPA class transformer
29 Oct 2024 - 14:56:35.452 [main] INFO  com.zaxxer.hikari.HikariDataSource - HikariPool-1 - Starting...
29 Oct 2024 - 14:56:35.673 [main] INFO  com.zaxxer.hikari.pool.HikariPool - HikariPool-1 - Added connection org.postgresql.jdbc.PgConnection@d4ecdb0
29 Oct 2024 - 14:56:35.675 [main] INFO  com.zaxxer.hikari.HikariDataSource - HikariPool-1 - Start completed.
29 Oct 2024 - 14:56:35.732 [main] WARN  org.hibernate.orm.deprecation - HHH90000025: PostgreSQLDialect does not need to be specified explicitly using 'hibernate.dialect' (remove the property setting and it will be selected by default)
29 Oct 2024 - 14:56:36.731 [main] INFO  o.h.e.t.j.p.i.JtaPlatformInitiator - HHH000489: No JTA platform available (set 'hibernate.transaction.jta.platform' to enable JTA platform integration)
29 Oct 2024 - 14:56:36.843 [main] INFO  o.s.o.j.LocalContainerEntityManagerFactoryBean - Initialized JPA EntityManagerFactory for persistence unit 'default'
29 Oct 2024 - 14:56:37.110 [main] INFO  o.s.d.j.r.query.QueryEnhancerFactory - Hibernate is in classpath; If applicable, HQL parser will be used.
29 Oct 2024 - 14:56:38.047 [main] WARN  o.s.b.a.o.j.JpaBaseConfiguration$JpaWebConfiguration - spring.jpa.open-in-view is enabled by default. Therefore, database queries may be performed during view rendering. Explicitly configure spring.jpa.open-in-view to disable this warning
29 Oct 2024 - 14:56:38.092 [main] INFO  o.s.s.c.a.a.c.InitializeAuthenticationProviderBeanManagerConfigurer$InitializeAuthenticationProviderManagerConfigurer - Global AuthenticationManager configured with AuthenticationProvider bean with name authenticationProvider
29 Oct 2024 - 14:56:38.093 [main] WARN  o.s.s.c.a.a.c.InitializeUserDetailsBeanManagerConfigurer$InitializeUserDetailsManagerConfigurer - Global AuthenticationManager configured with an AuthenticationProvider bean. UserDetailsService beans will not be used for username/password login. Consider removing the AuthenticationProvider bean. Alternatively, consider using the UserDetailsService in a manually instantiated DaoAuthenticationProvider.
29 Oct 2024 - 14:56:39.105 [main] INFO  o.s.b.w.e.tomcat.TomcatWebServer - Tomcat started on port 8080 (http) with context path '/'
29 Oct 2024 - 14:56:39.118 [main] INFO  c.e.InterviewQuestionsApplication - Started InterviewQuestionsApplication in 6.473 seconds (process running for 7.183)
29 Oct 2024 - 14:56:39.280 [main] INFO  org.flywaydb.core.FlywayExecutor - Database: jdbc:postgresql://localhost:5432/Interview_questions (PostgreSQL 14.13)
29 Oct 2024 - 14:56:39.351 [main] INFO  o.f.core.internal.command.DbValidate - Successfully validated 3 migrations (execution time 00:00.047s)
29 Oct 2024 - 14:56:39.371 [main] INFO  o.f.core.internal.command.DbMigrate - Current version of schema "public": 2
29 Oct 2024 - 14:56:39.375 [main] INFO  o.f.core.internal.command.DbMigrate - Schema "public" is up to date. No migration necessary.
29 Oct 2024 - 15:01:28.769 [SpringApplicationShutdownHook] INFO  o.s.o.j.LocalContainerEntityManagerFactoryBean - Closing JPA EntityManagerFactory for persistence unit 'default'
29 Oct 2024 - 15:01:28.772 [SpringApplicationShutdownHook] INFO  com.zaxxer.hikari.HikariDataSource - HikariPool-1 - Shutdown initiated...
29 Oct 2024 - 15:01:28.775 [SpringApplicationShutdownHook] INFO  com.zaxxer.hikari.HikariDataSource - HikariPool-1 - Shutdown completed.
29 Oct 2024 - 15:01:35.616 [main] INFO  c.e.InterviewQuestionsApplication - Starting InterviewQuestionsApplication using Java 17.0.12 with PID 9296 (D:\JavaProject\Interview_questions\target\classes started by Xojiakbar in D:\JavaProject\Interview_questions)
29 Oct 2024 - 15:01:35.636 [main] INFO  c.e.InterviewQuestionsApplication - The following 1 profile is active: "dev"
29 Oct 2024 - 15:01:36.651 [main] INFO  o.s.d.r.c.RepositoryConfigurationDelegate - Bootstrapping Spring Data JPA repositories in DEFAULT mode.
29 Oct 2024 - 15:01:36.717 [main] INFO  o.s.d.r.c.RepositoryConfigurationDelegate - Finished Spring Data repository scanning in 57 ms. Found 3 JPA repository interfaces.
29 Oct 2024 - 15:01:37.348 [main] INFO  o.s.b.w.e.tomcat.TomcatWebServer - Tomcat initialized with port 8080 (http)
29 Oct 2024 - 15:01:37.362 [main] INFO  o.a.catalina.core.StandardService - Starting service [Tomcat]
29 Oct 2024 - 15:01:37.370 [main] INFO  o.a.catalina.core.StandardEngine - Starting Servlet engine: [Apache Tomcat/10.1.26]
29 Oct 2024 - 15:01:37.426 [main] INFO  o.a.c.c.C.[Tomcat].[localhost].[/] - Initializing Spring embedded WebApplicationContext
29 Oct 2024 - 15:01:37.426 [main] INFO  o.s.b.w.s.c.ServletWebServerApplicationContext - Root WebApplicationContext: initialization completed in 1736 ms
29 Oct 2024 - 15:01:37.585 [main] INFO  o.h.jpa.internal.util.LogHelper - HHH000204: Processing PersistenceUnitInfo [name: default]
29 Oct 2024 - 15:01:37.648 [main] INFO  org.hibernate.Version - HHH000412: Hibernate ORM core version 6.5.2.Final
29 Oct 2024 - 15:01:37.680 [main] INFO  o.h.c.i.RegionFactoryInitiator - HHH000026: Second-level cache disabled
29 Oct 2024 - 15:01:37.994 [main] INFO  o.s.o.j.p.SpringPersistenceUnitInfo - No LoadTimeWeaver setup: ignoring JPA class transformer
29 Oct 2024 - 15:01:38.025 [main] INFO  com.zaxxer.hikari.HikariDataSource - HikariPool-1 - Starting...
29 Oct 2024 - 15:01:38.183 [main] INFO  com.zaxxer.hikari.pool.HikariPool - HikariPool-1 - Added connection org.postgresql.jdbc.PgConnection@39514976
29 Oct 2024 - 15:01:38.183 [main] INFO  com.zaxxer.hikari.HikariDataSource - HikariPool-1 - Start completed.
29 Oct 2024 - 15:01:38.238 [main] WARN  org.hibernate.orm.deprecation - HHH90000025: PostgreSQLDialect does not need to be specified explicitly using 'hibernate.dialect' (remove the property setting and it will be selected by default)
29 Oct 2024 - 15:01:39.351 [main] INFO  o.h.e.t.j.p.i.JtaPlatformInitiator - HHH000489: No JTA platform available (set 'hibernate.transaction.jta.platform' to enable JTA platform integration)
29 Oct 2024 - 15:01:39.458 [main] INFO  o.s.o.j.LocalContainerEntityManagerFactoryBean - Initialized JPA EntityManagerFactory for persistence unit 'default'
29 Oct 2024 - 15:01:39.715 [main] INFO  o.s.d.j.r.query.QueryEnhancerFactory - Hibernate is in classpath; If applicable, HQL parser will be used.
29 Oct 2024 - 15:01:40.530 [main] WARN  o.s.b.a.o.j.JpaBaseConfiguration$JpaWebConfiguration - spring.jpa.open-in-view is enabled by default. Therefore, database queries may be performed during view rendering. Explicitly configure spring.jpa.open-in-view to disable this warning
29 Oct 2024 - 15:01:40.578 [main] INFO  o.s.s.c.a.a.c.InitializeAuthenticationProviderBeanManagerConfigurer$InitializeAuthenticationProviderManagerConfigurer - Global AuthenticationManager configured with AuthenticationProvider bean with name authenticationProvider
29 Oct 2024 - 15:01:40.578 [main] WARN  o.s.s.c.a.a.c.InitializeUserDetailsBeanManagerConfigurer$InitializeUserDetailsManagerConfigurer - Global AuthenticationManager configured with an AuthenticationProvider bean. UserDetailsService beans will not be used for username/password login. Consider removing the AuthenticationProvider bean. Alternatively, consider using the UserDetailsService in a manually instantiated DaoAuthenticationProvider.
29 Oct 2024 - 15:01:41.429 [main] INFO  o.s.b.w.e.tomcat.TomcatWebServer - Tomcat started on port 8080 (http) with context path '/'
29 Oct 2024 - 15:01:41.445 [main] INFO  c.e.InterviewQuestionsApplication - Started InterviewQuestionsApplication in 6.29 seconds (process running for 6.894)
29 Oct 2024 - 15:01:41.682 [main] INFO  org.flywaydb.core.FlywayExecutor - Database: jdbc:postgresql://localhost:5432/Interview_questions (PostgreSQL 14.13)
29 Oct 2024 - 15:01:41.729 [main] INFO  o.f.core.internal.command.DbValidate - Successfully validated 3 migrations (execution time 00:00.030s)
29 Oct 2024 - 15:01:41.744 [main] INFO  o.f.core.internal.command.DbMigrate - Current version of schema "public": 2
29 Oct 2024 - 15:01:41.744 [main] INFO  o.f.core.internal.command.DbMigrate - Schema "public" is up to date. No migration necessary.
29 Oct 2024 - 15:01:49.092 [http-nio-8080-exec-1] INFO  o.a.c.c.C.[Tomcat].[localhost].[/] - Initializing Spring DispatcherServlet 'dispatcherServlet'
29 Oct 2024 - 15:01:49.092 [http-nio-8080-exec-1] INFO  o.s.web.servlet.DispatcherServlet - Initializing Servlet 'dispatcherServlet'
29 Oct 2024 - 15:01:49.093 [http-nio-8080-exec-1] INFO  o.s.web.servlet.DispatcherServlet - Completed initialization in 1 ms
29 Oct 2024 - 15:05:15.753 [SpringApplicationShutdownHook] INFO  o.s.o.j.LocalContainerEntityManagerFactoryBean - Closing JPA EntityManagerFactory for persistence unit 'default'
29 Oct 2024 - 15:05:15.756 [SpringApplicationShutdownHook] INFO  com.zaxxer.hikari.HikariDataSource - HikariPool-1 - Shutdown initiated...
29 Oct 2024 - 15:05:15.759 [SpringApplicationShutdownHook] INFO  com.zaxxer.hikari.HikariDataSource - HikariPool-1 - Shutdown completed.
29 Oct 2024 - 15:05:37.437 [main] INFO  c.e.InterviewQuestionsApplication - Starting InterviewQuestionsApplication using Java 17.0.12 with PID 7024 (D:\JavaProject\Interview_questions\target\classes started by Xojiakbar in D:\JavaProject\Interview_questions)
29 Oct 2024 - 15:05:37.461 [main] INFO  c.e.InterviewQuestionsApplication - The following 1 profile is active: "dev"
29 Oct 2024 - 15:05:38.568 [main] INFO  o.s.d.r.c.RepositoryConfigurationDelegate - Bootstrapping Spring Data JPA repositories in DEFAULT mode.
29 Oct 2024 - 15:05:38.646 [main] INFO  o.s.d.r.c.RepositoryConfigurationDelegate - Finished Spring Data repository scanning in 57 ms. Found 3 JPA repository interfaces.
29 Oct 2024 - 15:05:39.218 [main] INFO  o.s.b.w.e.tomcat.TomcatWebServer - Tomcat initialized with port 8080 (http)
29 Oct 2024 - 15:05:39.253 [main] INFO  o.a.catalina.core.StandardService - Starting service [Tomcat]
29 Oct 2024 - 15:05:39.254 [main] INFO  o.a.catalina.core.StandardEngine - Starting Servlet engine: [Apache Tomcat/10.1.26]
29 Oct 2024 - 15:05:39.324 [main] INFO  o.a.c.c.C.[Tomcat].[localhost].[/] - Initializing Spring embedded WebApplicationContext
29 Oct 2024 - 15:05:39.325 [main] INFO  o.s.b.w.s.c.ServletWebServerApplicationContext - Root WebApplicationContext: initialization completed in 1808 ms
29 Oct 2024 - 15:05:39.460 [main] INFO  o.h.jpa.internal.util.LogHelper - HHH000204: Processing PersistenceUnitInfo [name: default]
29 Oct 2024 - 15:05:39.507 [main] INFO  org.hibernate.Version - HHH000412: Hibernate ORM core version 6.5.2.Final
29 Oct 2024 - 15:05:39.539 [main] INFO  o.h.c.i.RegionFactoryInitiator - HHH000026: Second-level cache disabled
29 Oct 2024 - 15:05:39.852 [main] INFO  o.s.o.j.p.SpringPersistenceUnitInfo - No LoadTimeWeaver setup: ignoring JPA class transformer
29 Oct 2024 - 15:05:39.886 [main] INFO  com.zaxxer.hikari.HikariDataSource - HikariPool-1 - Starting...
29 Oct 2024 - 15:05:40.070 [main] INFO  com.zaxxer.hikari.pool.HikariPool - HikariPool-1 - Added connection org.postgresql.jdbc.PgConnection@2dd8a273
29 Oct 2024 - 15:05:40.073 [main] INFO  com.zaxxer.hikari.HikariDataSource - HikariPool-1 - Start completed.
29 Oct 2024 - 15:05:40.123 [main] WARN  org.hibernate.orm.deprecation - HHH90000025: PostgreSQLDialect does not need to be specified explicitly using 'hibernate.dialect' (remove the property setting and it will be selected by default)
29 Oct 2024 - 15:05:41.073 [main] INFO  o.h.e.t.j.p.i.JtaPlatformInitiator - HHH000489: No JTA platform available (set 'hibernate.transaction.jta.platform' to enable JTA platform integration)
29 Oct 2024 - 15:05:41.198 [main] INFO  o.s.o.j.LocalContainerEntityManagerFactoryBean - Initialized JPA EntityManagerFactory for persistence unit 'default'
29 Oct 2024 - 15:05:41.554 [main] INFO  o.s.d.j.r.query.QueryEnhancerFactory - Hibernate is in classpath; If applicable, HQL parser will be used.
29 Oct 2024 - 15:05:42.371 [main] WARN  o.s.b.a.o.j.JpaBaseConfiguration$JpaWebConfiguration - spring.jpa.open-in-view is enabled by default. Therefore, database queries may be performed during view rendering. Explicitly configure spring.jpa.open-in-view to disable this warning
29 Oct 2024 - 15:05:42.418 [main] INFO  o.s.s.c.a.a.c.InitializeAuthenticationProviderBeanManagerConfigurer$InitializeAuthenticationProviderManagerConfigurer - Global AuthenticationManager configured with AuthenticationProvider bean with name authenticationProvider
29 Oct 2024 - 15:05:42.434 [main] WARN  o.s.s.c.a.a.c.InitializeUserDetailsBeanManagerConfigurer$InitializeUserDetailsManagerConfigurer - Global AuthenticationManager configured with an AuthenticationProvider bean. UserDetailsService beans will not be used for username/password login. Consider removing the AuthenticationProvider bean. Alternatively, consider using the UserDetailsService in a manually instantiated DaoAuthenticationProvider.
29 Oct 2024 - 15:05:43.487 [main] INFO  o.s.b.w.e.tomcat.TomcatWebServer - Tomcat started on port 8080 (http) with context path '/'
29 Oct 2024 - 15:05:43.503 [main] INFO  c.e.InterviewQuestionsApplication - Started InterviewQuestionsApplication in 6.56 seconds (process running for 7.333)
29 Oct 2024 - 15:05:43.675 [main] INFO  org.flywaydb.core.FlywayExecutor - Database: jdbc:postgresql://localhost:5432/Interview_questions (PostgreSQL 14.13)
29 Oct 2024 - 15:05:43.753 [main] INFO  o.f.core.internal.command.DbValidate - Successfully validated 3 migrations (execution time 00:00.050s)
29 Oct 2024 - 15:05:43.772 [main] INFO  o.f.core.internal.command.DbMigrate - Current version of schema "public": 2
29 Oct 2024 - 15:05:43.772 [main] INFO  o.f.core.internal.command.DbMigrate - Schema "public" is up to date. No migration necessary.
29 Oct 2024 - 15:05:49.606 [http-nio-8080-exec-1] INFO  o.a.c.c.C.[Tomcat].[localhost].[/] - Initializing Spring DispatcherServlet 'dispatcherServlet'
29 Oct 2024 - 15:05:49.606 [http-nio-8080-exec-1] INFO  o.s.web.servlet.DispatcherServlet - Initializing Servlet 'dispatcherServlet'
29 Oct 2024 - 15:05:49.608 [http-nio-8080-exec-1] INFO  o.s.web.servlet.DispatcherServlet - Completed initialization in 1 ms
29 Oct 2024 - 15:07:14.234 [SpringApplicationShutdownHook] INFO  o.s.o.j.LocalContainerEntityManagerFactoryBean - Closing JPA EntityManagerFactory for persistence unit 'default'
29 Oct 2024 - 15:07:14.236 [SpringApplicationShutdownHook] INFO  com.zaxxer.hikari.HikariDataSource - HikariPool-1 - Shutdown initiated...
29 Oct 2024 - 15:07:14.239 [SpringApplicationShutdownHook] INFO  com.zaxxer.hikari.HikariDataSource - HikariPool-1 - Shutdown completed.
29 Oct 2024 - 15:07:19.940 [main] INFO  c.e.InterviewQuestionsApplication - Starting InterviewQuestionsApplication using Java 17.0.12 with PID 15024 (D:\JavaProject\Interview_questions\target\classes started by Xojiakbar in D:\JavaProject\Interview_questions)
29 Oct 2024 - 15:07:19.955 [main] INFO  c.e.InterviewQuestionsApplication - The following 1 profile is active: "dev"
29 Oct 2024 - 15:07:20.937 [main] INFO  o.s.d.r.c.RepositoryConfigurationDelegate - Bootstrapping Spring Data JPA repositories in DEFAULT mode.
29 Oct 2024 - 15:07:21.001 [main] INFO  o.s.d.r.c.RepositoryConfigurationDelegate - Finished Spring Data repository scanning in 55 ms. Found 3 JPA repository interfaces.
29 Oct 2024 - 15:07:21.568 [main] INFO  o.s.b.w.e.tomcat.TomcatWebServer - Tomcat initialized with port 8080 (http)
29 Oct 2024 - 15:07:21.581 [main] INFO  o.a.catalina.core.StandardService - Starting service [Tomcat]
29 Oct 2024 - 15:07:21.581 [main] INFO  o.a.catalina.core.StandardEngine - Starting Servlet engine: [Apache Tomcat/10.1.26]
29 Oct 2024 - 15:07:21.648 [main] INFO  o.a.c.c.C.[Tomcat].[localhost].[/] - Initializing Spring embedded WebApplicationContext
29 Oct 2024 - 15:07:21.648 [main] INFO  o.s.b.w.s.c.ServletWebServerApplicationContext - Root WebApplicationContext: initialization completed in 1645 ms
29 Oct 2024 - 15:07:21.771 [main] INFO  o.h.jpa.internal.util.LogHelper - HHH000204: Processing PersistenceUnitInfo [name: default]
29 Oct 2024 - 15:07:21.826 [main] INFO  org.hibernate.Version - HHH000412: Hibernate ORM core version 6.5.2.Final
29 Oct 2024 - 15:07:21.859 [main] INFO  o.h.c.i.RegionFactoryInitiator - HHH000026: Second-level cache disabled
29 Oct 2024 - 15:07:22.163 [main] INFO  o.s.o.j.p.SpringPersistenceUnitInfo - No LoadTimeWeaver setup: ignoring JPA class transformer
29 Oct 2024 - 15:07:22.187 [main] INFO  com.zaxxer.hikari.HikariDataSource - HikariPool-1 - Starting...
29 Oct 2024 - 15:07:22.337 [main] INFO  com.zaxxer.hikari.pool.HikariPool - HikariPool-1 - Added connection org.postgresql.jdbc.PgConnection@1b1ea1d9
29 Oct 2024 - 15:07:22.339 [main] INFO  com.zaxxer.hikari.HikariDataSource - HikariPool-1 - Start completed.
29 Oct 2024 - 15:07:22.382 [main] WARN  org.hibernate.orm.deprecation - HHH90000025: PostgreSQLDialect does not need to be specified explicitly using 'hibernate.dialect' (remove the property setting and it will be selected by default)
29 Oct 2024 - 15:07:23.362 [main] INFO  o.h.e.t.j.p.i.JtaPlatformInitiator - HHH000489: No JTA platform available (set 'hibernate.transaction.jta.platform' to enable JTA platform integration)
29 Oct 2024 - 15:07:23.483 [main] INFO  o.s.o.j.LocalContainerEntityManagerFactoryBean - Initialized JPA EntityManagerFactory for persistence unit 'default'
29 Oct 2024 - 15:07:23.754 [main] INFO  o.s.d.j.r.query.QueryEnhancerFactory - Hibernate is in classpath; If applicable, HQL parser will be used.
29 Oct 2024 - 15:07:24.616 [main] WARN  o.s.b.a.o.j.JpaBaseConfiguration$JpaWebConfiguration - spring.jpa.open-in-view is enabled by default. Therefore, database queries may be performed during view rendering. Explicitly configure spring.jpa.open-in-view to disable this warning
29 Oct 2024 - 15:07:24.662 [main] INFO  o.s.s.c.a.a.c.InitializeAuthenticationProviderBeanManagerConfigurer$InitializeAuthenticationProviderManagerConfigurer - Global AuthenticationManager configured with AuthenticationProvider bean with name authenticationProvider
29 Oct 2024 - 15:07:24.663 [main] WARN  o.s.s.c.a.a.c.InitializeUserDetailsBeanManagerConfigurer$InitializeUserDetailsManagerConfigurer - Global AuthenticationManager configured with an AuthenticationProvider bean. UserDetailsService beans will not be used for username/password login. Consider removing the AuthenticationProvider bean. Alternatively, consider using the UserDetailsService in a manually instantiated DaoAuthenticationProvider.
29 Oct 2024 - 15:07:25.574 [main] INFO  o.s.b.w.e.tomcat.TomcatWebServer - Tomcat started on port 8080 (http) with context path '/'
29 Oct 2024 - 15:07:25.587 [main] INFO  c.e.InterviewQuestionsApplication - Started InterviewQuestionsApplication in 6.114 seconds (process running for 6.804)
29 Oct 2024 - 15:07:25.755 [main] INFO  org.flywaydb.core.FlywayExecutor - Database: jdbc:postgresql://localhost:5432/Interview_questions (PostgreSQL 14.13)
29 Oct 2024 - 15:07:25.814 [main] INFO  o.f.core.internal.command.DbValidate - Successfully validated 3 migrations (execution time 00:00.038s)
29 Oct 2024 - 15:07:25.826 [main] INFO  o.f.core.internal.command.DbMigrate - Current version of schema "public": 2
29 Oct 2024 - 15:07:25.829 [main] INFO  o.f.core.internal.command.DbMigrate - Schema "public" is up to date. No migration necessary.
29 Oct 2024 - 15:07:35.376 [http-nio-8080-exec-1] INFO  o.a.c.c.C.[Tomcat].[localhost].[/] - Initializing Spring DispatcherServlet 'dispatcherServlet'
29 Oct 2024 - 15:07:35.376 [http-nio-8080-exec-1] INFO  o.s.web.servlet.DispatcherServlet - Initializing Servlet 'dispatcherServlet'
29 Oct 2024 - 15:07:35.378 [http-nio-8080-exec-1] INFO  o.s.web.servlet.DispatcherServlet - Completed initialization in 1 ms
29 Oct 2024 - 19:20:45.553 [HikariPool-1 housekeeper] WARN  com.zaxxer.hikari.pool.HikariPool - HikariPool-1 - Thread starvation or clock leap detected (housekeeper delta=4h12m53s95ms232µs400ns).
29 Oct 2024 - 20:17:49.277 [HikariPool-1 housekeeper] WARN  com.zaxxer.hikari.pool.HikariPool - HikariPool-1 - Thread starvation or clock leap detected (housekeeper delta=13m52s864ms570µs100ns).
29 Oct 2024 - 20:48:01.111 [SpringApplicationShutdownHook] INFO  o.s.o.j.LocalContainerEntityManagerFactoryBean - Closing JPA EntityManagerFactory for persistence unit 'default'
29 Oct 2024 - 20:48:01.130 [SpringApplicationShutdownHook] INFO  com.zaxxer.hikari.HikariDataSource - HikariPool-1 - Shutdown initiated...
29 Oct 2024 - 20:48:01.143 [SpringApplicationShutdownHook] INFO  com.zaxxer.hikari.HikariDataSource - HikariPool-1 - Shutdown completed.
29 Oct 2024 - 20:48:06.521 [main] INFO  c.e.InterviewQuestionsApplication - Starting InterviewQuestionsApplication using Java 17.0.12 with PID 18864 (D:\JavaProject\Interview_questions\target\classes started by Xojiakbar in D:\JavaProject\Interview_questions)
29 Oct 2024 - 20:48:06.536 [main] INFO  c.e.InterviewQuestionsApplication - The following 1 profile is active: "dev"
29 Oct 2024 - 20:48:07.618 [main] INFO  o.s.d.r.c.RepositoryConfigurationDelegate - Bootstrapping Spring Data JPA repositories in DEFAULT mode.
29 Oct 2024 - 20:48:07.714 [main] INFO  o.s.d.r.c.RepositoryConfigurationDelegate - Finished Spring Data repository scanning in 78 ms. Found 3 JPA repository interfaces.
29 Oct 2024 - 20:48:08.359 [main] INFO  o.s.b.w.e.tomcat.TomcatWebServer - Tomcat initialized with port 8080 (http)
29 Oct 2024 - 20:48:08.374 [main] INFO  o.a.catalina.core.StandardService - Starting service [Tomcat]
29 Oct 2024 - 20:48:08.375 [main] INFO  o.a.catalina.core.StandardEngine - Starting Servlet engine: [Apache Tomcat/10.1.26]
29 Oct 2024 - 20:48:08.451 [main] INFO  o.a.c.c.C.[Tomcat].[localhost].[/] - Initializing Spring embedded WebApplicationContext
29 Oct 2024 - 20:48:08.452 [main] INFO  o.s.b.w.s.c.ServletWebServerApplicationContext - Root WebApplicationContext: initialization completed in 1862 ms
29 Oct 2024 - 20:48:08.613 [main] INFO  o.h.jpa.internal.util.LogHelper - HHH000204: Processing PersistenceUnitInfo [name: default]
29 Oct 2024 - 20:48:08.671 [main] INFO  org.hibernate.Version - HHH000412: Hibernate ORM core version 6.5.2.Final
29 Oct 2024 - 20:48:08.702 [main] INFO  o.h.c.i.RegionFactoryInitiator - HHH000026: Second-level cache disabled
29 Oct 2024 - 20:48:09.067 [main] INFO  o.s.o.j.p.SpringPersistenceUnitInfo - No LoadTimeWeaver setup: ignoring JPA class transformer
29 Oct 2024 - 20:48:09.094 [main] INFO  com.zaxxer.hikari.HikariDataSource - HikariPool-1 - Starting...
29 Oct 2024 - 20:48:09.286 [main] INFO  com.zaxxer.hikari.pool.HikariPool - HikariPool-1 - Added connection org.postgresql.jdbc.PgConnection@2dd8a273
29 Oct 2024 - 20:48:09.288 [main] INFO  com.zaxxer.hikari.HikariDataSource - HikariPool-1 - Start completed.
29 Oct 2024 - 20:48:09.337 [main] WARN  org.hibernate.orm.deprecation - HHH90000025: PostgreSQLDialect does not need to be specified explicitly using 'hibernate.dialect' (remove the property setting and it will be selected by default)
29 Oct 2024 - 20:48:10.336 [main] INFO  o.h.e.t.j.p.i.JtaPlatformInitiator - HHH000489: No JTA platform available (set 'hibernate.transaction.jta.platform' to enable JTA platform integration)
29 Oct 2024 - 20:48:10.443 [main] INFO  o.s.o.j.LocalContainerEntityManagerFactoryBean - Initialized JPA EntityManagerFactory for persistence unit 'default'
29 Oct 2024 - 20:48:10.794 [main] INFO  o.s.d.j.r.query.QueryEnhancerFactory - Hibernate is in classpath; If applicable, HQL parser will be used.
29 Oct 2024 - 20:48:11.562 [main] WARN  o.s.b.a.o.j.JpaBaseConfiguration$JpaWebConfiguration - spring.jpa.open-in-view is enabled by default. Therefore, database queries may be performed during view rendering. Explicitly configure spring.jpa.open-in-view to disable this warning
29 Oct 2024 - 20:48:11.609 [main] INFO  o.s.s.c.a.a.c.InitializeAuthenticationProviderBeanManagerConfigurer$InitializeAuthenticationProviderManagerConfigurer - Global AuthenticationManager configured with AuthenticationProvider bean with name authenticationProvider
29 Oct 2024 - 20:48:11.610 [main] WARN  o.s.s.c.a.a.c.InitializeUserDetailsBeanManagerConfigurer$InitializeUserDetailsManagerConfigurer - Global AuthenticationManager configured with an AuthenticationProvider bean. UserDetailsService beans will not be used for username/password login. Consider removing the AuthenticationProvider bean. Alternatively, consider using the UserDetailsService in a manually instantiated DaoAuthenticationProvider.
29 Oct 2024 - 20:48:12.554 [main] INFO  o.s.b.w.e.tomcat.TomcatWebServer - Tomcat started on port 8080 (http) with context path '/'
29 Oct 2024 - 20:48:12.566 [main] INFO  c.e.InterviewQuestionsApplication - Started InterviewQuestionsApplication in 6.502 seconds (process running for 7.105)
29 Oct 2024 - 20:48:12.747 [main] INFO  org.flywaydb.core.FlywayExecutor - Database: jdbc:postgresql://localhost:5432/Interview_questions (PostgreSQL 14.13)
29 Oct 2024 - 20:48:12.838 [main] INFO  o.f.core.internal.command.DbValidate - Successfully validated 3 migrations (execution time 00:00.062s)
29 Oct 2024 - 20:48:12.858 [main] INFO  o.f.core.internal.command.DbMigrate - Current version of schema "public": 2
29 Oct 2024 - 20:48:12.862 [main] INFO  o.f.core.internal.command.DbMigrate - Schema "public" is up to date. No migration necessary.
29 Oct 2024 - 20:48:14.214 [http-nio-8080-exec-1] INFO  o.a.c.c.C.[Tomcat].[localhost].[/] - Initializing Spring DispatcherServlet 'dispatcherServlet'
29 Oct 2024 - 20:48:14.215 [http-nio-8080-exec-1] INFO  o.s.web.servlet.DispatcherServlet - Initializing Servlet 'dispatcherServlet'
29 Oct 2024 - 20:48:14.216 [http-nio-8080-exec-1] INFO  o.s.web.servlet.DispatcherServlet - Completed initialization in 1 ms
29 Oct 2024 - 20:51:33.938 [SpringApplicationShutdownHook] INFO  o.s.o.j.LocalContainerEntityManagerFactoryBean - Closing JPA EntityManagerFactory for persistence unit 'default'
29 Oct 2024 - 20:51:33.941 [SpringApplicationShutdownHook] INFO  com.zaxxer.hikari.HikariDataSource - HikariPool-1 - Shutdown initiated...
29 Oct 2024 - 20:51:33.948 [SpringApplicationShutdownHook] INFO  com.zaxxer.hikari.HikariDataSource - HikariPool-1 - Shutdown completed.
29 Oct 2024 - 20:51:39.965 [main] INFO  c.e.InterviewQuestionsApplication - Starting InterviewQuestionsApplication using Java 17.0.12 with PID 16112 (D:\JavaProject\Interview_questions\target\classes started by Xojiakbar in D:\JavaProject\Interview_questions)
29 Oct 2024 - 20:51:39.980 [main] INFO  c.e.InterviewQuestionsApplication - The following 1 profile is active: "dev"
29 Oct 2024 - 20:51:40.986 [main] INFO  o.s.d.r.c.RepositoryConfigurationDelegate - Bootstrapping Spring Data JPA repositories in DEFAULT mode.
29 Oct 2024 - 20:51:41.055 [main] INFO  o.s.d.r.c.RepositoryConfigurationDelegate - Finished Spring Data repository scanning in 61 ms. Found 3 JPA repository interfaces.
29 Oct 2024 - 20:51:41.798 [main] INFO  o.s.b.w.e.tomcat.TomcatWebServer - Tomcat initialized with port 8080 (http)
29 Oct 2024 - 20:51:41.812 [main] INFO  o.a.catalina.core.StandardService - Starting service [Tomcat]
29 Oct 2024 - 20:51:41.813 [main] INFO  o.a.catalina.core.StandardEngine - Starting Servlet engine: [Apache Tomcat/10.1.26]
29 Oct 2024 - 20:51:41.914 [main] INFO  o.a.c.c.C.[Tomcat].[localhost].[/] - Initializing Spring embedded WebApplicationContext
29 Oct 2024 - 20:51:41.915 [main] INFO  o.s.b.w.s.c.ServletWebServerApplicationContext - Root WebApplicationContext: initialization completed in 1881 ms
29 Oct 2024 - 20:51:42.062 [main] INFO  o.h.jpa.internal.util.LogHelper - HHH000204: Processing PersistenceUnitInfo [name: default]
29 Oct 2024 - 20:51:42.109 [main] INFO  org.hibernate.Version - HHH000412: Hibernate ORM core version 6.5.2.Final
29 Oct 2024 - 20:51:42.145 [main] INFO  o.h.c.i.RegionFactoryInitiator - HHH000026: Second-level cache disabled
29 Oct 2024 - 20:51:42.461 [main] INFO  o.s.o.j.p.SpringPersistenceUnitInfo - No LoadTimeWeaver setup: ignoring JPA class transformer
29 Oct 2024 - 20:51:42.490 [main] INFO  com.zaxxer.hikari.HikariDataSource - HikariPool-1 - Starting...
29 Oct 2024 - 20:51:42.654 [main] INFO  com.zaxxer.hikari.pool.HikariPool - HikariPool-1 - Added connection org.postgresql.jdbc.PgConnection@135064ea
29 Oct 2024 - 20:51:42.657 [main] INFO  com.zaxxer.hikari.HikariDataSource - HikariPool-1 - Start completed.
29 Oct 2024 - 20:51:42.702 [main] WARN  org.hibernate.orm.deprecation - HHH90000025: PostgreSQLDialect does not need to be specified explicitly using 'hibernate.dialect' (remove the property setting and it will be selected by default)
29 Oct 2024 - 20:51:43.726 [main] INFO  o.h.e.t.j.p.i.JtaPlatformInitiator - HHH000489: No JTA platform available (set 'hibernate.transaction.jta.platform' to enable JTA platform integration)
29 Oct 2024 - 20:51:43.797 [main] INFO  o.s.o.j.LocalContainerEntityManagerFactoryBean - Initialized JPA EntityManagerFactory for persistence unit 'default'
29 Oct 2024 - 20:51:44.059 [main] INFO  o.s.d.j.r.query.QueryEnhancerFactory - Hibernate is in classpath; If applicable, HQL parser will be used.
29 Oct 2024 - 20:51:44.887 [main] WARN  o.s.b.a.o.j.JpaBaseConfiguration$JpaWebConfiguration - spring.jpa.open-in-view is enabled by default. Therefore, database queries may be performed during view rendering. Explicitly configure spring.jpa.open-in-view to disable this warning
29 Oct 2024 - 20:51:44.936 [main] INFO  o.s.s.c.a.a.c.InitializeAuthenticationProviderBeanManagerConfigurer$InitializeAuthenticationProviderManagerConfigurer - Global AuthenticationManager configured with AuthenticationProvider bean with name authenticationProvider
29 Oct 2024 - 20:51:44.937 [main] WARN  o.s.s.c.a.a.c.InitializeUserDetailsBeanManagerConfigurer$InitializeUserDetailsManagerConfigurer - Global AuthenticationManager configured with an AuthenticationProvider bean. UserDetailsService beans will not be used for username/password login. Consider removing the AuthenticationProvider bean. Alternatively, consider using the UserDetailsService in a manually instantiated DaoAuthenticationProvider.
29 Oct 2024 - 20:51:45.938 [main] INFO  o.s.b.w.e.tomcat.TomcatWebServer - Tomcat started on port 8080 (http) with context path '/'
29 Oct 2024 - 20:51:45.957 [main] INFO  c.e.InterviewQuestionsApplication - Started InterviewQuestionsApplication in 6.417 seconds (process running for 7.024)
29 Oct 2024 - 20:51:46.129 [main] INFO  org.flywaydb.core.FlywayExecutor - Database: jdbc:postgresql://localhost:5432/Interview_questions (PostgreSQL 14.13)
29 Oct 2024 - 20:51:46.189 [main] INFO  o.f.core.internal.command.DbValidate - Successfully validated 3 migrations (execution time 00:00.035s)
29 Oct 2024 - 20:51:46.202 [main] INFO  o.f.core.internal.command.DbMigrate - Current version of schema "public": 2
29 Oct 2024 - 20:51:46.205 [main] INFO  o.f.core.internal.command.DbMigrate - Schema "public" is up to date. No migration necessary.
29 Oct 2024 - 20:51:48.307 [http-nio-8080-exec-1] INFO  o.a.c.c.C.[Tomcat].[localhost].[/] - Initializing Spring DispatcherServlet 'dispatcherServlet'
29 Oct 2024 - 20:51:48.307 [http-nio-8080-exec-1] INFO  o.s.web.servlet.DispatcherServlet - Initializing Servlet 'dispatcherServlet'
29 Oct 2024 - 20:51:48.309 [http-nio-8080-exec-1] INFO  o.s.web.servlet.DispatcherServlet - Completed initialization in 2 ms
29 Oct 2024 - 20:53:30.553 [SpringApplicationShutdownHook] INFO  o.s.o.j.LocalContainerEntityManagerFactoryBean - Closing JPA EntityManagerFactory for persistence unit 'default'
29 Oct 2024 - 20:53:30.556 [SpringApplicationShutdownHook] INFO  com.zaxxer.hikari.HikariDataSource - HikariPool-1 - Shutdown initiated...
29 Oct 2024 - 20:53:30.560 [SpringApplicationShutdownHook] INFO  com.zaxxer.hikari.HikariDataSource - HikariPool-1 - Shutdown completed.
29 Oct 2024 - 20:54:01.205 [main] INFO  c.e.InterviewQuestionsApplication - Starting InterviewQuestionsApplication using Java 17.0.12 with PID 4596 (D:\JavaProject\Interview_questions\target\classes started by Xojiakbar in D:\JavaProject\Interview_questions)
29 Oct 2024 - 20:54:01.219 [main] INFO  c.e.InterviewQuestionsApplication - The following 1 profile is active: "dev"
29 Oct 2024 - 20:54:02.220 [main] INFO  o.s.d.r.c.RepositoryConfigurationDelegate - Bootstrapping Spring Data JPA repositories in DEFAULT mode.
29 Oct 2024 - 20:54:02.293 [main] INFO  o.s.d.r.c.RepositoryConfigurationDelegate - Finished Spring Data repository scanning in 65 ms. Found 3 JPA repository interfaces.
29 Oct 2024 - 20:54:02.947 [main] INFO  o.s.b.w.e.tomcat.TomcatWebServer - Tomcat initialized with port 8080 (http)
29 Oct 2024 - 20:54:02.960 [main] INFO  o.a.catalina.core.StandardService - Starting service [Tomcat]
29 Oct 2024 - 20:54:02.961 [main] INFO  o.a.catalina.core.StandardEngine - Starting Servlet engine: [Apache Tomcat/10.1.26]
29 Oct 2024 - 20:54:03.028 [main] INFO  o.a.c.c.C.[Tomcat].[localhost].[/] - Initializing Spring embedded WebApplicationContext
29 Oct 2024 - 20:54:03.029 [main] INFO  o.s.b.w.s.c.ServletWebServerApplicationContext - Root WebApplicationContext: initialization completed in 1765 ms
29 Oct 2024 - 20:54:03.164 [main] INFO  o.h.jpa.internal.util.LogHelper - HHH000204: Processing PersistenceUnitInfo [name: default]
29 Oct 2024 - 20:54:03.218 [main] INFO  org.hibernate.Version - HHH000412: Hibernate ORM core version 6.5.2.Final
29 Oct 2024 - 20:54:03.250 [main] INFO  o.h.c.i.RegionFactoryInitiator - HHH000026: Second-level cache disabled
29 Oct 2024 - 20:54:03.554 [main] INFO  o.s.o.j.p.SpringPersistenceUnitInfo - No LoadTimeWeaver setup: ignoring JPA class transformer
29 Oct 2024 - 20:54:03.582 [main] INFO  com.zaxxer.hikari.HikariDataSource - HikariPool-1 - Starting...
29 Oct 2024 - 20:54:03.743 [main] INFO  com.zaxxer.hikari.pool.HikariPool - HikariPool-1 - Added connection org.postgresql.jdbc.PgConnection@669c2b07
29 Oct 2024 - 20:54:03.744 [main] INFO  com.zaxxer.hikari.HikariDataSource - HikariPool-1 - Start completed.
29 Oct 2024 - 20:54:03.788 [main] WARN  org.hibernate.orm.deprecation - HHH90000025: PostgreSQLDialect does not need to be specified explicitly using 'hibernate.dialect' (remove the property setting and it will be selected by default)
29 Oct 2024 - 20:54:04.887 [main] INFO  o.h.e.t.j.p.i.JtaPlatformInitiator - HHH000489: No JTA platform available (set 'hibernate.transaction.jta.platform' to enable JTA platform integration)
29 Oct 2024 - 20:54:05.035 [main] INFO  o.s.o.j.LocalContainerEntityManagerFactoryBean - Initialized JPA EntityManagerFactory for persistence unit 'default'
29 Oct 2024 - 20:54:05.364 [main] INFO  o.s.d.j.r.query.QueryEnhancerFactory - Hibernate is in classpath; If applicable, HQL parser will be used.
29 Oct 2024 - 20:54:06.346 [main] WARN  o.s.b.a.o.j.JpaBaseConfiguration$JpaWebConfiguration - spring.jpa.open-in-view is enabled by default. Therefore, database queries may be performed during view rendering. Explicitly configure spring.jpa.open-in-view to disable this warning
29 Oct 2024 - 20:54:06.387 [main] INFO  o.s.s.c.a.a.c.InitializeAuthenticationProviderBeanManagerConfigurer$InitializeAuthenticationProviderManagerConfigurer - Global AuthenticationManager configured with AuthenticationProvider bean with name authenticationProvider
29 Oct 2024 - 20:54:06.402 [main] WARN  o.s.s.c.a.a.c.InitializeUserDetailsBeanManagerConfigurer$InitializeUserDetailsManagerConfigurer - Global AuthenticationManager configured with an AuthenticationProvider bean. UserDetailsService beans will not be used for username/password login. Consider removing the AuthenticationProvider bean. Alternatively, consider using the UserDetailsService in a manually instantiated DaoAuthenticationProvider.
29 Oct 2024 - 20:54:07.410 [main] INFO  o.s.b.w.e.tomcat.TomcatWebServer - Tomcat started on port 8080 (http) with context path '/'
29 Oct 2024 - 20:54:07.421 [main] INFO  c.e.InterviewQuestionsApplication - Started InterviewQuestionsApplication in 6.678 seconds (process running for 7.389)
29 Oct 2024 - 20:54:07.661 [main] INFO  org.flywaydb.core.FlywayExecutor - Database: jdbc:postgresql://localhost:5432/Interview_questions (PostgreSQL 14.13)
29 Oct 2024 - 20:54:07.709 [main] INFO  o.f.core.internal.command.DbValidate - Successfully validated 3 migrations (execution time 00:00.031s)
29 Oct 2024 - 20:54:07.723 [main] INFO  o.f.core.internal.command.DbMigrate - Current version of schema "public": 2
29 Oct 2024 - 20:54:07.725 [main] INFO  o.f.core.internal.command.DbMigrate - Schema "public" is up to date. No migration necessary.
29 Oct 2024 - 20:54:43.589 [http-nio-8080-exec-2] INFO  o.a.c.c.C.[Tomcat].[localhost].[/] - Initializing Spring DispatcherServlet 'dispatcherServlet'
29 Oct 2024 - 20:54:43.589 [http-nio-8080-exec-2] INFO  o.s.web.servlet.DispatcherServlet - Initializing Servlet 'dispatcherServlet'
29 Oct 2024 - 20:54:43.590 [http-nio-8080-exec-2] INFO  o.s.web.servlet.DispatcherServlet - Completed initialization in 1 ms
29 Oct 2024 - 21:03:19.741 [SpringApplicationShutdownHook] INFO  o.s.o.j.LocalContainerEntityManagerFactoryBean - Closing JPA EntityManagerFactory for persistence unit 'default'
29 Oct 2024 - 21:03:19.744 [SpringApplicationShutdownHook] INFO  com.zaxxer.hikari.HikariDataSource - HikariPool-1 - Shutdown initiated...
29 Oct 2024 - 21:03:19.746 [SpringApplicationShutdownHook] INFO  com.zaxxer.hikari.HikariDataSource - HikariPool-1 - Shutdown completed.
29 Oct 2024 - 21:03:25.164 [main] INFO  c.e.InterviewQuestionsApplication - Starting InterviewQuestionsApplication using Java 17.0.12 with PID 19352 (D:\JavaProject\Interview_questions\target\classes started by Xojiakbar in D:\JavaProject\Interview_questions)
29 Oct 2024 - 21:03:25.181 [main] INFO  c.e.InterviewQuestionsApplication - The following 1 profile is active: "dev"
29 Oct 2024 - 21:03:26.128 [main] INFO  o.s.d.r.c.RepositoryConfigurationDelegate - Bootstrapping Spring Data JPA repositories in DEFAULT mode.
29 Oct 2024 - 21:03:26.204 [main] INFO  o.s.d.r.c.RepositoryConfigurationDelegate - Finished Spring Data repository scanning in 65 ms. Found 3 JPA repository interfaces.
29 Oct 2024 - 21:03:26.875 [main] INFO  o.s.b.w.e.tomcat.TomcatWebServer - Tomcat initialized with port 8080 (http)
29 Oct 2024 - 21:03:26.889 [main] INFO  o.a.catalina.core.StandardService - Starting service [Tomcat]
29 Oct 2024 - 21:03:26.889 [main] INFO  o.a.catalina.core.StandardEngine - Starting Servlet engine: [Apache Tomcat/10.1.26]
29 Oct 2024 - 21:03:26.965 [main] INFO  o.a.c.c.C.[Tomcat].[localhost].[/] - Initializing Spring embedded WebApplicationContext
29 Oct 2024 - 21:03:26.965 [main] INFO  o.s.b.w.s.c.ServletWebServerApplicationContext - Root WebApplicationContext: initialization completed in 1727 ms
29 Oct 2024 - 21:03:27.116 [main] INFO  o.h.jpa.internal.util.LogHelper - HHH000204: Processing PersistenceUnitInfo [name: default]
29 Oct 2024 - 21:03:27.177 [main] INFO  org.hibernate.Version - HHH000412: Hibernate ORM core version 6.5.2.Final
29 Oct 2024 - 21:03:27.213 [main] INFO  o.h.c.i.RegionFactoryInitiator - HHH000026: Second-level cache disabled
29 Oct 2024 - 21:03:27.542 [main] INFO  o.s.o.j.p.SpringPersistenceUnitInfo - No LoadTimeWeaver setup: ignoring JPA class transformer
29 Oct 2024 - 21:03:27.569 [main] INFO  com.zaxxer.hikari.HikariDataSource - HikariPool-1 - Starting...
29 Oct 2024 - 21:03:27.744 [main] INFO  com.zaxxer.hikari.pool.HikariPool - HikariPool-1 - Added connection org.postgresql.jdbc.PgConnection@5bd3ca3c
29 Oct 2024 - 21:03:27.746 [main] INFO  com.zaxxer.hikari.HikariDataSource - HikariPool-1 - Start completed.
29 Oct 2024 - 21:03:27.795 [main] WARN  org.hibernate.orm.deprecation - HHH90000025: PostgreSQLDialect does not need to be specified explicitly using 'hibernate.dialect' (remove the property setting and it will be selected by default)
29 Oct 2024 - 21:03:28.887 [main] INFO  o.h.e.t.j.p.i.JtaPlatformInitiator - HHH000489: No JTA platform available (set 'hibernate.transaction.jta.platform' to enable JTA platform integration)
29 Oct 2024 - 21:03:28.995 [main] INFO  o.s.o.j.LocalContainerEntityManagerFactoryBean - Initialized JPA EntityManagerFactory for persistence unit 'default'
29 Oct 2024 - 21:03:29.288 [main] INFO  o.s.d.j.r.query.QueryEnhancerFactory - Hibernate is in classpath; If applicable, HQL parser will be used.
29 Oct 2024 - 21:03:30.059 [main] WARN  o.s.b.a.o.j.JpaBaseConfiguration$JpaWebConfiguration - spring.jpa.open-in-view is enabled by default. Therefore, database queries may be performed during view rendering. Explicitly configure spring.jpa.open-in-view to disable this warning
29 Oct 2024 - 21:03:30.099 [main] INFO  o.s.s.c.a.a.c.InitializeAuthenticationProviderBeanManagerConfigurer$InitializeAuthenticationProviderManagerConfigurer - Global AuthenticationManager configured with AuthenticationProvider bean with name authenticationProvider
29 Oct 2024 - 21:03:30.100 [main] WARN  o.s.s.c.a.a.c.InitializeUserDetailsBeanManagerConfigurer$InitializeUserDetailsManagerConfigurer - Global AuthenticationManager configured with an AuthenticationProvider bean. UserDetailsService beans will not be used for username/password login. Consider removing the AuthenticationProvider bean. Alternatively, consider using the UserDetailsService in a manually instantiated DaoAuthenticationProvider.
29 Oct 2024 - 21:03:30.965 [main] INFO  o.s.b.w.e.tomcat.TomcatWebServer - Tomcat started on port 8080 (http) with context path '/'
29 Oct 2024 - 21:03:30.979 [main] INFO  c.e.InterviewQuestionsApplication - Started InterviewQuestionsApplication in 6.32 seconds (process running for 7.003)
29 Oct 2024 - 21:03:31.175 [main] INFO  org.flywaydb.core.FlywayExecutor - Database: jdbc:postgresql://localhost:5432/Interview_questions (PostgreSQL 14.13)
29 Oct 2024 - 21:03:31.243 [main] INFO  o.f.core.internal.command.DbValidate - Successfully validated 3 migrations (execution time 00:00.038s)
29 Oct 2024 - 21:03:31.258 [main] INFO  o.f.core.internal.command.DbMigrate - Current version of schema "public": 2
29 Oct 2024 - 21:03:31.262 [main] INFO  o.f.core.internal.command.DbMigrate - Schema "public" is up to date. No migration necessary.
29 Oct 2024 - 21:03:34.772 [http-nio-8080-exec-1] INFO  o.a.c.c.C.[Tomcat].[localhost].[/] - Initializing Spring DispatcherServlet 'dispatcherServlet'
29 Oct 2024 - 21:03:34.772 [http-nio-8080-exec-1] INFO  o.s.web.servlet.DispatcherServlet - Initializing Servlet 'dispatcherServlet'
29 Oct 2024 - 21:03:34.774 [http-nio-8080-exec-1] INFO  o.s.web.servlet.DispatcherServlet - Completed initialization in 1 ms
29 Oct 2024 - 21:04:50.005 [SpringApplicationShutdownHook] INFO  o.s.o.j.LocalContainerEntityManagerFactoryBean - Closing JPA EntityManagerFactory for persistence unit 'default'
29 Oct 2024 - 21:04:50.007 [SpringApplicationShutdownHook] INFO  com.zaxxer.hikari.HikariDataSource - HikariPool-1 - Shutdown initiated...
29 Oct 2024 - 21:04:50.011 [SpringApplicationShutdownHook] INFO  com.zaxxer.hikari.HikariDataSource - HikariPool-1 - Shutdown completed.
29 Oct 2024 - 21:04:55.810 [main] INFO  c.e.InterviewQuestionsApplication - Starting InterviewQuestionsApplication using Java 17.0.12 with PID 2980 (D:\JavaProject\Interview_questions\target\classes started by Xojiakbar in D:\JavaProject\Interview_questions)
29 Oct 2024 - 21:04:55.822 [main] INFO  c.e.InterviewQuestionsApplication - The following 1 profile is active: "dev"
29 Oct 2024 - 21:04:56.990 [main] INFO  o.s.d.r.c.RepositoryConfigurationDelegate - Bootstrapping Spring Data JPA repositories in DEFAULT mode.
29 Oct 2024 - 21:04:57.076 [main] INFO  o.s.d.r.c.RepositoryConfigurationDelegate - Finished Spring Data repository scanning in 74 ms. Found 3 JPA repository interfaces.
29 Oct 2024 - 21:04:57.677 [main] INFO  o.s.b.w.e.tomcat.TomcatWebServer - Tomcat initialized with port 8080 (http)
29 Oct 2024 - 21:04:57.691 [main] INFO  o.a.catalina.core.StandardService - Starting service [Tomcat]
29 Oct 2024 - 21:04:57.691 [main] INFO  o.a.catalina.core.StandardEngine - Starting Servlet engine: [Apache Tomcat/10.1.26]
29 Oct 2024 - 21:04:57.818 [main] INFO  o.a.c.c.C.[Tomcat].[localhost].[/] - Initializing Spring embedded WebApplicationContext
29 Oct 2024 - 21:04:57.819 [main] INFO  o.s.b.w.s.c.ServletWebServerApplicationContext - Root WebApplicationContext: initialization completed in 1954 ms
29 Oct 2024 - 21:04:57.986 [main] INFO  o.h.jpa.internal.util.LogHelper - HHH000204: Processing PersistenceUnitInfo [name: default]
29 Oct 2024 - 21:04:58.046 [main] INFO  org.hibernate.Version - HHH000412: Hibernate ORM core version 6.5.2.Final
29 Oct 2024 - 21:04:58.081 [main] INFO  o.h.c.i.RegionFactoryInitiator - HHH000026: Second-level cache disabled
29 Oct 2024 - 21:04:58.388 [main] INFO  o.s.o.j.p.SpringPersistenceUnitInfo - No LoadTimeWeaver setup: ignoring JPA class transformer
29 Oct 2024 - 21:04:58.416 [main] INFO  com.zaxxer.hikari.HikariDataSource - HikariPool-1 - Starting...
29 Oct 2024 - 21:04:58.583 [main] INFO  com.zaxxer.hikari.pool.HikariPool - HikariPool-1 - Added connection org.postgresql.jdbc.PgConnection@534d0e20
29 Oct 2024 - 21:04:58.585 [main] INFO  com.zaxxer.hikari.HikariDataSource - HikariPool-1 - Start completed.
29 Oct 2024 - 21:04:58.626 [main] WARN  org.hibernate.orm.deprecation - HHH90000025: PostgreSQLDialect does not need to be specified explicitly using 'hibernate.dialect' (remove the property setting and it will be selected by default)
29 Oct 2024 - 21:04:59.583 [main] INFO  o.h.e.t.j.p.i.JtaPlatformInitiator - HHH000489: No JTA platform available (set 'hibernate.transaction.jta.platform' to enable JTA platform integration)
29 Oct 2024 - 21:04:59.683 [main] INFO  o.s.o.j.LocalContainerEntityManagerFactoryBean - Initialized JPA EntityManagerFactory for persistence unit 'default'
29 Oct 2024 - 21:04:59.950 [main] INFO  o.s.d.j.r.query.QueryEnhancerFactory - Hibernate is in classpath; If applicable, HQL parser will be used.
29 Oct 2024 - 21:05:00.785 [main] WARN  o.s.b.a.o.j.JpaBaseConfiguration$JpaWebConfiguration - spring.jpa.open-in-view is enabled by default. Therefore, database queries may be performed during view rendering. Explicitly configure spring.jpa.open-in-view to disable this warning
29 Oct 2024 - 21:05:00.857 [main] INFO  o.s.s.c.a.a.c.InitializeAuthenticationProviderBeanManagerConfigurer$InitializeAuthenticationProviderManagerConfigurer - Global AuthenticationManager configured with AuthenticationProvider bean with name authenticationProvider
29 Oct 2024 - 21:05:00.865 [main] WARN  o.s.s.c.a.a.c.InitializeUserDetailsBeanManagerConfigurer$InitializeUserDetailsManagerConfigurer - Global AuthenticationManager configured with an AuthenticationProvider bean. UserDetailsService beans will not be used for username/password login. Consider removing the AuthenticationProvider bean. Alternatively, consider using the UserDetailsService in a manually instantiated DaoAuthenticationProvider.
29 Oct 2024 - 21:05:01.820 [main] INFO  o.s.b.w.e.tomcat.TomcatWebServer - Tomcat started on port 8080 (http) with context path '/'
29 Oct 2024 - 21:05:01.845 [main] INFO  c.e.InterviewQuestionsApplication - Started InterviewQuestionsApplication in 6.462 seconds (process running for 7.214)
29 Oct 2024 - 21:05:02.070 [main] INFO  org.flywaydb.core.FlywayExecutor - Database: jdbc:postgresql://localhost:5432/Interview_questions (PostgreSQL 14.13)
29 Oct 2024 - 21:05:02.152 [main] INFO  o.f.core.internal.command.DbValidate - Successfully validated 3 migrations (execution time 00:00.052s)
29 Oct 2024 - 21:05:02.171 [main] INFO  o.f.core.internal.command.DbMigrate - Current version of schema "public": 2
29 Oct 2024 - 21:05:02.175 [main] INFO  o.f.core.internal.command.DbMigrate - Schema "public" is up to date. No migration necessary.
29 Oct 2024 - 21:05:10.448 [http-nio-8080-exec-1] INFO  o.a.c.c.C.[Tomcat].[localhost].[/] - Initializing Spring DispatcherServlet 'dispatcherServlet'
29 Oct 2024 - 21:05:10.448 [http-nio-8080-exec-1] INFO  o.s.web.servlet.DispatcherServlet - Initializing Servlet 'dispatcherServlet'
29 Oct 2024 - 21:05:10.450 [http-nio-8080-exec-1] INFO  o.s.web.servlet.DispatcherServlet - Completed initialization in 2 ms
29 Oct 2024 - 21:13:13.087 [HikariPool-1 housekeeper] WARN  com.zaxxer.hikari.pool.HikariPool - HikariPool-1 - Thread starvation or clock leap detected (housekeeper delta=4m44s333ms910µs300ns).
