12 Nov 2024 - 18:22:07.059 [main] INFO  c.e.InterviewQuestionsApplication - Starting InterviewQuestionsApplication using Java 17.0.12 with PID 5196 (D:\JavaProject\Interview_questions\target\classes started by Xojiakbar in D:\JavaProject\Interview_questions)
12 Nov 2024 - 18:22:07.079 [main] INFO  c.e.InterviewQuestionsApplication - The following 1 profile is active: "prod"
12 Nov 2024 - 18:22:08.217 [main] INFO  o.s.d.r.c.RepositoryConfigurationDelegate - Bootstrapping Spring Data JPA repositories in DEFAULT mode.
12 Nov 2024 - 18:22:08.310 [main] INFO  o.s.d.r.c.RepositoryConfigurationDelegate - Finished Spring Data repository scanning in 83 ms. Found 4 JPA repository interfaces.
12 Nov 2024 - 18:22:08.949 [main] INFO  o.s.b.w.e.tomcat.TomcatWebServer - Tomcat initialized with port 9090 (http)
12 Nov 2024 - 18:22:08.961 [main] INFO  o.a.catalina.core.StandardService - Starting service [Tomcat]
12 Nov 2024 - 18:22:08.962 [main] INFO  o.a.catalina.core.StandardEngine - Starting Servlet engine: [Apache Tomcat/10.1.26]
12 Nov 2024 - 18:22:09.036 [main] INFO  o.a.c.c.C.[Tomcat].[localhost].[/] - Initializing Spring embedded WebApplicationContext
12 Nov 2024 - 18:22:09.037 [main] INFO  o.s.b.w.s.c.ServletWebServerApplicationContext - Root WebApplicationContext: initialization completed in 1900 ms
12 Nov 2024 - 18:22:09.201 [main] INFO  o.h.jpa.internal.util.LogHelper - HHH000204: Processing PersistenceUnitInfo [name: default]
12 Nov 2024 - 18:22:09.300 [main] INFO  org.hibernate.Version - HHH000412: Hibernate ORM core version 6.5.2.Final
12 Nov 2024 - 18:22:09.351 [main] INFO  o.h.c.i.RegionFactoryInitiator - HHH000026: Second-level cache disabled
12 Nov 2024 - 18:22:09.720 [main] INFO  o.s.o.j.p.SpringPersistenceUnitInfo - No LoadTimeWeaver setup: ignoring JPA class transformer
12 Nov 2024 - 18:22:09.751 [main] INFO  com.zaxxer.hikari.HikariDataSource - HikariPool-1 - Starting...
12 Nov 2024 - 18:22:10.978 [main] INFO  com.zaxxer.hikari.pool.HikariPool - HikariPool-1 - Added connection org.postgresql.jdbc.PgConnection@3a48c398
12 Nov 2024 - 18:22:10.980 [main] INFO  com.zaxxer.hikari.HikariDataSource - HikariPool-1 - Start completed.
12 Nov 2024 - 18:22:11.251 [main] WARN  org.hibernate.dialect.Dialect - HHH000511: The 10.23.0 version for [org.hibernate.dialect.PostgreSQLDialect] is no longer supported, hence certain features may not work properly. The minimum supported version is 12.0.0. Check the community dialects project for available legacy versions.
12 Nov 2024 - 18:22:12.666 [main] INFO  o.h.e.t.j.p.i.JtaPlatformInitiator - HHH000489: No JTA platform available (set 'hibernate.transaction.jta.platform' to enable JTA platform integration)
12 Nov 2024 - 18:22:23.847 [main] INFO  o.s.o.j.LocalContainerEntityManagerFactoryBean - Initialized JPA EntityManagerFactory for persistence unit 'default'
12 Nov 2024 - 18:22:24.144 [main] INFO  o.s.d.j.r.query.QueryEnhancerFactory - Hibernate is in classpath; If applicable, HQL parser will be used.
12 Nov 2024 - 18:22:24.996 [main] WARN  o.s.b.a.o.j.JpaBaseConfiguration$JpaWebConfiguration - spring.jpa.open-in-view is enabled by default. Therefore, database queries may be performed during view rendering. Explicitly configure spring.jpa.open-in-view to disable this warning
12 Nov 2024 - 18:22:25.054 [main] INFO  o.s.s.c.a.a.c.InitializeAuthenticationProviderBeanManagerConfigurer$InitializeAuthenticationProviderManagerConfigurer - Global AuthenticationManager configured with AuthenticationProvider bean with name authenticationProvider
12 Nov 2024 - 18:22:25.056 [main] WARN  o.s.s.c.a.a.c.InitializeUserDetailsBeanManagerConfigurer$InitializeUserDetailsManagerConfigurer - Global AuthenticationManager configured with an AuthenticationProvider bean. UserDetailsService beans will not be used for username/password login. Consider removing the AuthenticationProvider bean. Alternatively, consider using the UserDetailsService in a manually instantiated DaoAuthenticationProvider.
12 Nov 2024 - 18:22:25.961 [main] INFO  o.s.b.w.e.tomcat.TomcatWebServer - Tomcat started on port 9090 (http) with context path '/'
12 Nov 2024 - 18:22:25.977 [main] INFO  c.e.InterviewQuestionsApplication - Started InterviewQuestionsApplication in 19.476 seconds (process running for 20.202)
12 Nov 2024 - 18:22:26.329 [main] INFO  org.flywaydb.core.FlywayExecutor - Database: jdbc:postgresql://95.130.227.202:5432/interview_questionsDB (PostgreSQL 10.23)
12 Nov 2024 - 18:22:27.106 [main] INFO  o.f.core.internal.command.DbValidate - Successfully validated 3 migrations (execution time 00:00.313s)
12 Nov 2024 - 18:22:27.766 [main] INFO  o.f.core.internal.command.DbMigrate - Current version of schema "public": 2
12 Nov 2024 - 18:22:27.828 [main] INFO  o.f.core.internal.command.DbMigrate - Schema "public" is up to date. No migration necessary.
12 Nov 2024 - 18:22:27.924 [main] WARN  o.s.b.t.j.DuplicateJsonObjectContextCustomizerFactory$DuplicateJsonObjectContextCustomizer - 

Found multiple occurrences of org.json.JSONObject on the class path:

	jar:file:/C:/Users/hojia/.m2/repository/com/vaadin/external/google/android-json/0.0.20131108.vaadin1/android-json-0.0.20131108.vaadin1.jar!/org/json/JSONObject.class
	jar:file:/C:/Users/hojia/.m2/repository/org/json/json/20231013/json-20231013.jar!/org/json/JSONObject.class

You may wish to exclude one of them to ensure predictable runtime behavior

12 Nov 2024 - 18:22:27.964 [main] INFO  c.e.InterviewQuestionsApplicationTests - Starting InterviewQuestionsApplicationTests using Java 17.0.12 with PID 10284 (started by Xojiakbar in D:\JavaProject\Interview_questions)
12 Nov 2024 - 18:22:27.965 [main] INFO  c.e.InterviewQuestionsApplicationTests - The following 1 profile is active: "prod"
12 Nov 2024 - 18:22:29.493 [main] INFO  o.s.d.r.c.RepositoryConfigurationDelegate - Bootstrapping Spring Data JPA repositories in DEFAULT mode.
12 Nov 2024 - 18:22:29.598 [main] INFO  o.s.d.r.c.RepositoryConfigurationDelegate - Finished Spring Data repository scanning in 93 ms. Found 4 JPA repository interfaces.
12 Nov 2024 - 18:22:30.854 [main] INFO  o.h.jpa.internal.util.LogHelper - HHH000204: Processing PersistenceUnitInfo [name: default]
12 Nov 2024 - 18:22:31.194 [main] INFO  org.hibernate.Version - HHH000412: Hibernate ORM core version 6.5.2.Final
12 Nov 2024 - 18:22:31.283 [main] INFO  o.h.c.i.RegionFactoryInitiator - HHH000026: Second-level cache disabled
12 Nov 2024 - 18:22:31.983 [main] INFO  o.s.o.j.p.SpringPersistenceUnitInfo - No LoadTimeWeaver setup: ignoring JPA class transformer
12 Nov 2024 - 18:22:32.010 [main] INFO  com.zaxxer.hikari.HikariDataSource - HikariPool-1 - Starting...
12 Nov 2024 - 18:22:32.918 [main] INFO  com.zaxxer.hikari.pool.HikariPool - HikariPool-1 - Added connection org.postgresql.jdbc.PgConnection@2430cf17
12 Nov 2024 - 18:22:32.918 [main] INFO  com.zaxxer.hikari.HikariDataSource - HikariPool-1 - Start completed.
12 Nov 2024 - 18:22:33.139 [main] WARN  org.hibernate.dialect.Dialect - HHH000511: The 10.23.0 version for [org.hibernate.dialect.PostgreSQLDialect] is no longer supported, hence certain features may not work properly. The minimum supported version is 12.0.0. Check the community dialects project for available legacy versions.
12 Nov 2024 - 18:22:34.592 [main] INFO  o.h.e.t.j.p.i.JtaPlatformInitiator - HHH000489: No JTA platform available (set 'hibernate.transaction.jta.platform' to enable JTA platform integration)
12 Nov 2024 - 18:22:35.417 [main] INFO  o.s.o.j.LocalContainerEntityManagerFactoryBean - Initialized JPA EntityManagerFactory for persistence unit 'default'
12 Nov 2024 - 18:22:36.141 [main] INFO  o.s.d.j.r.query.QueryEnhancerFactory - Hibernate is in classpath; If applicable, HQL parser will be used.
12 Nov 2024 - 18:22:37.662 [main] WARN  o.s.b.a.o.j.JpaBaseConfiguration$JpaWebConfiguration - spring.jpa.open-in-view is enabled by default. Therefore, database queries may be performed during view rendering. Explicitly configure spring.jpa.open-in-view to disable this warning
12 Nov 2024 - 18:22:37.768 [main] INFO  o.s.s.c.a.a.c.InitializeAuthenticationProviderBeanManagerConfigurer$InitializeAuthenticationProviderManagerConfigurer - Global AuthenticationManager configured with AuthenticationProvider bean with name authenticationProvider
12 Nov 2024 - 18:22:37.768 [main] WARN  o.s.s.c.a.a.c.InitializeUserDetailsBeanManagerConfigurer$InitializeUserDetailsManagerConfigurer - Global AuthenticationManager configured with an AuthenticationProvider bean. UserDetailsService beans will not be used for username/password login. Consider removing the AuthenticationProvider bean. Alternatively, consider using the UserDetailsService in a manually instantiated DaoAuthenticationProvider.
12 Nov 2024 - 18:22:39.519 [main] INFO  c.e.InterviewQuestionsApplicationTests - Started InterviewQuestionsApplicationTests in 12.069 seconds (process running for 13.471)
12 Nov 2024 - 18:22:39.884 [main] INFO  org.flywaydb.core.FlywayExecutor - Database: jdbc:postgresql://95.130.227.202:5432/interview_questionsDB (PostgreSQL 10.23)
12 Nov 2024 - 18:22:40.600 [main] INFO  o.f.core.internal.command.DbValidate - Successfully validated 3 migrations (execution time 00:00.278s)
12 Nov 2024 - 18:22:41.279 [main] INFO  o.f.core.internal.command.DbMigrate - Current version of schema "public": 2
12 Nov 2024 - 18:22:41.327 [main] INFO  o.f.core.internal.command.DbMigrate - Schema "public" is up to date. No migration necessary.
12 Nov 2024 - 18:22:42.340 [SpringApplicationShutdownHook] INFO  o.s.o.j.LocalContainerEntityManagerFactoryBean - Closing JPA EntityManagerFactory for persistence unit 'default'
12 Nov 2024 - 18:22:42.340 [SpringApplicationShutdownHook] INFO  com.zaxxer.hikari.HikariDataSource - HikariPool-1 - Shutdown initiated...
12 Nov 2024 - 18:22:42.944 [SpringApplicationShutdownHook] INFO  com.zaxxer.hikari.HikariDataSource - HikariPool-1 - Shutdown completed.
12 Nov 2024 - 18:48:35.066 [HikariPool-1 housekeeper] WARN  com.zaxxer.hikari.pool.HikariPool - HikariPool-1 - Thread starvation or clock leap detected (housekeeper delta=17m23s801ms795µs400ns).
12 Nov 2024 - 19:01:00.946 [SpringApplicationShutdownHook] INFO  o.s.o.j.LocalContainerEntityManagerFactoryBean - Closing JPA EntityManagerFactory for persistence unit 'default'
12 Nov 2024 - 19:01:00.946 [SpringApplicationShutdownHook] INFO  com.zaxxer.hikari.HikariDataSource - HikariPool-1 - Shutdown initiated...
12 Nov 2024 - 19:01:01.596 [SpringApplicationShutdownHook] INFO  com.zaxxer.hikari.HikariDataSource - HikariPool-1 - Shutdown completed.
12 Nov 2024 - 19:01:04.273 [main] INFO  c.e.InterviewQuestionsApplication - Starting InterviewQuestionsApplication using Java 17.0.12 with PID 10716 (D:\JavaProject\Interview_questions\target\classes started by Xojiakbar in D:\JavaProject\Interview_questions)
12 Nov 2024 - 19:01:04.287 [main] INFO  c.e.InterviewQuestionsApplication - The following 1 profile is active: "prod"
12 Nov 2024 - 19:01:05.449 [main] INFO  o.s.d.r.c.RepositoryConfigurationDelegate - Bootstrapping Spring Data JPA repositories in DEFAULT mode.
12 Nov 2024 - 19:01:05.524 [main] INFO  o.s.d.r.c.RepositoryConfigurationDelegate - Finished Spring Data repository scanning in 67 ms. Found 4 JPA repository interfaces.
12 Nov 2024 - 19:01:06.177 [main] INFO  o.s.b.w.e.tomcat.TomcatWebServer - Tomcat initialized with port 9090 (http)
12 Nov 2024 - 19:01:06.195 [main] INFO  o.a.catalina.core.StandardService - Starting service [Tomcat]
12 Nov 2024 - 19:01:06.196 [main] INFO  o.a.catalina.core.StandardEngine - Starting Servlet engine: [Apache Tomcat/10.1.26]
12 Nov 2024 - 19:01:06.289 [main] INFO  o.a.c.c.C.[Tomcat].[localhost].[/] - Initializing Spring embedded WebApplicationContext
12 Nov 2024 - 19:01:06.290 [main] INFO  o.s.b.w.s.c.ServletWebServerApplicationContext - Root WebApplicationContext: initialization completed in 1938 ms
12 Nov 2024 - 19:01:06.494 [main] INFO  o.h.jpa.internal.util.LogHelper - HHH000204: Processing PersistenceUnitInfo [name: default]
12 Nov 2024 - 19:01:06.561 [main] INFO  org.hibernate.Version - HHH000412: Hibernate ORM core version 6.5.2.Final
12 Nov 2024 - 19:01:06.599 [main] INFO  o.h.c.i.RegionFactoryInitiator - HHH000026: Second-level cache disabled
12 Nov 2024 - 19:01:06.976 [main] INFO  o.s.o.j.p.SpringPersistenceUnitInfo - No LoadTimeWeaver setup: ignoring JPA class transformer
12 Nov 2024 - 19:01:07.011 [main] INFO  com.zaxxer.hikari.HikariDataSource - HikariPool-1 - Starting...
12 Nov 2024 - 19:01:07.858 [main] INFO  com.zaxxer.hikari.pool.HikariPool - HikariPool-1 - Added connection org.postgresql.jdbc.PgConnection@2c7375da
12 Nov 2024 - 19:01:07.861 [main] INFO  com.zaxxer.hikari.HikariDataSource - HikariPool-1 - Start completed.
12 Nov 2024 - 19:01:08.047 [main] WARN  org.hibernate.dialect.Dialect - HHH000511: The 10.23.0 version for [org.hibernate.dialect.PostgreSQLDialect] is no longer supported, hence certain features may not work properly. The minimum supported version is 12.0.0. Check the community dialects project for available legacy versions.
12 Nov 2024 - 19:01:09.290 [main] INFO  o.h.e.t.j.p.i.JtaPlatformInitiator - HHH000489: No JTA platform available (set 'hibernate.transaction.jta.platform' to enable JTA platform integration)
12 Nov 2024 - 19:01:10.010 [main] INFO  o.s.o.j.LocalContainerEntityManagerFactoryBean - Initialized JPA EntityManagerFactory for persistence unit 'default'
12 Nov 2024 - 19:01:10.262 [main] INFO  o.s.d.j.r.query.QueryEnhancerFactory - Hibernate is in classpath; If applicable, HQL parser will be used.
12 Nov 2024 - 19:01:11.048 [main] WARN  o.s.b.a.o.j.JpaBaseConfiguration$JpaWebConfiguration - spring.jpa.open-in-view is enabled by default. Therefore, database queries may be performed during view rendering. Explicitly configure spring.jpa.open-in-view to disable this warning
12 Nov 2024 - 19:01:11.090 [main] INFO  o.s.s.c.a.a.c.InitializeAuthenticationProviderBeanManagerConfigurer$InitializeAuthenticationProviderManagerConfigurer - Global AuthenticationManager configured with AuthenticationProvider bean with name authenticationProvider
12 Nov 2024 - 19:01:11.091 [main] WARN  o.s.s.c.a.a.c.InitializeUserDetailsBeanManagerConfigurer$InitializeUserDetailsManagerConfigurer - Global AuthenticationManager configured with an AuthenticationProvider bean. UserDetailsService beans will not be used for username/password login. Consider removing the AuthenticationProvider bean. Alternatively, consider using the UserDetailsService in a manually instantiated DaoAuthenticationProvider.
12 Nov 2024 - 19:01:11.864 [main] INFO  o.s.b.w.e.tomcat.TomcatWebServer - Tomcat started on port 9090 (http) with context path '/'
12 Nov 2024 - 19:01:11.878 [main] INFO  c.e.InterviewQuestionsApplication - Started InterviewQuestionsApplication in 8.151 seconds (process running for 8.927)
12 Nov 2024 - 19:01:12.193 [main] INFO  org.flywaydb.core.FlywayExecutor - Database: jdbc:postgresql://95.130.227.202:5432/interview_questionsDB (PostgreSQL 10.23)
12 Nov 2024 - 19:01:12.881 [main] INFO  o.f.core.internal.command.DbValidate - Successfully validated 3 migrations (execution time 00:00.255s)
12 Nov 2024 - 19:01:13.471 [main] INFO  o.f.core.internal.command.DbMigrate - Current version of schema "public": 2
12 Nov 2024 - 19:01:13.525 [main] INFO  o.f.core.internal.command.DbMigrate - Schema "public" is up to date. No migration necessary.
12 Nov 2024 - 19:04:08.774 [SpringApplicationShutdownHook] INFO  o.s.o.j.LocalContainerEntityManagerFactoryBean - Closing JPA EntityManagerFactory for persistence unit 'default'
12 Nov 2024 - 19:04:08.774 [SpringApplicationShutdownHook] INFO  com.zaxxer.hikari.HikariDataSource - HikariPool-1 - Shutdown initiated...
12 Nov 2024 - 19:04:09.295 [SpringApplicationShutdownHook] INFO  com.zaxxer.hikari.HikariDataSource - HikariPool-1 - Shutdown completed.
12 Nov 2024 - 19:04:11.771 [main] INFO  c.e.InterviewQuestionsApplication - Starting InterviewQuestionsApplication using Java 17.0.12 with PID 208 (D:\JavaProject\Interview_questions\target\classes started by Xojiakbar in D:\JavaProject\Interview_questions)
12 Nov 2024 - 19:04:11.786 [main] INFO  c.e.InterviewQuestionsApplication - The following 1 profile is active: "dev"
12 Nov 2024 - 19:04:12.756 [main] INFO  o.s.d.r.c.RepositoryConfigurationDelegate - Bootstrapping Spring Data JPA repositories in DEFAULT mode.
12 Nov 2024 - 19:04:12.821 [main] INFO  o.s.d.r.c.RepositoryConfigurationDelegate - Finished Spring Data repository scanning in 57 ms. Found 4 JPA repository interfaces.
12 Nov 2024 - 19:04:13.388 [main] INFO  o.s.b.w.e.tomcat.TomcatWebServer - Tomcat initialized with port 8080 (http)
12 Nov 2024 - 19:04:13.399 [main] INFO  o.a.catalina.core.StandardService - Starting service [Tomcat]
12 Nov 2024 - 19:04:13.400 [main] INFO  o.a.catalina.core.StandardEngine - Starting Servlet engine: [Apache Tomcat/10.1.26]
12 Nov 2024 - 19:04:13.465 [main] INFO  o.a.c.c.C.[Tomcat].[localhost].[/] - Initializing Spring embedded WebApplicationContext
12 Nov 2024 - 19:04:13.466 [main] INFO  o.s.b.w.s.c.ServletWebServerApplicationContext - Root WebApplicationContext: initialization completed in 1633 ms
12 Nov 2024 - 19:04:13.600 [main] INFO  o.h.jpa.internal.util.LogHelper - HHH000204: Processing PersistenceUnitInfo [name: default]
12 Nov 2024 - 19:04:13.655 [main] INFO  org.hibernate.Version - HHH000412: Hibernate ORM core version 6.5.2.Final
12 Nov 2024 - 19:04:13.688 [main] INFO  o.h.c.i.RegionFactoryInitiator - HHH000026: Second-level cache disabled
12 Nov 2024 - 19:04:13.973 [main] INFO  o.s.o.j.p.SpringPersistenceUnitInfo - No LoadTimeWeaver setup: ignoring JPA class transformer
12 Nov 2024 - 19:04:14.001 [main] INFO  com.zaxxer.hikari.HikariDataSource - HikariPool-1 - Starting...
12 Nov 2024 - 19:04:14.253 [main] INFO  com.zaxxer.hikari.pool.HikariPool - HikariPool-1 - Added connection org.postgresql.jdbc.PgConnection@3ba97962
12 Nov 2024 - 19:04:14.256 [main] INFO  com.zaxxer.hikari.HikariDataSource - HikariPool-1 - Start completed.
12 Nov 2024 - 19:04:14.357 [main] WARN  org.hibernate.orm.deprecation - HHH90000025: PostgreSQLDialect does not need to be specified explicitly using 'hibernate.dialect' (remove the property setting and it will be selected by default)
12 Nov 2024 - 19:04:15.455 [main] INFO  o.h.e.t.j.p.i.JtaPlatformInitiator - HHH000489: No JTA platform available (set 'hibernate.transaction.jta.platform' to enable JTA platform integration)
12 Nov 2024 - 19:04:15.837 [main] INFO  o.s.o.j.LocalContainerEntityManagerFactoryBean - Initialized JPA EntityManagerFactory for persistence unit 'default'
12 Nov 2024 - 19:04:16.069 [main] INFO  o.s.d.j.r.query.QueryEnhancerFactory - Hibernate is in classpath; If applicable, HQL parser will be used.
12 Nov 2024 - 19:04:16.819 [main] WARN  o.s.b.a.o.j.JpaBaseConfiguration$JpaWebConfiguration - spring.jpa.open-in-view is enabled by default. Therefore, database queries may be performed during view rendering. Explicitly configure spring.jpa.open-in-view to disable this warning
12 Nov 2024 - 19:04:16.851 [main] INFO  o.s.s.c.a.a.c.InitializeAuthenticationProviderBeanManagerConfigurer$InitializeAuthenticationProviderManagerConfigurer - Global AuthenticationManager configured with AuthenticationProvider bean with name authenticationProvider
12 Nov 2024 - 19:04:16.852 [main] WARN  o.s.s.c.a.a.c.InitializeUserDetailsBeanManagerConfigurer$InitializeUserDetailsManagerConfigurer - Global AuthenticationManager configured with an AuthenticationProvider bean. UserDetailsService beans will not be used for username/password login. Consider removing the AuthenticationProvider bean. Alternatively, consider using the UserDetailsService in a manually instantiated DaoAuthenticationProvider.
12 Nov 2024 - 19:04:17.664 [main] INFO  o.s.b.w.e.tomcat.TomcatWebServer - Tomcat started on port 8080 (http) with context path '/'
12 Nov 2024 - 19:04:17.683 [main] INFO  c.e.InterviewQuestionsApplication - Started InterviewQuestionsApplication in 6.392 seconds (process running for 7.022)
12 Nov 2024 - 19:04:17.872 [main] INFO  org.flywaydb.core.FlywayExecutor - Database: jdbc:postgresql://localhost:5432/Interview_questions (PostgreSQL 14.13)
12 Nov 2024 - 19:04:17.954 [main] INFO  o.f.core.internal.command.DbValidate - Successfully validated 3 migrations (execution time 00:00.047s)
12 Nov 2024 - 19:04:17.972 [main] INFO  o.f.core.internal.command.DbMigrate - Current version of schema "public": 2
12 Nov 2024 - 19:04:17.976 [main] INFO  o.f.core.internal.command.DbMigrate - Schema "public" is up to date. No migration necessary.
12 Nov 2024 - 19:04:27.693 [http-nio-8080-exec-1] INFO  o.a.c.c.C.[Tomcat].[localhost].[/] - Initializing Spring DispatcherServlet 'dispatcherServlet'
12 Nov 2024 - 19:04:27.693 [http-nio-8080-exec-1] INFO  o.s.web.servlet.DispatcherServlet - Initializing Servlet 'dispatcherServlet'
12 Nov 2024 - 19:04:27.709 [http-nio-8080-exec-1] INFO  o.s.web.servlet.DispatcherServlet - Completed initialization in 0 ms
12 Nov 2024 - 19:04:28.527 [http-nio-8080-exec-10] INFO  o.s.api.AbstractOpenApiResource - Init duration for springdoc-openapi is: 485 ms
12 Nov 2024 - 19:16:40.069 [HikariPool-1 housekeeper] WARN  com.zaxxer.hikari.pool.HikariPool - HikariPool-1 - Thread starvation or clock leap detected (housekeeper delta=5m55s637ms265µs400ns).
12 Nov 2024 - 19:23:25.389 [HikariPool-1 housekeeper] WARN  com.zaxxer.hikari.pool.HikariPool - HikariPool-1 - Thread starvation or clock leap detected (housekeeper delta=6m20s255ms44µs800ns).
12 Nov 2024 - 20:03:42.695 [HikariPool-1 housekeeper] WARN  com.zaxxer.hikari.pool.HikariPool - HikariPool-1 - Thread starvation or clock leap detected (housekeeper delta=28m14s826ms649µs700ns).
