24 Oct 2024 - 19:13:23.341 [main] INFO  c.e.InterviewQuestionsApplication - Starting InterviewQuestionsApplication using Java 17.0.12 with PID 17240 (D:\JavaProject\Interview_questions\target\classes started by Xojiakbar in D:\JavaProject\Interview_questions)
24 Oct 2024 - 19:13:23.356 [main] INFO  c.e.InterviewQuestionsApplication - The following 1 profile is active: "prod"
24 Oct 2024 - 19:13:24.548 [main] INFO  o.s.d.r.c.RepositoryConfigurationDelegate - Bootstrapping Spring Data JPA repositories in DEFAULT mode.
24 Oct 2024 - 19:13:24.634 [main] INFO  o.s.d.r.c.RepositoryConfigurationDelegate - Finished Spring Data repository scanning in 75 ms. Found 2 JPA repository interfaces.
24 Oct 2024 - 19:13:25.338 [main] INFO  o.s.b.w.e.tomcat.TomcatWebServer - Tomcat initialized with port 9090 (http)
24 Oct 2024 - 19:13:25.352 [main] INFO  o.a.catalina.core.StandardService - Starting service [Tomcat]
24 Oct 2024 - 19:13:25.353 [main] INFO  o.a.catalina.core.StandardEngine - Starting Servlet engine: [Apache Tomcat/10.1.26]
24 Oct 2024 - 19:13:25.434 [main] INFO  o.a.c.c.C.[Tomcat].[localhost].[/] - Initializing Spring embedded WebApplicationContext
24 Oct 2024 - 19:13:25.435 [main] INFO  o.s.b.w.s.c.ServletWebServerApplicationContext - Root WebApplicationContext: initialization completed in 2006 ms
24 Oct 2024 - 19:13:25.601 [main] INFO  o.h.jpa.internal.util.LogHelper - HHH000204: Processing PersistenceUnitInfo [name: default]
24 Oct 2024 - 19:13:25.691 [main] INFO  org.hibernate.Version - HHH000412: Hibernate ORM core version 6.5.2.Final
24 Oct 2024 - 19:13:25.739 [main] INFO  o.h.c.i.RegionFactoryInitiator - HHH000026: Second-level cache disabled
24 Oct 2024 - 19:13:26.115 [main] INFO  o.s.o.j.p.SpringPersistenceUnitInfo - No LoadTimeWeaver setup: ignoring JPA class transformer
24 Oct 2024 - 19:13:26.151 [main] INFO  com.zaxxer.hikari.HikariDataSource - HikariPool-1 - Starting...
24 Oct 2024 - 19:13:27.077 [main] INFO  com.zaxxer.hikari.pool.HikariPool - HikariPool-1 - Added connection org.postgresql.jdbc.PgConnection@2c54c497
24 Oct 2024 - 19:13:27.079 [main] INFO  com.zaxxer.hikari.HikariDataSource - HikariPool-1 - Start completed.
24 Oct 2024 - 19:13:27.330 [main] WARN  org.hibernate.dialect.Dialect - HHH000511: The 10.23.0 version for [org.hibernate.dialect.PostgreSQLDialect] is no longer supported, hence certain features may not work properly. The minimum supported version is 12.0.0. Check the community dialects project for available legacy versions.
24 Oct 2024 - 19:13:28.743 [main] INFO  o.h.e.t.j.p.i.JtaPlatformInitiator - HHH000489: No JTA platform available (set 'hibernate.transaction.jta.platform' to enable JTA platform integration)
24 Oct 2024 - 19:13:29.136 [main] INFO  o.s.o.j.LocalContainerEntityManagerFactoryBean - Initialized JPA EntityManagerFactory for persistence unit 'default'
24 Oct 2024 - 19:13:29.453 [main] INFO  o.s.d.j.r.query.QueryEnhancerFactory - Hibernate is in classpath; If applicable, HQL parser will be used.
24 Oct 2024 - 19:13:30.172 [main] WARN  o.s.b.a.o.j.JpaBaseConfiguration$JpaWebConfiguration - spring.jpa.open-in-view is enabled by default. Therefore, database queries may be performed during view rendering. Explicitly configure spring.jpa.open-in-view to disable this warning
24 Oct 2024 - 19:13:30.230 [main] INFO  o.s.s.c.a.a.c.InitializeAuthenticationProviderBeanManagerConfigurer$InitializeAuthenticationProviderManagerConfigurer - Global AuthenticationManager configured with AuthenticationProvider bean with name authenticationProvider
24 Oct 2024 - 19:13:30.232 [main] WARN  o.s.s.c.a.a.c.InitializeUserDetailsBeanManagerConfigurer$InitializeUserDetailsManagerConfigurer - Global AuthenticationManager configured with an AuthenticationProvider bean. UserDetailsService beans will not be used for username/password login. Consider removing the AuthenticationProvider bean. Alternatively, consider using the UserDetailsService in a manually instantiated DaoAuthenticationProvider.
24 Oct 2024 - 19:13:31.235 [main] INFO  o.s.b.w.e.tomcat.TomcatWebServer - Tomcat started on port 9090 (http) with context path '/'
24 Oct 2024 - 19:13:31.252 [main] INFO  c.e.InterviewQuestionsApplication - Started InterviewQuestionsApplication in 8.46 seconds (process running for 9.323)
24 Oct 2024 - 19:13:31.639 [main] INFO  org.flywaydb.core.FlywayExecutor - Database: jdbc:postgresql://95.130.227.202:5432/interview_questionsDB (PostgreSQL 10.23)
24 Oct 2024 - 19:13:32.454 [main] INFO  o.f.core.internal.command.DbValidate - Successfully validated 3 migrations (execution time 00:00.349s)
24 Oct 2024 - 19:13:33.139 [main] INFO  o.f.core.internal.command.DbMigrate - Current version of schema "public": 2
24 Oct 2024 - 19:13:33.230 [main] INFO  o.f.core.internal.command.DbMigrate - Schema "public" is up to date. No migration necessary.
24 Oct 2024 - 19:15:45.322 [SpringApplicationShutdownHook] INFO  o.s.o.j.LocalContainerEntityManagerFactoryBean - Closing JPA EntityManagerFactory for persistence unit 'default'
24 Oct 2024 - 19:15:45.353 [SpringApplicationShutdownHook] INFO  com.zaxxer.hikari.HikariDataSource - HikariPool-1 - Shutdown initiated...
24 Oct 2024 - 19:15:46.056 [SpringApplicationShutdownHook] INFO  com.zaxxer.hikari.HikariDataSource - HikariPool-1 - Shutdown completed.
24 Oct 2024 - 19:15:52.294 [main] INFO  c.e.InterviewQuestionsApplication - Starting InterviewQuestionsApplication using Java 17.0.12 with PID 10564 (D:\JavaProject\Interview_questions\target\classes started by Xojiakbar in D:\JavaProject\Interview_questions)
24 Oct 2024 - 19:15:52.317 [main] INFO  c.e.InterviewQuestionsApplication - The following 1 profile is active: "prod"
24 Oct 2024 - 19:15:53.513 [main] INFO  o.s.d.r.c.RepositoryConfigurationDelegate - Bootstrapping Spring Data JPA repositories in DEFAULT mode.
24 Oct 2024 - 19:15:53.593 [main] INFO  o.s.d.r.c.RepositoryConfigurationDelegate - Finished Spring Data repository scanning in 68 ms. Found 2 JPA repository interfaces.
24 Oct 2024 - 19:15:54.295 [main] INFO  o.s.b.w.e.tomcat.TomcatWebServer - Tomcat initialized with port 9090 (http)
24 Oct 2024 - 19:15:54.310 [main] INFO  o.a.catalina.core.StandardService - Starting service [Tomcat]
24 Oct 2024 - 19:15:54.310 [main] INFO  o.a.catalina.core.StandardEngine - Starting Servlet engine: [Apache Tomcat/10.1.26]
24 Oct 2024 - 19:15:54.424 [main] INFO  o.a.c.c.C.[Tomcat].[localhost].[/] - Initializing Spring embedded WebApplicationContext
24 Oct 2024 - 19:15:54.424 [main] INFO  o.s.b.w.s.c.ServletWebServerApplicationContext - Root WebApplicationContext: initialization completed in 2037 ms
24 Oct 2024 - 19:15:54.561 [main] INFO  o.h.jpa.internal.util.LogHelper - HHH000204: Processing PersistenceUnitInfo [name: default]
24 Oct 2024 - 19:15:54.623 [main] INFO  org.hibernate.Version - HHH000412: Hibernate ORM core version 6.5.2.Final
24 Oct 2024 - 19:15:54.665 [main] INFO  o.h.c.i.RegionFactoryInitiator - HHH000026: Second-level cache disabled
24 Oct 2024 - 19:15:55.083 [main] INFO  o.s.o.j.p.SpringPersistenceUnitInfo - No LoadTimeWeaver setup: ignoring JPA class transformer
24 Oct 2024 - 19:15:55.122 [main] INFO  com.zaxxer.hikari.HikariDataSource - HikariPool-1 - Starting...
24 Oct 2024 - 19:15:56.158 [main] INFO  com.zaxxer.hikari.pool.HikariPool - HikariPool-1 - Added connection org.postgresql.jdbc.PgConnection@1a336906
24 Oct 2024 - 19:15:56.161 [main] INFO  com.zaxxer.hikari.HikariDataSource - HikariPool-1 - Start completed.
24 Oct 2024 - 19:15:56.479 [main] WARN  org.hibernate.dialect.Dialect - HHH000511: The 10.23.0 version for [org.hibernate.dialect.PostgreSQLDialect] is no longer supported, hence certain features may not work properly. The minimum supported version is 12.0.0. Check the community dialects project for available legacy versions.
24 Oct 2024 - 19:15:57.775 [main] INFO  o.h.e.t.j.p.i.JtaPlatformInitiator - HHH000489: No JTA platform available (set 'hibernate.transaction.jta.platform' to enable JTA platform integration)
24 Oct 2024 - 19:15:58.130 [main] INFO  o.s.o.j.LocalContainerEntityManagerFactoryBean - Initialized JPA EntityManagerFactory for persistence unit 'default'
24 Oct 2024 - 19:15:58.413 [main] INFO  o.s.d.j.r.query.QueryEnhancerFactory - Hibernate is in classpath; If applicable, HQL parser will be used.
24 Oct 2024 - 19:15:59.119 [main] WARN  o.s.b.a.o.j.JpaBaseConfiguration$JpaWebConfiguration - spring.jpa.open-in-view is enabled by default. Therefore, database queries may be performed during view rendering. Explicitly configure spring.jpa.open-in-view to disable this warning
24 Oct 2024 - 19:15:59.173 [main] INFO  o.s.s.c.a.a.c.InitializeAuthenticationProviderBeanManagerConfigurer$InitializeAuthenticationProviderManagerConfigurer - Global AuthenticationManager configured with AuthenticationProvider bean with name authenticationProvider
24 Oct 2024 - 19:15:59.175 [main] WARN  o.s.s.c.a.a.c.InitializeUserDetailsBeanManagerConfigurer$InitializeUserDetailsManagerConfigurer - Global AuthenticationManager configured with an AuthenticationProvider bean. UserDetailsService beans will not be used for username/password login. Consider removing the AuthenticationProvider bean. Alternatively, consider using the UserDetailsService in a manually instantiated DaoAuthenticationProvider.
24 Oct 2024 - 19:16:00.169 [main] INFO  o.s.b.w.e.tomcat.TomcatWebServer - Tomcat started on port 9090 (http) with context path '/'
24 Oct 2024 - 19:16:00.182 [main] INFO  c.e.InterviewQuestionsApplication - Started InterviewQuestionsApplication in 8.488 seconds (process running for 9.821)
24 Oct 2024 - 19:16:00.510 [main] INFO  org.flywaydb.core.FlywayExecutor - Database: jdbc:postgresql://95.130.227.202:5432/interview_questionsDB (PostgreSQL 10.23)
24 Oct 2024 - 19:16:01.257 [main] INFO  o.f.core.internal.command.DbValidate - Successfully validated 3 migrations (execution time 00:00.285s)
24 Oct 2024 - 19:16:01.826 [main] INFO  o.f.core.internal.command.DbMigrate - Current version of schema "public": 2
24 Oct 2024 - 19:16:01.878 [main] INFO  o.f.core.internal.command.DbMigrate - Schema "public" is up to date. No migration necessary.
24 Oct 2024 - 19:16:33.758 [SpringApplicationShutdownHook] INFO  o.s.o.j.LocalContainerEntityManagerFactoryBean - Closing JPA EntityManagerFactory for persistence unit 'default'
24 Oct 2024 - 19:16:33.760 [SpringApplicationShutdownHook] INFO  com.zaxxer.hikari.HikariDataSource - HikariPool-1 - Shutdown initiated...
24 Oct 2024 - 19:16:34.406 [SpringApplicationShutdownHook] INFO  com.zaxxer.hikari.HikariDataSource - HikariPool-1 - Shutdown completed.
24 Oct 2024 - 19:16:37.378 [main] INFO  c.e.InterviewQuestionsApplication - Starting InterviewQuestionsApplication using Java 17.0.12 with PID 8008 (D:\JavaProject\Interview_questions\target\classes started by Xojiakbar in D:\JavaProject\Interview_questions)
24 Oct 2024 - 19:16:37.388 [main] INFO  c.e.InterviewQuestionsApplication - The following 1 profile is active: "dev"
24 Oct 2024 - 19:16:38.466 [main] INFO  o.s.d.r.c.RepositoryConfigurationDelegate - Bootstrapping Spring Data JPA repositories in DEFAULT mode.
24 Oct 2024 - 19:16:38.544 [main] INFO  o.s.d.r.c.RepositoryConfigurationDelegate - Finished Spring Data repository scanning in 68 ms. Found 2 JPA repository interfaces.
24 Oct 2024 - 19:16:39.224 [main] INFO  o.s.b.w.e.tomcat.TomcatWebServer - Tomcat initialized with port 8080 (http)
24 Oct 2024 - 19:16:39.237 [main] INFO  o.a.catalina.core.StandardService - Starting service [Tomcat]
24 Oct 2024 - 19:16:39.237 [main] INFO  o.a.catalina.core.StandardEngine - Starting Servlet engine: [Apache Tomcat/10.1.26]
24 Oct 2024 - 19:16:39.364 [main] INFO  o.a.c.c.C.[Tomcat].[localhost].[/] - Initializing Spring embedded WebApplicationContext
24 Oct 2024 - 19:16:39.365 [main] INFO  o.s.b.w.s.c.ServletWebServerApplicationContext - Root WebApplicationContext: initialization completed in 1931 ms
24 Oct 2024 - 19:16:39.535 [main] INFO  o.h.jpa.internal.util.LogHelper - HHH000204: Processing PersistenceUnitInfo [name: default]
24 Oct 2024 - 19:16:39.607 [main] INFO  org.hibernate.Version - HHH000412: Hibernate ORM core version 6.5.2.Final
24 Oct 2024 - 19:16:39.661 [main] INFO  o.h.c.i.RegionFactoryInitiator - HHH000026: Second-level cache disabled
24 Oct 2024 - 19:16:40.087 [main] INFO  o.s.o.j.p.SpringPersistenceUnitInfo - No LoadTimeWeaver setup: ignoring JPA class transformer
24 Oct 2024 - 19:16:40.132 [main] INFO  com.zaxxer.hikari.HikariDataSource - HikariPool-1 - Starting...
24 Oct 2024 - 19:16:40.433 [main] INFO  com.zaxxer.hikari.pool.HikariPool - HikariPool-1 - Added connection org.postgresql.jdbc.PgConnection@49e0b123
24 Oct 2024 - 19:16:40.435 [main] INFO  com.zaxxer.hikari.HikariDataSource - HikariPool-1 - Start completed.
24 Oct 2024 - 19:16:40.523 [main] WARN  org.hibernate.orm.deprecation - HHH90000025: PostgreSQLDialect does not need to be specified explicitly using 'hibernate.dialect' (remove the property setting and it will be selected by default)
24 Oct 2024 - 19:16:41.647 [main] INFO  o.h.e.t.j.p.i.JtaPlatformInitiator - HHH000489: No JTA platform available (set 'hibernate.transaction.jta.platform' to enable JTA platform integration)
24 Oct 2024 - 19:16:41.816 [main] INFO  o.s.o.j.LocalContainerEntityManagerFactoryBean - Initialized JPA EntityManagerFactory for persistence unit 'default'
24 Oct 2024 - 19:16:42.112 [main] INFO  o.s.d.j.r.query.QueryEnhancerFactory - Hibernate is in classpath; If applicable, HQL parser will be used.
24 Oct 2024 - 19:16:42.917 [main] WARN  o.s.b.a.o.j.JpaBaseConfiguration$JpaWebConfiguration - spring.jpa.open-in-view is enabled by default. Therefore, database queries may be performed during view rendering. Explicitly configure spring.jpa.open-in-view to disable this warning
24 Oct 2024 - 19:16:42.972 [main] INFO  o.s.s.c.a.a.c.InitializeAuthenticationProviderBeanManagerConfigurer$InitializeAuthenticationProviderManagerConfigurer - Global AuthenticationManager configured with AuthenticationProvider bean with name authenticationProvider
24 Oct 2024 - 19:16:42.973 [main] WARN  o.s.s.c.a.a.c.InitializeUserDetailsBeanManagerConfigurer$InitializeUserDetailsManagerConfigurer - Global AuthenticationManager configured with an AuthenticationProvider bean. UserDetailsService beans will not be used for username/password login. Consider removing the AuthenticationProvider bean. Alternatively, consider using the UserDetailsService in a manually instantiated DaoAuthenticationProvider.
24 Oct 2024 - 19:16:44.100 [main] INFO  o.s.b.w.e.tomcat.TomcatWebServer - Tomcat started on port 8080 (http) with context path '/'
24 Oct 2024 - 19:16:44.117 [main] INFO  c.e.InterviewQuestionsApplication - Started InterviewQuestionsApplication in 7.251 seconds (process running for 8.03)
24 Oct 2024 - 19:16:44.382 [main] INFO  org.flywaydb.core.FlywayExecutor - Database: jdbc:postgresql://localhost:5432/Interview_questions (PostgreSQL 14.13)
24 Oct 2024 - 19:16:44.516 [main] INFO  o.s.b.a.l.ConditionEvaluationReportLogger - 

Error starting ApplicationContext. To display the condition evaluation report re-run your application with 'debug' enabled.
24 Oct 2024 - 19:16:44.553 [main] ERROR o.s.boot.SpringApplication - Application run failed
org.flywaydb.core.api.exception.FlywayValidateException: Validate failed: Migrations have failed validation
Migration checksum mismatch for migration version 2
-> Applied to database : 1938736687
-> Resolved locally    : 155066205
Either revert the changes to the migration, or run repair to update the schema history.
Need more flexibility with validation rules? Learn more: https://rd.gt/3AbJUZE
	at org.flywaydb.core.Flyway.lambda$migrate$0(Flyway.java:160)
	at org.flywaydb.core.FlywayExecutor.execute(FlywayExecutor.java:205)
	at org.flywaydb.core.Flyway.migrate(Flyway.java:147)
	at com.example.service.FlywayStarterService.run(FlywayStarterService.java:20)
	at org.springframework.boot.SpringApplication.lambda$callRunner$5(SpringApplication.java:790)
	at org.springframework.util.function.ThrowingConsumer$1.acceptWithException(ThrowingConsumer.java:83)
	at org.springframework.util.function.ThrowingConsumer.accept(ThrowingConsumer.java:60)
	at org.springframework.util.function.ThrowingConsumer$1.accept(ThrowingConsumer.java:88)
	at org.springframework.boot.SpringApplication.callRunner(SpringApplication.java:798)
	at org.springframework.boot.SpringApplication.callRunner(SpringApplication.java:789)
	at org.springframework.boot.SpringApplication.lambda$callRunners$3(SpringApplication.java:774)
	at java.base/java.util.stream.ForEachOps$ForEachOp$OfRef.accept(ForEachOps.java:183)
	at java.base/java.util.stream.SortedOps$SizedRefSortingSink.end(SortedOps.java:357)
	at java.base/java.util.stream.AbstractPipeline.copyInto(AbstractPipeline.java:510)
	at java.base/java.util.stream.AbstractPipeline.wrapAndCopyInto(AbstractPipeline.java:499)
	at java.base/java.util.stream.ForEachOps$ForEachOp.evaluateSequential(ForEachOps.java:150)
	at java.base/java.util.stream.ForEachOps$ForEachOp$OfRef.evaluateSequential(ForEachOps.java:173)
	at java.base/java.util.stream.AbstractPipeline.evaluate(AbstractPipeline.java:234)
	at java.base/java.util.stream.ReferencePipeline.forEach(ReferencePipeline.java:596)
	at org.springframework.boot.SpringApplication.callRunners(SpringApplication.java:774)
	at org.springframework.boot.SpringApplication.run(SpringApplication.java:342)
	at org.springframework.boot.SpringApplication.run(SpringApplication.java:1363)
	at org.springframework.boot.SpringApplication.run(SpringApplication.java:1352)
	at com.example.InterviewQuestionsApplication.main(InterviewQuestionsApplication.java:9)
24 Oct 2024 - 19:16:44.735 [main] INFO  o.s.o.j.LocalContainerEntityManagerFactoryBean - Closing JPA EntityManagerFactory for persistence unit 'default'
24 Oct 2024 - 19:16:44.737 [main] INFO  com.zaxxer.hikari.HikariDataSource - HikariPool-1 - Shutdown initiated...
24 Oct 2024 - 19:16:44.741 [main] INFO  com.zaxxer.hikari.HikariDataSource - HikariPool-1 - Shutdown completed.
24 Oct 2024 - 19:17:20.774 [main] INFO  c.e.InterviewQuestionsApplication - Starting InterviewQuestionsApplication using Java 17.0.12 with PID 9464 (D:\JavaProject\Interview_questions\target\classes started by Xojiakbar in D:\JavaProject\Interview_questions)
24 Oct 2024 - 19:17:20.790 [main] INFO  c.e.InterviewQuestionsApplication - The following 1 profile is active: "dev"
24 Oct 2024 - 19:17:21.706 [main] INFO  o.s.d.r.c.RepositoryConfigurationDelegate - Bootstrapping Spring Data JPA repositories in DEFAULT mode.
24 Oct 2024 - 19:17:21.787 [main] INFO  o.s.d.r.c.RepositoryConfigurationDelegate - Finished Spring Data repository scanning in 72 ms. Found 2 JPA repository interfaces.
24 Oct 2024 - 19:17:22.386 [main] INFO  o.s.b.w.e.tomcat.TomcatWebServer - Tomcat initialized with port 8080 (http)
24 Oct 2024 - 19:17:22.401 [main] INFO  o.a.catalina.core.StandardService - Starting service [Tomcat]
24 Oct 2024 - 19:17:22.401 [main] INFO  o.a.catalina.core.StandardEngine - Starting Servlet engine: [Apache Tomcat/10.1.26]
24 Oct 2024 - 19:17:22.473 [main] INFO  o.a.c.c.C.[Tomcat].[localhost].[/] - Initializing Spring embedded WebApplicationContext
24 Oct 2024 - 19:17:22.475 [main] INFO  o.s.b.w.s.c.ServletWebServerApplicationContext - Root WebApplicationContext: initialization completed in 1635 ms
24 Oct 2024 - 19:17:22.608 [main] INFO  o.h.jpa.internal.util.LogHelper - HHH000204: Processing PersistenceUnitInfo [name: default]
24 Oct 2024 - 19:17:22.660 [main] INFO  org.hibernate.Version - HHH000412: Hibernate ORM core version 6.5.2.Final
24 Oct 2024 - 19:17:22.689 [main] INFO  o.h.c.i.RegionFactoryInitiator - HHH000026: Second-level cache disabled
24 Oct 2024 - 19:17:22.992 [main] INFO  o.s.o.j.p.SpringPersistenceUnitInfo - No LoadTimeWeaver setup: ignoring JPA class transformer
24 Oct 2024 - 19:17:23.018 [main] INFO  com.zaxxer.hikari.HikariDataSource - HikariPool-1 - Starting...
24 Oct 2024 - 19:17:23.170 [main] INFO  com.zaxxer.hikari.pool.HikariPool - HikariPool-1 - Added connection org.postgresql.jdbc.PgConnection@545604a9
24 Oct 2024 - 19:17:23.172 [main] INFO  com.zaxxer.hikari.HikariDataSource - HikariPool-1 - Start completed.
24 Oct 2024 - 19:17:23.214 [main] WARN  org.hibernate.orm.deprecation - HHH90000025: PostgreSQLDialect does not need to be specified explicitly using 'hibernate.dialect' (remove the property setting and it will be selected by default)
24 Oct 2024 - 19:17:24.162 [main] INFO  o.h.e.t.j.p.i.JtaPlatformInitiator - HHH000489: No JTA platform available (set 'hibernate.transaction.jta.platform' to enable JTA platform integration)
24 Oct 2024 - 19:17:24.232 [main] INFO  o.s.o.j.LocalContainerEntityManagerFactoryBean - Initialized JPA EntityManagerFactory for persistence unit 'default'
24 Oct 2024 - 19:17:24.467 [main] INFO  o.s.d.j.r.query.QueryEnhancerFactory - Hibernate is in classpath; If applicable, HQL parser will be used.
24 Oct 2024 - 19:17:25.123 [main] WARN  o.s.b.a.o.j.JpaBaseConfiguration$JpaWebConfiguration - spring.jpa.open-in-view is enabled by default. Therefore, database queries may be performed during view rendering. Explicitly configure spring.jpa.open-in-view to disable this warning
24 Oct 2024 - 19:17:25.161 [main] INFO  o.s.s.c.a.a.c.InitializeAuthenticationProviderBeanManagerConfigurer$InitializeAuthenticationProviderManagerConfigurer - Global AuthenticationManager configured with AuthenticationProvider bean with name authenticationProvider
24 Oct 2024 - 19:17:25.162 [main] WARN  o.s.s.c.a.a.c.InitializeUserDetailsBeanManagerConfigurer$InitializeUserDetailsManagerConfigurer - Global AuthenticationManager configured with an AuthenticationProvider bean. UserDetailsService beans will not be used for username/password login. Consider removing the AuthenticationProvider bean. Alternatively, consider using the UserDetailsService in a manually instantiated DaoAuthenticationProvider.
24 Oct 2024 - 19:17:26.069 [main] INFO  o.s.b.w.e.tomcat.TomcatWebServer - Tomcat started on port 8080 (http) with context path '/'
24 Oct 2024 - 19:17:26.080 [main] INFO  c.e.InterviewQuestionsApplication - Started InterviewQuestionsApplication in 5.712 seconds (process running for 6.445)
24 Oct 2024 - 19:17:26.255 [main] INFO  org.flywaydb.core.FlywayExecutor - Database: jdbc:postgresql://localhost:5432/Interview_questions (PostgreSQL 14.13)
24 Oct 2024 - 19:17:26.310 [main] INFO  o.f.c.i.s.JdbcTableSchemaHistory - Schema history table "public"."flyway_schema_history" does not exist yet
24 Oct 2024 - 19:17:26.316 [main] INFO  o.f.core.internal.command.DbValidate - Successfully validated 2 migrations (execution time 00:00.028s)
24 Oct 2024 - 19:17:26.361 [main] INFO  o.f.c.i.s.JdbcTableSchemaHistory - Creating Schema History table "public"."flyway_schema_history" with baseline ...
24 Oct 2024 - 19:17:26.429 [main] INFO  o.f.core.internal.command.DbBaseline - Successfully baselined schema with version: 1
24 Oct 2024 - 19:17:26.455 [main] INFO  o.f.core.internal.command.DbMigrate - Current version of schema "public": 1
24 Oct 2024 - 19:17:26.468 [main] INFO  o.f.core.internal.command.DbMigrate - Migrating schema "public" to version "2 - profile-init"
24 Oct 2024 - 19:17:26.494 [main] INFO  o.f.core.internal.command.DbMigrate - Successfully applied 1 migration to schema "public", now at version v2 (execution time 00:00.009s)
24 Oct 2024 - 19:17:44.531 [http-nio-8080-exec-2] INFO  o.a.c.c.C.[Tomcat].[localhost].[/] - Initializing Spring DispatcherServlet 'dispatcherServlet'
24 Oct 2024 - 19:17:44.531 [http-nio-8080-exec-2] INFO  o.s.web.servlet.DispatcherServlet - Initializing Servlet 'dispatcherServlet'
24 Oct 2024 - 19:17:44.533 [http-nio-8080-exec-2] INFO  o.s.web.servlet.DispatcherServlet - Completed initialization in 1 ms
24 Oct 2024 - 19:58:39.572 [SpringApplicationShutdownHook] INFO  o.s.o.j.LocalContainerEntityManagerFactoryBean - Closing JPA EntityManagerFactory for persistence unit 'default'
24 Oct 2024 - 19:58:39.574 [SpringApplicationShutdownHook] INFO  com.zaxxer.hikari.HikariDataSource - HikariPool-1 - Shutdown initiated...
24 Oct 2024 - 19:58:39.576 [SpringApplicationShutdownHook] INFO  com.zaxxer.hikari.HikariDataSource - HikariPool-1 - Shutdown completed.
24 Oct 2024 - 19:58:52.075 [main] INFO  c.e.InterviewQuestionsApplication - Starting InterviewQuestionsApplication using Java 17.0.12 with PID 17476 (D:\JavaProject\Interview_questions\target\classes started by Xojiakbar in D:\JavaProject\Interview_questions)
24 Oct 2024 - 19:58:52.084 [main] INFO  c.e.InterviewQuestionsApplication - The following 1 profile is active: "dev"
24 Oct 2024 - 19:58:52.777 [main] INFO  o.s.d.r.c.RepositoryConfigurationDelegate - Bootstrapping Spring Data JPA repositories in DEFAULT mode.
24 Oct 2024 - 19:58:52.838 [main] INFO  o.s.d.r.c.RepositoryConfigurationDelegate - Finished Spring Data repository scanning in 53 ms. Found 2 JPA repository interfaces.
24 Oct 2024 - 19:58:53.314 [main] INFO  o.s.b.w.e.tomcat.TomcatWebServer - Tomcat initialized with port 8080 (http)
24 Oct 2024 - 19:58:53.322 [main] INFO  o.a.catalina.core.StandardService - Starting service [Tomcat]
24 Oct 2024 - 19:58:53.323 [main] INFO  o.a.catalina.core.StandardEngine - Starting Servlet engine: [Apache Tomcat/10.1.26]
24 Oct 2024 - 19:58:53.373 [main] INFO  o.a.c.c.C.[Tomcat].[localhost].[/] - Initializing Spring embedded WebApplicationContext
24 Oct 2024 - 19:58:53.373 [main] INFO  o.s.b.w.s.c.ServletWebServerApplicationContext - Root WebApplicationContext: initialization completed in 1259 ms
24 Oct 2024 - 19:58:53.520 [main] INFO  o.h.jpa.internal.util.LogHelper - HHH000204: Processing PersistenceUnitInfo [name: default]
24 Oct 2024 - 19:58:53.569 [main] INFO  org.hibernate.Version - HHH000412: Hibernate ORM core version 6.5.2.Final
24 Oct 2024 - 19:58:53.596 [main] INFO  o.h.c.i.RegionFactoryInitiator - HHH000026: Second-level cache disabled
24 Oct 2024 - 19:58:53.854 [main] INFO  o.s.o.j.p.SpringPersistenceUnitInfo - No LoadTimeWeaver setup: ignoring JPA class transformer
24 Oct 2024 - 19:58:53.874 [main] INFO  com.zaxxer.hikari.HikariDataSource - HikariPool-1 - Starting...
24 Oct 2024 - 19:58:54.038 [main] INFO  com.zaxxer.hikari.pool.HikariPool - HikariPool-1 - Added connection org.postgresql.jdbc.PgConnection@26c59348
24 Oct 2024 - 19:58:54.040 [main] INFO  com.zaxxer.hikari.HikariDataSource - HikariPool-1 - Start completed.
24 Oct 2024 - 19:58:54.071 [main] WARN  org.hibernate.orm.deprecation - HHH90000025: PostgreSQLDialect does not need to be specified explicitly using 'hibernate.dialect' (remove the property setting and it will be selected by default)
24 Oct 2024 - 19:58:54.767 [main] INFO  o.h.e.t.j.p.i.JtaPlatformInitiator - HHH000489: No JTA platform available (set 'hibernate.transaction.jta.platform' to enable JTA platform integration)
24 Oct 2024 - 19:58:54.838 [main] INFO  o.s.o.j.LocalContainerEntityManagerFactoryBean - Initialized JPA EntityManagerFactory for persistence unit 'default'
24 Oct 2024 - 19:58:55.003 [main] INFO  o.s.d.j.r.query.QueryEnhancerFactory - Hibernate is in classpath; If applicable, HQL parser will be used.
24 Oct 2024 - 19:58:55.384 [main] WARN  o.s.b.w.s.c.AnnotationConfigServletWebServerApplicationContext - Exception encountered during context initialization - cancelling refresh attempt: org.springframework.beans.factory.UnsatisfiedDependencyException: Error creating bean with name 'authorizationController' defined in file [D:\JavaProject\Interview_questions\target\classes\com\example\controller\AuthorizationController.class]: Unsatisfied dependency expressed through constructor parameter 0: Error creating bean with name 'authorizationService' defined in file [D:\JavaProject\Interview_questions\target\classes\com\example\service\AuthorizationService.class]: Unsatisfied dependency expressed through constructor parameter 0: Error creating bean with name 'smsHistoryService' defined in file [D:\JavaProject\Interview_questions\target\classes\com\example\service\history\SmsHistoryService.class]: Unsatisfied dependency expressed through constructor parameter 2: No qualifying bean of type 'com.example.service.sms.SmsSenderService' available: expected at least 1 bean which qualifies as autowire candidate. Dependency annotations: {}
24 Oct 2024 - 19:58:55.385 [main] INFO  o.s.o.j.LocalContainerEntityManagerFactoryBean - Closing JPA EntityManagerFactory for persistence unit 'default'
24 Oct 2024 - 19:58:55.386 [main] INFO  com.zaxxer.hikari.HikariDataSource - HikariPool-1 - Shutdown initiated...
24 Oct 2024 - 19:58:55.389 [main] INFO  com.zaxxer.hikari.HikariDataSource - HikariPool-1 - Shutdown completed.
24 Oct 2024 - 19:58:55.391 [main] INFO  o.a.catalina.core.StandardService - Stopping service [Tomcat]
24 Oct 2024 - 19:58:55.404 [main] INFO  o.s.b.a.l.ConditionEvaluationReportLogger - 

Error starting ApplicationContext. To display the condition evaluation report re-run your application with 'debug' enabled.
24 Oct 2024 - 19:58:55.417 [main] ERROR o.s.b.d.LoggingFailureAnalysisReporter - 

***************************
APPLICATION FAILED TO START
***************************

Description:

Parameter 2 of constructor in com.example.service.history.SmsHistoryService required a bean of type 'com.example.service.sms.SmsSenderService' that could not be found.


Action:

Consider defining a bean of type 'com.example.service.sms.SmsSenderService' in your configuration.

24 Oct 2024 - 20:08:07.578 [main] INFO  c.e.InterviewQuestionsApplication - Starting InterviewQuestionsApplication using Java 17.0.12 with PID 16364 (D:\JavaProject\Interview_questions\target\classes started by Xojiakbar in D:\JavaProject\Interview_questions)
24 Oct 2024 - 20:08:07.588 [main] INFO  c.e.InterviewQuestionsApplication - The following 1 profile is active: "dev"
24 Oct 2024 - 20:08:08.282 [main] INFO  o.s.d.r.c.RepositoryConfigurationDelegate - Bootstrapping Spring Data JPA repositories in DEFAULT mode.
24 Oct 2024 - 20:08:08.334 [main] INFO  o.s.d.r.c.RepositoryConfigurationDelegate - Finished Spring Data repository scanning in 46 ms. Found 2 JPA repository interfaces.
24 Oct 2024 - 20:08:08.814 [main] INFO  o.s.b.w.e.tomcat.TomcatWebServer - Tomcat initialized with port 8080 (http)
24 Oct 2024 - 20:08:08.829 [main] INFO  o.a.catalina.core.StandardService - Starting service [Tomcat]
24 Oct 2024 - 20:08:08.830 [main] INFO  o.a.catalina.core.StandardEngine - Starting Servlet engine: [Apache Tomcat/10.1.26]
24 Oct 2024 - 20:08:08.905 [main] INFO  o.a.c.c.C.[Tomcat].[localhost].[/] - Initializing Spring embedded WebApplicationContext
24 Oct 2024 - 20:08:08.905 [main] INFO  o.s.b.w.s.c.ServletWebServerApplicationContext - Root WebApplicationContext: initialization completed in 1286 ms
24 Oct 2024 - 20:08:09.034 [main] INFO  o.h.jpa.internal.util.LogHelper - HHH000204: Processing PersistenceUnitInfo [name: default]
24 Oct 2024 - 20:08:09.086 [main] INFO  org.hibernate.Version - HHH000412: Hibernate ORM core version 6.5.2.Final
24 Oct 2024 - 20:08:09.118 [main] INFO  o.h.c.i.RegionFactoryInitiator - HHH000026: Second-level cache disabled
24 Oct 2024 - 20:08:09.369 [main] INFO  o.s.o.j.p.SpringPersistenceUnitInfo - No LoadTimeWeaver setup: ignoring JPA class transformer
24 Oct 2024 - 20:08:09.391 [main] INFO  com.zaxxer.hikari.HikariDataSource - HikariPool-1 - Starting...
24 Oct 2024 - 20:08:09.534 [main] INFO  com.zaxxer.hikari.pool.HikariPool - HikariPool-1 - Added connection org.postgresql.jdbc.PgConnection@2b99c937
24 Oct 2024 - 20:08:09.536 [main] INFO  com.zaxxer.hikari.HikariDataSource - HikariPool-1 - Start completed.
24 Oct 2024 - 20:08:09.569 [main] WARN  org.hibernate.orm.deprecation - HHH90000025: PostgreSQLDialect does not need to be specified explicitly using 'hibernate.dialect' (remove the property setting and it will be selected by default)
24 Oct 2024 - 20:08:10.228 [main] INFO  o.h.e.t.j.p.i.JtaPlatformInitiator - HHH000489: No JTA platform available (set 'hibernate.transaction.jta.platform' to enable JTA platform integration)
24 Oct 2024 - 20:08:10.274 [main] INFO  o.s.o.j.LocalContainerEntityManagerFactoryBean - Initialized JPA EntityManagerFactory for persistence unit 'default'
24 Oct 2024 - 20:08:10.460 [main] INFO  o.s.d.j.r.query.QueryEnhancerFactory - Hibernate is in classpath; If applicable, HQL parser will be used.
24 Oct 2024 - 20:08:10.885 [main] WARN  o.s.b.w.s.c.AnnotationConfigServletWebServerApplicationContext - Exception encountered during context initialization - cancelling refresh attempt: org.springframework.beans.factory.UnsatisfiedDependencyException: Error creating bean with name 'authorizationController' defined in file [D:\JavaProject\Interview_questions\target\classes\com\example\controller\AuthorizationController.class]: Unsatisfied dependency expressed through constructor parameter 0: Error creating bean with name 'authorizationService' defined in file [D:\JavaProject\Interview_questions\target\classes\com\example\service\AuthorizationService.class]: Unsatisfied dependency expressed through constructor parameter 1: Error creating bean with name 'smsService': Injection of autowired dependencies failed
24 Oct 2024 - 20:08:10.886 [main] INFO  o.s.o.j.LocalContainerEntityManagerFactoryBean - Closing JPA EntityManagerFactory for persistence unit 'default'
24 Oct 2024 - 20:08:10.888 [main] INFO  com.zaxxer.hikari.HikariDataSource - HikariPool-1 - Shutdown initiated...
24 Oct 2024 - 20:08:10.891 [main] INFO  com.zaxxer.hikari.HikariDataSource - HikariPool-1 - Shutdown completed.
24 Oct 2024 - 20:08:10.894 [main] INFO  o.a.catalina.core.StandardService - Stopping service [Tomcat]
24 Oct 2024 - 20:08:10.905 [main] INFO  o.s.b.a.l.ConditionEvaluationReportLogger - 

Error starting ApplicationContext. To display the condition evaluation report re-run your application with 'debug' enabled.
24 Oct 2024 - 20:08:10.918 [main] ERROR o.s.boot.SpringApplication - Application run failed
org.springframework.beans.factory.UnsatisfiedDependencyException: Error creating bean with name 'authorizationController' defined in file [D:\JavaProject\Interview_questions\target\classes\com\example\controller\AuthorizationController.class]: Unsatisfied dependency expressed through constructor parameter 0: Error creating bean with name 'authorizationService' defined in file [D:\JavaProject\Interview_questions\target\classes\com\example\service\AuthorizationService.class]: Unsatisfied dependency expressed through constructor parameter 1: Error creating bean with name 'smsService': Injection of autowired dependencies failed
	at org.springframework.beans.factory.support.ConstructorResolver.createArgumentArray(ConstructorResolver.java:795)
	at org.springframework.beans.factory.support.ConstructorResolver.autowireConstructor(ConstructorResolver.java:237)
	at org.springframework.beans.factory.support.AbstractAutowireCapableBeanFactory.autowireConstructor(AbstractAutowireCapableBeanFactory.java:1375)
	at org.springframework.beans.factory.support.AbstractAutowireCapableBeanFactory.createBeanInstance(AbstractAutowireCapableBeanFactory.java:1212)
	at org.springframework.beans.factory.support.AbstractAutowireCapableBeanFactory.doCreateBean(AbstractAutowireCapableBeanFactory.java:562)
	at org.springframework.beans.factory.support.AbstractAutowireCapableBeanFactory.createBean(AbstractAutowireCapableBeanFactory.java:522)
	at org.springframework.beans.factory.support.AbstractBeanFactory.lambda$doGetBean$0(AbstractBeanFactory.java:337)
	at org.springframework.beans.factory.support.DefaultSingletonBeanRegistry.getSingleton(DefaultSingletonBeanRegistry.java:234)
	at org.springframework.beans.factory.support.AbstractBeanFactory.doGetBean(AbstractBeanFactory.java:335)
	at org.springframework.beans.factory.support.AbstractBeanFactory.getBean(AbstractBeanFactory.java:200)
	at org.springframework.beans.factory.support.DefaultListableBeanFactory.preInstantiateSingletons(DefaultListableBeanFactory.java:975)
	at org.springframework.context.support.AbstractApplicationContext.finishBeanFactoryInitialization(AbstractApplicationContext.java:971)
	at org.springframework.context.support.AbstractApplicationContext.refresh(AbstractApplicationContext.java:625)
	at org.springframework.boot.web.servlet.context.ServletWebServerApplicationContext.refresh(ServletWebServerApplicationContext.java:146)
	at org.springframework.boot.SpringApplication.refresh(SpringApplication.java:754)
	at org.springframework.boot.SpringApplication.refreshContext(SpringApplication.java:456)
	at org.springframework.boot.SpringApplication.run(SpringApplication.java:335)
	at org.springframework.boot.SpringApplication.run(SpringApplication.java:1363)
	at org.springframework.boot.SpringApplication.run(SpringApplication.java:1352)
	at com.example.InterviewQuestionsApplication.main(InterviewQuestionsApplication.java:9)
Caused by: org.springframework.beans.factory.UnsatisfiedDependencyException: Error creating bean with name 'authorizationService' defined in file [D:\JavaProject\Interview_questions\target\classes\com\example\service\AuthorizationService.class]: Unsatisfied dependency expressed through constructor parameter 1: Error creating bean with name 'smsService': Injection of autowired dependencies failed
	at org.springframework.beans.factory.support.ConstructorResolver.createArgumentArray(ConstructorResolver.java:795)
	at org.springframework.beans.factory.support.ConstructorResolver.autowireConstructor(ConstructorResolver.java:237)
	at org.springframework.beans.factory.support.AbstractAutowireCapableBeanFactory.autowireConstructor(AbstractAutowireCapableBeanFactory.java:1375)
	at org.springframework.beans.factory.support.AbstractAutowireCapableBeanFactory.createBeanInstance(AbstractAutowireCapableBeanFactory.java:1212)
	at org.springframework.beans.factory.support.AbstractAutowireCapableBeanFactory.doCreateBean(AbstractAutowireCapableBeanFactory.java:562)
	at org.springframework.beans.factory.support.AbstractAutowireCapableBeanFactory.createBean(AbstractAutowireCapableBeanFactory.java:522)
	at org.springframework.beans.factory.support.AbstractBeanFactory.lambda$doGetBean$0(AbstractBeanFactory.java:337)
	at org.springframework.beans.factory.support.DefaultSingletonBeanRegistry.getSingleton(DefaultSingletonBeanRegistry.java:234)
	at org.springframework.beans.factory.support.AbstractBeanFactory.doGetBean(AbstractBeanFactory.java:335)
	at org.springframework.beans.factory.support.AbstractBeanFactory.getBean(AbstractBeanFactory.java:200)
	at org.springframework.beans.factory.config.DependencyDescriptor.resolveCandidate(DependencyDescriptor.java:254)
	at org.springframework.beans.factory.support.DefaultListableBeanFactory.doResolveDependency(DefaultListableBeanFactory.java:1443)
	at org.springframework.beans.factory.support.DefaultListableBeanFactory.resolveDependency(DefaultListableBeanFactory.java:1353)
	at org.springframework.beans.factory.support.ConstructorResolver.resolveAutowiredArgument(ConstructorResolver.java:904)
	at org.springframework.beans.factory.support.ConstructorResolver.createArgumentArray(ConstructorResolver.java:782)
	... 19 common frames omitted
Caused by: org.springframework.beans.factory.BeanCreationException: Error creating bean with name 'smsService': Injection of autowired dependencies failed
	at org.springframework.beans.factory.annotation.AutowiredAnnotationBeanPostProcessor.postProcessProperties(AutowiredAnnotationBeanPostProcessor.java:514)
	at org.springframework.beans.factory.support.AbstractAutowireCapableBeanFactory.populateBean(AbstractAutowireCapableBeanFactory.java:1439)
	at org.springframework.beans.factory.support.AbstractAutowireCapableBeanFactory.doCreateBean(AbstractAutowireCapableBeanFactory.java:599)
	at org.springframework.beans.factory.support.AbstractAutowireCapableBeanFactory.createBean(AbstractAutowireCapableBeanFactory.java:522)
	at org.springframework.beans.factory.support.AbstractBeanFactory.lambda$doGetBean$0(AbstractBeanFactory.java:337)
	at org.springframework.beans.factory.support.DefaultSingletonBeanRegistry.getSingleton(DefaultSingletonBeanRegistry.java:234)
	at org.springframework.beans.factory.support.AbstractBeanFactory.doGetBean(AbstractBeanFactory.java:335)
	at org.springframework.beans.factory.support.AbstractBeanFactory.getBean(AbstractBeanFactory.java:200)
	at org.springframework.beans.factory.config.DependencyDescriptor.resolveCandidate(DependencyDescriptor.java:254)
	at org.springframework.beans.factory.support.DefaultListableBeanFactory.doResolveDependency(DefaultListableBeanFactory.java:1443)
	at org.springframework.beans.factory.support.DefaultListableBeanFactory.resolveDependency(DefaultListableBeanFactory.java:1353)
	at org.springframework.beans.factory.support.ConstructorResolver.resolveAutowiredArgument(ConstructorResolver.java:904)
	at org.springframework.beans.factory.support.ConstructorResolver.createArgumentArray(ConstructorResolver.java:782)
	... 33 common frames omitted
Caused by: java.lang.IllegalArgumentException: Could not resolve placeholder 'sms.url' in value "${sms.url}"
	at org.springframework.util.PropertyPlaceholderHelper.parseStringValue(PropertyPlaceholderHelper.java:180)
	at org.springframework.util.PropertyPlaceholderHelper.replacePlaceholders(PropertyPlaceholderHelper.java:126)
	at org.springframework.core.env.AbstractPropertyResolver.doResolvePlaceholders(AbstractPropertyResolver.java:239)
	at org.springframework.core.env.AbstractPropertyResolver.resolveRequiredPlaceholders(AbstractPropertyResolver.java:210)
	at org.springframework.context.support.PropertySourcesPlaceholderConfigurer.lambda$processProperties$0(PropertySourcesPlaceholderConfigurer.java:200)
	at org.springframework.beans.factory.support.AbstractBeanFactory.resolveEmbeddedValue(AbstractBeanFactory.java:964)
	at org.springframework.beans.factory.support.DefaultListableBeanFactory.doResolveDependency(DefaultListableBeanFactory.java:1374)
	at org.springframework.beans.factory.support.DefaultListableBeanFactory.resolveDependency(DefaultListableBeanFactory.java:1353)
	at org.springframework.beans.factory.annotation.AutowiredAnnotationBeanPostProcessor$AutowiredFieldElement.resolveFieldValue(AutowiredAnnotationBeanPostProcessor.java:784)
	at org.springframework.beans.factory.annotation.AutowiredAnnotationBeanPostProcessor$AutowiredFieldElement.inject(AutowiredAnnotationBeanPostProcessor.java:767)
	at org.springframework.beans.factory.annotation.InjectionMetadata.inject(InjectionMetadata.java:145)
	at org.springframework.beans.factory.annotation.AutowiredAnnotationBeanPostProcessor.postProcessProperties(AutowiredAnnotationBeanPostProcessor.java:508)
	... 45 common frames omitted
24 Oct 2024 - 20:09:49.269 [main] INFO  c.e.InterviewQuestionsApplication - Starting InterviewQuestionsApplication using Java 17.0.12 with PID 6616 (D:\JavaProject\Interview_questions\target\classes started by Xojiakbar in D:\JavaProject\Interview_questions)
24 Oct 2024 - 20:09:49.281 [main] INFO  c.e.InterviewQuestionsApplication - The following 1 profile is active: "dev"
24 Oct 2024 - 20:09:50.057 [main] INFO  o.s.d.r.c.RepositoryConfigurationDelegate - Bootstrapping Spring Data JPA repositories in DEFAULT mode.
24 Oct 2024 - 20:09:50.109 [main] INFO  o.s.d.r.c.RepositoryConfigurationDelegate - Finished Spring Data repository scanning in 46 ms. Found 2 JPA repository interfaces.
24 Oct 2024 - 20:09:50.621 [main] INFO  o.s.b.w.e.tomcat.TomcatWebServer - Tomcat initialized with port 8080 (http)
24 Oct 2024 - 20:09:50.631 [main] INFO  o.a.catalina.core.StandardService - Starting service [Tomcat]
24 Oct 2024 - 20:09:50.632 [main] INFO  o.a.catalina.core.StandardEngine - Starting Servlet engine: [Apache Tomcat/10.1.26]
24 Oct 2024 - 20:09:50.691 [main] INFO  o.a.c.c.C.[Tomcat].[localhost].[/] - Initializing Spring embedded WebApplicationContext
24 Oct 2024 - 20:09:50.691 [main] INFO  o.s.b.w.s.c.ServletWebServerApplicationContext - Root WebApplicationContext: initialization completed in 1370 ms
24 Oct 2024 - 20:09:50.811 [main] INFO  o.h.jpa.internal.util.LogHelper - HHH000204: Processing PersistenceUnitInfo [name: default]
24 Oct 2024 - 20:09:50.855 [main] INFO  org.hibernate.Version - HHH000412: Hibernate ORM core version 6.5.2.Final
24 Oct 2024 - 20:09:50.887 [main] INFO  o.h.c.i.RegionFactoryInitiator - HHH000026: Second-level cache disabled
24 Oct 2024 - 20:09:51.142 [main] INFO  o.s.o.j.p.SpringPersistenceUnitInfo - No LoadTimeWeaver setup: ignoring JPA class transformer
24 Oct 2024 - 20:09:51.161 [main] INFO  com.zaxxer.hikari.HikariDataSource - HikariPool-1 - Starting...
24 Oct 2024 - 20:09:51.302 [main] INFO  com.zaxxer.hikari.pool.HikariPool - HikariPool-1 - Added connection org.postgresql.jdbc.PgConnection@403f7aa2
24 Oct 2024 - 20:09:51.303 [main] INFO  com.zaxxer.hikari.HikariDataSource - HikariPool-1 - Start completed.
24 Oct 2024 - 20:09:51.343 [main] WARN  org.hibernate.orm.deprecation - HHH90000025: PostgreSQLDialect does not need to be specified explicitly using 'hibernate.dialect' (remove the property setting and it will be selected by default)
24 Oct 2024 - 20:09:52.064 [main] INFO  o.h.e.t.j.p.i.JtaPlatformInitiator - HHH000489: No JTA platform available (set 'hibernate.transaction.jta.platform' to enable JTA platform integration)
24 Oct 2024 - 20:09:52.115 [main] INFO  o.s.o.j.LocalContainerEntityManagerFactoryBean - Initialized JPA EntityManagerFactory for persistence unit 'default'
24 Oct 2024 - 20:09:52.314 [main] INFO  o.s.d.j.r.query.QueryEnhancerFactory - Hibernate is in classpath; If applicable, HQL parser will be used.
24 Oct 2024 - 20:09:52.708 [main] WARN  o.s.b.w.s.c.AnnotationConfigServletWebServerApplicationContext - Exception encountered during context initialization - cancelling refresh attempt: org.springframework.beans.factory.UnsatisfiedDependencyException: Error creating bean with name 'authorizationController' defined in file [D:\JavaProject\Interview_questions\target\classes\com\example\controller\AuthorizationController.class]: Unsatisfied dependency expressed through constructor parameter 0: Error creating bean with name 'authorizationService' defined in file [D:\JavaProject\Interview_questions\target\classes\com\example\service\AuthorizationService.class]: Unsatisfied dependency expressed through constructor parameter 1: Error creating bean with name 'smsService': Injection of autowired dependencies failed
24 Oct 2024 - 20:09:52.709 [main] INFO  o.s.o.j.LocalContainerEntityManagerFactoryBean - Closing JPA EntityManagerFactory for persistence unit 'default'
24 Oct 2024 - 20:09:52.710 [main] INFO  com.zaxxer.hikari.HikariDataSource - HikariPool-1 - Shutdown initiated...
24 Oct 2024 - 20:09:52.714 [main] INFO  com.zaxxer.hikari.HikariDataSource - HikariPool-1 - Shutdown completed.
24 Oct 2024 - 20:09:52.718 [main] INFO  o.a.catalina.core.StandardService - Stopping service [Tomcat]
24 Oct 2024 - 20:09:52.730 [main] INFO  o.s.b.a.l.ConditionEvaluationReportLogger - 

Error starting ApplicationContext. To display the condition evaluation report re-run your application with 'debug' enabled.
24 Oct 2024 - 20:09:52.742 [main] ERROR o.s.boot.SpringApplication - Application run failed
org.springframework.beans.factory.UnsatisfiedDependencyException: Error creating bean with name 'authorizationController' defined in file [D:\JavaProject\Interview_questions\target\classes\com\example\controller\AuthorizationController.class]: Unsatisfied dependency expressed through constructor parameter 0: Error creating bean with name 'authorizationService' defined in file [D:\JavaProject\Interview_questions\target\classes\com\example\service\AuthorizationService.class]: Unsatisfied dependency expressed through constructor parameter 1: Error creating bean with name 'smsService': Injection of autowired dependencies failed
	at org.springframework.beans.factory.support.ConstructorResolver.createArgumentArray(ConstructorResolver.java:795)
	at org.springframework.beans.factory.support.ConstructorResolver.autowireConstructor(ConstructorResolver.java:237)
	at org.springframework.beans.factory.support.AbstractAutowireCapableBeanFactory.autowireConstructor(AbstractAutowireCapableBeanFactory.java:1375)
	at org.springframework.beans.factory.support.AbstractAutowireCapableBeanFactory.createBeanInstance(AbstractAutowireCapableBeanFactory.java:1212)
	at org.springframework.beans.factory.support.AbstractAutowireCapableBeanFactory.doCreateBean(AbstractAutowireCapableBeanFactory.java:562)
	at org.springframework.beans.factory.support.AbstractAutowireCapableBeanFactory.createBean(AbstractAutowireCapableBeanFactory.java:522)
	at org.springframework.beans.factory.support.AbstractBeanFactory.lambda$doGetBean$0(AbstractBeanFactory.java:337)
	at org.springframework.beans.factory.support.DefaultSingletonBeanRegistry.getSingleton(DefaultSingletonBeanRegistry.java:234)
	at org.springframework.beans.factory.support.AbstractBeanFactory.doGetBean(AbstractBeanFactory.java:335)
	at org.springframework.beans.factory.support.AbstractBeanFactory.getBean(AbstractBeanFactory.java:200)
	at org.springframework.beans.factory.support.DefaultListableBeanFactory.preInstantiateSingletons(DefaultListableBeanFactory.java:975)
	at org.springframework.context.support.AbstractApplicationContext.finishBeanFactoryInitialization(AbstractApplicationContext.java:971)
	at org.springframework.context.support.AbstractApplicationContext.refresh(AbstractApplicationContext.java:625)
	at org.springframework.boot.web.servlet.context.ServletWebServerApplicationContext.refresh(ServletWebServerApplicationContext.java:146)
	at org.springframework.boot.SpringApplication.refresh(SpringApplication.java:754)
	at org.springframework.boot.SpringApplication.refreshContext(SpringApplication.java:456)
	at org.springframework.boot.SpringApplication.run(SpringApplication.java:335)
	at org.springframework.boot.SpringApplication.run(SpringApplication.java:1363)
	at org.springframework.boot.SpringApplication.run(SpringApplication.java:1352)
	at com.example.InterviewQuestionsApplication.main(InterviewQuestionsApplication.java:9)
Caused by: org.springframework.beans.factory.UnsatisfiedDependencyException: Error creating bean with name 'authorizationService' defined in file [D:\JavaProject\Interview_questions\target\classes\com\example\service\AuthorizationService.class]: Unsatisfied dependency expressed through constructor parameter 1: Error creating bean with name 'smsService': Injection of autowired dependencies failed
	at org.springframework.beans.factory.support.ConstructorResolver.createArgumentArray(ConstructorResolver.java:795)
	at org.springframework.beans.factory.support.ConstructorResolver.autowireConstructor(ConstructorResolver.java:237)
	at org.springframework.beans.factory.support.AbstractAutowireCapableBeanFactory.autowireConstructor(AbstractAutowireCapableBeanFactory.java:1375)
	at org.springframework.beans.factory.support.AbstractAutowireCapableBeanFactory.createBeanInstance(AbstractAutowireCapableBeanFactory.java:1212)
	at org.springframework.beans.factory.support.AbstractAutowireCapableBeanFactory.doCreateBean(AbstractAutowireCapableBeanFactory.java:562)
	at org.springframework.beans.factory.support.AbstractAutowireCapableBeanFactory.createBean(AbstractAutowireCapableBeanFactory.java:522)
	at org.springframework.beans.factory.support.AbstractBeanFactory.lambda$doGetBean$0(AbstractBeanFactory.java:337)
	at org.springframework.beans.factory.support.DefaultSingletonBeanRegistry.getSingleton(DefaultSingletonBeanRegistry.java:234)
	at org.springframework.beans.factory.support.AbstractBeanFactory.doGetBean(AbstractBeanFactory.java:335)
	at org.springframework.beans.factory.support.AbstractBeanFactory.getBean(AbstractBeanFactory.java:200)
	at org.springframework.beans.factory.config.DependencyDescriptor.resolveCandidate(DependencyDescriptor.java:254)
	at org.springframework.beans.factory.support.DefaultListableBeanFactory.doResolveDependency(DefaultListableBeanFactory.java:1443)
	at org.springframework.beans.factory.support.DefaultListableBeanFactory.resolveDependency(DefaultListableBeanFactory.java:1353)
	at org.springframework.beans.factory.support.ConstructorResolver.resolveAutowiredArgument(ConstructorResolver.java:904)
	at org.springframework.beans.factory.support.ConstructorResolver.createArgumentArray(ConstructorResolver.java:782)
	... 19 common frames omitted
Caused by: org.springframework.beans.factory.BeanCreationException: Error creating bean with name 'smsService': Injection of autowired dependencies failed
	at org.springframework.beans.factory.annotation.AutowiredAnnotationBeanPostProcessor.postProcessProperties(AutowiredAnnotationBeanPostProcessor.java:514)
	at org.springframework.beans.factory.support.AbstractAutowireCapableBeanFactory.populateBean(AbstractAutowireCapableBeanFactory.java:1439)
	at org.springframework.beans.factory.support.AbstractAutowireCapableBeanFactory.doCreateBean(AbstractAutowireCapableBeanFactory.java:599)
	at org.springframework.beans.factory.support.AbstractAutowireCapableBeanFactory.createBean(AbstractAutowireCapableBeanFactory.java:522)
	at org.springframework.beans.factory.support.AbstractBeanFactory.lambda$doGetBean$0(AbstractBeanFactory.java:337)
	at org.springframework.beans.factory.support.DefaultSingletonBeanRegistry.getSingleton(DefaultSingletonBeanRegistry.java:234)
	at org.springframework.beans.factory.support.AbstractBeanFactory.doGetBean(AbstractBeanFactory.java:335)
	at org.springframework.beans.factory.support.AbstractBeanFactory.getBean(AbstractBeanFactory.java:200)
	at org.springframework.beans.factory.config.DependencyDescriptor.resolveCandidate(DependencyDescriptor.java:254)
	at org.springframework.beans.factory.support.DefaultListableBeanFactory.doResolveDependency(DefaultListableBeanFactory.java:1443)
	at org.springframework.beans.factory.support.DefaultListableBeanFactory.resolveDependency(DefaultListableBeanFactory.java:1353)
	at org.springframework.beans.factory.support.ConstructorResolver.resolveAutowiredArgument(ConstructorResolver.java:904)
	at org.springframework.beans.factory.support.ConstructorResolver.createArgumentArray(ConstructorResolver.java:782)
	... 33 common frames omitted
Caused by: java.lang.IllegalArgumentException: Could not resolve placeholder 'sms.url' in value "${sms.url}"
	at org.springframework.util.PropertyPlaceholderHelper.parseStringValue(PropertyPlaceholderHelper.java:180)
	at org.springframework.util.PropertyPlaceholderHelper.replacePlaceholders(PropertyPlaceholderHelper.java:126)
	at org.springframework.core.env.AbstractPropertyResolver.doResolvePlaceholders(AbstractPropertyResolver.java:239)
	at org.springframework.core.env.AbstractPropertyResolver.resolveRequiredPlaceholders(AbstractPropertyResolver.java:210)
	at org.springframework.context.support.PropertySourcesPlaceholderConfigurer.lambda$processProperties$0(PropertySourcesPlaceholderConfigurer.java:200)
	at org.springframework.beans.factory.support.AbstractBeanFactory.resolveEmbeddedValue(AbstractBeanFactory.java:964)
	at org.springframework.beans.factory.support.DefaultListableBeanFactory.doResolveDependency(DefaultListableBeanFactory.java:1374)
	at org.springframework.beans.factory.support.DefaultListableBeanFactory.resolveDependency(DefaultListableBeanFactory.java:1353)
	at org.springframework.beans.factory.annotation.AutowiredAnnotationBeanPostProcessor$AutowiredFieldElement.resolveFieldValue(AutowiredAnnotationBeanPostProcessor.java:784)
	at org.springframework.beans.factory.annotation.AutowiredAnnotationBeanPostProcessor$AutowiredFieldElement.inject(AutowiredAnnotationBeanPostProcessor.java:767)
	at org.springframework.beans.factory.annotation.InjectionMetadata.inject(InjectionMetadata.java:145)
	at org.springframework.beans.factory.annotation.AutowiredAnnotationBeanPostProcessor.postProcessProperties(AutowiredAnnotationBeanPostProcessor.java:508)
	... 45 common frames omitted
24 Oct 2024 - 20:10:39.026 [main] INFO  c.e.InterviewQuestionsApplication - Starting InterviewQuestionsApplication using Java 17.0.12 with PID 2064 (D:\JavaProject\Interview_questions\target\classes started by Xojiakbar in D:\JavaProject\Interview_questions)
24 Oct 2024 - 20:10:39.036 [main] INFO  c.e.InterviewQuestionsApplication - The following 1 profile is active: "dev"
24 Oct 2024 - 20:10:39.788 [main] INFO  o.s.d.r.c.RepositoryConfigurationDelegate - Bootstrapping Spring Data JPA repositories in DEFAULT mode.
24 Oct 2024 - 20:10:39.840 [main] INFO  o.s.d.r.c.RepositoryConfigurationDelegate - Finished Spring Data repository scanning in 45 ms. Found 2 JPA repository interfaces.
24 Oct 2024 - 20:10:40.361 [main] INFO  o.s.b.w.e.tomcat.TomcatWebServer - Tomcat initialized with port 8080 (http)
24 Oct 2024 - 20:10:40.370 [main] INFO  o.a.catalina.core.StandardService - Starting service [Tomcat]
24 Oct 2024 - 20:10:40.370 [main] INFO  o.a.catalina.core.StandardEngine - Starting Servlet engine: [Apache Tomcat/10.1.26]
24 Oct 2024 - 20:10:40.422 [main] INFO  o.a.c.c.C.[Tomcat].[localhost].[/] - Initializing Spring embedded WebApplicationContext
24 Oct 2024 - 20:10:40.422 [main] INFO  o.s.b.w.s.c.ServletWebServerApplicationContext - Root WebApplicationContext: initialization completed in 1354 ms
24 Oct 2024 - 20:10:40.552 [main] INFO  o.h.jpa.internal.util.LogHelper - HHH000204: Processing PersistenceUnitInfo [name: default]
24 Oct 2024 - 20:10:40.604 [main] INFO  org.hibernate.Version - HHH000412: Hibernate ORM core version 6.5.2.Final
24 Oct 2024 - 20:10:40.639 [main] INFO  o.h.c.i.RegionFactoryInitiator - HHH000026: Second-level cache disabled
24 Oct 2024 - 20:10:40.888 [main] INFO  o.s.o.j.p.SpringPersistenceUnitInfo - No LoadTimeWeaver setup: ignoring JPA class transformer
24 Oct 2024 - 20:10:40.907 [main] INFO  com.zaxxer.hikari.HikariDataSource - HikariPool-1 - Starting...
24 Oct 2024 - 20:10:41.055 [main] INFO  com.zaxxer.hikari.pool.HikariPool - HikariPool-1 - Added connection org.postgresql.jdbc.PgConnection@1c0e4262
24 Oct 2024 - 20:10:41.058 [main] INFO  com.zaxxer.hikari.HikariDataSource - HikariPool-1 - Start completed.
24 Oct 2024 - 20:10:41.102 [main] WARN  org.hibernate.orm.deprecation - HHH90000025: PostgreSQLDialect does not need to be specified explicitly using 'hibernate.dialect' (remove the property setting and it will be selected by default)
24 Oct 2024 - 20:10:41.909 [main] INFO  o.h.e.t.j.p.i.JtaPlatformInitiator - HHH000489: No JTA platform available (set 'hibernate.transaction.jta.platform' to enable JTA platform integration)
24 Oct 2024 - 20:10:41.964 [main] INFO  o.s.o.j.LocalContainerEntityManagerFactoryBean - Initialized JPA EntityManagerFactory for persistence unit 'default'
24 Oct 2024 - 20:10:42.160 [main] INFO  o.s.d.j.r.query.QueryEnhancerFactory - Hibernate is in classpath; If applicable, HQL parser will be used.
24 Oct 2024 - 20:10:42.651 [main] WARN  o.s.b.a.o.j.JpaBaseConfiguration$JpaWebConfiguration - spring.jpa.open-in-view is enabled by default. Therefore, database queries may be performed during view rendering. Explicitly configure spring.jpa.open-in-view to disable this warning
24 Oct 2024 - 20:10:42.686 [main] INFO  o.s.s.c.a.a.c.InitializeAuthenticationProviderBeanManagerConfigurer$InitializeAuthenticationProviderManagerConfigurer - Global AuthenticationManager configured with AuthenticationProvider bean with name authenticationProvider
24 Oct 2024 - 20:10:42.687 [main] WARN  o.s.s.c.a.a.c.InitializeUserDetailsBeanManagerConfigurer$InitializeUserDetailsManagerConfigurer - Global AuthenticationManager configured with an AuthenticationProvider bean. UserDetailsService beans will not be used for username/password login. Consider removing the AuthenticationProvider bean. Alternatively, consider using the UserDetailsService in a manually instantiated DaoAuthenticationProvider.
24 Oct 2024 - 20:10:43.283 [main] INFO  o.s.b.w.e.tomcat.TomcatWebServer - Tomcat started on port 8080 (http) with context path '/'
24 Oct 2024 - 20:10:43.296 [main] INFO  c.e.InterviewQuestionsApplication - Started InterviewQuestionsApplication in 4.653 seconds (process running for 5.169)
24 Oct 2024 - 20:10:43.448 [main] INFO  org.flywaydb.core.FlywayExecutor - Database: jdbc:postgresql://localhost:5432/Interview_questions (PostgreSQL 14.13)
24 Oct 2024 - 20:10:43.500 [main] INFO  o.f.core.internal.command.DbValidate - Successfully validated 3 migrations (execution time 00:00.027s)
24 Oct 2024 - 20:10:43.510 [main] INFO  o.f.core.internal.command.DbMigrate - Current version of schema "public": 2
24 Oct 2024 - 20:10:43.512 [main] INFO  o.f.core.internal.command.DbMigrate - Schema "public" is up to date. No migration necessary.
24 Oct 2024 - 20:11:20.332 [SpringApplicationShutdownHook] INFO  o.s.o.j.LocalContainerEntityManagerFactoryBean - Closing JPA EntityManagerFactory for persistence unit 'default'
24 Oct 2024 - 20:11:20.334 [SpringApplicationShutdownHook] INFO  com.zaxxer.hikari.HikariDataSource - HikariPool-1 - Shutdown initiated...
24 Oct 2024 - 20:11:20.337 [SpringApplicationShutdownHook] INFO  com.zaxxer.hikari.HikariDataSource - HikariPool-1 - Shutdown completed.
24 Oct 2024 - 20:11:22.035 [main] INFO  c.e.InterviewQuestionsApplication - Starting InterviewQuestionsApplication using Java 17.0.12 with PID 17364 (D:\JavaProject\Interview_questions\target\classes started by Xojiakbar in D:\JavaProject\Interview_questions)
24 Oct 2024 - 20:11:22.045 [main] INFO  c.e.InterviewQuestionsApplication - The following 1 profile is active: "dev"
24 Oct 2024 - 20:11:22.793 [main] INFO  o.s.d.r.c.RepositoryConfigurationDelegate - Bootstrapping Spring Data JPA repositories in DEFAULT mode.
24 Oct 2024 - 20:11:22.845 [main] INFO  o.s.d.r.c.RepositoryConfigurationDelegate - Finished Spring Data repository scanning in 44 ms. Found 2 JPA repository interfaces.
24 Oct 2024 - 20:11:23.285 [main] INFO  o.s.b.w.e.tomcat.TomcatWebServer - Tomcat initialized with port 8080 (http)
24 Oct 2024 - 20:11:23.293 [main] INFO  o.a.catalina.core.StandardService - Starting service [Tomcat]
24 Oct 2024 - 20:11:23.293 [main] INFO  o.a.catalina.core.StandardEngine - Starting Servlet engine: [Apache Tomcat/10.1.26]
24 Oct 2024 - 20:11:23.345 [main] INFO  o.a.c.c.C.[Tomcat].[localhost].[/] - Initializing Spring embedded WebApplicationContext
24 Oct 2024 - 20:11:23.345 [main] INFO  o.s.b.w.s.c.ServletWebServerApplicationContext - Root WebApplicationContext: initialization completed in 1268 ms
24 Oct 2024 - 20:11:23.451 [main] INFO  o.h.jpa.internal.util.LogHelper - HHH000204: Processing PersistenceUnitInfo [name: default]
24 Oct 2024 - 20:11:23.502 [main] INFO  org.hibernate.Version - HHH000412: Hibernate ORM core version 6.5.2.Final
24 Oct 2024 - 20:11:23.533 [main] INFO  o.h.c.i.RegionFactoryInitiator - HHH000026: Second-level cache disabled
24 Oct 2024 - 20:11:23.752 [main] INFO  o.s.o.j.p.SpringPersistenceUnitInfo - No LoadTimeWeaver setup: ignoring JPA class transformer
24 Oct 2024 - 20:11:23.777 [main] INFO  com.zaxxer.hikari.HikariDataSource - HikariPool-1 - Starting...
24 Oct 2024 - 20:11:23.920 [main] INFO  com.zaxxer.hikari.pool.HikariPool - HikariPool-1 - Added connection org.postgresql.jdbc.PgConnection@56872fcb
24 Oct 2024 - 20:11:23.921 [main] INFO  com.zaxxer.hikari.HikariDataSource - HikariPool-1 - Start completed.
24 Oct 2024 - 20:11:24.003 [main] WARN  org.hibernate.orm.deprecation - HHH90000025: PostgreSQLDialect does not need to be specified explicitly using 'hibernate.dialect' (remove the property setting and it will be selected by default)
24 Oct 2024 - 20:11:24.771 [main] INFO  o.h.e.t.j.p.i.JtaPlatformInitiator - HHH000489: No JTA platform available (set 'hibernate.transaction.jta.platform' to enable JTA platform integration)
24 Oct 2024 - 20:11:24.818 [main] INFO  o.s.o.j.LocalContainerEntityManagerFactoryBean - Initialized JPA EntityManagerFactory for persistence unit 'default'
24 Oct 2024 - 20:11:24.972 [main] INFO  o.s.d.j.r.query.QueryEnhancerFactory - Hibernate is in classpath; If applicable, HQL parser will be used.
24 Oct 2024 - 20:11:25.467 [main] WARN  o.s.b.a.o.j.JpaBaseConfiguration$JpaWebConfiguration - spring.jpa.open-in-view is enabled by default. Therefore, database queries may be performed during view rendering. Explicitly configure spring.jpa.open-in-view to disable this warning
24 Oct 2024 - 20:11:25.496 [main] INFO  o.s.s.c.a.a.c.InitializeAuthenticationProviderBeanManagerConfigurer$InitializeAuthenticationProviderManagerConfigurer - Global AuthenticationManager configured with AuthenticationProvider bean with name authenticationProvider
24 Oct 2024 - 20:11:25.497 [main] WARN  o.s.s.c.a.a.c.InitializeUserDetailsBeanManagerConfigurer$InitializeUserDetailsManagerConfigurer - Global AuthenticationManager configured with an AuthenticationProvider bean. UserDetailsService beans will not be used for username/password login. Consider removing the AuthenticationProvider bean. Alternatively, consider using the UserDetailsService in a manually instantiated DaoAuthenticationProvider.
24 Oct 2024 - 20:11:26.141 [main] INFO  o.s.b.w.e.tomcat.TomcatWebServer - Tomcat started on port 8080 (http) with context path '/'
24 Oct 2024 - 20:11:26.149 [main] INFO  c.e.InterviewQuestionsApplication - Started InterviewQuestionsApplication in 4.461 seconds (process running for 4.883)
24 Oct 2024 - 20:11:26.289 [main] INFO  org.flywaydb.core.FlywayExecutor - Database: jdbc:postgresql://localhost:5432/Interview_questions (PostgreSQL 14.13)
24 Oct 2024 - 20:11:26.356 [main] INFO  o.f.core.internal.command.DbValidate - Successfully validated 3 migrations (execution time 00:00.044s)
24 Oct 2024 - 20:11:26.373 [main] INFO  o.f.core.internal.command.DbMigrate - Current version of schema "public": 2
24 Oct 2024 - 20:11:26.376 [main] INFO  o.f.core.internal.command.DbMigrate - Schema "public" is up to date. No migration necessary.
24 Oct 2024 - 20:14:20.908 [SpringApplicationShutdownHook] INFO  o.s.o.j.LocalContainerEntityManagerFactoryBean - Closing JPA EntityManagerFactory for persistence unit 'default'
24 Oct 2024 - 20:14:20.909 [SpringApplicationShutdownHook] INFO  com.zaxxer.hikari.HikariDataSource - HikariPool-1 - Shutdown initiated...
24 Oct 2024 - 20:14:20.912 [SpringApplicationShutdownHook] INFO  com.zaxxer.hikari.HikariDataSource - HikariPool-1 - Shutdown completed.
24 Oct 2024 - 20:14:24.973 [main] INFO  c.e.InterviewQuestionsApplication - Starting InterviewQuestionsApplication using Java 17.0.12 with PID 17660 (D:\JavaProject\Interview_questions\target\classes started by Xojiakbar in D:\JavaProject\Interview_questions)
24 Oct 2024 - 20:14:24.982 [main] INFO  c.e.InterviewQuestionsApplication - The following 1 profile is active: "dev"
24 Oct 2024 - 20:14:25.625 [main] INFO  o.s.d.r.c.RepositoryConfigurationDelegate - Bootstrapping Spring Data JPA repositories in DEFAULT mode.
24 Oct 2024 - 20:14:25.676 [main] INFO  o.s.d.r.c.RepositoryConfigurationDelegate - Finished Spring Data repository scanning in 44 ms. Found 2 JPA repository interfaces.
24 Oct 2024 - 20:14:26.138 [main] INFO  o.s.b.w.e.tomcat.TomcatWebServer - Tomcat initialized with port 8080 (http)
24 Oct 2024 - 20:14:26.150 [main] INFO  o.a.catalina.core.StandardService - Starting service [Tomcat]
24 Oct 2024 - 20:14:26.150 [main] INFO  o.a.catalina.core.StandardEngine - Starting Servlet engine: [Apache Tomcat/10.1.26]
24 Oct 2024 - 20:14:26.197 [main] INFO  o.a.c.c.C.[Tomcat].[localhost].[/] - Initializing Spring embedded WebApplicationContext
24 Oct 2024 - 20:14:26.198 [main] INFO  o.s.b.w.s.c.ServletWebServerApplicationContext - Root WebApplicationContext: initialization completed in 1186 ms
24 Oct 2024 - 20:14:26.293 [main] INFO  o.h.jpa.internal.util.LogHelper - HHH000204: Processing PersistenceUnitInfo [name: default]
24 Oct 2024 - 20:14:26.352 [main] INFO  org.hibernate.Version - HHH000412: Hibernate ORM core version 6.5.2.Final
24 Oct 2024 - 20:14:26.382 [main] INFO  o.h.c.i.RegionFactoryInitiator - HHH000026: Second-level cache disabled
24 Oct 2024 - 20:14:26.628 [main] INFO  o.s.o.j.p.SpringPersistenceUnitInfo - No LoadTimeWeaver setup: ignoring JPA class transformer
24 Oct 2024 - 20:14:26.647 [main] INFO  com.zaxxer.hikari.HikariDataSource - HikariPool-1 - Starting...
24 Oct 2024 - 20:14:26.762 [main] INFO  com.zaxxer.hikari.pool.HikariPool - HikariPool-1 - Added connection org.postgresql.jdbc.PgConnection@1de12397
24 Oct 2024 - 20:14:26.763 [main] INFO  com.zaxxer.hikari.HikariDataSource - HikariPool-1 - Start completed.
24 Oct 2024 - 20:14:26.794 [main] WARN  org.hibernate.orm.deprecation - HHH90000025: PostgreSQLDialect does not need to be specified explicitly using 'hibernate.dialect' (remove the property setting and it will be selected by default)
24 Oct 2024 - 20:14:27.467 [main] INFO  o.h.e.t.j.p.i.JtaPlatformInitiator - HHH000489: No JTA platform available (set 'hibernate.transaction.jta.platform' to enable JTA platform integration)
24 Oct 2024 - 20:14:27.535 [main] INFO  o.s.o.j.LocalContainerEntityManagerFactoryBean - Initialized JPA EntityManagerFactory for persistence unit 'default'
24 Oct 2024 - 20:14:27.735 [main] INFO  o.s.d.j.r.query.QueryEnhancerFactory - Hibernate is in classpath; If applicable, HQL parser will be used.
24 Oct 2024 - 20:14:28.126 [main] WARN  o.s.b.a.o.j.JpaBaseConfiguration$JpaWebConfiguration - spring.jpa.open-in-view is enabled by default. Therefore, database queries may be performed during view rendering. Explicitly configure spring.jpa.open-in-view to disable this warning
24 Oct 2024 - 20:14:28.152 [main] INFO  o.s.s.c.a.a.c.InitializeAuthenticationProviderBeanManagerConfigurer$InitializeAuthenticationProviderManagerConfigurer - Global AuthenticationManager configured with AuthenticationProvider bean with name authenticationProvider
24 Oct 2024 - 20:14:28.153 [main] WARN  o.s.s.c.a.a.c.InitializeUserDetailsBeanManagerConfigurer$InitializeUserDetailsManagerConfigurer - Global AuthenticationManager configured with an AuthenticationProvider bean. UserDetailsService beans will not be used for username/password login. Consider removing the AuthenticationProvider bean. Alternatively, consider using the UserDetailsService in a manually instantiated DaoAuthenticationProvider.
24 Oct 2024 - 20:14:28.893 [main] INFO  o.s.b.w.e.tomcat.TomcatWebServer - Tomcat started on port 8080 (http) with context path '/'
24 Oct 2024 - 20:14:28.903 [main] INFO  c.e.InterviewQuestionsApplication - Started InterviewQuestionsApplication in 4.219 seconds (process running for 4.644)
24 Oct 2024 - 20:14:29.036 [main] INFO  org.flywaydb.core.FlywayExecutor - Database: jdbc:postgresql://localhost:5432/Interview_questions (PostgreSQL 14.13)
24 Oct 2024 - 20:14:29.075 [main] INFO  o.f.core.internal.command.DbValidate - Successfully validated 3 migrations (execution time 00:00.023s)
24 Oct 2024 - 20:14:29.085 [main] INFO  o.f.core.internal.command.DbMigrate - Current version of schema "public": 2
24 Oct 2024 - 20:14:29.086 [main] INFO  o.f.core.internal.command.DbMigrate - Schema "public" is up to date. No migration necessary.
24 Oct 2024 - 20:14:37.425 [http-nio-8080-exec-1] INFO  o.a.c.c.C.[Tomcat].[localhost].[/] - Initializing Spring DispatcherServlet 'dispatcherServlet'
24 Oct 2024 - 20:14:37.425 [http-nio-8080-exec-1] INFO  o.s.web.servlet.DispatcherServlet - Initializing Servlet 'dispatcherServlet'
24 Oct 2024 - 20:14:37.427 [http-nio-8080-exec-1] INFO  o.s.web.servlet.DispatcherServlet - Completed initialization in 0 ms
24 Oct 2024 - 20:14:37.570 [http-nio-8080-exec-1] INFO  c.e.service.AuthorizationService - Phone already exists
24 Oct 2024 - 20:14:55.629 [SpringApplicationShutdownHook] INFO  o.s.o.j.LocalContainerEntityManagerFactoryBean - Closing JPA EntityManagerFactory for persistence unit 'default'
24 Oct 2024 - 20:14:55.630 [SpringApplicationShutdownHook] INFO  com.zaxxer.hikari.HikariDataSource - HikariPool-1 - Shutdown initiated...
24 Oct 2024 - 20:14:55.632 [SpringApplicationShutdownHook] INFO  com.zaxxer.hikari.HikariDataSource - HikariPool-1 - Shutdown completed.
24 Oct 2024 - 20:14:58.521 [main] INFO  c.e.InterviewQuestionsApplication - Starting InterviewQuestionsApplication using Java 17.0.12 with PID 18456 (D:\JavaProject\Interview_questions\target\classes started by Xojiakbar in D:\JavaProject\Interview_questions)
24 Oct 2024 - 20:14:58.530 [main] INFO  c.e.InterviewQuestionsApplication - The following 1 profile is active: "dev"
24 Oct 2024 - 20:14:59.186 [main] INFO  o.s.d.r.c.RepositoryConfigurationDelegate - Bootstrapping Spring Data JPA repositories in DEFAULT mode.
24 Oct 2024 - 20:14:59.235 [main] INFO  o.s.d.r.c.RepositoryConfigurationDelegate - Finished Spring Data repository scanning in 41 ms. Found 2 JPA repository interfaces.
24 Oct 2024 - 20:14:59.737 [main] INFO  o.s.b.w.e.tomcat.TomcatWebServer - Tomcat initialized with port 8080 (http)
24 Oct 2024 - 20:14:59.745 [main] INFO  o.a.catalina.core.StandardService - Starting service [Tomcat]
24 Oct 2024 - 20:14:59.745 [main] INFO  o.a.catalina.core.StandardEngine - Starting Servlet engine: [Apache Tomcat/10.1.26]
24 Oct 2024 - 20:14:59.797 [main] INFO  o.a.c.c.C.[Tomcat].[localhost].[/] - Initializing Spring embedded WebApplicationContext
24 Oct 2024 - 20:14:59.798 [main] INFO  o.s.b.w.s.c.ServletWebServerApplicationContext - Root WebApplicationContext: initialization completed in 1237 ms
24 Oct 2024 - 20:14:59.917 [main] INFO  o.h.jpa.internal.util.LogHelper - HHH000204: Processing PersistenceUnitInfo [name: default]
24 Oct 2024 - 20:14:59.953 [main] INFO  org.hibernate.Version - HHH000412: Hibernate ORM core version 6.5.2.Final
24 Oct 2024 - 20:14:59.981 [main] INFO  o.h.c.i.RegionFactoryInitiator - HHH000026: Second-level cache disabled
24 Oct 2024 - 20:15:00.196 [main] INFO  o.s.o.j.p.SpringPersistenceUnitInfo - No LoadTimeWeaver setup: ignoring JPA class transformer
24 Oct 2024 - 20:15:00.215 [main] INFO  com.zaxxer.hikari.HikariDataSource - HikariPool-1 - Starting...
24 Oct 2024 - 20:15:00.356 [main] INFO  com.zaxxer.hikari.pool.HikariPool - HikariPool-1 - Added connection org.postgresql.jdbc.PgConnection@4387d2f4
24 Oct 2024 - 20:15:00.358 [main] INFO  com.zaxxer.hikari.HikariDataSource - HikariPool-1 - Start completed.
24 Oct 2024 - 20:15:00.390 [main] WARN  org.hibernate.orm.deprecation - HHH90000025: PostgreSQLDialect does not need to be specified explicitly using 'hibernate.dialect' (remove the property setting and it will be selected by default)
24 Oct 2024 - 20:15:01.085 [main] INFO  o.h.e.t.j.p.i.JtaPlatformInitiator - HHH000489: No JTA platform available (set 'hibernate.transaction.jta.platform' to enable JTA platform integration)
24 Oct 2024 - 20:15:01.130 [main] INFO  o.s.o.j.LocalContainerEntityManagerFactoryBean - Initialized JPA EntityManagerFactory for persistence unit 'default'
24 Oct 2024 - 20:15:01.287 [main] INFO  o.s.d.j.r.query.QueryEnhancerFactory - Hibernate is in classpath; If applicable, HQL parser will be used.
24 Oct 2024 - 20:15:01.784 [main] WARN  o.s.b.a.o.j.JpaBaseConfiguration$JpaWebConfiguration - spring.jpa.open-in-view is enabled by default. Therefore, database queries may be performed during view rendering. Explicitly configure spring.jpa.open-in-view to disable this warning
24 Oct 2024 - 20:15:01.812 [main] INFO  o.s.s.c.a.a.c.InitializeAuthenticationProviderBeanManagerConfigurer$InitializeAuthenticationProviderManagerConfigurer - Global AuthenticationManager configured with AuthenticationProvider bean with name authenticationProvider
24 Oct 2024 - 20:15:01.812 [main] WARN  o.s.s.c.a.a.c.InitializeUserDetailsBeanManagerConfigurer$InitializeUserDetailsManagerConfigurer - Global AuthenticationManager configured with an AuthenticationProvider bean. UserDetailsService beans will not be used for username/password login. Consider removing the AuthenticationProvider bean. Alternatively, consider using the UserDetailsService in a manually instantiated DaoAuthenticationProvider.
24 Oct 2024 - 20:15:02.391 [main] INFO  o.s.b.w.e.tomcat.TomcatWebServer - Tomcat started on port 8080 (http) with context path '/'
24 Oct 2024 - 20:15:02.400 [main] INFO  c.e.InterviewQuestionsApplication - Started InterviewQuestionsApplication in 4.183 seconds (process running for 4.626)
24 Oct 2024 - 20:15:02.518 [main] INFO  org.flywaydb.core.FlywayExecutor - Database: jdbc:postgresql://localhost:5432/Interview_questions (PostgreSQL 14.13)
24 Oct 2024 - 20:15:02.556 [main] INFO  o.f.core.internal.command.DbValidate - Successfully validated 3 migrations (execution time 00:00.023s)
24 Oct 2024 - 20:15:02.569 [main] INFO  o.f.core.internal.command.DbMigrate - Current version of schema "public": 2
24 Oct 2024 - 20:15:02.571 [main] INFO  o.f.core.internal.command.DbMigrate - Schema "public" is up to date. No migration necessary.
24 Oct 2024 - 20:15:07.226 [http-nio-8080-exec-1] INFO  o.a.c.c.C.[Tomcat].[localhost].[/] - Initializing Spring DispatcherServlet 'dispatcherServlet'
24 Oct 2024 - 20:15:07.226 [http-nio-8080-exec-1] INFO  o.s.web.servlet.DispatcherServlet - Initializing Servlet 'dispatcherServlet'
24 Oct 2024 - 20:15:07.227 [http-nio-8080-exec-1] INFO  o.s.web.servlet.DispatcherServlet - Completed initialization in 0 ms
24 Oct 2024 - 20:15:29.362 [SpringApplicationShutdownHook] INFO  o.s.o.j.LocalContainerEntityManagerFactoryBean - Closing JPA EntityManagerFactory for persistence unit 'default'
24 Oct 2024 - 20:15:29.363 [SpringApplicationShutdownHook] INFO  com.zaxxer.hikari.HikariDataSource - HikariPool-1 - Shutdown initiated...
24 Oct 2024 - 20:15:29.372 [SpringApplicationShutdownHook] INFO  com.zaxxer.hikari.HikariDataSource - HikariPool-1 - Shutdown completed.
24 Oct 2024 - 20:15:33.478 [main] INFO  c.e.InterviewQuestionsApplication - Starting InterviewQuestionsApplication using Java 17.0.12 with PID 3324 (D:\JavaProject\Interview_questions\target\classes started by Xojiakbar in D:\JavaProject\Interview_questions)
24 Oct 2024 - 20:15:33.488 [main] INFO  c.e.InterviewQuestionsApplication - The following 1 profile is active: "dev"
24 Oct 2024 - 20:15:34.178 [main] INFO  o.s.d.r.c.RepositoryConfigurationDelegate - Bootstrapping Spring Data JPA repositories in DEFAULT mode.
24 Oct 2024 - 20:15:34.224 [main] INFO  o.s.d.r.c.RepositoryConfigurationDelegate - Finished Spring Data repository scanning in 42 ms. Found 2 JPA repository interfaces.
24 Oct 2024 - 20:15:34.693 [main] INFO  o.s.b.w.e.tomcat.TomcatWebServer - Tomcat initialized with port 8080 (http)
24 Oct 2024 - 20:15:34.701 [main] INFO  o.a.catalina.core.StandardService - Starting service [Tomcat]
24 Oct 2024 - 20:15:34.701 [main] INFO  o.a.catalina.core.StandardEngine - Starting Servlet engine: [Apache Tomcat/10.1.26]
24 Oct 2024 - 20:15:34.752 [main] INFO  o.a.c.c.C.[Tomcat].[localhost].[/] - Initializing Spring embedded WebApplicationContext
24 Oct 2024 - 20:15:34.753 [main] INFO  o.s.b.w.s.c.ServletWebServerApplicationContext - Root WebApplicationContext: initialization completed in 1233 ms
24 Oct 2024 - 20:15:34.844 [main] INFO  o.h.jpa.internal.util.LogHelper - HHH000204: Processing PersistenceUnitInfo [name: default]
24 Oct 2024 - 20:15:34.878 [main] INFO  org.hibernate.Version - HHH000412: Hibernate ORM core version 6.5.2.Final
24 Oct 2024 - 20:15:34.913 [main] INFO  o.h.c.i.RegionFactoryInitiator - HHH000026: Second-level cache disabled
24 Oct 2024 - 20:15:35.146 [main] INFO  o.s.o.j.p.SpringPersistenceUnitInfo - No LoadTimeWeaver setup: ignoring JPA class transformer
24 Oct 2024 - 20:15:35.164 [main] INFO  com.zaxxer.hikari.HikariDataSource - HikariPool-1 - Starting...
24 Oct 2024 - 20:15:35.298 [main] INFO  com.zaxxer.hikari.pool.HikariPool - HikariPool-1 - Added connection org.postgresql.jdbc.PgConnection@1171ba7e
24 Oct 2024 - 20:15:35.300 [main] INFO  com.zaxxer.hikari.HikariDataSource - HikariPool-1 - Start completed.
24 Oct 2024 - 20:15:35.351 [main] WARN  org.hibernate.orm.deprecation - HHH90000025: PostgreSQLDialect does not need to be specified explicitly using 'hibernate.dialect' (remove the property setting and it will be selected by default)
24 Oct 2024 - 20:15:36.032 [main] INFO  o.h.e.t.j.p.i.JtaPlatformInitiator - HHH000489: No JTA platform available (set 'hibernate.transaction.jta.platform' to enable JTA platform integration)
24 Oct 2024 - 20:15:36.080 [main] INFO  o.s.o.j.LocalContainerEntityManagerFactoryBean - Initialized JPA EntityManagerFactory for persistence unit 'default'
24 Oct 2024 - 20:15:36.321 [main] INFO  o.s.d.j.r.query.QueryEnhancerFactory - Hibernate is in classpath; If applicable, HQL parser will be used.
24 Oct 2024 - 20:15:36.727 [main] WARN  o.s.b.a.o.j.JpaBaseConfiguration$JpaWebConfiguration - spring.jpa.open-in-view is enabled by default. Therefore, database queries may be performed during view rendering. Explicitly configure spring.jpa.open-in-view to disable this warning
24 Oct 2024 - 20:15:36.767 [main] INFO  o.s.s.c.a.a.c.InitializeAuthenticationProviderBeanManagerConfigurer$InitializeAuthenticationProviderManagerConfigurer - Global AuthenticationManager configured with AuthenticationProvider bean with name authenticationProvider
24 Oct 2024 - 20:15:36.767 [main] WARN  o.s.s.c.a.a.c.InitializeUserDetailsBeanManagerConfigurer$InitializeUserDetailsManagerConfigurer - Global AuthenticationManager configured with an AuthenticationProvider bean. UserDetailsService beans will not be used for username/password login. Consider removing the AuthenticationProvider bean. Alternatively, consider using the UserDetailsService in a manually instantiated DaoAuthenticationProvider.
24 Oct 2024 - 20:15:37.338 [main] INFO  o.s.b.w.e.tomcat.TomcatWebServer - Tomcat started on port 8080 (http) with context path '/'
24 Oct 2024 - 20:15:37.347 [main] INFO  c.e.InterviewQuestionsApplication - Started InterviewQuestionsApplication in 4.195 seconds (process running for 4.615)
24 Oct 2024 - 20:15:37.461 [main] INFO  org.flywaydb.core.FlywayExecutor - Database: jdbc:postgresql://localhost:5432/Interview_questions (PostgreSQL 14.13)
24 Oct 2024 - 20:15:37.495 [main] INFO  o.f.core.internal.command.DbValidate - Successfully validated 3 migrations (execution time 00:00.021s)
24 Oct 2024 - 20:15:37.504 [main] INFO  o.f.core.internal.command.DbMigrate - Current version of schema "public": 2
24 Oct 2024 - 20:15:37.506 [main] INFO  o.f.core.internal.command.DbMigrate - Schema "public" is up to date. No migration necessary.
24 Oct 2024 - 20:15:40.700 [http-nio-8080-exec-1] INFO  o.a.c.c.C.[Tomcat].[localhost].[/] - Initializing Spring DispatcherServlet 'dispatcherServlet'
24 Oct 2024 - 20:15:40.701 [http-nio-8080-exec-1] INFO  o.s.web.servlet.DispatcherServlet - Initializing Servlet 'dispatcherServlet'
24 Oct 2024 - 20:15:40.702 [http-nio-8080-exec-1] INFO  o.s.web.servlet.DispatcherServlet - Completed initialization in 1 ms
24 Oct 2024 - 20:53:52.199 [SpringApplicationShutdownHook] INFO  o.s.o.j.LocalContainerEntityManagerFactoryBean - Closing JPA EntityManagerFactory for persistence unit 'default'
24 Oct 2024 - 20:53:52.202 [SpringApplicationShutdownHook] INFO  com.zaxxer.hikari.HikariDataSource - HikariPool-1 - Shutdown initiated...
24 Oct 2024 - 20:53:52.205 [SpringApplicationShutdownHook] INFO  com.zaxxer.hikari.HikariDataSource - HikariPool-1 - Shutdown completed.
24 Oct 2024 - 20:54:17.172 [main] INFO  c.e.InterviewQuestionsApplication - Starting InterviewQuestionsApplication using Java 17.0.12 with PID 2852 (D:\JavaProject\Interview_questions\target\classes started by Xojiakbar in D:\JavaProject\Interview_questions)
24 Oct 2024 - 20:54:17.182 [main] INFO  c.e.InterviewQuestionsApplication - The following 1 profile is active: "dev"
24 Oct 2024 - 20:54:17.982 [main] INFO  o.s.d.r.c.RepositoryConfigurationDelegate - Bootstrapping Spring Data JPA repositories in DEFAULT mode.
24 Oct 2024 - 20:54:18.032 [main] INFO  o.s.d.r.c.RepositoryConfigurationDelegate - Finished Spring Data repository scanning in 42 ms. Found 2 JPA repository interfaces.
24 Oct 2024 - 20:54:18.546 [main] INFO  o.s.b.w.e.tomcat.TomcatWebServer - Tomcat initialized with port 8080 (http)
24 Oct 2024 - 20:54:18.554 [main] INFO  o.a.catalina.core.StandardService - Starting service [Tomcat]
24 Oct 2024 - 20:54:18.554 [main] INFO  o.a.catalina.core.StandardEngine - Starting Servlet engine: [Apache Tomcat/10.1.26]
24 Oct 2024 - 20:54:18.609 [main] INFO  o.a.c.c.C.[Tomcat].[localhost].[/] - Initializing Spring embedded WebApplicationContext
24 Oct 2024 - 20:54:18.610 [main] INFO  o.s.b.w.s.c.ServletWebServerApplicationContext - Root WebApplicationContext: initialization completed in 1397 ms
24 Oct 2024 - 20:54:18.741 [main] INFO  o.h.jpa.internal.util.LogHelper - HHH000204: Processing PersistenceUnitInfo [name: default]
24 Oct 2024 - 20:54:18.795 [main] INFO  org.hibernate.Version - HHH000412: Hibernate ORM core version 6.5.2.Final
24 Oct 2024 - 20:54:18.820 [main] INFO  o.h.c.i.RegionFactoryInitiator - HHH000026: Second-level cache disabled
24 Oct 2024 - 20:54:19.057 [main] INFO  o.s.o.j.p.SpringPersistenceUnitInfo - No LoadTimeWeaver setup: ignoring JPA class transformer
24 Oct 2024 - 20:54:19.076 [main] INFO  com.zaxxer.hikari.HikariDataSource - HikariPool-1 - Starting...
24 Oct 2024 - 20:54:19.245 [main] INFO  com.zaxxer.hikari.pool.HikariPool - HikariPool-1 - Added connection org.postgresql.jdbc.PgConnection@4aeaff64
24 Oct 2024 - 20:54:19.247 [main] INFO  com.zaxxer.hikari.HikariDataSource - HikariPool-1 - Start completed.
24 Oct 2024 - 20:54:19.285 [main] WARN  org.hibernate.orm.deprecation - HHH90000025: PostgreSQLDialect does not need to be specified explicitly using 'hibernate.dialect' (remove the property setting and it will be selected by default)
24 Oct 2024 - 20:54:20.055 [main] INFO  o.h.e.t.j.p.i.JtaPlatformInitiator - HHH000489: No JTA platform available (set 'hibernate.transaction.jta.platform' to enable JTA platform integration)
24 Oct 2024 - 20:54:20.099 [main] INFO  o.s.o.j.LocalContainerEntityManagerFactoryBean - Initialized JPA EntityManagerFactory for persistence unit 'default'
24 Oct 2024 - 20:54:20.275 [main] INFO  o.s.d.j.r.query.QueryEnhancerFactory - Hibernate is in classpath; If applicable, HQL parser will be used.
24 Oct 2024 - 20:54:20.778 [main] WARN  o.s.b.a.o.j.JpaBaseConfiguration$JpaWebConfiguration - spring.jpa.open-in-view is enabled by default. Therefore, database queries may be performed during view rendering. Explicitly configure spring.jpa.open-in-view to disable this warning
24 Oct 2024 - 20:54:20.810 [main] INFO  o.s.s.c.a.a.c.InitializeAuthenticationProviderBeanManagerConfigurer$InitializeAuthenticationProviderManagerConfigurer - Global AuthenticationManager configured with AuthenticationProvider bean with name authenticationProvider
24 Oct 2024 - 20:54:20.811 [main] WARN  o.s.s.c.a.a.c.InitializeUserDetailsBeanManagerConfigurer$InitializeUserDetailsManagerConfigurer - Global AuthenticationManager configured with an AuthenticationProvider bean. UserDetailsService beans will not be used for username/password login. Consider removing the AuthenticationProvider bean. Alternatively, consider using the UserDetailsService in a manually instantiated DaoAuthenticationProvider.
24 Oct 2024 - 20:54:21.506 [main] INFO  o.s.b.w.e.tomcat.TomcatWebServer - Tomcat started on port 8080 (http) with context path '/'
24 Oct 2024 - 20:54:21.516 [main] INFO  c.e.InterviewQuestionsApplication - Started InterviewQuestionsApplication in 4.673 seconds (process running for 5.092)
24 Oct 2024 - 20:54:21.641 [main] INFO  org.flywaydb.core.FlywayExecutor - Database: jdbc:postgresql://localhost:5432/Interview_questions (PostgreSQL 14.13)
24 Oct 2024 - 20:54:21.681 [main] INFO  o.f.core.internal.command.DbValidate - Successfully validated 3 migrations (execution time 00:00.026s)
24 Oct 2024 - 20:54:21.692 [main] INFO  o.f.core.internal.command.DbMigrate - Current version of schema "public": 2
24 Oct 2024 - 20:54:21.694 [main] INFO  o.f.core.internal.command.DbMigrate - Schema "public" is up to date. No migration necessary.
24 Oct 2024 - 21:01:01.479 [SpringApplicationShutdownHook] INFO  o.s.o.j.LocalContainerEntityManagerFactoryBean - Closing JPA EntityManagerFactory for persistence unit 'default'
24 Oct 2024 - 21:01:01.481 [SpringApplicationShutdownHook] INFO  com.zaxxer.hikari.HikariDataSource - HikariPool-1 - Shutdown initiated...
24 Oct 2024 - 21:01:01.485 [SpringApplicationShutdownHook] INFO  com.zaxxer.hikari.HikariDataSource - HikariPool-1 - Shutdown completed.
24 Oct 2024 - 21:01:27.438 [main] INFO  c.e.InterviewQuestionsApplication - Starting InterviewQuestionsApplication using Java 17.0.12 with PID 7544 (D:\JavaProject\Interview_questions\target\classes started by Xojiakbar in D:\JavaProject\Interview_questions)
24 Oct 2024 - 21:01:27.448 [main] INFO  c.e.InterviewQuestionsApplication - The following 1 profile is active: "dev"
24 Oct 2024 - 21:01:28.132 [main] INFO  o.s.d.r.c.RepositoryConfigurationDelegate - Bootstrapping Spring Data JPA repositories in DEFAULT mode.
24 Oct 2024 - 21:01:28.186 [main] INFO  o.s.d.r.c.RepositoryConfigurationDelegate - Finished Spring Data repository scanning in 47 ms. Found 2 JPA repository interfaces.
24 Oct 2024 - 21:01:28.712 [main] INFO  o.s.b.w.e.tomcat.TomcatWebServer - Tomcat initialized with port 8080 (http)
24 Oct 2024 - 21:01:28.721 [main] INFO  o.a.catalina.core.StandardService - Starting service [Tomcat]
24 Oct 2024 - 21:01:28.721 [main] INFO  o.a.catalina.core.StandardEngine - Starting Servlet engine: [Apache Tomcat/10.1.26]
24 Oct 2024 - 21:01:28.773 [main] INFO  o.a.c.c.C.[Tomcat].[localhost].[/] - Initializing Spring embedded WebApplicationContext
24 Oct 2024 - 21:01:28.774 [main] INFO  o.s.b.w.s.c.ServletWebServerApplicationContext - Root WebApplicationContext: initialization completed in 1294 ms
24 Oct 2024 - 21:01:28.948 [main] INFO  o.h.jpa.internal.util.LogHelper - HHH000204: Processing PersistenceUnitInfo [name: default]
24 Oct 2024 - 21:01:28.999 [main] INFO  org.hibernate.Version - HHH000412: Hibernate ORM core version 6.5.2.Final
24 Oct 2024 - 21:01:29.025 [main] INFO  o.h.c.i.RegionFactoryInitiator - HHH000026: Second-level cache disabled
24 Oct 2024 - 21:01:29.318 [main] INFO  o.s.o.j.p.SpringPersistenceUnitInfo - No LoadTimeWeaver setup: ignoring JPA class transformer
24 Oct 2024 - 21:01:29.337 [main] INFO  com.zaxxer.hikari.HikariDataSource - HikariPool-1 - Starting...
24 Oct 2024 - 21:01:29.476 [main] INFO  com.zaxxer.hikari.pool.HikariPool - HikariPool-1 - Added connection org.postgresql.jdbc.PgConnection@553fbe94
24 Oct 2024 - 21:01:29.478 [main] INFO  com.zaxxer.hikari.HikariDataSource - HikariPool-1 - Start completed.
24 Oct 2024 - 21:01:29.525 [main] WARN  org.hibernate.orm.deprecation - HHH90000025: PostgreSQLDialect does not need to be specified explicitly using 'hibernate.dialect' (remove the property setting and it will be selected by default)
24 Oct 2024 - 21:01:30.267 [main] INFO  o.h.e.t.j.p.i.JtaPlatformInitiator - HHH000489: No JTA platform available (set 'hibernate.transaction.jta.platform' to enable JTA platform integration)
24 Oct 2024 - 21:01:30.314 [main] INFO  o.s.o.j.LocalContainerEntityManagerFactoryBean - Initialized JPA EntityManagerFactory for persistence unit 'default'
24 Oct 2024 - 21:01:30.495 [main] INFO  o.s.d.j.r.query.QueryEnhancerFactory - Hibernate is in classpath; If applicable, HQL parser will be used.
24 Oct 2024 - 21:01:30.995 [main] WARN  o.s.b.a.o.j.JpaBaseConfiguration$JpaWebConfiguration - spring.jpa.open-in-view is enabled by default. Therefore, database queries may be performed during view rendering. Explicitly configure spring.jpa.open-in-view to disable this warning
24 Oct 2024 - 21:01:31.027 [main] INFO  o.s.s.c.a.a.c.InitializeAuthenticationProviderBeanManagerConfigurer$InitializeAuthenticationProviderManagerConfigurer - Global AuthenticationManager configured with AuthenticationProvider bean with name authenticationProvider
24 Oct 2024 - 21:01:31.042 [main] WARN  o.s.s.c.a.a.c.InitializeUserDetailsBeanManagerConfigurer$InitializeUserDetailsManagerConfigurer - Global AuthenticationManager configured with an AuthenticationProvider bean. UserDetailsService beans will not be used for username/password login. Consider removing the AuthenticationProvider bean. Alternatively, consider using the UserDetailsService in a manually instantiated DaoAuthenticationProvider.
24 Oct 2024 - 21:01:31.735 [main] INFO  o.s.b.w.e.tomcat.TomcatWebServer - Tomcat started on port 8080 (http) with context path '/'
24 Oct 2024 - 21:01:31.758 [main] INFO  c.e.InterviewQuestionsApplication - Started InterviewQuestionsApplication in 4.615 seconds (process running for 5.042)
24 Oct 2024 - 21:01:31.877 [main] INFO  org.flywaydb.core.FlywayExecutor - Database: jdbc:postgresql://localhost:5432/Interview_questions (PostgreSQL 14.13)
24 Oct 2024 - 21:01:31.925 [main] INFO  o.f.core.internal.command.DbValidate - Successfully validated 3 migrations (execution time 00:00.031s)
24 Oct 2024 - 21:01:31.941 [main] INFO  o.f.core.internal.command.DbMigrate - Current version of schema "public": 2
24 Oct 2024 - 21:01:31.941 [main] INFO  o.f.core.internal.command.DbMigrate - Schema "public" is up to date. No migration necessary.
24 Oct 2024 - 21:01:54.153 [http-nio-8080-exec-3] INFO  o.a.c.c.C.[Tomcat].[localhost].[/] - Initializing Spring DispatcherServlet 'dispatcherServlet'
24 Oct 2024 - 21:01:54.153 [http-nio-8080-exec-3] INFO  o.s.web.servlet.DispatcherServlet - Initializing Servlet 'dispatcherServlet'
24 Oct 2024 - 21:01:54.153 [http-nio-8080-exec-3] INFO  o.s.web.servlet.DispatcherServlet - Completed initialization in 0 ms
24 Oct 2024 - 21:05:04.233 [SpringApplicationShutdownHook] INFO  o.s.o.j.LocalContainerEntityManagerFactoryBean - Closing JPA EntityManagerFactory for persistence unit 'default'
24 Oct 2024 - 21:05:04.235 [SpringApplicationShutdownHook] INFO  com.zaxxer.hikari.HikariDataSource - HikariPool-1 - Shutdown initiated...
24 Oct 2024 - 21:05:04.237 [SpringApplicationShutdownHook] INFO  com.zaxxer.hikari.HikariDataSource - HikariPool-1 - Shutdown completed.
24 Oct 2024 - 21:05:08.191 [main] INFO  c.e.InterviewQuestionsApplication - Starting InterviewQuestionsApplication using Java 17.0.12 with PID 9108 (D:\JavaProject\Interview_questions\target\classes started by Xojiakbar in D:\JavaProject\Interview_questions)
24 Oct 2024 - 21:05:08.208 [main] INFO  c.e.InterviewQuestionsApplication - The following 1 profile is active: "dev"
24 Oct 2024 - 21:05:08.901 [main] INFO  o.s.d.r.c.RepositoryConfigurationDelegate - Bootstrapping Spring Data JPA repositories in DEFAULT mode.
24 Oct 2024 - 21:05:08.958 [main] INFO  o.s.d.r.c.RepositoryConfigurationDelegate - Finished Spring Data repository scanning in 50 ms. Found 2 JPA repository interfaces.
24 Oct 2024 - 21:05:09.429 [main] INFO  o.s.b.w.e.tomcat.TomcatWebServer - Tomcat initialized with port 8080 (http)
24 Oct 2024 - 21:05:09.440 [main] INFO  o.a.catalina.core.StandardService - Starting service [Tomcat]
24 Oct 2024 - 21:05:09.441 [main] INFO  o.a.catalina.core.StandardEngine - Starting Servlet engine: [Apache Tomcat/10.1.26]
24 Oct 2024 - 21:05:09.515 [main] INFO  o.a.c.c.C.[Tomcat].[localhost].[/] - Initializing Spring embedded WebApplicationContext
24 Oct 2024 - 21:05:09.515 [main] INFO  o.s.b.w.s.c.ServletWebServerApplicationContext - Root WebApplicationContext: initialization completed in 1275 ms
24 Oct 2024 - 21:05:09.630 [main] INFO  o.h.jpa.internal.util.LogHelper - HHH000204: Processing PersistenceUnitInfo [name: default]
24 Oct 2024 - 21:05:09.669 [main] INFO  org.hibernate.Version - HHH000412: Hibernate ORM core version 6.5.2.Final
24 Oct 2024 - 21:05:09.693 [main] INFO  o.h.c.i.RegionFactoryInitiator - HHH000026: Second-level cache disabled
24 Oct 2024 - 21:05:09.924 [main] INFO  o.s.o.j.p.SpringPersistenceUnitInfo - No LoadTimeWeaver setup: ignoring JPA class transformer
24 Oct 2024 - 21:05:09.955 [main] INFO  com.zaxxer.hikari.HikariDataSource - HikariPool-1 - Starting...
24 Oct 2024 - 21:05:10.106 [main] INFO  com.zaxxer.hikari.pool.HikariPool - HikariPool-1 - Added connection org.postgresql.jdbc.PgConnection@2f5f5bc9
24 Oct 2024 - 21:05:10.107 [main] INFO  com.zaxxer.hikari.HikariDataSource - HikariPool-1 - Start completed.
24 Oct 2024 - 21:05:10.141 [main] WARN  org.hibernate.orm.deprecation - HHH90000025: PostgreSQLDialect does not need to be specified explicitly using 'hibernate.dialect' (remove the property setting and it will be selected by default)
24 Oct 2024 - 21:05:10.864 [main] INFO  o.h.e.t.j.p.i.JtaPlatformInitiator - HHH000489: No JTA platform available (set 'hibernate.transaction.jta.platform' to enable JTA platform integration)
24 Oct 2024 - 21:05:10.924 [main] INFO  o.s.o.j.LocalContainerEntityManagerFactoryBean - Initialized JPA EntityManagerFactory for persistence unit 'default'
24 Oct 2024 - 21:05:11.078 [main] INFO  o.s.d.j.r.query.QueryEnhancerFactory - Hibernate is in classpath; If applicable, HQL parser will be used.
24 Oct 2024 - 21:05:11.574 [main] WARN  o.s.b.a.o.j.JpaBaseConfiguration$JpaWebConfiguration - spring.jpa.open-in-view is enabled by default. Therefore, database queries may be performed during view rendering. Explicitly configure spring.jpa.open-in-view to disable this warning
24 Oct 2024 - 21:05:11.609 [main] INFO  o.s.s.c.a.a.c.InitializeAuthenticationProviderBeanManagerConfigurer$InitializeAuthenticationProviderManagerConfigurer - Global AuthenticationManager configured with AuthenticationProvider bean with name authenticationProvider
24 Oct 2024 - 21:05:11.610 [main] WARN  o.s.s.c.a.a.c.InitializeUserDetailsBeanManagerConfigurer$InitializeUserDetailsManagerConfigurer - Global AuthenticationManager configured with an AuthenticationProvider bean. UserDetailsService beans will not be used for username/password login. Consider removing the AuthenticationProvider bean. Alternatively, consider using the UserDetailsService in a manually instantiated DaoAuthenticationProvider.
24 Oct 2024 - 21:05:12.239 [main] INFO  o.s.b.w.e.tomcat.TomcatWebServer - Tomcat started on port 8080 (http) with context path '/'
24 Oct 2024 - 21:05:12.253 [main] INFO  c.e.InterviewQuestionsApplication - Started InterviewQuestionsApplication in 4.366 seconds (process running for 4.895)
24 Oct 2024 - 21:05:12.361 [main] INFO  org.flywaydb.core.FlywayExecutor - Database: jdbc:postgresql://localhost:5432/Interview_questions (PostgreSQL 14.13)
24 Oct 2024 - 21:05:12.410 [main] INFO  o.f.core.internal.command.DbValidate - Successfully validated 3 migrations (execution time 00:00.031s)
24 Oct 2024 - 21:05:12.421 [main] INFO  o.f.core.internal.command.DbMigrate - Current version of schema "public": 2
24 Oct 2024 - 21:05:12.426 [main] INFO  o.f.core.internal.command.DbMigrate - Schema "public" is up to date. No migration necessary.
24 Oct 2024 - 21:05:16.394 [http-nio-8080-exec-1] INFO  o.a.c.c.C.[Tomcat].[localhost].[/] - Initializing Spring DispatcherServlet 'dispatcherServlet'
24 Oct 2024 - 21:05:16.394 [http-nio-8080-exec-1] INFO  o.s.web.servlet.DispatcherServlet - Initializing Servlet 'dispatcherServlet'
24 Oct 2024 - 21:05:16.395 [http-nio-8080-exec-1] INFO  o.s.web.servlet.DispatcherServlet - Completed initialization in 1 ms
